2024-12-03 21:39:17.167 [info] Extension host with pid 1044156 started
2024-12-03 21:39:17.216 [info] Lock '/home/ubuntu/.vscode-server/data/User/workspaceStorage/89c7bb5c0ce2071f34ce53eb8b7aa3eb/vscode.lock': Lock acquired.
2024-12-03 21:39:17.248 [info] ExtensionService#_doActivateExtension vscode.emmet, startup: false, activationEvent: 'onLanguage'
2024-12-03 21:39:17.249 [info] ExtensionService#_doActivateExtension vscode.git-base, startup: false, activationEvent: '*', root cause: vscode.git
2024-12-03 21:39:17.296 [info] ExtensionService#_doActivateExtension vscode.git, startup: false, activationEvent: '*'
2024-12-03 21:39:17.297 [info] ExtensionService#_doActivateExtension vscode.github, startup: false, activationEvent: '*'
2024-12-03 21:39:17.737 [info] ExtensionService#_doActivateExtension vscode.tunnel-forwarding, startup: false, activationEvent: 'onTunnel'
2024-12-03 21:39:17.777 [info] Eager extensions activated
2024-12-03 21:39:17.778 [info] ExtensionService#_doActivateExtension vscode.debug-auto-launch, startup: false, activationEvent: 'onStartupFinished'
2024-12-03 21:39:17.778 [info] ExtensionService#_doActivateExtension vscode.merge-conflict, startup: false, activationEvent: 'onStartupFinished'
2024-12-03 21:39:18.113 [warning] [Decorations] CAPPING events from decorations provider vscode.git 4724
2024-12-03 21:39:18.703 [warning] [Decorations] CAPPING events from decorations provider vscode.git 4724
2024-12-03 21:39:20.932 [warning] [Decorations] CAPPING events from decorations provider vscode.git 4724
2024-12-03 21:39:26.146 [warning] [Decorations] CAPPING events from decorations provider vscode.git 4724
2024-12-03 21:39:31.342 [warning] [Decorations] CAPPING events from decorations provider vscode.git 4724
2024-12-03 21:39:32.121 [info] ExtensionService#_doActivateExtension vscode.npm, startup: false, activationEvent: 'onTerminalQuickFixRequest:ms-vscode.npm-command'
2024-12-03 21:39:36.575 [warning] [Decorations] CAPPING events from decorations provider vscode.git 4724
2024-12-03 21:39:37.374 [info] ExtensionService#_doActivateExtension vscode.configuration-editing, startup: false, activationEvent: 'onLanguage:json'
2024-12-03 21:39:37.376 [info] ExtensionService#_doActivateExtension vscode.extension-editing, startup: false, activationEvent: 'onLanguage:json'
2024-12-03 21:39:37.377 [info] ExtensionService#_doActivateExtension vscode.json-language-features, startup: false, activationEvent: 'onLanguage:json'
2024-12-03 21:39:41.776 [warning] [Decorations] CAPPING events from decorations provider vscode.git 4725
2024-12-03 21:40:06.205 [warning] [Decorations] CAPPING events from decorations provider vscode.git 4725
2024-12-03 21:40:11.419 [warning] [Decorations] CAPPING events from decorations provider vscode.git 4725
2024-12-03 21:40:20.564 [warning] [Decorations] CAPPING events from decorations provider vscode.git 4725
2024-12-03 21:40:25.771 [warning] [Decorations] CAPPING events from decorations provider vscode.git 4725
2024-12-03 21:40:30.988 [warning] [Decorations] CAPPING events from decorations provider vscode.git 4725
2024-12-03 21:40:36.216 [warning] [Decorations] CAPPING events from decorations provider vscode.git 4725
2024-12-03 21:40:41.484 [warning] [Decorations] CAPPING events from decorations provider vscode.git 4725
2024-12-03 21:41:29.916 [warning] [Decorations] CAPPING events from decorations provider vscode.git 4725
2024-12-03 21:43:36.503 [warning] [Decorations] CAPPING events from decorations provider vscode.git 4725
2024-12-03 21:43:41.701 [warning] [Decorations] CAPPING events from decorations provider vscode.git 4725
2024-12-03 21:43:46.931 [warning] [Decorations] CAPPING events from decorations provider vscode.git 4725
2024-12-03 21:43:52.127 [warning] [Decorations] CAPPING events from decorations provider vscode.git 4725
2024-12-03 21:43:57.348 [warning] [Decorations] CAPPING events from decorations provider vscode.git 4725
2024-12-03 21:44:02.549 [warning] [Decorations] CAPPING events from decorations provider vscode.git 4726
2024-12-03 21:44:07.781 [warning] [Decorations] CAPPING events from decorations provider vscode.git 4725
2024-12-03 21:44:15.961 [warning] [Decorations] CAPPING events from decorations provider vscode.git 4725
2024-12-03 21:44:15.982 [info] Extension host terminating: received terminate message from renderer
2024-12-03 21:44:15.986 [info] Lock '/home/ubuntu/.vscode-server/data/User/workspaceStorage/89c7bb5c0ce2071f34ce53eb8b7aa3eb/vscode.lock': Marking the lockfile as scheduled to be released in 6000 ms.
2024-12-03 21:44:16.039 [error] Canceled: Canceled
	at Pc (file:///home/ubuntu/.vscode-server/cli/servers/Stable-f1a4fb101478ce6ec82fe9627c43efbf9e98c813/server/out/vs/workbench/api/node/extensionHostProcess.js:7:1122)
	at file:///home/ubuntu/.vscode-server/cli/servers/Stable-f1a4fb101478ce6ec82fe9627c43efbf9e98c813/server/out/vs/workbench/api/node/extensionHostProcess.js:31:152517
	at Array.forEach (<anonymous>)
	at py.dispose (file:///home/ubuntu/.vscode-server/cli/servers/Stable-f1a4fb101478ce6ec82fe9627c43efbf9e98c813/server/out/vs/workbench/api/node/extensionHostProcess.js:31:152457)
	at _z.terminate (file:///home/ubuntu/.vscode-server/cli/servers/Stable-f1a4fb101478ce6ec82fe9627c43efbf9e98c813/server/out/vs/workbench/api/node/extensionHostProcess.js:118:10082)
	at xC.terminate (file:///home/ubuntu/.vscode-server/cli/servers/Stable-f1a4fb101478ce6ec82fe9627c43efbf9e98c813/server/out/vs/workbench/api/node/extensionHostProcess.js:119:1424)
	at Zi (file:///home/ubuntu/.vscode-server/cli/servers/Stable-f1a4fb101478ce6ec82fe9627c43efbf9e98c813/server/out/vs/workbench/api/node/extensionHostProcess.js:174:15084)
	at mh.value (file:///home/ubuntu/.vscode-server/cli/servers/Stable-f1a4fb101478ce6ec82fe9627c43efbf9e98c813/server/out/vs/workbench/api/node/extensionHostProcess.js:174:13245)
	at P.B (file:///home/ubuntu/.vscode-server/cli/servers/Stable-f1a4fb101478ce6ec82fe9627c43efbf9e98c813/server/out/vs/workbench/api/node/extensionHostProcess.js:29:746)
	at P.fire (file:///home/ubuntu/.vscode-server/cli/servers/Stable-f1a4fb101478ce6ec82fe9627c43efbf9e98c813/server/out/vs/workbench/api/node/extensionHostProcess.js:29:964)
	at Vn.fire (file:///home/ubuntu/.vscode-server/cli/servers/Stable-f1a4fb101478ce6ec82fe9627c43efbf9e98c813/server/out/vs/workbench/api/node/extensionHostProcess.js:31:9457)
	at Fm.A (file:///home/ubuntu/.vscode-server/cli/servers/Stable-f1a4fb101478ce6ec82fe9627c43efbf9e98c813/server/out/vs/workbench/api/node/extensionHostProcess.js:31:12573)
	at mh.value (file:///home/ubuntu/.vscode-server/cli/servers/Stable-f1a4fb101478ce6ec82fe9627c43efbf9e98c813/server/out/vs/workbench/api/node/extensionHostProcess.js:31:10993)
	at P.B (file:///home/ubuntu/.vscode-server/cli/servers/Stable-f1a4fb101478ce6ec82fe9627c43efbf9e98c813/server/out/vs/workbench/api/node/extensionHostProcess.js:29:746)
	at P.fire (file:///home/ubuntu/.vscode-server/cli/servers/Stable-f1a4fb101478ce6ec82fe9627c43efbf9e98c813/server/out/vs/workbench/api/node/extensionHostProcess.js:29:964)
	at j5.acceptChunk (file:///home/ubuntu/.vscode-server/cli/servers/Stable-f1a4fb101478ce6ec82fe9627c43efbf9e98c813/server/out/vs/workbench/api/node/extensionHostProcess.js:31:7940)
	at file:///home/ubuntu/.vscode-server/cli/servers/Stable-f1a4fb101478ce6ec82fe9627c43efbf9e98c813/server/out/vs/workbench/api/node/extensionHostProcess.js:31:7226
	at Socket.t (file:///home/ubuntu/.vscode-server/cli/servers/Stable-f1a4fb101478ce6ec82fe9627c43efbf9e98c813/server/out/vs/workbench/api/node/extensionHostProcess.js:31:15451)
	at Socket.emit (node:events:519:28)
	at addChunk (node:internal/streams/readable:559:12)
	at readableAddChunkPushByteMode (node:internal/streams/readable:510:3)
	at Readable.push (node:internal/streams/readable:390:5)
	at Pipe.onStreamRead (node:internal/stream_base_commons:191:23) setContext undefined
2024-12-03 21:44:16.040 [error] Canceled: Canceled
	at Pc (file:///home/ubuntu/.vscode-server/cli/servers/Stable-f1a4fb101478ce6ec82fe9627c43efbf9e98c813/server/out/vs/workbench/api/node/extensionHostProcess.js:7:1122)
	at file:///home/ubuntu/.vscode-server/cli/servers/Stable-f1a4fb101478ce6ec82fe9627c43efbf9e98c813/server/out/vs/workbench/api/node/extensionHostProcess.js:31:152517
	at Array.forEach (<anonymous>)
	at py.dispose (file:///home/ubuntu/.vscode-server/cli/servers/Stable-f1a4fb101478ce6ec82fe9627c43efbf9e98c813/server/out/vs/workbench/api/node/extensionHostProcess.js:31:152457)
	at _z.terminate (file:///home/ubuntu/.vscode-server/cli/servers/Stable-f1a4fb101478ce6ec82fe9627c43efbf9e98c813/server/out/vs/workbench/api/node/extensionHostProcess.js:118:10082)
	at xC.terminate (file:///home/ubuntu/.vscode-server/cli/servers/Stable-f1a4fb101478ce6ec82fe9627c43efbf9e98c813/server/out/vs/workbench/api/node/extensionHostProcess.js:119:1424)
	at Zi (file:///home/ubuntu/.vscode-server/cli/servers/Stable-f1a4fb101478ce6ec82fe9627c43efbf9e98c813/server/out/vs/workbench/api/node/extensionHostProcess.js:174:15084)
	at mh.value (file:///home/ubuntu/.vscode-server/cli/servers/Stable-f1a4fb101478ce6ec82fe9627c43efbf9e98c813/server/out/vs/workbench/api/node/extensionHostProcess.js:174:13245)
	at P.B (file:///home/ubuntu/.vscode-server/cli/servers/Stable-f1a4fb101478ce6ec82fe9627c43efbf9e98c813/server/out/vs/workbench/api/node/extensionHostProcess.js:29:746)
	at P.fire (file:///home/ubuntu/.vscode-server/cli/servers/Stable-f1a4fb101478ce6ec82fe9627c43efbf9e98c813/server/out/vs/workbench/api/node/extensionHostProcess.js:29:964)
	at Vn.fire (file:///home/ubuntu/.vscode-server/cli/servers/Stable-f1a4fb101478ce6ec82fe9627c43efbf9e98c813/server/out/vs/workbench/api/node/extensionHostProcess.js:31:9457)
	at Fm.A (file:///home/ubuntu/.vscode-server/cli/servers/Stable-f1a4fb101478ce6ec82fe9627c43efbf9e98c813/server/out/vs/workbench/api/node/extensionHostProcess.js:31:12573)
	at mh.value (file:///home/ubuntu/.vscode-server/cli/servers/Stable-f1a4fb101478ce6ec82fe9627c43efbf9e98c813/server/out/vs/workbench/api/node/extensionHostProcess.js:31:10993)
	at P.B (file:///home/ubuntu/.vscode-server/cli/servers/Stable-f1a4fb101478ce6ec82fe9627c43efbf9e98c813/server/out/vs/workbench/api/node/extensionHostProcess.js:29:746)
	at P.fire (file:///home/ubuntu/.vscode-server/cli/servers/Stable-f1a4fb101478ce6ec82fe9627c43efbf9e98c813/server/out/vs/workbench/api/node/extensionHostProcess.js:29:964)
	at j5.acceptChunk (file:///home/ubuntu/.vscode-server/cli/servers/Stable-f1a4fb101478ce6ec82fe9627c43efbf9e98c813/server/out/vs/workbench/api/node/extensionHostProcess.js:31:7940)
	at file:///home/ubuntu/.vscode-server/cli/servers/Stable-f1a4fb101478ce6ec82fe9627c43efbf9e98c813/server/out/vs/workbench/api/node/extensionHostProcess.js:31:7226
	at Socket.t (file:///home/ubuntu/.vscode-server/cli/servers/Stable-f1a4fb101478ce6ec82fe9627c43efbf9e98c813/server/out/vs/workbench/api/node/extensionHostProcess.js:31:15451)
	at Socket.emit (node:events:519:28)
	at addChunk (node:internal/streams/readable:559:12)
	at readableAddChunkPushByteMode (node:internal/streams/readable:510:3)
	at Readable.push (node:internal/streams/readable:390:5)
	at Pipe.onStreamRead (node:internal/stream_base_commons:191:23) setContext undefined
2024-12-03 21:44:16.044 [error] Canceled: Canceled
	at new tT (file:///home/ubuntu/.vscode-server/cli/servers/Stable-f1a4fb101478ce6ec82fe9627c43efbf9e98c813/server/out/vs/workbench/api/node/extensionHostProcess.js:31:151066)
	at py.U (file:///home/ubuntu/.vscode-server/cli/servers/Stable-f1a4fb101478ce6ec82fe9627c43efbf9e98c813/server/out/vs/workbench/api/node/extensionHostProcess.js:31:155676)
	at s.<computed>.n.charCodeAt.s.<computed> (file:///home/ubuntu/.vscode-server/cli/servers/Stable-f1a4fb101478ce6ec82fe9627c43efbf9e98c813/server/out/vs/workbench/api/node/extensionHostProcess.js:31:153170)
	at Y0.g (file:///home/ubuntu/.vscode-server/cli/servers/Stable-f1a4fb101478ce6ec82fe9627c43efbf9e98c813/server/out/vs/workbench/api/node/extensionHostProcess.js:114:32313)
	at Y0.executeCommand (file:///home/ubuntu/.vscode-server/cli/servers/Stable-f1a4fb101478ce6ec82fe9627c43efbf9e98c813/server/out/vs/workbench/api/node/extensionHostProcess.js:114:31817)
	at r.registerCommand.description (file:///home/ubuntu/.vscode-server/cli/servers/Stable-f1a4fb101478ce6ec82fe9627c43efbf9e98c813/server/out/vs/workbench/api/node/extensionHostProcess.js:114:31147)
	at Y0.h (file:///home/ubuntu/.vscode-server/cli/servers/Stable-f1a4fb101478ce6ec82fe9627c43efbf9e98c813/server/out/vs/workbench/api/node/extensionHostProcess.js:114:32833)
	at Y0.g (file:///home/ubuntu/.vscode-server/cli/servers/Stable-f1a4fb101478ce6ec82fe9627c43efbf9e98c813/server/out/vs/workbench/api/node/extensionHostProcess.js:114:31910)
	at Y0.executeCommand (file:///home/ubuntu/.vscode-server/cli/servers/Stable-f1a4fb101478ce6ec82fe9627c43efbf9e98c813/server/out/vs/workbench/api/node/extensionHostProcess.js:114:31817)
	at Object.executeCommand (file:///home/ubuntu/.vscode-server/cli/servers/Stable-f1a4fb101478ce6ec82fe9627c43efbf9e98c813/server/out/vs/workbench/api/node/extensionHostProcess.js:156:37246)
	at mh.O [as value] (/home/ubuntu/.vscode-server/cli/servers/Stable-f1a4fb101478ce6ec82fe9627c43efbf9e98c813/server/extensions/git/dist/main.js:2:961845)
	at P.B (file:///home/ubuntu/.vscode-server/cli/servers/Stable-f1a4fb101478ce6ec82fe9627c43efbf9e98c813/server/out/vs/workbench/api/node/extensionHostProcess.js:29:746)
	at P.C (file:///home/ubuntu/.vscode-server/cli/servers/Stable-f1a4fb101478ce6ec82fe9627c43efbf9e98c813/server/out/vs/workbench/api/node/extensionHostProcess.js:29:816)
	at P.fire (file:///home/ubuntu/.vscode-server/cli/servers/Stable-f1a4fb101478ce6ec82fe9627c43efbf9e98c813/server/out/vs/workbench/api/node/extensionHostProcess.js:29:1033)
	at Object.p [as dispose] (/home/ubuntu/.vscode-server/cli/servers/Stable-f1a4fb101478ce6ec82fe9627c43efbf9e98c813/server/extensions/git/dist/main.js:2:983333)
	at /home/ubuntu/.vscode-server/cli/servers/Stable-f1a4fb101478ce6ec82fe9627c43efbf9e98c813/server/extensions/git/dist/main.js:2:989455
	at Array.forEach (<anonymous>)
	at b.dispose (/home/ubuntu/.vscode-server/cli/servers/Stable-f1a4fb101478ce6ec82fe9627c43efbf9e98c813/server/extensions/git/dist/main.js:2:989441)
	at V1.<anonymous> (file:///home/ubuntu/.vscode-server/cli/servers/Stable-f1a4fb101478ce6ec82fe9627c43efbf9e98c813/server/out/vs/workbench/api/node/extensionHostProcess.js:108:19994)
	at V1.dispose (file:///home/ubuntu/.vscode-server/cli/servers/Stable-f1a4fb101478ce6ec82fe9627c43efbf9e98c813/server/out/vs/workbench/api/node/extensionHostProcess.js:108:20090)
	at V1.<anonymous> (/home/ubuntu/.vscode-server/cli/servers/Stable-f1a4fb101478ce6ec82fe9627c43efbf9e98c813/server/extensions/git/dist/main.js:2:964255)
	at V1.dispose (file:///home/ubuntu/.vscode-server/cli/servers/Stable-f1a4fb101478ce6ec82fe9627c43efbf9e98c813/server/out/vs/workbench/api/node/extensionHostProcess.js:108:20090)
	at ci (file:///home/ubuntu/.vscode-server/cli/servers/Stable-f1a4fb101478ce6ec82fe9627c43efbf9e98c813/server/out/vs/workbench/api/node/extensionHostProcess.js:24:699)
	at file:///home/ubuntu/.vscode-server/cli/servers/Stable-f1a4fb101478ce6ec82fe9627c43efbf9e98c813/server/out/vs/workbench/api/node/extensionHostProcess.js:118:14992
	at file:///home/ubuntu/.vscode-server/cli/servers/Stable-f1a4fb101478ce6ec82fe9627c43efbf9e98c813/server/out/vs/workbench/api/node/extensionHostProcess.js:24:1009
	at Object.dispose (file:///home/ubuntu/.vscode-server/cli/servers/Stable-f1a4fb101478ce6ec82fe9627c43efbf9e98c813/server/out/vs/workbench/api/node/extensionHostProcess.js:7:2146)
	at _z.eb (file:///home/ubuntu/.vscode-server/cli/servers/Stable-f1a4fb101478ce6ec82fe9627c43efbf9e98c813/server/out/vs/workbench/api/node/extensionHostProcess.js:118:11919)
	at file:///home/ubuntu/.vscode-server/cli/servers/Stable-f1a4fb101478ce6ec82fe9627c43efbf9e98c813/server/out/vs/workbench/api/node/extensionHostProcess.js:118:9874
	at Array.map (<anonymous>)
	at _z.$ (file:///home/ubuntu/.vscode-server/cli/servers/Stable-f1a4fb101478ce6ec82fe9627c43efbf9e98c813/server/out/vs/workbench/api/node/extensionHostProcess.js:118:9862)
	at _z.terminate (file:///home/ubuntu/.vscode-server/cli/servers/Stable-f1a4fb101478ce6ec82fe9627c43efbf9e98c813/server/out/vs/workbench/api/node/extensionHostProcess.js:118:10105)
	at xC.terminate (file:///home/ubuntu/.vscode-server/cli/servers/Stable-f1a4fb101478ce6ec82fe9627c43efbf9e98c813/server/out/vs/workbench/api/node/extensionHostProcess.js:119:1424)
	at Zi (file:///home/ubuntu/.vscode-server/cli/servers/Stable-f1a4fb101478ce6ec82fe9627c43efbf9e98c813/server/out/vs/workbench/api/node/extensionHostProcess.js:174:15084)
	at mh.value (file:///home/ubuntu/.vscode-server/cli/servers/Stable-f1a4fb101478ce6ec82fe9627c43efbf9e98c813/server/out/vs/workbench/api/node/extensionHostProcess.js:174:13245)
	at P.B (file:///home/ubuntu/.vscode-server/cli/servers/Stable-f1a4fb101478ce6ec82fe9627c43efbf9e98c813/server/out/vs/workbench/api/node/extensionHostProcess.js:29:746)
	at P.fire (file:///home/ubuntu/.vscode-server/cli/servers/Stable-f1a4fb101478ce6ec82fe9627c43efbf9e98c813/server/out/vs/workbench/api/node/extensionHostProcess.js:29:964)
	at Vn.fire (file:///home/ubuntu/.vscode-server/cli/servers/Stable-f1a4fb101478ce6ec82fe9627c43efbf9e98c813/server/out/vs/workbench/api/node/extensionHostProcess.js:31:9457)
	at Fm.A (file:///home/ubuntu/.vscode-server/cli/servers/Stable-f1a4fb101478ce6ec82fe9627c43efbf9e98c813/server/out/vs/workbench/api/node/extensionHostProcess.js:31:12573)
	at mh.value (file:///home/ubuntu/.vscode-server/cli/servers/Stable-f1a4fb101478ce6ec82fe9627c43efbf9e98c813/server/out/vs/workbench/api/node/extensionHostProcess.js:31:10993)
	at P.B (file:///home/ubuntu/.vscode-server/cli/servers/Stable-f1a4fb101478ce6ec82fe9627c43efbf9e98c813/server/out/vs/workbench/api/node/extensionHostProcess.js:29:746)
	at P.fire (file:///home/ubuntu/.vscode-server/cli/servers/Stable-f1a4fb101478ce6ec82fe9627c43efbf9e98c813/server/out/vs/workbench/api/node/extensionHostProcess.js:29:964)
	at j5.acceptChunk (file:///home/ubuntu/.vscode-server/cli/servers/Stable-f1a4fb101478ce6ec82fe9627c43efbf9e98c813/server/out/vs/workbench/api/node/extensionHostProcess.js:31:7940)
	at file:///home/ubuntu/.vscode-server/cli/servers/Stable-f1a4fb101478ce6ec82fe9627c43efbf9e98c813/server/out/vs/workbench/api/node/extensionHostProcess.js:31:7226
	at Socket.t (file:///home/ubuntu/.vscode-server/cli/servers/Stable-f1a4fb101478ce6ec82fe9627c43efbf9e98c813/server/out/vs/workbench/api/node/extensionHostProcess.js:31:15451)
	at Socket.emit (node:events:519:28)
	at addChunk (node:internal/streams/readable:559:12)
	at readableAddChunkPushByteMode (node:internal/streams/readable:510:3)
	at Readable.push (node:internal/streams/readable:390:5)
	at Pipe.onStreamRead (node:internal/stream_base_commons:191:23) setContext undefined
2024-12-03 21:44:16.046 [error] Canceled: Canceled
	at new tT (file:///home/ubuntu/.vscode-server/cli/servers/Stable-f1a4fb101478ce6ec82fe9627c43efbf9e98c813/server/out/vs/workbench/api/node/extensionHostProcess.js:31:151066)
	at py.U (file:///home/ubuntu/.vscode-server/cli/servers/Stable-f1a4fb101478ce6ec82fe9627c43efbf9e98c813/server/out/vs/workbench/api/node/extensionHostProcess.js:31:155676)
	at s.<computed>.n.charCodeAt.s.<computed> (file:///home/ubuntu/.vscode-server/cli/servers/Stable-f1a4fb101478ce6ec82fe9627c43efbf9e98c813/server/out/vs/workbench/api/node/extensionHostProcess.js:31:153170)
	at Y0.g (file:///home/ubuntu/.vscode-server/cli/servers/Stable-f1a4fb101478ce6ec82fe9627c43efbf9e98c813/server/out/vs/workbench/api/node/extensionHostProcess.js:114:32313)
	at Y0.executeCommand (file:///home/ubuntu/.vscode-server/cli/servers/Stable-f1a4fb101478ce6ec82fe9627c43efbf9e98c813/server/out/vs/workbench/api/node/extensionHostProcess.js:114:31817)
	at r.registerCommand.description (file:///home/ubuntu/.vscode-server/cli/servers/Stable-f1a4fb101478ce6ec82fe9627c43efbf9e98c813/server/out/vs/workbench/api/node/extensionHostProcess.js:114:31147)
	at Y0.h (file:///home/ubuntu/.vscode-server/cli/servers/Stable-f1a4fb101478ce6ec82fe9627c43efbf9e98c813/server/out/vs/workbench/api/node/extensionHostProcess.js:114:32833)
	at Y0.g (file:///home/ubuntu/.vscode-server/cli/servers/Stable-f1a4fb101478ce6ec82fe9627c43efbf9e98c813/server/out/vs/workbench/api/node/extensionHostProcess.js:114:31910)
	at Y0.executeCommand (file:///home/ubuntu/.vscode-server/cli/servers/Stable-f1a4fb101478ce6ec82fe9627c43efbf9e98c813/server/out/vs/workbench/api/node/extensionHostProcess.js:114:31817)
	at Object.executeCommand (file:///home/ubuntu/.vscode-server/cli/servers/Stable-f1a4fb101478ce6ec82fe9627c43efbf9e98c813/server/out/vs/workbench/api/node/extensionHostProcess.js:156:37246)
	at set hasGitHubRepositories [as hasGitHubRepositories] (/home/ubuntu/.vscode-server/cli/servers/Stable-f1a4fb101478ce6ec82fe9627c43efbf9e98c813/server/extensions/github/dist/extension.js:2:328633)
	at /home/ubuntu/.vscode-server/cli/servers/Stable-f1a4fb101478ce6ec82fe9627c43efbf9e98c813/server/extensions/github/dist/extension.js:2:329592
	at mh.value (/home/ubuntu/.vscode-server/cli/servers/Stable-f1a4fb101478ce6ec82fe9627c43efbf9e98c813/server/extensions/git/dist/main.js:2:1073936)
	at P.B (file:///home/ubuntu/.vscode-server/cli/servers/Stable-f1a4fb101478ce6ec82fe9627c43efbf9e98c813/server/out/vs/workbench/api/node/extensionHostProcess.js:29:746)
	at P.C (file:///home/ubuntu/.vscode-server/cli/servers/Stable-f1a4fb101478ce6ec82fe9627c43efbf9e98c813/server/out/vs/workbench/api/node/extensionHostProcess.js:29:816)
	at P.fire (file:///home/ubuntu/.vscode-server/cli/servers/Stable-f1a4fb101478ce6ec82fe9627c43efbf9e98c813/server/out/vs/workbench/api/node/extensionHostProcess.js:29:1033)
	at Object.p [as dispose] (/home/ubuntu/.vscode-server/cli/servers/Stable-f1a4fb101478ce6ec82fe9627c43efbf9e98c813/server/extensions/git/dist/main.js:2:983333)
	at /home/ubuntu/.vscode-server/cli/servers/Stable-f1a4fb101478ce6ec82fe9627c43efbf9e98c813/server/extensions/git/dist/main.js:2:989455
	at Array.forEach (<anonymous>)
	at b.dispose (/home/ubuntu/.vscode-server/cli/servers/Stable-f1a4fb101478ce6ec82fe9627c43efbf9e98c813/server/extensions/git/dist/main.js:2:989441)
	at V1.<anonymous> (file:///home/ubuntu/.vscode-server/cli/servers/Stable-f1a4fb101478ce6ec82fe9627c43efbf9e98c813/server/out/vs/workbench/api/node/extensionHostProcess.js:108:19994)
	at V1.dispose (file:///home/ubuntu/.vscode-server/cli/servers/Stable-f1a4fb101478ce6ec82fe9627c43efbf9e98c813/server/out/vs/workbench/api/node/extensionHostProcess.js:108:20090)
	at V1.<anonymous> (/home/ubuntu/.vscode-server/cli/servers/Stable-f1a4fb101478ce6ec82fe9627c43efbf9e98c813/server/extensions/git/dist/main.js:2:964255)
	at V1.dispose (file:///home/ubuntu/.vscode-server/cli/servers/Stable-f1a4fb101478ce6ec82fe9627c43efbf9e98c813/server/out/vs/workbench/api/node/extensionHostProcess.js:108:20090)
	at ci (file:///home/ubuntu/.vscode-server/cli/servers/Stable-f1a4fb101478ce6ec82fe9627c43efbf9e98c813/server/out/vs/workbench/api/node/extensionHostProcess.js:24:699)
	at file:///home/ubuntu/.vscode-server/cli/servers/Stable-f1a4fb101478ce6ec82fe9627c43efbf9e98c813/server/out/vs/workbench/api/node/extensionHostProcess.js:118:14992
	at file:///home/ubuntu/.vscode-server/cli/servers/Stable-f1a4fb101478ce6ec82fe9627c43efbf9e98c813/server/out/vs/workbench/api/node/extensionHostProcess.js:24:1009
	at Object.dispose (file:///home/ubuntu/.vscode-server/cli/servers/Stable-f1a4fb101478ce6ec82fe9627c43efbf9e98c813/server/out/vs/workbench/api/node/extensionHostProcess.js:7:2146)
	at _z.eb (file:///home/ubuntu/.vscode-server/cli/servers/Stable-f1a4fb101478ce6ec82fe9627c43efbf9e98c813/server/out/vs/workbench/api/node/extensionHostProcess.js:118:11919)
	at file:///home/ubuntu/.vscode-server/cli/servers/Stable-f1a4fb101478ce6ec82fe9627c43efbf9e98c813/server/out/vs/workbench/api/node/extensionHostProcess.js:118:9874
	at Array.map (<anonymous>)
	at _z.$ (file:///home/ubuntu/.vscode-server/cli/servers/Stable-f1a4fb101478ce6ec82fe9627c43efbf9e98c813/server/out/vs/workbench/api/node/extensionHostProcess.js:118:9862)
	at _z.terminate (file:///home/ubuntu/.vscode-server/cli/servers/Stable-f1a4fb101478ce6ec82fe9627c43efbf9e98c813/server/out/vs/workbench/api/node/extensionHostProcess.js:118:10105)
	at xC.terminate (file:///home/ubuntu/.vscode-server/cli/servers/Stable-f1a4fb101478ce6ec82fe9627c43efbf9e98c813/server/out/vs/workbench/api/node/extensionHostProcess.js:119:1424)
	at Zi (file:///home/ubuntu/.vscode-server/cli/servers/Stable-f1a4fb101478ce6ec82fe9627c43efbf9e98c813/server/out/vs/workbench/api/node/extensionHostProcess.js:174:15084)
	at mh.value (file:///home/ubuntu/.vscode-server/cli/servers/Stable-f1a4fb101478ce6ec82fe9627c43efbf9e98c813/server/out/vs/workbench/api/node/extensionHostProcess.js:174:13245)
	at P.B (file:///home/ubuntu/.vscode-server/cli/servers/Stable-f1a4fb101478ce6ec82fe9627c43efbf9e98c813/server/out/vs/workbench/api/node/extensionHostProcess.js:29:746)
	at P.fire (file:///home/ubuntu/.vscode-server/cli/servers/Stable-f1a4fb101478ce6ec82fe9627c43efbf9e98c813/server/out/vs/workbench/api/node/extensionHostProcess.js:29:964)
	at Vn.fire (file:///home/ubuntu/.vscode-server/cli/servers/Stable-f1a4fb101478ce6ec82fe9627c43efbf9e98c813/server/out/vs/workbench/api/node/extensionHostProcess.js:31:9457)
	at Fm.A (file:///home/ubuntu/.vscode-server/cli/servers/Stable-f1a4fb101478ce6ec82fe9627c43efbf9e98c813/server/out/vs/workbench/api/node/extensionHostProcess.js:31:12573)
	at mh.value (file:///home/ubuntu/.vscode-server/cli/servers/Stable-f1a4fb101478ce6ec82fe9627c43efbf9e98c813/server/out/vs/workbench/api/node/extensionHostProcess.js:31:10993)
	at P.B (file:///home/ubuntu/.vscode-server/cli/servers/Stable-f1a4fb101478ce6ec82fe9627c43efbf9e98c813/server/out/vs/workbench/api/node/extensionHostProcess.js:29:746)
	at P.fire (file:///home/ubuntu/.vscode-server/cli/servers/Stable-f1a4fb101478ce6ec82fe9627c43efbf9e98c813/server/out/vs/workbench/api/node/extensionHostProcess.js:29:964)
	at j5.acceptChunk (file:///home/ubuntu/.vscode-server/cli/servers/Stable-f1a4fb101478ce6ec82fe9627c43efbf9e98c813/server/out/vs/workbench/api/node/extensionHostProcess.js:31:7940)
	at file:///home/ubuntu/.vscode-server/cli/servers/Stable-f1a4fb101478ce6ec82fe9627c43efbf9e98c813/server/out/vs/workbench/api/node/extensionHostProcess.js:31:7226
	at Socket.t (file:///home/ubuntu/.vscode-server/cli/servers/Stable-f1a4fb101478ce6ec82fe9627c43efbf9e98c813/server/out/vs/workbench/api/node/extensionHostProcess.js:31:15451)
	at Socket.emit (node:events:519:28)
	at addChunk (node:internal/streams/readable:559:12)
	at readableAddChunkPushByteMode (node:internal/streams/readable:510:3)
	at Readable.push (node:internal/streams/readable:390:5)
	at Pipe.onStreamRead (node:internal/stream_base_commons:191:23) setContext undefined
2024-12-03 21:44:16.051 [info] Extension host with pid 1044156 exiting with code 0
