2024-12-08 02:15:38.890 [info] [main] 로그 수준: Info
2024-12-08 02:15:38.890 [info] [main] "git"에서 찾은 git 유효성을 검사하는 중
2024-12-08 02:15:38.890 [info] [main] "2.43.0"에서 git "git"을(를) 사용하는 중
2024-12-08 02:15:38.890 [info] [Model][doInitialScan] Initial repository scan started
2024-12-08 02:15:38.890 [info] > git rev-parse --show-toplevel [648ms]
2024-12-08 02:15:38.890 [info] > git rev-parse --git-dir --git-common-dir [54ms]
2024-12-08 02:15:38.890 [info] [Model][openRepository] Opened repository: /home/ubuntu
2024-12-08 02:15:38.899 [info] > git config --get commit.template [1ms]
2024-12-08 02:15:39.737 [info] > git rev-parse --show-toplevel [827ms]
2024-12-08 02:15:39.737 [info] > git for-each-ref --format=%(refname)%00%(upstream:short)%00%(objectname)%00%(upstream:track)%00%(upstream:remotename)%00%(upstream:remoteref) refs/heads/develop refs/remotes/develop [831ms]
2024-12-08 02:15:39.804 [info] > git rev-parse --show-toplevel [36ms]
2024-12-08 02:15:39.810 [info] > git for-each-ref --sort -committerdate --format %(refname) %(objectname) %(*objectname) [52ms]
2024-12-08 02:15:39.848 [info] > git status -z -uall [98ms]
2024-12-08 02:15:39.848 [info] > git rev-parse --show-toplevel [3ms]
2024-12-08 02:15:39.873 [info] > git for-each-ref --format=%(refname)%00%(upstream:short)%00%(objectname)%00%(upstream:track)%00%(upstream:remotename)%00%(upstream:remoteref) refs/heads/develop refs/remotes/develop [7ms]
2024-12-08 02:15:39.878 [info] > git rev-parse --show-toplevel [22ms]
2024-12-08 02:15:39.882 [info] > git config --get commit.template [10ms]
2024-12-08 02:15:39.882 [info] > git rev-parse --show-toplevel [1ms]
2024-12-08 02:15:39.883 [info] > git config --local branch.develop.vscode-merge-base [6ms]
2024-12-08 02:15:39.894 [info] > git rev-parse --show-toplevel [1ms]
2024-12-08 02:15:39.895 [info] > git for-each-ref --format=%(refname)%00%(upstream:short)%00%(objectname)%00%(upstream:track)%00%(upstream:remotename)%00%(upstream:remoteref) refs/heads/develop refs/remotes/develop [7ms]
2024-12-08 02:15:39.902 [info] > git for-each-ref --format=%(refname)%00%(upstream:short)%00%(objectname)%00%(upstream:track)%00%(upstream:remotename)%00%(upstream:remoteref) refs/heads/origin/main refs/remotes/origin/main [16ms]
2024-12-08 02:15:39.919 [info] > git for-each-ref --sort -committerdate --format %(refname) %(objectname) %(*objectname) [17ms]
2024-12-08 02:15:39.920 [info] > git rev-parse --show-toplevel [1ms]
2024-12-08 02:15:39.924 [info] > git rev-parse --show-toplevel [1ms]
2024-12-08 02:15:39.928 [info] > git rev-parse --show-toplevel [1ms]
2024-12-08 02:15:39.931 [info] > git rev-parse --show-toplevel [1ms]
2024-12-08 02:15:39.935 [info] [Model][doInitialScan] Initial repository scan completed - repositories (1), closed repositories (0), parent repositories (0), unsafe repositories (0)
2024-12-08 02:15:39.945 [info] > git show --textconv :saramin_python.sql [8ms]
2024-12-08 02:15:39.947 [info] > git ls-files --stage -- /home/ubuntu/saramin_python.sql [7ms]
2024-12-08 02:15:39.952 [info] > git cat-file -s b0e850b8bf21148202764ff6b535d3a013931a58 [1ms]
2024-12-08 02:15:39.956 [info] > git status -z -uall [59ms]
2024-12-08 02:15:40.282 [info] > git check-ignore -v -z --stdin [84ms]
2024-12-08 02:15:44.929 [info] > git config --get commit.template [11ms]
2024-12-08 02:15:44.931 [info] > git for-each-ref --format=%(refname)%00%(upstream:short)%00%(objectname)%00%(upstream:track)%00%(upstream:remotename)%00%(upstream:remoteref) refs/heads/develop refs/remotes/develop [4ms]
2024-12-08 02:15:44.964 [info] > git for-each-ref --sort -committerdate --format %(refname) %(objectname) %(*objectname) [17ms]
2024-12-08 02:15:45.044 [info] > git status -z -uall [105ms]
2024-12-08 02:15:49.077 [info] > git ls-files --stage -- /home/ubuntu/saramin_python.sql [15ms]
2024-12-08 02:15:49.090 [info] > git cat-file -s b0e850b8bf21148202764ff6b535d3a013931a58 [5ms]
2024-12-08 02:15:49.119 [info] > git show --textconv :saramin_python.sql [16ms]
2024-12-08 02:15:50.074 [info] > git config --get commit.template [11ms]
2024-12-08 02:15:50.076 [info] > git for-each-ref --format=%(refname)%00%(upstream:short)%00%(objectname)%00%(upstream:track)%00%(upstream:remotename)%00%(upstream:remoteref) refs/heads/develop refs/remotes/develop [4ms]
2024-12-08 02:15:50.100 [info] > git for-each-ref --sort -committerdate --format %(refname) %(objectname) %(*objectname) [7ms]
2024-12-08 02:15:50.178 [info] > git status -z -uall [94ms]
2024-12-08 02:15:55.203 [info] > git config --get commit.template [10ms]
2024-12-08 02:15:55.205 [info] > git for-each-ref --format=%(refname)%00%(upstream:short)%00%(objectname)%00%(upstream:track)%00%(upstream:remotename)%00%(upstream:remoteref) refs/heads/develop refs/remotes/develop [3ms]
2024-12-08 02:15:55.237 [info] > git for-each-ref --sort -committerdate --format %(refname) %(objectname) %(*objectname) [16ms]
2024-12-08 02:15:55.307 [info] > git status -z -uall [94ms]
2024-12-08 02:16:00.381 [info] > git config --get commit.template [58ms]
2024-12-08 02:16:00.384 [info] > git for-each-ref --format=%(refname)%00%(upstream:short)%00%(objectname)%00%(upstream:track)%00%(upstream:remotename)%00%(upstream:remoteref) refs/heads/develop refs/remotes/develop [5ms]
2024-12-08 02:16:00.409 [info] > git for-each-ref --sort -committerdate --format %(refname) %(objectname) %(*objectname) [8ms]
2024-12-08 02:16:00.490 [info] > git status -z -uall [97ms]
2024-12-08 02:16:05.521 [info] > git config --get commit.template [12ms]
2024-12-08 02:16:05.523 [info] > git for-each-ref --format=%(refname)%00%(upstream:short)%00%(objectname)%00%(upstream:track)%00%(upstream:remotename)%00%(upstream:remoteref) refs/heads/develop refs/remotes/develop [4ms]
2024-12-08 02:16:05.555 [info] > git for-each-ref --sort -committerdate --format %(refname) %(objectname) %(*objectname) [12ms]
2024-12-08 02:16:05.627 [info] > git status -z -uall [94ms]
2024-12-08 02:16:07.575 [info] > git show --textconv :.gitignore [10ms]
2024-12-08 02:16:07.587 [info] > git ls-files --stage -- /home/ubuntu/.gitignore [15ms]
2024-12-08 02:16:07.601 [info] > git cat-file -s ca24710154d4544a27fe65c718af724474df1b72 [5ms]
2024-12-08 02:16:08.804 [info] > git show --textconv :.gitconfig [10ms]
2024-12-08 02:16:08.818 [info] > git ls-files --stage -- /home/ubuntu/.gitconfig [16ms]
2024-12-08 02:16:08.832 [info] > git cat-file -s 0944ea841034aaeeca0cff6c9f417e905b04df1b [4ms]
2024-12-08 02:16:32.104 [info] > git config --get commit.template [16ms]
2024-12-08 02:16:32.105 [info] > git for-each-ref --format=%(refname)%00%(upstream:short)%00%(objectname)%00%(upstream:track)%00%(upstream:remotename)%00%(upstream:remoteref) refs/heads/develop refs/remotes/develop [6ms]
2024-12-08 02:16:32.146 [info] > git for-each-ref --sort -committerdate --format %(refname) %(objectname) %(*objectname) [9ms]
2024-12-08 02:16:32.223 [info] > git status -z -uall [106ms]
2024-12-08 02:16:38.546 [info] > git config --get commit.template [12ms]
2024-12-08 02:16:38.548 [info] > git for-each-ref --format=%(refname)%00%(upstream:short)%00%(objectname)%00%(upstream:track)%00%(upstream:remotename)%00%(upstream:remoteref) refs/heads/develop refs/remotes/develop [5ms]
2024-12-08 02:16:38.591 [info] > git for-each-ref --sort -committerdate --format %(refname) %(objectname) %(*objectname) [16ms]
2024-12-08 02:16:38.643 [info] > git status -z -uall [84ms]
2024-12-08 02:17:07.199 [info] > git config --get commit.template [10ms]
2024-12-08 02:17:07.204 [info] > git for-each-ref --format=%(refname)%00%(upstream:short)%00%(objectname)%00%(upstream:track)%00%(upstream:remotename)%00%(upstream:remoteref) refs/heads/develop refs/remotes/develop [6ms]
2024-12-08 02:17:07.236 [info] > git for-each-ref --sort -committerdate --format %(refname) %(objectname) %(*objectname) [18ms]
2024-12-08 02:17:07.294 [info] > git status -z -uall [83ms]
2024-12-08 02:17:12.323 [info] > git config --get commit.template [13ms]
2024-12-08 02:17:12.325 [info] > git for-each-ref --format=%(refname)%00%(upstream:short)%00%(objectname)%00%(upstream:track)%00%(upstream:remotename)%00%(upstream:remoteref) refs/heads/develop refs/remotes/develop [4ms]
2024-12-08 02:17:12.357 [info] > git for-each-ref --sort -committerdate --format %(refname) %(objectname) %(*objectname) [14ms]
2024-12-08 02:17:12.427 [info] > git status -z -uall [93ms]
2024-12-08 02:17:17.455 [info] > git config --get commit.template [11ms]
2024-12-08 02:17:17.458 [info] > git for-each-ref --format=%(refname)%00%(upstream:short)%00%(objectname)%00%(upstream:track)%00%(upstream:remotename)%00%(upstream:remoteref) refs/heads/develop refs/remotes/develop [4ms]
2024-12-08 02:17:17.493 [info] > git for-each-ref --sort -committerdate --format %(refname) %(objectname) %(*objectname) [19ms]
2024-12-08 02:17:17.545 [info] > git status -z -uall [80ms]
2024-12-08 02:17:22.576 [info] > git config --get commit.template [11ms]
2024-12-08 02:17:22.577 [info] > git for-each-ref --format=%(refname)%00%(upstream:short)%00%(objectname)%00%(upstream:track)%00%(upstream:remotename)%00%(upstream:remoteref) refs/heads/develop refs/remotes/develop [4ms]
2024-12-08 02:17:22.608 [info] > git for-each-ref --sort -committerdate --format %(refname) %(objectname) %(*objectname) [12ms]
2024-12-08 02:17:22.683 [info] > git status -z -uall [96ms]
2024-12-08 02:17:27.718 [info] > git config --get commit.template [11ms]
2024-12-08 02:17:27.721 [info] > git for-each-ref --format=%(refname)%00%(upstream:short)%00%(objectname)%00%(upstream:track)%00%(upstream:remotename)%00%(upstream:remoteref) refs/heads/develop refs/remotes/develop [4ms]
2024-12-08 02:17:27.747 [info] > git for-each-ref --sort -committerdate --format %(refname) %(objectname) %(*objectname) [9ms]
2024-12-08 02:17:27.831 [info] > git status -z -uall [103ms]
2024-12-08 02:17:41.378 [info] > git config --get commit.template [13ms]
2024-12-08 02:17:41.384 [info] > git for-each-ref --format=%(refname)%00%(upstream:short)%00%(objectname)%00%(upstream:track)%00%(upstream:remotename)%00%(upstream:remoteref) refs/heads/develop refs/remotes/develop [8ms]
2024-12-08 02:17:41.420 [info] > git for-each-ref --sort -committerdate --format %(refname) %(objectname) %(*objectname) [15ms]
2024-12-08 02:17:41.495 [info] > git status -z -uall [102ms]
2024-12-08 02:17:46.524 [info] > git config --get commit.template [11ms]
2024-12-08 02:17:46.528 [info] > git for-each-ref --format=%(refname)%00%(upstream:short)%00%(objectname)%00%(upstream:track)%00%(upstream:remotename)%00%(upstream:remoteref) refs/heads/develop refs/remotes/develop [6ms]
2024-12-08 02:17:46.561 [info] > git for-each-ref --sort -committerdate --format %(refname) %(objectname) %(*objectname) [14ms]
2024-12-08 02:17:46.619 [info] > git status -z -uall [83ms]
2024-12-08 02:17:51.647 [info] > git config --get commit.template [11ms]
2024-12-08 02:17:51.649 [info] > git for-each-ref --format=%(refname)%00%(upstream:short)%00%(objectname)%00%(upstream:track)%00%(upstream:remotename)%00%(upstream:remoteref) refs/heads/develop refs/remotes/develop [4ms]
2024-12-08 02:17:51.680 [info] > git for-each-ref --sort -committerdate --format %(refname) %(objectname) %(*objectname) [14ms]
2024-12-08 02:17:51.750 [info] > git status -z -uall [92ms]
2024-12-08 02:17:56.781 [info] > git config --get commit.template [10ms]
2024-12-08 02:17:56.783 [info] > git for-each-ref --format=%(refname)%00%(upstream:short)%00%(objectname)%00%(upstream:track)%00%(upstream:remotename)%00%(upstream:remoteref) refs/heads/develop refs/remotes/develop [4ms]
2024-12-08 02:17:56.806 [info] > git for-each-ref --sort -committerdate --format %(refname) %(objectname) %(*objectname) [6ms]
2024-12-08 02:17:56.887 [info] > git status -z -uall [95ms]
2024-12-08 02:18:01.931 [info] > git config --get commit.template [14ms]
2024-12-08 02:18:01.933 [info] > git for-each-ref --format=%(refname)%00%(upstream:short)%00%(objectname)%00%(upstream:track)%00%(upstream:remotename)%00%(upstream:remoteref) refs/heads/develop refs/remotes/develop [6ms]
2024-12-08 02:18:01.963 [info] > git for-each-ref --sort -committerdate --format %(refname) %(objectname) %(*objectname) [11ms]
2024-12-08 02:18:01.988 [info] > git status -z -uall [46ms]
2024-12-08 02:19:14.518 [info] > git config --get commit.template [12ms]
2024-12-08 02:19:14.521 [info] > git for-each-ref --format=%(refname)%00%(upstream:short)%00%(objectname)%00%(upstream:track)%00%(upstream:remotename)%00%(upstream:remoteref) refs/heads/develop refs/remotes/develop [4ms]
2024-12-08 02:19:14.547 [info] > git for-each-ref --sort -committerdate --format %(refname) %(objectname) %(*objectname) [7ms]
2024-12-08 02:19:14.628 [info] > git status -z -uall [98ms]
2024-12-08 02:19:19.659 [info] > git config --get commit.template [14ms]
2024-12-08 02:19:19.660 [info] > git for-each-ref --format=%(refname)%00%(upstream:short)%00%(objectname)%00%(upstream:track)%00%(upstream:remotename)%00%(upstream:remoteref) refs/heads/develop refs/remotes/develop [4ms]
2024-12-08 02:19:19.683 [info] > git for-each-ref --sort -committerdate --format %(refname) %(objectname) %(*objectname) [6ms]
2024-12-08 02:19:19.769 [info] > git status -z -uall [101ms]
2024-12-08 02:19:24.789 [info] > git config --get commit.template [4ms]
2024-12-08 02:19:24.801 [info] > git for-each-ref --format=%(refname)%00%(upstream:short)%00%(objectname)%00%(upstream:track)%00%(upstream:remotename)%00%(upstream:remoteref) refs/heads/develop refs/remotes/develop [4ms]
2024-12-08 02:19:24.834 [info] > git for-each-ref --sort -committerdate --format %(refname) %(objectname) %(*objectname) [16ms]
2024-12-08 02:19:24.899 [info] > git status -z -uall [90ms]
2024-12-08 02:19:29.927 [info] > git config --get commit.template [10ms]
2024-12-08 02:19:29.930 [info] > git for-each-ref --format=%(refname)%00%(upstream:short)%00%(objectname)%00%(upstream:track)%00%(upstream:remotename)%00%(upstream:remoteref) refs/heads/develop refs/remotes/develop [4ms]
2024-12-08 02:19:29.966 [info] > git for-each-ref --sort -committerdate --format %(refname) %(objectname) %(*objectname) [16ms]
2024-12-08 02:19:30.034 [info] > git status -z -uall [94ms]
2024-12-08 02:19:31.299 [info] > git ls-files --stage -- /home/ubuntu/.gitconfig [13ms]
2024-12-08 02:19:31.312 [info] > git cat-file -s 0944ea841034aaeeca0cff6c9f417e905b04df1b [4ms]
2024-12-08 02:19:31.335 [info] > git show --textconv :.gitconfig [9ms]
2024-12-08 02:19:36.482 [info] > git config --get commit.template [10ms]
2024-12-08 02:19:36.485 [info] > git for-each-ref --format=%(refname)%00%(upstream:short)%00%(objectname)%00%(upstream:track)%00%(upstream:remotename)%00%(upstream:remoteref) refs/heads/develop refs/remotes/develop [4ms]
2024-12-08 02:19:36.518 [info] > git for-each-ref --sort -committerdate --format %(refname) %(objectname) %(*objectname) [18ms]
2024-12-08 02:19:36.585 [info] > git status -z -uall [93ms]
2024-12-08 02:19:41.613 [info] > git config --get commit.template [11ms]
2024-12-08 02:19:41.615 [info] > git for-each-ref --format=%(refname)%00%(upstream:short)%00%(objectname)%00%(upstream:track)%00%(upstream:remotename)%00%(upstream:remoteref) refs/heads/develop refs/remotes/develop [4ms]
2024-12-08 02:19:41.644 [info] > git for-each-ref --sort -committerdate --format %(refname) %(objectname) %(*objectname) [7ms]
2024-12-08 02:19:41.719 [info] > git status -z -uall [96ms]
2024-12-08 02:19:46.749 [info] > git config --get commit.template [10ms]
2024-12-08 02:19:46.751 [info] > git for-each-ref --format=%(refname)%00%(upstream:short)%00%(objectname)%00%(upstream:track)%00%(upstream:remotename)%00%(upstream:remoteref) refs/heads/develop refs/remotes/develop [4ms]
2024-12-08 02:19:46.786 [info] > git for-each-ref --sort -committerdate --format %(refname) %(objectname) %(*objectname) [19ms]
2024-12-08 02:19:46.840 [info] > git status -z -uall [81ms]
2024-12-08 02:20:06.770 [info] > git config --get commit.template [11ms]
2024-12-08 02:20:06.771 [info] > git for-each-ref --format=%(refname)%00%(upstream:short)%00%(objectname)%00%(upstream:track)%00%(upstream:remotename)%00%(upstream:remoteref) refs/heads/develop refs/remotes/develop [5ms]
2024-12-08 02:20:06.794 [info] > git for-each-ref --sort -committerdate --format %(refname) %(objectname) %(*objectname) [6ms]
2024-12-08 02:20:06.885 [info] > git status -z -uall [106ms]
2024-12-08 02:20:37.133 [info] > git config --get commit.template [5ms]
2024-12-08 02:20:37.145 [info] > git for-each-ref --format=%(refname)%00%(upstream:short)%00%(objectname)%00%(upstream:track)%00%(upstream:remotename)%00%(upstream:remoteref) refs/heads/develop refs/remotes/develop [3ms]
2024-12-08 02:20:37.168 [info] > git for-each-ref --sort -committerdate --format %(refname) %(objectname) %(*objectname) [6ms]
2024-12-08 02:20:37.236 [info] > git status -z -uall [81ms]
2024-12-08 02:21:32.972 [info] > git config --get commit.template [10ms]
2024-12-08 02:21:32.976 [info] > git for-each-ref --format=%(refname)%00%(upstream:short)%00%(objectname)%00%(upstream:track)%00%(upstream:remotename)%00%(upstream:remoteref) refs/heads/develop refs/remotes/develop [6ms]
2024-12-08 02:21:33.003 [info] > git for-each-ref --sort -committerdate --format %(refname) %(objectname) %(*objectname) [11ms]
