2024-12-03 21:39:17.907 [info] [main] 로그 수준: Info
2024-12-03 21:39:17.907 [info] [main] "git"에서 찾은 git 유효성을 검사하는 중
2024-12-03 21:39:17.907 [info] [main] "2.43.0"에서 git "git"을(를) 사용하는 중
2024-12-03 21:39:17.907 [info] [Model][doInitialScan] Initial repository scan started
2024-12-03 21:39:17.907 [info] > git rev-parse --show-toplevel [5ms]
2024-12-03 21:39:17.907 [info] > git rev-parse --git-dir --git-common-dir [75ms]
2024-12-03 21:39:17.907 [info] [Model][openRepository] Opened repository: /home/ubuntu
2024-12-03 21:39:17.913 [info] > git config --get commit.template [0ms]
2024-12-03 21:39:17.920 [info] > git for-each-ref --format=%(refname)%00%(upstream:short)%00%(objectname)%00%(upstream:track)%00%(upstream:remotename)%00%(upstream:remoteref) refs/heads/main refs/remotes/main [4ms]
2024-12-03 21:39:17.920 [info] > git rev-parse --show-toplevel [1ms]
2024-12-03 21:39:17.924 [info] > git rev-parse --show-toplevel [0ms]
2024-12-03 21:39:17.941 [info] > git for-each-ref --sort -committerdate --format %(refname) %(objectname) %(*objectname) [8ms]
2024-12-03 21:39:17.960 [info] > git rev-parse --show-toplevel [20ms]
2024-12-03 21:39:17.996 [info] > git rev-parse --show-toplevel [16ms]
2024-12-03 21:39:18.003 [info] > git rev-parse --show-toplevel [3ms]
2024-12-03 21:39:18.009 [info] > git status -z -uall [81ms]
2024-12-03 21:39:18.010 [info] > git rev-parse --show-toplevel [4ms]
2024-12-03 21:39:18.543 [info] > git for-each-ref --format=%(refname)%00%(upstream:short)%00%(objectname)%00%(upstream:track)%00%(upstream:remotename)%00%(upstream:remoteref) refs/heads/main refs/remotes/main [417ms]
2024-12-03 21:39:18.561 [info] > git config --local branch.main.vscode-merge-base [13ms]
2024-12-03 21:39:18.562 [warning] [Git][config] git config failed: Failed to execute git
2024-12-03 21:39:18.566 [info] > git config --get commit.template [23ms]
2024-12-03 21:39:18.567 [info] > git rev-parse --show-toplevel [30ms]
2024-12-03 21:39:18.582 [info] > git check-ignore -v -z --stdin [29ms]
2024-12-03 21:39:18.583 [info] > git reflog main --grep-reflog=branch: Created from *. [17ms]
2024-12-03 21:39:18.589 [info] > git rev-parse --show-toplevel [16ms]
2024-12-03 21:39:18.589 [info] > git symbolic-ref --short refs/remotes/origin/HEAD [1ms]
2024-12-03 21:39:18.589 [info] fatal: ref refs/remotes/origin/HEAD is not a symbolic ref
2024-12-03 21:39:18.589 [warning] [Repository][getDefaultBranch] Failed to get default branch details: Failed to execute git.
2024-12-03 21:39:18.596 [info] > git for-each-ref --format=%(refname)%00%(upstream:short)%00%(objectname)%00%(upstream:track)%00%(upstream:remotename)%00%(upstream:remoteref) refs/heads/main refs/remotes/main [16ms]
2024-12-03 21:39:18.597 [info] > git rev-parse --show-toplevel [1ms]
2024-12-03 21:39:18.600 [info] [Model][doInitialScan] Initial repository scan completed - repositories (1), closed repositories (0), parent repositories (0), unsafe repositories (0)
2024-12-03 21:39:18.600 [info] > git merge-base refs/heads/main refs/remotes/origin/main [8ms]
2024-12-03 21:39:18.619 [info] > git for-each-ref --sort -committerdate --format %(refname) %(objectname) %(*objectname) [1ms]
2024-12-03 21:39:18.619 [info] > git diff --name-status -z --diff-filter=ADMR 46e7b5737007e12c6ab7612118e9bc1ace9d020f...refs/remotes/origin/main [15ms]
2024-12-03 21:39:18.676 [info] > git status -z -uall [62ms]
2024-12-03 21:39:18.779 [info] > git show --textconv :app.py [61ms]
2024-12-03 21:39:18.779 [info] > git ls-files --stage -- /home/ubuntu/app.py [57ms]
2024-12-03 21:39:19.127 [info] > git cat-file -s b962d3d2fa470d3556a1c2880c23d6585cd8a2e7 [343ms]
2024-12-03 21:39:20.746 [info] > git config --get commit.template [8ms]
2024-12-03 21:39:20.750 [info] > git for-each-ref --format=%(refname)%00%(upstream:short)%00%(objectname)%00%(upstream:track)%00%(upstream:remotename)%00%(upstream:remoteref) refs/heads/main refs/remotes/main [4ms]
2024-12-03 21:39:20.766 [info] > git for-each-ref --sort -committerdate --format %(refname) %(objectname) %(*objectname) [5ms]
2024-12-03 21:39:20.862 [info] > git status -z -uall [107ms]
2024-12-03 21:39:25.972 [info] > git config --get commit.template [9ms]
2024-12-03 21:39:25.973 [info] > git for-each-ref --format=%(refname)%00%(upstream:short)%00%(objectname)%00%(upstream:track)%00%(upstream:remotename)%00%(upstream:remoteref) refs/heads/main refs/remotes/main [3ms]
2024-12-03 21:39:25.994 [info] > git for-each-ref --sort -committerdate --format %(refname) %(objectname) %(*objectname) [4ms]
2024-12-03 21:39:26.073 [info] > git status -z -uall [91ms]
2024-12-03 21:39:31.178 [info] > git config --get commit.template [10ms]
2024-12-03 21:39:31.180 [info] > git for-each-ref --format=%(refname)%00%(upstream:short)%00%(objectname)%00%(upstream:track)%00%(upstream:remotename)%00%(upstream:remoteref) refs/heads/main refs/remotes/main [6ms]
2024-12-03 21:39:31.204 [info] > git for-each-ref --sort -committerdate --format %(refname) %(objectname) %(*objectname) [4ms]
2024-12-03 21:39:31.269 [info] > git status -z -uall [80ms]
2024-12-03 21:39:36.381 [info] > git config --get commit.template [11ms]
2024-12-03 21:39:36.382 [info] > git for-each-ref --format=%(refname)%00%(upstream:short)%00%(objectname)%00%(upstream:track)%00%(upstream:remotename)%00%(upstream:remoteref) refs/heads/main refs/remotes/main [4ms]
2024-12-03 21:39:36.405 [info] > git for-each-ref --sort -committerdate --format %(refname) %(objectname) %(*objectname) [5ms]
2024-12-03 21:39:36.501 [info] > git status -z -uall [110ms]
2024-12-03 21:39:41.608 [info] > git config --get commit.template [10ms]
2024-12-03 21:39:41.611 [info] > git for-each-ref --format=%(refname)%00%(upstream:short)%00%(objectname)%00%(upstream:track)%00%(upstream:remotename)%00%(upstream:remoteref) refs/heads/main refs/remotes/main [5ms]
2024-12-03 21:39:41.635 [info] > git for-each-ref --sort -committerdate --format %(refname) %(objectname) %(*objectname) [7ms]
2024-12-03 21:39:41.710 [info] > git status -z -uall [90ms]
2024-12-03 21:40:06.054 [info] > git config --get commit.template [12ms]
2024-12-03 21:40:06.057 [info] > git for-each-ref --format=%(refname)%00%(upstream:short)%00%(objectname)%00%(upstream:track)%00%(upstream:remotename)%00%(upstream:remoteref) refs/heads/main refs/remotes/main [4ms]
2024-12-03 21:40:06.085 [info] > git for-each-ref --sort -committerdate --format %(refname) %(objectname) %(*objectname) [3ms]
2024-12-03 21:40:06.151 [info] > git status -z -uall [85ms]
2024-12-03 21:40:11.242 [info] > git config --get commit.template [10ms]
2024-12-03 21:40:11.243 [info] > git for-each-ref --format=%(refname)%00%(upstream:short)%00%(objectname)%00%(upstream:track)%00%(upstream:remotename)%00%(upstream:remoteref) refs/heads/main refs/remotes/main [5ms]
2024-12-03 21:40:11.266 [info] > git for-each-ref --sort -committerdate --format %(refname) %(objectname) %(*objectname) [3ms]
2024-12-03 21:40:11.339 [info] > git status -z -uall [88ms]
2024-12-03 21:40:20.371 [info] > git config --get commit.template [11ms]
2024-12-03 21:40:20.374 [info] > git for-each-ref --format=%(refname)%00%(upstream:short)%00%(objectname)%00%(upstream:track)%00%(upstream:remotename)%00%(upstream:remoteref) refs/heads/main refs/remotes/main [5ms]
2024-12-03 21:40:20.401 [info] > git for-each-ref --sort -committerdate --format %(refname) %(objectname) %(*objectname) [7ms]
2024-12-03 21:40:20.471 [info] > git status -z -uall [88ms]
2024-12-03 21:40:25.598 [info] > git config --get commit.template [11ms]
2024-12-03 21:40:25.600 [info] > git for-each-ref --format=%(refname)%00%(upstream:short)%00%(objectname)%00%(upstream:track)%00%(upstream:remotename)%00%(upstream:remoteref) refs/heads/main refs/remotes/main [4ms]
2024-12-03 21:40:25.622 [info] > git for-each-ref --sort -committerdate --format %(refname) %(objectname) %(*objectname) [4ms]
2024-12-03 21:40:25.697 [info] > git status -z -uall [88ms]
2024-12-03 21:40:30.810 [info] > git config --get commit.template [11ms]
2024-12-03 21:40:30.812 [info] > git for-each-ref --format=%(refname)%00%(upstream:short)%00%(objectname)%00%(upstream:track)%00%(upstream:remotename)%00%(upstream:remoteref) refs/heads/main refs/remotes/main [4ms]
2024-12-03 21:40:30.836 [info] > git for-each-ref --sort -committerdate --format %(refname) %(objectname) %(*objectname) [4ms]
2024-12-03 21:40:30.910 [info] > git status -z -uall [89ms]
2024-12-03 21:40:36.028 [info] > git config --get commit.template [12ms]
2024-12-03 21:40:36.030 [info] > git for-each-ref --format=%(refname)%00%(upstream:short)%00%(objectname)%00%(upstream:track)%00%(upstream:remotename)%00%(upstream:remoteref) refs/heads/main refs/remotes/main [5ms]
2024-12-03 21:40:36.057 [info] > git for-each-ref --sort -committerdate --format %(refname) %(objectname) %(*objectname) [6ms]
2024-12-03 21:40:36.131 [info] > git status -z -uall [91ms]
2024-12-03 21:40:41.261 [info] > git config --get commit.template [13ms]
2024-12-03 21:40:41.264 [info] > git for-each-ref --format=%(refname)%00%(upstream:short)%00%(objectname)%00%(upstream:track)%00%(upstream:remotename)%00%(upstream:remoteref) refs/heads/main refs/remotes/main [6ms]
2024-12-03 21:40:41.293 [info] > git for-each-ref --sort -committerdate --format %(refname) %(objectname) %(*objectname) [5ms]
2024-12-03 21:40:41.375 [info] > git status -z -uall [100ms]
2024-12-03 21:41:29.696 [info] > git config --get commit.template [12ms]
2024-12-03 21:41:29.699 [info] > git for-each-ref --format=%(refname)%00%(upstream:short)%00%(objectname)%00%(upstream:track)%00%(upstream:remotename)%00%(upstream:remoteref) refs/heads/main refs/remotes/main [4ms]
2024-12-03 21:41:29.728 [info] > git for-each-ref --sort -committerdate --format %(refname) %(objectname) %(*objectname) [6ms]
2024-12-03 21:41:29.813 [info] > git status -z -uall [102ms]
2024-12-03 21:43:36.256 [info] > git config --get commit.template [17ms]
2024-12-03 21:43:36.258 [info] > git for-each-ref --format=%(refname)%00%(upstream:short)%00%(objectname)%00%(upstream:track)%00%(upstream:remotename)%00%(upstream:remoteref) refs/heads/main refs/remotes/main [6ms]
2024-12-03 21:43:36.285 [info] > git for-each-ref --sort -committerdate --format %(refname) %(objectname) %(*objectname) [6ms]
2024-12-03 21:43:36.391 [info] > git status -z -uall [121ms]
2024-12-03 21:43:41.536 [info] > git config --get commit.template [10ms]
2024-12-03 21:43:41.537 [info] > git for-each-ref --format=%(refname)%00%(upstream:short)%00%(objectname)%00%(upstream:track)%00%(upstream:remotename)%00%(upstream:remoteref) refs/heads/main refs/remotes/main [4ms]
2024-12-03 21:43:41.559 [info] > git for-each-ref --sort -committerdate --format %(refname) %(objectname) %(*objectname) [4ms]
2024-12-03 21:43:41.632 [info] > git status -z -uall [86ms]
2024-12-03 21:43:46.743 [info] > git config --get commit.template [11ms]
2024-12-03 21:43:46.746 [info] > git for-each-ref --format=%(refname)%00%(upstream:short)%00%(objectname)%00%(upstream:track)%00%(upstream:remotename)%00%(upstream:remoteref) refs/heads/main refs/remotes/main [5ms]
2024-12-03 21:43:46.770 [info] > git for-each-ref --sort -committerdate --format %(refname) %(objectname) %(*objectname) [6ms]
2024-12-03 21:43:46.852 [info] > git status -z -uall [97ms]
2024-12-03 21:43:51.962 [info] > git config --get commit.template [9ms]
2024-12-03 21:43:51.964 [info] > git for-each-ref --format=%(refname)%00%(upstream:short)%00%(objectname)%00%(upstream:track)%00%(upstream:remotename)%00%(upstream:remoteref) refs/heads/main refs/remotes/main [4ms]
2024-12-03 21:43:51.986 [info] > git for-each-ref --sort -committerdate --format %(refname) %(objectname) %(*objectname) [4ms]
2024-12-03 21:43:52.051 [info] > git status -z -uall [79ms]
2024-12-03 21:43:57.170 [info] > git config --get commit.template [12ms]
2024-12-03 21:43:57.172 [info] > git for-each-ref --format=%(refname)%00%(upstream:short)%00%(objectname)%00%(upstream:track)%00%(upstream:remotename)%00%(upstream:remoteref) refs/heads/main refs/remotes/main [4ms]
2024-12-03 21:43:57.198 [info] > git for-each-ref --sort -committerdate --format %(refname) %(objectname) %(*objectname) [6ms]
2024-12-03 21:43:57.273 [info] > git status -z -uall [91ms]
2024-12-03 21:44:02.379 [info] > git config --get commit.template [10ms]
2024-12-03 21:44:02.382 [info] > git for-each-ref --format=%(refname)%00%(upstream:short)%00%(objectname)%00%(upstream:track)%00%(upstream:remotename)%00%(upstream:remoteref) refs/heads/main refs/remotes/main [5ms]
2024-12-03 21:44:02.404 [info] > git for-each-ref --sort -committerdate --format %(refname) %(objectname) %(*objectname) [4ms]
2024-12-03 21:44:02.472 [info] > git status -z -uall [82ms]
2024-12-03 21:44:07.588 [info] > git config --get commit.template [11ms]
2024-12-03 21:44:07.591 [info] > git for-each-ref --format=%(refname)%00%(upstream:short)%00%(objectname)%00%(upstream:track)%00%(upstream:remotename)%00%(upstream:remoteref) refs/heads/main refs/remotes/main [5ms]
2024-12-03 21:44:07.617 [info] > git for-each-ref --sort -committerdate --format %(refname) %(objectname) %(*objectname) [5ms]
2024-12-03 21:44:07.694 [info] > git status -z -uall [93ms]
2024-12-03 21:44:15.764 [info] > git config --get commit.template [12ms]
2024-12-03 21:44:15.768 [info] > git for-each-ref --format=%(refname)%00%(upstream:short)%00%(objectname)%00%(upstream:track)%00%(upstream:remotename)%00%(upstream:remoteref) refs/heads/main refs/remotes/main [5ms]
2024-12-03 21:44:15.797 [info] > git for-each-ref --sort -committerdate --format %(refname) %(objectname) %(*objectname) [5ms]
2024-12-03 21:44:15.878 [info] > git status -z -uall [98ms]
