2024-12-01 21:09:35.669 [info] [main] 로그 수준: Info
2024-12-01 21:09:35.669 [info] [main] "git"에서 찾은 git 유효성을 검사하는 중
2024-12-01 21:09:35.669 [info] [main] "2.43.0"에서 git "git"을(를) 사용하는 중
2024-12-01 21:09:35.669 [info] [Model][doInitialScan] Initial repository scan started
2024-12-01 21:09:35.674 [info] > git rev-parse --show-toplevel [6ms]
2024-12-01 21:09:35.674 [info] fatal: not a git repository (or any of the parent directories): .git
2024-12-01 21:09:35.680 [info] > git rev-parse --show-toplevel [2ms]
2024-12-01 21:09:35.680 [info] fatal: not a git repository (or any of the parent directories): .git
2024-12-01 21:09:35.685 [info] > git rev-parse --show-toplevel [2ms]
2024-12-01 21:09:35.685 [info] fatal: not a git repository (or any of the parent directories): .git
2024-12-01 21:09:35.691 [info] > git rev-parse --show-toplevel [3ms]
2024-12-01 21:09:35.691 [info] fatal: not a git repository (or any of the parent directories): .git
2024-12-01 21:09:35.694 [info] > git rev-parse --show-toplevel [0ms]
2024-12-01 21:09:35.694 [info] fatal: not a git repository (or any of the parent directories): .git
2024-12-01 21:09:35.701 [info] > git rev-parse --show-toplevel [4ms]
2024-12-01 21:09:35.701 [info] fatal: not a git repository (or any of the parent directories): .git
2024-12-01 21:09:35.706 [info] > git rev-parse --show-toplevel [2ms]
2024-12-01 21:09:35.706 [info] fatal: not a git repository (or any of the parent directories): .git
2024-12-01 21:09:35.709 [info] [Model][doInitialScan] Initial repository scan completed - repositories (0), closed repositories (0), parent repositories (0), unsafe repositories (0)
2024-12-01 21:09:36.377 [info] > git rev-parse --show-toplevel [3ms]
2024-12-01 21:09:36.377 [info] fatal: not a git repository (or any of the parent directories): .git
2024-12-01 21:09:39.346 [info] > git rev-parse --show-toplevel [4ms]
2024-12-01 21:09:39.346 [info] fatal: not a git repository (or any of the parent directories): .git
2024-12-01 21:13:12.047 [info] > git rev-parse --show-toplevel [4ms]
2024-12-01 21:13:12.058 [info] > git rev-parse --git-dir --git-common-dir [3ms]
2024-12-01 21:13:12.089 [info] [Model][openRepository] Opened repository: /home/ubuntu
2024-12-01 21:13:12.109 [info] [Git][getRemotes] No remotes found in the git config file
2024-12-01 21:13:12.115 [info] > git config --get commit.template [15ms]
2024-12-01 21:13:12.116 [info] > git for-each-ref --format=%(refname)%00%(upstream:short)%00%(objectname)%00%(upstream:track)%00%(upstream:remotename)%00%(upstream:remoteref) refs/heads/master refs/remotes/master [9ms]
2024-12-01 21:13:12.117 [warning] [Git][getBranch] No such branch: master
2024-12-01 21:13:12.133 [info] > git for-each-ref --sort -committerdate --format %(refname) %(objectname) %(*objectname) [3ms]
2024-12-01 21:13:12.191 [info] > git status -z -uall [68ms]
2024-12-01 21:13:12.306 [info] > git for-each-ref --format=%(refname)%00%(upstream:short)%00%(objectname)%00%(upstream:track)%00%(upstream:remotename)%00%(upstream:remoteref) refs/heads/master refs/remotes/master [13ms]
2024-12-01 21:13:12.306 [warning] [Git][getBranch] No such branch: master
2024-12-01 21:13:12.307 [error] [GitHistoryProvider][resolveHEADMergeBase] Failed to resolve merge base for master: Error: No such branch: master.
2024-12-01 21:13:12.308 [info] > git config --get commit.template [3ms]
2024-12-01 21:13:12.313 [info] [Git][getRemotes] No remotes found in the git config file
2024-12-01 21:13:12.322 [info] > git for-each-ref --format=%(refname)%00%(upstream:short)%00%(objectname)%00%(upstream:track)%00%(upstream:remotename)%00%(upstream:remoteref) refs/heads/master refs/remotes/master [9ms]
2024-12-01 21:13:12.322 [warning] [Git][getBranch] No such branch: master
2024-12-01 21:13:12.753 [info] > git for-each-ref --sort -committerdate --format %(refname) %(objectname) %(*objectname) [423ms]
2024-12-01 21:13:12.765 [info] > git status -z -uall [440ms]
2024-12-01 21:13:12.765 [info] > git check-ignore -v -z --stdin [4ms]
2024-12-01 21:13:13.142 [info] > git show --textconv :app.py [5ms]
2024-12-01 21:13:13.144 [info] > git ls-files --stage -- /home/ubuntu/app.py [3ms]
2024-12-01 21:13:16.241 [info] [Git][getRemotes] No remotes found in the git config file
2024-12-01 21:13:16.243 [info] > git for-each-ref --format=%(refname)%00%(upstream:short)%00%(objectname)%00%(upstream:track)%00%(upstream:remotename)%00%(upstream:remoteref) refs/heads/master refs/remotes/master [2ms]
2024-12-01 21:13:16.243 [warning] [Git][getBranch] No such branch: master
2024-12-01 21:13:16.245 [info] > git config --get commit.template [8ms]
2024-12-01 21:13:16.259 [info] > git for-each-ref --sort -committerdate --format %(refname) %(objectname) %(*objectname) [2ms]
2024-12-01 21:13:16.274 [info] > git status -z -uall [25ms]
2024-12-01 21:13:35.569 [info] [Git][getRemotes] No remotes found in the git config file
2024-12-01 21:13:35.571 [info] > git config --get commit.template [9ms]
2024-12-01 21:13:35.572 [info] > git for-each-ref --format=%(refname)%00%(upstream:short)%00%(objectname)%00%(upstream:track)%00%(upstream:remotename)%00%(upstream:remoteref) refs/heads/master refs/remotes/master [3ms]
2024-12-01 21:13:35.572 [warning] [Git][getBranch] No such branch: master
2024-12-01 21:13:35.589 [info] > git for-each-ref --sort -committerdate --format %(refname) %(objectname) %(*objectname) [4ms]
2024-12-01 21:13:35.623 [info] > git status -z -uall [45ms]
2024-12-01 21:13:42.499 [info] [Git][getRemotes] No remotes found in the git config file
2024-12-01 21:13:42.500 [info] > git config --get commit.template [8ms]
2024-12-01 21:13:42.501 [info] > git for-each-ref --format=%(refname)%00%(upstream:short)%00%(objectname)%00%(upstream:track)%00%(upstream:remotename)%00%(upstream:remoteref) refs/heads/master refs/remotes/master [3ms]
2024-12-01 21:13:42.501 [warning] [Git][getBranch] No such branch: master
2024-12-01 21:13:42.518 [info] > git for-each-ref --sort -committerdate --format %(refname) %(objectname) %(*objectname) [3ms]
2024-12-01 21:13:42.555 [info] > git status -z -uall [47ms]
2024-12-01 21:13:46.268 [info] > git ls-files --stage -- /home/ubuntu/app.py [3ms]
2024-12-01 21:13:46.282 [info] > git show --textconv :app.py [3ms]
2024-12-01 21:14:02.383 [info] > git config --get commit.template [8ms]
2024-12-01 21:14:02.384 [info] > git for-each-ref --format=%(refname)%00%(upstream:short)%00%(objectname)%00%(upstream:track)%00%(upstream:remotename)%00%(upstream:remoteref) refs/heads/master refs/remotes/master [3ms]
2024-12-01 21:14:02.384 [warning] [Git][getBranch] No such branch: master
2024-12-01 21:14:02.400 [info] > git for-each-ref --sort -committerdate --format %(refname) %(objectname) %(*objectname) [3ms]
2024-12-01 21:14:02.436 [info] > git status -z -uall [46ms]
2024-12-01 21:14:04.218 [info] > git check-ignore -v -z --stdin [2ms]
2024-12-01 21:14:07.530 [info] > git config --get commit.template [8ms]
2024-12-01 21:14:07.531 [info] > git for-each-ref --format=%(refname)%00%(upstream:short)%00%(objectname)%00%(upstream:track)%00%(upstream:remotename)%00%(upstream:remoteref) refs/heads/master refs/remotes/master [3ms]
2024-12-01 21:14:07.532 [warning] [Git][getBranch] No such branch: master
2024-12-01 21:14:07.549 [info] > git for-each-ref --sort -committerdate --format %(refname) %(objectname) %(*objectname) [5ms]
2024-12-01 21:14:07.581 [info] > git status -z -uall [44ms]
2024-12-01 21:14:12.257 [info] > git check-ignore -v -z --stdin [3ms]
2024-12-01 21:14:16.300 [info] > git config --get commit.template [9ms]
2024-12-01 21:14:16.301 [info] > git for-each-ref --format=%(refname)%00%(upstream:short)%00%(objectname)%00%(upstream:track)%00%(upstream:remotename)%00%(upstream:remoteref) refs/heads/master refs/remotes/master [4ms]
2024-12-01 21:14:16.301 [warning] [Git][getBranch] No such branch: master
2024-12-01 21:14:16.318 [info] > git for-each-ref --sort -committerdate --format %(refname) %(objectname) %(*objectname) [3ms]
2024-12-01 21:14:16.349 [info] > git status -z -uall [42ms]
2024-12-01 21:14:21.425 [info] > git config --get commit.template [1ms]
2024-12-01 21:14:21.431 [info] > git for-each-ref --format=%(refname)%00%(upstream:short)%00%(objectname)%00%(upstream:track)%00%(upstream:remotename)%00%(upstream:remoteref) refs/heads/master refs/remotes/master [1ms]
2024-12-01 21:14:21.431 [warning] [Git][getBranch] No such branch: master
2024-12-01 21:14:21.440 [info] > git for-each-ref --sort -committerdate --format %(refname) %(objectname) %(*objectname) [0ms]
2024-12-01 21:14:21.461 [info] > git status -z -uall [26ms]
2024-12-01 21:14:23.380 [info] > git for-each-ref --format=%(refname)%00%(upstream:short)%00%(objectname)%00%(upstream:track)%00%(upstream:remotename)%00%(upstream:remoteref) refs/heads/master refs/remotes/master [1ms]
2024-12-01 21:14:23.380 [warning] [Git][getBranch] No such branch: master
2024-12-01 21:14:23.380 [info] > git config --get commit.template [3ms]
2024-12-01 21:14:23.388 [info] > git for-each-ref --sort -committerdate --format %(refname) %(objectname) %(*objectname) [1ms]
2024-12-01 21:14:23.397 [info] > git status -z -uall [14ms]
2024-12-01 21:14:24.805 [info] > git ls-files --stage -- /home/ubuntu/app.py [10ms]
2024-12-01 21:14:24.818 [info] > git cat-file -s b962d3d2fa470d3556a1c2880c23d6585cd8a2e7 [5ms]
2024-12-01 21:14:24.848 [info] > git show --textconv :app.py [9ms]
2024-12-01 21:14:26.822 [info] > git config --get commit.template [11ms]
2024-12-01 21:14:26.823 [info] > git for-each-ref --format=%(refname)%00%(upstream:short)%00%(objectname)%00%(upstream:track)%00%(upstream:remotename)%00%(upstream:remoteref) refs/heads/master refs/remotes/master [5ms]
2024-12-01 21:14:26.823 [warning] [Git][getBranch] No such branch: master
2024-12-01 21:14:26.842 [info] > git for-each-ref --sort -committerdate --format %(refname) %(objectname) %(*objectname) [4ms]
2024-12-01 21:14:26.872 [info] > git status -z -uall [42ms]
2024-12-01 21:14:28.996 [info] > git ls-files --stage -- /home/ubuntu/app.py [5ms]
2024-12-01 21:14:29.006 [info] > git cat-file -s b962d3d2fa470d3556a1c2880c23d6585cd8a2e7 [4ms]
2024-12-01 21:14:29.021 [info] > git show --textconv :app.py [5ms]
2024-12-01 21:14:37.389 [info] > git config --get commit.template [8ms]
2024-12-01 21:14:37.390 [info] > git for-each-ref --format=%(refname)%00%(upstream:short)%00%(objectname)%00%(upstream:track)%00%(upstream:remotename)%00%(upstream:remoteref) refs/heads/master refs/remotes/master [3ms]
2024-12-01 21:14:37.390 [warning] [Git][getBranch] No such branch: master
2024-12-01 21:14:37.406 [info] > git for-each-ref --sort -committerdate --format %(refname) %(objectname) %(*objectname) [2ms]
2024-12-01 21:14:37.437 [info] > git status -z -uall [41ms]
2024-12-01 21:14:42.519 [info] > git for-each-ref --format=%(refname)%00%(upstream:short)%00%(objectname)%00%(upstream:track)%00%(upstream:remotename)%00%(upstream:remoteref) refs/heads/master refs/remotes/master [7ms]
2024-12-01 21:14:42.520 [warning] [Git][getBranch] No such branch: master
2024-12-01 21:14:42.521 [info] > git config --get commit.template [2ms]
2024-12-01 21:14:42.537 [info] > git for-each-ref --sort -committerdate --format %(refname) %(objectname) %(*objectname) [4ms]
2024-12-01 21:14:42.567 [info] > git status -z -uall [40ms]
2024-12-01 21:14:45.776 [info] > git config --get commit.template [9ms]
2024-12-01 21:14:45.778 [info] > git for-each-ref --format=%(refname)%00%(upstream:short)%00%(objectname)%00%(upstream:track)%00%(upstream:remotename)%00%(upstream:remoteref) refs/heads/main refs/remotes/main [3ms]
2024-12-01 21:14:45.778 [warning] [Git][getBranch] No such branch: main
2024-12-01 21:14:45.796 [info] > git for-each-ref --sort -committerdate --format %(refname) %(objectname) %(*objectname) [4ms]
2024-12-01 21:14:45.827 [info] > git status -z -uall [42ms]
2024-12-01 21:14:45.911 [info] > git for-each-ref --format=%(refname)%00%(upstream:short)%00%(objectname)%00%(upstream:track)%00%(upstream:remotename)%00%(upstream:remoteref) refs/heads/main refs/remotes/main [3ms]
2024-12-01 21:14:45.911 [warning] [Git][getBranch] No such branch: main
2024-12-01 21:14:45.912 [error] [GitHistoryProvider][resolveHEADMergeBase] Failed to resolve merge base for main: Error: No such branch: main.
2024-12-01 21:14:48.923 [info] > git ls-files --stage -- /home/ubuntu/app.py [6ms]
2024-12-01 21:14:48.934 [info] > git cat-file -s b962d3d2fa470d3556a1c2880c23d6585cd8a2e7 [3ms]
2024-12-01 21:14:48.967 [info] > git show --textconv :app.py [5ms]
2024-12-01 21:14:49.410 [info] > git config --get commit.template [11ms]
2024-12-01 21:14:49.411 [info] > git for-each-ref --format=%(refname)%00%(upstream:short)%00%(objectname)%00%(upstream:track)%00%(upstream:remotename)%00%(upstream:remoteref) refs/heads/main refs/remotes/main [3ms]
2024-12-01 21:14:49.412 [warning] [Git][getBranch] No such branch: main
2024-12-01 21:14:49.434 [info] > git for-each-ref --sort -committerdate --format %(refname) %(objectname) %(*objectname) [3ms]
2024-12-01 21:14:49.465 [info] > git status -z -uall [44ms]
2024-12-01 21:14:55.945 [info] > git config --get commit.template [9ms]
2024-12-01 21:14:55.947 [info] > git for-each-ref --format=%(refname)%00%(upstream:short)%00%(objectname)%00%(upstream:track)%00%(upstream:remotename)%00%(upstream:remoteref) refs/heads/main refs/remotes/main [3ms]
2024-12-01 21:14:55.947 [warning] [Git][getBranch] No such branch: main
2024-12-01 21:14:55.966 [info] > git for-each-ref --sort -committerdate --format %(refname) %(objectname) %(*objectname) [2ms]
2024-12-01 21:14:56.000 [info] > git status -z -uall [46ms]
2024-12-01 21:16:10.540 [info] > git config --get commit.template [9ms]
2024-12-01 21:16:10.541 [info] > git for-each-ref --format=%(refname)%00%(upstream:short)%00%(objectname)%00%(upstream:track)%00%(upstream:remotename)%00%(upstream:remoteref) refs/heads/main refs/remotes/main [3ms]
2024-12-01 21:16:10.541 [warning] [Git][getBranch] No such branch: main
2024-12-01 21:16:10.559 [info] > git for-each-ref --sort -committerdate --format %(refname) %(objectname) %(*objectname) [4ms]
2024-12-01 21:16:10.597 [info] > git status -z -uall [50ms]
2024-12-01 21:16:12.464 [info] > git ls-files --stage -- /home/ubuntu/app.py [5ms]
2024-12-01 21:16:12.474 [info] > git cat-file -s b962d3d2fa470d3556a1c2880c23d6585cd8a2e7 [4ms]
2024-12-01 21:16:12.508 [info] > git show --textconv :app.py [5ms]
2024-12-01 21:16:15.705 [info] > git config --get commit.template [10ms]
2024-12-01 21:16:15.707 [info] > git for-each-ref --format=%(refname)%00%(upstream:short)%00%(objectname)%00%(upstream:track)%00%(upstream:remotename)%00%(upstream:remoteref) refs/heads/main refs/remotes/main [3ms]
2024-12-01 21:16:15.708 [warning] [Git][getBranch] No such branch: main
2024-12-01 21:16:15.727 [info] > git for-each-ref --sort -committerdate --format %(refname) %(objectname) %(*objectname) [2ms]
2024-12-01 21:16:15.767 [info] > git status -z -uall [52ms]
2024-12-01 21:16:20.848 [info] > git config --get commit.template [1ms]
2024-12-01 21:16:20.854 [info] > git for-each-ref --format=%(refname)%00%(upstream:short)%00%(objectname)%00%(upstream:track)%00%(upstream:remotename)%00%(upstream:remoteref) refs/heads/main refs/remotes/main [1ms]
2024-12-01 21:16:20.855 [warning] [Git][getBranch] No such branch: main
2024-12-01 21:16:20.872 [info] > git for-each-ref --sort -committerdate --format %(refname) %(objectname) %(*objectname) [3ms]
2024-12-01 21:16:20.903 [info] > git status -z -uall [42ms]
2024-12-01 21:16:25.984 [info] > git config --get commit.template [10ms]
2024-12-01 21:16:25.986 [info] > git for-each-ref --format=%(refname)%00%(upstream:short)%00%(objectname)%00%(upstream:track)%00%(upstream:remotename)%00%(upstream:remoteref) refs/heads/main refs/remotes/main [3ms]
2024-12-01 21:16:25.986 [warning] [Git][getBranch] No such branch: main
2024-12-01 21:16:26.006 [info] > git for-each-ref --sort -committerdate --format %(refname) %(objectname) %(*objectname) [3ms]
2024-12-01 21:16:26.035 [info] > git status -z -uall [42ms]
2024-12-01 21:16:32.657 [info] > git config --get commit.template [10ms]
2024-12-01 21:16:32.658 [info] > git for-each-ref --format=%(refname)%00%(upstream:short)%00%(objectname)%00%(upstream:track)%00%(upstream:remotename)%00%(upstream:remoteref) refs/heads/main refs/remotes/main [3ms]
2024-12-01 21:16:32.658 [warning] [Git][getBranch] No such branch: main
2024-12-01 21:16:32.680 [info] > git for-each-ref --sort -committerdate --format %(refname) %(objectname) %(*objectname) [4ms]
2024-12-01 21:16:32.707 [info] > git status -z -uall [41ms]
2024-12-01 21:16:37.798 [info] > git config --get commit.template [11ms]
2024-12-01 21:16:37.800 [info] > git for-each-ref --format=%(refname)%00%(upstream:short)%00%(objectname)%00%(upstream:track)%00%(upstream:remotename)%00%(upstream:remoteref) refs/heads/main refs/remotes/main [4ms]
2024-12-01 21:16:37.800 [warning] [Git][getBranch] No such branch: main
2024-12-01 21:16:37.819 [info] > git for-each-ref --sort -committerdate --format %(refname) %(objectname) %(*objectname) [4ms]
2024-12-01 21:16:37.850 [info] > git status -z -uall [43ms]
2024-12-01 21:16:46.936 [info] > git config --get commit.template [8ms]
2024-12-01 21:16:46.938 [info] > git for-each-ref --format=%(refname)%00%(upstream:short)%00%(objectname)%00%(upstream:track)%00%(upstream:remotename)%00%(upstream:remoteref) refs/heads/main refs/remotes/main [4ms]
2024-12-01 21:16:46.938 [warning] [Git][getBranch] No such branch: main
2024-12-01 21:16:46.954 [info] > git for-each-ref --sort -committerdate --format %(refname) %(objectname) %(*objectname) [2ms]
2024-12-01 21:16:46.986 [info] > git status -z -uall [42ms]
2024-12-01 21:16:47.798 [info] > git config --get commit.template [8ms]
2024-12-01 21:16:47.801 [info] > git for-each-ref --format=%(refname)%00%(upstream:short)%00%(objectname)%00%(upstream:track)%00%(upstream:remotename)%00%(upstream:remoteref) refs/heads/main refs/remotes/main [4ms]
2024-12-01 21:16:47.802 [warning] [Git][getBranch] No such branch: main
2024-12-01 21:16:47.818 [info] > git for-each-ref --sort -committerdate --format %(refname) %(objectname) %(*objectname) [3ms]
2024-12-01 21:16:47.854 [info] > git status -z -uall [45ms]
2024-12-01 21:16:49.043 [info] > git ls-files --stage -- /home/ubuntu/app.py [6ms]
2024-12-01 21:16:49.053 [info] > git cat-file -s b962d3d2fa470d3556a1c2880c23d6585cd8a2e7 [4ms]
2024-12-01 21:16:49.071 [info] > git show --textconv :app.py [5ms]
2024-12-01 21:16:52.086 [info] > git config --get commit.template [10ms]
2024-12-01 21:16:52.087 [info] > git for-each-ref --format=%(refname)%00%(upstream:short)%00%(objectname)%00%(upstream:track)%00%(upstream:remotename)%00%(upstream:remoteref) refs/heads/main refs/remotes/main [4ms]
2024-12-01 21:16:52.087 [warning] [Git][getBranch] No such branch: main
2024-12-01 21:16:52.106 [info] > git for-each-ref --sort -committerdate --format %(refname) %(objectname) %(*objectname) [4ms]
2024-12-01 21:16:52.143 [info] > git status -z -uall [50ms]
2024-12-01 21:16:58.544 [info] > git config --get commit.template [3ms]
2024-12-01 21:16:58.554 [info] > git for-each-ref --format=%(refname)%00%(upstream:short)%00%(objectname)%00%(upstream:track)%00%(upstream:remotename)%00%(upstream:remoteref) refs/heads/main refs/remotes/main [4ms]
2024-12-01 21:16:58.554 [warning] [Git][getBranch] No such branch: main
2024-12-01 21:16:58.574 [info] > git for-each-ref --sort -committerdate --format %(refname) %(objectname) %(*objectname) [4ms]
2024-12-01 21:16:58.605 [info] > git status -z -uall [42ms]
2024-12-01 21:17:03.684 [info] > git config --get commit.template [7ms]
2024-12-01 21:17:03.685 [info] > git for-each-ref --format=%(refname)%00%(upstream:short)%00%(objectname)%00%(upstream:track)%00%(upstream:remotename)%00%(upstream:remoteref) refs/heads/main refs/remotes/main [3ms]
2024-12-01 21:17:03.686 [warning] [Git][getBranch] No such branch: main
2024-12-01 21:17:03.700 [info] > git for-each-ref --sort -committerdate --format %(refname) %(objectname) %(*objectname) [2ms]
2024-12-01 21:17:03.737 [info] > git status -z -uall [46ms]
2024-12-01 21:17:13.313 [info] > git config --get commit.template [8ms]
2024-12-01 21:17:13.315 [info] > git for-each-ref --format=%(refname)%00%(upstream:short)%00%(objectname)%00%(upstream:track)%00%(upstream:remotename)%00%(upstream:remoteref) refs/heads/main refs/remotes/main [3ms]
2024-12-01 21:17:13.315 [warning] [Git][getBranch] No such branch: main
2024-12-01 21:17:13.332 [info] > git for-each-ref --sort -committerdate --format %(refname) %(objectname) %(*objectname) [3ms]
2024-12-01 21:17:13.365 [info] > git status -z -uall [43ms]
2024-12-01 21:17:31.750 [info] > git config --get commit.template [8ms]
2024-12-01 21:17:31.752 [info] > git for-each-ref --format=%(refname)%00%(upstream:short)%00%(objectname)%00%(upstream:track)%00%(upstream:remotename)%00%(upstream:remoteref) refs/heads/main refs/remotes/main [4ms]
2024-12-01 21:17:31.752 [warning] [Git][getBranch] No such branch: main
2024-12-01 21:17:31.768 [info] > git for-each-ref --sort -committerdate --format %(refname) %(objectname) %(*objectname) [2ms]
2024-12-01 21:17:31.801 [info] > git status -z -uall [43ms]
2024-12-01 21:17:32.556 [info] > git config --get commit.template [9ms]
2024-12-01 21:17:32.558 [info] > git for-each-ref --format=%(refname)%00%(upstream:short)%00%(objectname)%00%(upstream:track)%00%(upstream:remotename)%00%(upstream:remoteref) refs/heads/main refs/remotes/main [3ms]
2024-12-01 21:17:32.558 [warning] [Git][getBranch] No such branch: main
2024-12-01 21:17:32.577 [info] > git for-each-ref --sort -committerdate --format %(refname) %(objectname) %(*objectname) [3ms]
2024-12-01 21:17:32.607 [info] > git status -z -uall [41ms]
2024-12-01 21:17:36.003 [info] > git ls-files --stage -- /home/ubuntu/app.py [6ms]
2024-12-01 21:17:36.014 [info] > git cat-file -s b962d3d2fa470d3556a1c2880c23d6585cd8a2e7 [3ms]
2024-12-01 21:17:36.049 [info] > git show --textconv :app.py [5ms]
2024-12-01 21:17:36.875 [info] > git config --get commit.template [4ms]
2024-12-01 21:17:36.888 [info] > git for-each-ref --format=%(refname)%00%(upstream:short)%00%(objectname)%00%(upstream:track)%00%(upstream:remotename)%00%(upstream:remoteref) refs/heads/main refs/remotes/main [3ms]
2024-12-01 21:17:36.888 [warning] [Git][getBranch] No such branch: main
2024-12-01 21:17:36.907 [info] > git for-each-ref --sort -committerdate --format %(refname) %(objectname) %(*objectname) [3ms]
2024-12-01 21:17:36.937 [info] > git status -z -uall [41ms]
2024-12-01 21:17:38.423 [info] > git ls-files --stage -- /home/ubuntu/app.py [5ms]
2024-12-01 21:17:38.433 [info] > git cat-file -s b962d3d2fa470d3556a1c2880c23d6585cd8a2e7 [4ms]
2024-12-01 21:17:38.449 [info] > git show --textconv :app.py [5ms]
2024-12-01 21:17:42.018 [info] > git config --get commit.template [9ms]
2024-12-01 21:17:42.019 [info] > git for-each-ref --format=%(refname)%00%(upstream:short)%00%(objectname)%00%(upstream:track)%00%(upstream:remotename)%00%(upstream:remoteref) refs/heads/main refs/remotes/main [3ms]
2024-12-01 21:17:42.020 [warning] [Git][getBranch] No such branch: main
2024-12-01 21:17:42.042 [info] > git for-each-ref --sort -committerdate --format %(refname) %(objectname) %(*objectname) [5ms]
2024-12-01 21:17:42.068 [info] > git status -z -uall [42ms]
2024-12-01 21:17:44.305 [info] > git config --get commit.template [8ms]
2024-12-01 21:17:44.307 [info] > git for-each-ref --format=%(refname)%00%(upstream:short)%00%(objectname)%00%(upstream:track)%00%(upstream:remotename)%00%(upstream:remoteref) refs/heads/main refs/remotes/main [3ms]
2024-12-01 21:17:44.308 [warning] [Git][getBranch] No such branch: main
2024-12-01 21:17:44.324 [info] > git for-each-ref --sort -committerdate --format %(refname) %(objectname) %(*objectname) [3ms]
2024-12-01 21:17:44.355 [info] > git status -z -uall [41ms]
2024-12-01 21:17:45.539 [info] > git ls-files --stage -- /home/ubuntu/app.py [5ms]
2024-12-01 21:17:45.550 [info] > git cat-file -s b962d3d2fa470d3556a1c2880c23d6585cd8a2e7 [4ms]
2024-12-01 21:17:45.568 [info] > git show --textconv :app.py [6ms]
2024-12-01 21:17:47.238 [info] > git config --get commit.template [9ms]
2024-12-01 21:17:47.240 [info] > git for-each-ref --format=%(refname)%00%(upstream:short)%00%(objectname)%00%(upstream:track)%00%(upstream:remotename)%00%(upstream:remoteref) refs/heads/main refs/remotes/main [3ms]
2024-12-01 21:17:47.240 [warning] [Git][getBranch] No such branch: main
2024-12-01 21:17:47.259 [info] > git for-each-ref --sort -committerdate --format %(refname) %(objectname) %(*objectname) [5ms]
2024-12-01 21:17:47.298 [info] > git status -z -uall [52ms]
2024-12-01 21:17:52.375 [info] > git config --get commit.template [10ms]
2024-12-01 21:17:52.377 [info] > git for-each-ref --format=%(refname)%00%(upstream:short)%00%(objectname)%00%(upstream:track)%00%(upstream:remotename)%00%(upstream:remoteref) refs/heads/main refs/remotes/main [4ms]
2024-12-01 21:17:52.378 [warning] [Git][getBranch] No such branch: main
2024-12-01 21:17:52.401 [info] > git for-each-ref --sort -committerdate --format %(refname) %(objectname) %(*objectname) [5ms]
2024-12-01 21:17:52.432 [info] > git status -z -uall [47ms]
2024-12-01 21:19:40.246 [info] > git config --get commit.template [8ms]
2024-12-01 21:19:40.247 [info] > git for-each-ref --format=%(refname)%00%(upstream:short)%00%(objectname)%00%(upstream:track)%00%(upstream:remotename)%00%(upstream:remoteref) refs/heads/main refs/remotes/main [3ms]
2024-12-01 21:19:40.247 [warning] [Git][getBranch] No such branch: main
2024-12-01 21:19:40.268 [info] > git for-each-ref --sort -committerdate --format %(refname) %(objectname) %(*objectname) [7ms]
2024-12-01 21:19:40.309 [info] > git status -z -uall [56ms]
2024-12-01 21:19:45.417 [info] > git config --get commit.template [9ms]
2024-12-01 21:19:45.418 [info] > git for-each-ref --format=%(refname)%00%(upstream:short)%00%(objectname)%00%(upstream:track)%00%(upstream:remotename)%00%(upstream:remoteref) refs/heads/main refs/remotes/main [3ms]
2024-12-01 21:19:45.420 [warning] [Git][getBranch] No such branch: main
2024-12-01 21:19:45.435 [info] > git for-each-ref --sort -committerdate --format %(refname) %(objectname) %(*objectname) [2ms]
2024-12-01 21:19:45.470 [info] > git status -z -uall [44ms]
2024-12-01 21:19:50.553 [info] > git config --get commit.template [9ms]
2024-12-01 21:19:50.554 [info] > git for-each-ref --format=%(refname)%00%(upstream:short)%00%(objectname)%00%(upstream:track)%00%(upstream:remotename)%00%(upstream:remoteref) refs/heads/main refs/remotes/main [3ms]
2024-12-01 21:19:50.554 [warning] [Git][getBranch] No such branch: main
2024-12-01 21:19:50.570 [info] > git for-each-ref --sort -committerdate --format %(refname) %(objectname) %(*objectname) [3ms]
2024-12-01 21:19:50.603 [info] > git status -z -uall [43ms]
2024-12-01 21:19:56.065 [info] > git check-ignore -v -z --stdin [6ms]
2024-12-01 21:20:00.253 [info] > git config --get commit.template [9ms]
2024-12-01 21:20:00.254 [info] > git for-each-ref --format=%(refname)%00%(upstream:short)%00%(objectname)%00%(upstream:track)%00%(upstream:remotename)%00%(upstream:remoteref) refs/heads/main refs/remotes/main [3ms]
2024-12-01 21:20:00.254 [warning] [Git][getBranch] No such branch: main
2024-12-01 21:20:00.272 [info] > git for-each-ref --sort -committerdate --format %(refname) %(objectname) %(*objectname) [1ms]
2024-12-01 21:20:00.309 [info] > git status -z -uall [49ms]
2024-12-01 21:20:05.400 [info] > git config --get commit.template [10ms]
2024-12-01 21:20:05.401 [info] > git for-each-ref --format=%(refname)%00%(upstream:short)%00%(objectname)%00%(upstream:track)%00%(upstream:remotename)%00%(upstream:remoteref) refs/heads/main refs/remotes/main [3ms]
2024-12-01 21:20:05.401 [warning] [Git][getBranch] No such branch: main
2024-12-01 21:20:05.420 [info] > git for-each-ref --sort -committerdate --format %(refname) %(objectname) %(*objectname) [2ms]
2024-12-01 21:20:05.451 [info] > git status -z -uall [42ms]
2024-12-01 21:20:10.542 [info] > git config --get commit.template [9ms]
2024-12-01 21:20:10.544 [info] > git for-each-ref --format=%(refname)%00%(upstream:short)%00%(objectname)%00%(upstream:track)%00%(upstream:remotename)%00%(upstream:remoteref) refs/heads/main refs/remotes/main [4ms]
2024-12-01 21:20:10.544 [warning] [Git][getBranch] No such branch: main
2024-12-01 21:20:10.563 [info] > git for-each-ref --sort -committerdate --format %(refname) %(objectname) %(*objectname) [3ms]
2024-12-01 21:20:10.595 [info] > git status -z -uall [44ms]
2024-12-01 21:20:16.259 [info] > git config --get commit.template [10ms]
2024-12-01 21:20:16.261 [info] > git for-each-ref --format=%(refname)%00%(upstream:short)%00%(objectname)%00%(upstream:track)%00%(upstream:remotename)%00%(upstream:remoteref) refs/heads/main refs/remotes/main [4ms]
2024-12-01 21:20:16.261 [warning] [Git][getBranch] No such branch: main
2024-12-01 21:20:16.279 [info] > git for-each-ref --sort -committerdate --format %(refname) %(objectname) %(*objectname) [1ms]
2024-12-01 21:20:16.311 [info] > git status -z -uall [42ms]
2024-12-01 21:20:19.275 [info] > git check-ignore -v -z --stdin [5ms]
2024-12-01 21:20:21.375 [info] > git config --get commit.template [8ms]
2024-12-01 21:20:21.376 [info] > git for-each-ref --format=%(refname)%00%(upstream:short)%00%(objectname)%00%(upstream:track)%00%(upstream:remotename)%00%(upstream:remoteref) refs/heads/main refs/remotes/main [2ms]
2024-12-01 21:20:21.377 [warning] [Git][getBranch] No such branch: main
2024-12-01 21:20:21.393 [info] > git for-each-ref --sort -committerdate --format %(refname) %(objectname) %(*objectname) [4ms]
2024-12-01 21:20:21.421 [info] > git status -z -uall [39ms]
2024-12-01 21:20:24.436 [info] > git config --get commit.template [7ms]
2024-12-01 21:20:24.437 [info] > git for-each-ref --format=%(refname)%00%(upstream:short)%00%(objectname)%00%(upstream:track)%00%(upstream:remotename)%00%(upstream:remoteref) refs/heads/main refs/remotes/main [3ms]
2024-12-01 21:20:24.437 [warning] [Git][getBranch] No such branch: main
2024-12-01 21:20:24.452 [info] > git for-each-ref --sort -committerdate --format %(refname) %(objectname) %(*objectname) [2ms]
2024-12-01 21:20:24.482 [info] > git status -z -uall [38ms]
2024-12-01 21:20:26.863 [info] > git config --get commit.template [10ms]
2024-12-01 21:20:26.871 [info] > git ls-files --stage -- /home/ubuntu/app.py [9ms]
2024-12-01 21:20:26.878 [info] > git for-each-ref --format=%(refname)%00%(upstream:short)%00%(objectname)%00%(upstream:track)%00%(upstream:remotename)%00%(upstream:remoteref) refs/heads/main refs/remotes/main [9ms]
2024-12-01 21:20:26.878 [warning] [Git][getBranch] No such branch: main
2024-12-01 21:20:26.894 [info] > git for-each-ref --sort -committerdate --format %(refname) %(objectname) %(*objectname) [1ms]
2024-12-01 21:20:26.896 [info] > git cat-file -s b962d3d2fa470d3556a1c2880c23d6585cd8a2e7 [18ms]
2024-12-01 21:20:26.912 [info] > git show --textconv :app.py [6ms]
2024-12-01 21:20:26.935 [info] > git status -z -uall [51ms]
2024-12-01 21:20:27.775 [info] > git config --get commit.template [0ms]
2024-12-01 21:20:27.780 [info] > git for-each-ref --format=%(refname)%00%(upstream:short)%00%(objectname)%00%(upstream:track)%00%(upstream:remotename)%00%(upstream:remoteref) refs/heads/main refs/remotes/main [0ms]
2024-12-01 21:20:27.789 [info] > git for-each-ref --sort -committerdate --format %(refname) %(objectname) %(*objectname) [2ms]
2024-12-01 21:20:27.806 [info] > git status -z -uall [24ms]
2024-12-01 21:20:28.717 [info] > git ls-files --stage -- /home/ubuntu/app.py [8ms]
2024-12-01 21:20:28.727 [info] > git cat-file -s b962d3d2fa470d3556a1c2880c23d6585cd8a2e7 [3ms]
2024-12-01 21:20:28.744 [info] > git show --textconv :app.py [6ms]
2024-12-01 21:20:34.714 [info] > git config --get commit.template [11ms]
2024-12-01 21:20:34.716 [info] > git for-each-ref --format=%(refname)%00%(upstream:short)%00%(objectname)%00%(upstream:track)%00%(upstream:remotename)%00%(upstream:remoteref) refs/heads/main refs/remotes/main [4ms]
2024-12-01 21:20:34.736 [info] > git for-each-ref --sort -committerdate --format %(refname) %(objectname) %(*objectname) [3ms]
2024-12-01 21:20:34.760 [info] > git status -z -uall [37ms]
2024-12-01 21:20:52.626 [info] > git config --get commit.template [9ms]
2024-12-01 21:20:52.629 [info] > git for-each-ref --format=%(refname)%00%(upstream:short)%00%(objectname)%00%(upstream:track)%00%(upstream:remotename)%00%(upstream:remoteref) refs/heads/main refs/remotes/main [4ms]
2024-12-01 21:20:52.651 [info] > git for-each-ref --sort -committerdate --format %(refname) %(objectname) %(*objectname) [4ms]
2024-12-01 21:20:52.679 [info] > git status -z -uall [43ms]
2024-12-01 21:20:57.702 [info] > git config --get commit.template [7ms]
2024-12-01 21:20:57.703 [info] > git for-each-ref --format=%(refname)%00%(upstream:short)%00%(objectname)%00%(upstream:track)%00%(upstream:remotename)%00%(upstream:remoteref) refs/heads/main refs/remotes/main [3ms]
2024-12-01 21:20:57.729 [info] > git for-each-ref --sort -committerdate --format %(refname) %(objectname) %(*objectname) [12ms]
2024-12-01 21:20:57.750 [info] > git status -z -uall [40ms]
2024-12-01 21:21:09.410 [info] > git config --get commit.template [8ms]
2024-12-01 21:21:09.412 [info] > git for-each-ref --format=%(refname)%00%(upstream:short)%00%(objectname)%00%(upstream:track)%00%(upstream:remotename)%00%(upstream:remoteref) refs/heads/main refs/remotes/main [4ms]
2024-12-01 21:21:09.431 [info] > git for-each-ref --sort -committerdate --format %(refname) %(objectname) %(*objectname) [2ms]
2024-12-01 21:21:09.463 [info] > git status -z -uall [43ms]
2024-12-01 21:21:09.490 [info] > git merge-base refs/heads/main refs/remotes/origin/main [4ms]
2024-12-01 21:21:09.502 [info] > git diff --name-status -z --diff-filter=ADMR 54758fee100f791ffd1be0a9a69c5ea554b35c7c...refs/remotes/origin/main [4ms]
2024-12-01 21:21:14.921 [info] > git config --get commit.template [11ms]
2024-12-01 21:21:14.929 [info] > git ls-files --stage -- /home/ubuntu/app.py [9ms]
2024-12-01 21:21:14.936 [info] > git for-each-ref --format=%(refname)%00%(upstream:short)%00%(objectname)%00%(upstream:track)%00%(upstream:remotename)%00%(upstream:remoteref) refs/heads/main refs/remotes/main [8ms]
2024-12-01 21:21:14.953 [info] > git cat-file -s b962d3d2fa470d3556a1c2880c23d6585cd8a2e7 [17ms]
2024-12-01 21:21:14.970 [info] > git for-each-ref --sort -committerdate --format %(refname) %(objectname) %(*objectname) [19ms]
2024-12-01 21:21:14.976 [info] > git show --textconv :app.py [7ms]
2024-12-01 21:21:14.983 [info] > git status -z -uall [40ms]
2024-12-01 21:30:28.095 [info] > git config --get commit.template [8ms]
2024-12-01 21:30:28.098 [info] > git for-each-ref --format=%(refname)%00%(upstream:short)%00%(objectname)%00%(upstream:track)%00%(upstream:remotename)%00%(upstream:remoteref) refs/heads/main refs/remotes/main [4ms]
2024-12-01 21:30:28.121 [info] > git for-each-ref --sort -committerdate --format %(refname) %(objectname) %(*objectname) [6ms]
2024-12-01 21:30:28.148 [info] > git status -z -uall [43ms]
2024-12-01 21:30:33.168 [info] > git config --get commit.template [7ms]
2024-12-01 21:30:33.171 [info] > git for-each-ref --format=%(refname)%00%(upstream:short)%00%(objectname)%00%(upstream:track)%00%(upstream:remotename)%00%(upstream:remoteref) refs/heads/main refs/remotes/main [3ms]
2024-12-01 21:30:33.187 [info] > git for-each-ref --sort -committerdate --format %(refname) %(objectname) %(*objectname) [2ms]
2024-12-01 21:30:33.216 [info] > git status -z -uall [39ms]
2024-12-01 21:30:38.242 [info] > git config --get commit.template [10ms]
2024-12-01 21:30:38.244 [info] > git for-each-ref --format=%(refname)%00%(upstream:short)%00%(objectname)%00%(upstream:track)%00%(upstream:remotename)%00%(upstream:remoteref) refs/heads/main refs/remotes/main [4ms]
2024-12-01 21:30:38.266 [info] > git for-each-ref --sort -committerdate --format %(refname) %(objectname) %(*objectname) [3ms]
2024-12-01 21:30:38.291 [info] > git status -z -uall [38ms]
2024-12-01 21:30:43.313 [info] > git config --get commit.template [8ms]
2024-12-01 21:30:43.315 [info] > git for-each-ref --format=%(refname)%00%(upstream:short)%00%(objectname)%00%(upstream:track)%00%(upstream:remotename)%00%(upstream:remoteref) refs/heads/main refs/remotes/main [4ms]
2024-12-01 21:30:43.333 [info] > git for-each-ref --sort -committerdate --format %(refname) %(objectname) %(*objectname) [4ms]
2024-12-01 21:30:43.360 [info] > git status -z -uall [38ms]
2024-12-01 21:30:45.042 [info] > git check-ignore -v -z --stdin [7ms]
2024-12-01 21:30:48.376 [info] > git config --get commit.template [3ms]
2024-12-01 21:30:48.385 [info] > git for-each-ref --format=%(refname)%00%(upstream:short)%00%(objectname)%00%(upstream:track)%00%(upstream:remotename)%00%(upstream:remoteref) refs/heads/main refs/remotes/main [4ms]
2024-12-01 21:30:48.405 [info] > git for-each-ref --sort -committerdate --format %(refname) %(objectname) %(*objectname) [5ms]
2024-12-01 21:30:48.435 [info] > git status -z -uall [43ms]
2024-12-01 21:30:53.455 [info] > git config --get commit.template [7ms]
2024-12-01 21:30:53.458 [info] > git for-each-ref --format=%(refname)%00%(upstream:short)%00%(objectname)%00%(upstream:track)%00%(upstream:remotename)%00%(upstream:remoteref) refs/heads/main refs/remotes/main [4ms]
2024-12-01 21:30:53.475 [info] > git for-each-ref --sort -committerdate --format %(refname) %(objectname) %(*objectname) [2ms]
2024-12-01 21:30:53.503 [info] > git status -z -uall [38ms]
2024-12-01 21:30:57.696 [info] > git show --textconv :README.md [6ms]
2024-12-01 21:30:57.700 [info] > git ls-files --stage -- /home/ubuntu/README.md [5ms]
2024-12-01 21:30:58.526 [info] > git config --get commit.template [9ms]
2024-12-01 21:30:58.528 [info] > git for-each-ref --format=%(refname)%00%(upstream:short)%00%(objectname)%00%(upstream:track)%00%(upstream:remotename)%00%(upstream:remoteref) refs/heads/main refs/remotes/main [3ms]
2024-12-01 21:30:58.550 [info] > git for-each-ref --sort -committerdate --format %(refname) %(objectname) %(*objectname) [2ms]
2024-12-01 21:30:58.576 [info] > git status -z -uall [39ms]
2024-12-01 21:31:05.085 [info] > git for-each-ref --format=%(refname)%00%(upstream:short)%00%(objectname)%00%(upstream:track)%00%(upstream:remotename)%00%(upstream:remoteref) refs/heads/main refs/remotes/main [7ms]
2024-12-01 21:31:05.086 [info] > git config --get commit.template [16ms]
2024-12-01 21:31:05.106 [info] > git for-each-ref --sort -committerdate --format %(refname) %(objectname) %(*objectname) [2ms]
2024-12-01 21:31:05.136 [info] > git status -z -uall [42ms]
2024-12-01 21:31:13.080 [info] > git config --get commit.template [4ms]
2024-12-01 21:31:13.092 [info] > git for-each-ref --format=%(refname)%00%(upstream:short)%00%(objectname)%00%(upstream:track)%00%(upstream:remotename)%00%(upstream:remoteref) refs/heads/main refs/remotes/main [5ms]
2024-12-01 21:31:13.117 [info] > git for-each-ref --sort -committerdate --format %(refname) %(objectname) %(*objectname) [4ms]
2024-12-01 21:31:13.140 [info] > git status -z -uall [39ms]
2024-12-01 21:31:32.463 [info] > git config --get commit.template [14ms]
2024-12-01 21:31:32.465 [info] > git for-each-ref --format=%(refname)%00%(upstream:short)%00%(objectname)%00%(upstream:track)%00%(upstream:remotename)%00%(upstream:remoteref) refs/heads/main refs/remotes/main [4ms]
2024-12-01 21:31:32.484 [info] > git for-each-ref --sort -committerdate --format %(refname) %(objectname) %(*objectname) [3ms]
2024-12-01 21:31:32.512 [info] > git status -z -uall [39ms]
2024-12-01 21:31:35.498 [info] > git config --get commit.template [10ms]
2024-12-01 21:31:35.500 [info] > git for-each-ref --format=%(refname)%00%(upstream:short)%00%(objectname)%00%(upstream:track)%00%(upstream:remotename)%00%(upstream:remoteref) refs/heads/main refs/remotes/main [3ms]
2024-12-01 21:31:35.517 [info] > git for-each-ref --sort -committerdate --format %(refname) %(objectname) %(*objectname) [2ms]
2024-12-01 21:31:35.546 [info] > git status -z -uall [39ms]
2024-12-01 21:31:36.723 [info] > git ls-files --stage -- /home/ubuntu/README.md [6ms]
2024-12-01 21:31:36.733 [info] > git cat-file -s 36eaaeb44d8482faa9b25535d6c6c3008cfb53f3 [4ms]
2024-12-01 21:31:36.750 [info] > git show --textconv :README.md [5ms]
2024-12-01 21:31:38.109 [info] > git config --get commit.template [8ms]
2024-12-01 21:31:38.112 [info] > git for-each-ref --format=%(refname)%00%(upstream:short)%00%(objectname)%00%(upstream:track)%00%(upstream:remotename)%00%(upstream:remoteref) refs/heads/main refs/remotes/main [5ms]
2024-12-01 21:31:38.133 [info] > git for-each-ref --sort -committerdate --format %(refname) %(objectname) %(*objectname) [4ms]
2024-12-01 21:31:38.157 [info] > git status -z -uall [37ms]
2024-12-01 21:31:38.732 [info] > git config --get commit.template [4ms]
2024-12-01 21:31:38.743 [info] > git for-each-ref --format=%(refname)%00%(upstream:short)%00%(objectname)%00%(upstream:track)%00%(upstream:remotename)%00%(upstream:remoteref) refs/heads/main refs/remotes/main [5ms]
2024-12-01 21:31:38.764 [info] > git for-each-ref --sort -committerdate --format %(refname) %(objectname) %(*objectname) [3ms]
2024-12-01 21:31:38.786 [info] > git status -z -uall [34ms]
2024-12-01 21:31:38.806 [info] > git merge-base refs/heads/main refs/remotes/origin/main [7ms]
2024-12-01 21:31:38.817 [info] > git diff --name-status -z --diff-filter=ADMR 54758fee100f791ffd1be0a9a69c5ea554b35c7c...refs/remotes/origin/main [3ms]
2024-12-01 21:31:39.924 [info] > git ls-files --stage -- /home/ubuntu/README.md [5ms]
2024-12-01 21:31:39.935 [info] > git cat-file -s 36eaaeb44d8482faa9b25535d6c6c3008cfb53f3 [4ms]
2024-12-01 21:31:39.953 [info] > git show --textconv :README.md [5ms]
2024-12-01 21:31:43.181 [info] > git config --get commit.template [10ms]
2024-12-01 21:31:43.185 [info] > git for-each-ref --format=%(refname)%00%(upstream:short)%00%(objectname)%00%(upstream:track)%00%(upstream:remotename)%00%(upstream:remoteref) refs/heads/main refs/remotes/main [6ms]
2024-12-01 21:31:43.205 [info] > git for-each-ref --sort -committerdate --format %(refname) %(objectname) %(*objectname) [1ms]
2024-12-01 21:31:43.231 [info] > git status -z -uall [39ms]
2024-12-01 21:31:44.243 [info] > git config --get commit.template [8ms]
2024-12-01 21:31:44.246 [info] > git for-each-ref --format=%(refname)%00%(upstream:short)%00%(objectname)%00%(upstream:track)%00%(upstream:remotename)%00%(upstream:remoteref) refs/heads/main refs/remotes/main [4ms]
2024-12-01 21:31:44.263 [info] > git for-each-ref --sort -committerdate --format %(refname) %(objectname) %(*objectname) [3ms]
2024-12-01 21:31:44.291 [info] > git status -z -uall [38ms]
2024-12-01 21:31:44.311 [info] > git merge-base refs/heads/main refs/remotes/origin/main [4ms]
2024-12-01 21:31:44.322 [info] > git diff --name-status -z --diff-filter=ADMR 46e7b5737007e12c6ab7612118e9bc1ace9d020f...refs/remotes/origin/main [4ms]
2024-12-01 21:31:45.592 [info] > git ls-files --stage -- /home/ubuntu/README.md [6ms]
2024-12-01 21:31:45.600 [info] > git cat-file -s 36eaaeb44d8482faa9b25535d6c6c3008cfb53f3 [3ms]
2024-12-01 21:31:45.616 [info] > git show --textconv :README.md [6ms]
2024-12-01 21:31:48.258 [info] > git config --get commit.template [11ms]
2024-12-01 21:31:48.260 [info] > git for-each-ref --format=%(refname)%00%(upstream:short)%00%(objectname)%00%(upstream:track)%00%(upstream:remotename)%00%(upstream:remoteref) refs/heads/main refs/remotes/main [5ms]
2024-12-01 21:31:48.280 [info] > git for-each-ref --sort -committerdate --format %(refname) %(objectname) %(*objectname) [3ms]
2024-12-01 21:31:48.307 [info] > git status -z -uall [38ms]
2024-12-01 21:33:34.859 [info] > git config --get commit.template [8ms]
2024-12-01 21:33:34.862 [info] > git for-each-ref --format=%(refname)%00%(upstream:short)%00%(objectname)%00%(upstream:track)%00%(upstream:remotename)%00%(upstream:remoteref) refs/heads/main refs/remotes/main [4ms]
2024-12-01 21:33:34.885 [info] > git for-each-ref --sort -committerdate --format %(refname) %(objectname) %(*objectname) [3ms]
2024-12-01 21:33:34.921 [info] > git status -z -uall [50ms]
2024-12-01 21:33:35.215 [info] > git show --textconv :.bash_history [9ms]
2024-12-01 21:33:35.219 [info] > git ls-files --stage -- /home/ubuntu/.bash_history [5ms]
2024-12-01 21:33:35.230 [info] > git cat-file -s 5ab3faf2f2c82a05e8f182a4d1474b9d23562e8e [4ms]
2024-12-01 21:33:35.798 [info] > git show --textconv :.bash_logout [9ms]
2024-12-01 21:33:35.802 [info] > git ls-files --stage -- /home/ubuntu/.bash_logout [6ms]
2024-12-01 21:33:35.812 [info] > git cat-file -s de4f5f75d7ccd3a5b62bd2ce683ed678a5cb72c2 [3ms]
2024-12-01 21:33:38.444 [info] > git show --textconv :.bash_history [9ms]
2024-12-01 21:33:38.448 [info] > git ls-files --stage -- /home/ubuntu/.bash_history [5ms]
2024-12-01 21:33:38.458 [info] > git cat-file -s 5ab3faf2f2c82a05e8f182a4d1474b9d23562e8e [3ms]
2024-12-01 21:33:39.947 [info] > git config --get commit.template [9ms]
2024-12-01 21:33:39.949 [info] > git for-each-ref --format=%(refname)%00%(upstream:short)%00%(objectname)%00%(upstream:track)%00%(upstream:remotename)%00%(upstream:remoteref) refs/heads/main refs/remotes/main [4ms]
2024-12-01 21:33:39.973 [info] > git for-each-ref --sort -committerdate --format %(refname) %(objectname) %(*objectname) [8ms]
2024-12-01 21:33:39.998 [info] > git status -z -uall [41ms]
2024-12-01 21:36:41.927 [info] > git config --get commit.template [2ms]
2024-12-01 21:36:41.937 [info] > git for-each-ref --format=%(refname)%00%(upstream:short)%00%(objectname)%00%(upstream:track)%00%(upstream:remotename)%00%(upstream:remoteref) refs/heads/main refs/remotes/main [1ms]
2024-12-01 21:36:41.955 [info] > git for-each-ref --sort -committerdate --format %(refname) %(objectname) %(*objectname) [3ms]
2024-12-01 21:36:41.966 [info] > git status -z -uall [23ms]
2024-12-01 21:36:42.593 [info] > git check-ignore -v -z --stdin [7ms]
2024-12-01 21:36:45.521 [info] > git check-ignore -v -z --stdin [6ms]
2024-12-01 21:36:46.988 [info] > git config --get commit.template [4ms]
2024-12-01 21:36:46.998 [info] > git for-each-ref --format=%(refname)%00%(upstream:short)%00%(objectname)%00%(upstream:track)%00%(upstream:remotename)%00%(upstream:remoteref) refs/heads/main refs/remotes/main [4ms]
2024-12-01 21:36:47.021 [info] > git for-each-ref --sort -committerdate --format %(refname) %(objectname) %(*objectname) [4ms]
2024-12-01 21:36:47.046 [info] > git status -z -uall [40ms]
2024-12-01 21:36:52.069 [info] > git config --get commit.template [9ms]
2024-12-01 21:36:52.072 [info] > git for-each-ref --format=%(refname)%00%(upstream:short)%00%(objectname)%00%(upstream:track)%00%(upstream:remotename)%00%(upstream:remoteref) refs/heads/main refs/remotes/main [3ms]
2024-12-01 21:36:52.091 [info] > git for-each-ref --sort -committerdate --format %(refname) %(objectname) %(*objectname) [3ms]
2024-12-01 21:36:52.118 [info] > git status -z -uall [39ms]
2024-12-01 21:36:52.358 [info] > git check-ignore -v -z --stdin [5ms]
2024-12-01 21:36:57.143 [info] > git config --get commit.template [9ms]
2024-12-01 21:36:57.145 [info] > git for-each-ref --format=%(refname)%00%(upstream:short)%00%(objectname)%00%(upstream:track)%00%(upstream:remotename)%00%(upstream:remoteref) refs/heads/main refs/remotes/main [4ms]
2024-12-01 21:36:57.165 [info] > git for-each-ref --sort -committerdate --format %(refname) %(objectname) %(*objectname) [2ms]
2024-12-01 21:36:57.195 [info] > git status -z -uall [42ms]
2024-12-01 21:38:11.637 [info] > git config --get commit.template [9ms]
2024-12-01 21:38:11.640 [info] > git for-each-ref --format=%(refname)%00%(upstream:short)%00%(objectname)%00%(upstream:track)%00%(upstream:remotename)%00%(upstream:remoteref) refs/heads/main refs/remotes/main [4ms]
2024-12-01 21:38:11.663 [info] > git for-each-ref --sort -committerdate --format %(refname) %(objectname) %(*objectname) [5ms]
2024-12-01 21:38:11.689 [info] > git status -z -uall [41ms]
2024-12-01 21:38:16.716 [info] > git config --get commit.template [11ms]
2024-12-01 21:38:16.719 [info] > git for-each-ref --format=%(refname)%00%(upstream:short)%00%(objectname)%00%(upstream:track)%00%(upstream:remotename)%00%(upstream:remoteref) refs/heads/main refs/remotes/main [4ms]
2024-12-01 21:38:16.742 [info] > git for-each-ref --sort -committerdate --format %(refname) %(objectname) %(*objectname) [5ms]
2024-12-01 21:38:16.764 [info] > git status -z -uall [36ms]
2024-12-01 21:43:56.426 [info] > git config --get commit.template [10ms]
2024-12-01 21:43:56.428 [info] > git for-each-ref --format=%(refname)%00%(upstream:short)%00%(objectname)%00%(upstream:track)%00%(upstream:remotename)%00%(upstream:remoteref) refs/heads/main refs/remotes/main [4ms]
2024-12-01 21:43:56.447 [info] > git for-each-ref --sort -committerdate --format %(refname) %(objectname) %(*objectname) [2ms]
2024-12-01 21:43:56.474 [info] > git status -z -uall [38ms]
2024-12-01 21:44:07.181 [info] > git config --get commit.template [8ms]
2024-12-01 21:44:07.183 [info] > git for-each-ref --format=%(refname)%00%(upstream:short)%00%(objectname)%00%(upstream:track)%00%(upstream:remotename)%00%(upstream:remoteref) refs/heads/main refs/remotes/main [4ms]
2024-12-01 21:44:07.197 [info] > git for-each-ref --sort -committerdate --format %(refname) %(objectname) %(*objectname) [1ms]
2024-12-01 21:44:07.228 [info] > git status -z -uall [38ms]
2024-12-01 21:44:12.251 [info] > git config --get commit.template [9ms]
2024-12-01 21:44:12.253 [info] > git for-each-ref --format=%(refname)%00%(upstream:short)%00%(objectname)%00%(upstream:track)%00%(upstream:remotename)%00%(upstream:remoteref) refs/heads/main refs/remotes/main [4ms]
2024-12-01 21:44:12.275 [info] > git for-each-ref --sort -committerdate --format %(refname) %(objectname) %(*objectname) [3ms]
2024-12-01 21:44:12.297 [info] > git status -z -uall [36ms]
2024-12-01 21:44:18.554 [info] > git config --get commit.template [10ms]
2024-12-01 21:44:18.556 [info] > git for-each-ref --format=%(refname)%00%(upstream:short)%00%(objectname)%00%(upstream:track)%00%(upstream:remotename)%00%(upstream:remoteref) refs/heads/main refs/remotes/main [4ms]
2024-12-01 21:44:18.579 [info] > git for-each-ref --sort -committerdate --format %(refname) %(objectname) %(*objectname) [5ms]
2024-12-01 21:44:18.604 [info] > git status -z -uall [39ms]
2024-12-01 21:44:23.627 [info] > git config --get commit.template [9ms]
2024-12-01 21:44:23.631 [info] > git for-each-ref --format=%(refname)%00%(upstream:short)%00%(objectname)%00%(upstream:track)%00%(upstream:remotename)%00%(upstream:remoteref) refs/heads/main refs/remotes/main [5ms]
2024-12-01 21:44:23.652 [info] > git for-each-ref --sort -committerdate --format %(refname) %(objectname) %(*objectname) [5ms]
2024-12-01 21:44:23.679 [info] > git status -z -uall [41ms]
2024-12-01 21:44:27.790 [info] > git check-ignore -v -z --stdin [6ms]
2024-12-01 21:44:28.702 [info] > git config --get commit.template [9ms]
2024-12-01 21:44:28.705 [info] > git for-each-ref --format=%(refname)%00%(upstream:short)%00%(objectname)%00%(upstream:track)%00%(upstream:remotename)%00%(upstream:remoteref) refs/heads/main refs/remotes/main [3ms]
2024-12-01 21:44:28.723 [info] > git for-each-ref --sort -committerdate --format %(refname) %(objectname) %(*objectname) [1ms]
2024-12-01 21:44:28.748 [info] > git status -z -uall [36ms]
2024-12-01 21:44:34.994 [info] > git config --get commit.template [8ms]
2024-12-01 21:44:34.997 [info] > git for-each-ref --format=%(refname)%00%(upstream:short)%00%(objectname)%00%(upstream:track)%00%(upstream:remotename)%00%(upstream:remoteref) refs/heads/main refs/remotes/main [4ms]
2024-12-01 21:44:35.017 [info] > git for-each-ref --sort -committerdate --format %(refname) %(objectname) %(*objectname) [4ms]
2024-12-01 21:44:35.044 [info] > git status -z -uall [40ms]
2024-12-01 21:44:40.073 [info] > git config --get commit.template [12ms]
2024-12-01 21:44:40.074 [info] > git for-each-ref --format=%(refname)%00%(upstream:short)%00%(objectname)%00%(upstream:track)%00%(upstream:remotename)%00%(upstream:remoteref) refs/heads/main refs/remotes/main [5ms]
2024-12-01 21:44:40.099 [info] > git for-each-ref --sort -committerdate --format %(refname) %(objectname) %(*objectname) [5ms]
2024-12-01 21:44:40.120 [info] > git status -z -uall [39ms]
2024-12-01 21:44:45.141 [info] > git config --get commit.template [4ms]
2024-12-01 21:44:45.152 [info] > git for-each-ref --format=%(refname)%00%(upstream:short)%00%(objectname)%00%(upstream:track)%00%(upstream:remotename)%00%(upstream:remoteref) refs/heads/main refs/remotes/main [3ms]
2024-12-01 21:44:45.171 [info] > git for-each-ref --sort -committerdate --format %(refname) %(objectname) %(*objectname) [4ms]
2024-12-01 21:44:45.198 [info] > git status -z -uall [39ms]
2024-12-01 21:44:50.655 [info] > git config --get commit.template [4ms]
2024-12-01 21:44:50.659 [info] > git for-each-ref --format=%(refname)%00%(upstream:short)%00%(objectname)%00%(upstream:track)%00%(upstream:remotename)%00%(upstream:remoteref) refs/heads/main refs/remotes/main [4ms]
2024-12-01 21:44:50.670 [info] > git for-each-ref --sort -committerdate --format %(refname) %(objectname) %(*objectname) [3ms]
2024-12-01 21:44:50.678 [info] > git status -z -uall [15ms]
2024-12-01 21:44:55.698 [info] > git config --get commit.template [8ms]
2024-12-01 21:44:55.701 [info] > git for-each-ref --format=%(refname)%00%(upstream:short)%00%(objectname)%00%(upstream:track)%00%(upstream:remotename)%00%(upstream:remoteref) refs/heads/main refs/remotes/main [3ms]
2024-12-01 21:44:55.721 [info] > git for-each-ref --sort -committerdate --format %(refname) %(objectname) %(*objectname) [6ms]
2024-12-01 21:44:55.745 [info] > git status -z -uall [36ms]
2024-12-01 21:44:59.824 [info] > git check-ignore -v -z --stdin [6ms]
2024-12-01 21:45:00.200 [info] > git show --textconv :templates/index.html [6ms]
2024-12-01 21:45:00.205 [info] > git ls-files --stage -- /home/ubuntu/templates/index.html [5ms]
2024-12-01 21:45:00.767 [info] > git config --get commit.template [9ms]
2024-12-01 21:45:00.771 [info] > git for-each-ref --format=%(refname)%00%(upstream:short)%00%(objectname)%00%(upstream:track)%00%(upstream:remotename)%00%(upstream:remoteref) refs/heads/main refs/remotes/main [5ms]
2024-12-01 21:45:00.791 [info] > git for-each-ref --sort -committerdate --format %(refname) %(objectname) %(*objectname) [5ms]
2024-12-01 21:45:00.821 [info] > git status -z -uall [42ms]
2024-12-01 21:45:05.841 [info] > git config --get commit.template [7ms]
2024-12-01 21:45:05.844 [info] > git for-each-ref --format=%(refname)%00%(upstream:short)%00%(objectname)%00%(upstream:track)%00%(upstream:remotename)%00%(upstream:remoteref) refs/heads/main refs/remotes/main [4ms]
2024-12-01 21:45:05.862 [info] > git for-each-ref --sort -committerdate --format %(refname) %(objectname) %(*objectname) [4ms]
2024-12-01 21:45:05.888 [info] > git status -z -uall [37ms]
2024-12-01 21:45:10.915 [info] > git config --get commit.template [10ms]
2024-12-01 21:45:10.916 [info] > git for-each-ref --format=%(refname)%00%(upstream:short)%00%(objectname)%00%(upstream:track)%00%(upstream:remotename)%00%(upstream:remoteref) refs/heads/main refs/remotes/main [3ms]
2024-12-01 21:45:10.935 [info] > git for-each-ref --sort -committerdate --format %(refname) %(objectname) %(*objectname) [3ms]
2024-12-01 21:45:10.965 [info] > git status -z -uall [41ms]
2024-12-01 21:45:12.749 [info] > git show --textconv :app.py [8ms]
2024-12-01 21:45:12.754 [info] > git ls-files --stage -- /home/ubuntu/app.py [6ms]
2024-12-01 21:45:12.764 [info] > git cat-file -s b962d3d2fa470d3556a1c2880c23d6585cd8a2e7 [3ms]
2024-12-01 21:45:16.489 [info] > git config --get commit.template [4ms]
2024-12-01 21:45:16.500 [info] > git for-each-ref --format=%(refname)%00%(upstream:short)%00%(objectname)%00%(upstream:track)%00%(upstream:remotename)%00%(upstream:remoteref) refs/heads/main refs/remotes/main [4ms]
2024-12-01 21:45:16.518 [info] > git for-each-ref --sort -committerdate --format %(refname) %(objectname) %(*objectname) [1ms]
2024-12-01 21:45:16.548 [info] > git status -z -uall [40ms]
2024-12-01 21:45:21.575 [info] > git config --get commit.template [12ms]
2024-12-01 21:45:21.576 [info] > git for-each-ref --format=%(refname)%00%(upstream:short)%00%(objectname)%00%(upstream:track)%00%(upstream:remotename)%00%(upstream:remoteref) refs/heads/main refs/remotes/main [4ms]
2024-12-01 21:45:21.599 [info] > git for-each-ref --sort -committerdate --format %(refname) %(objectname) %(*objectname) [4ms]
2024-12-01 21:45:21.622 [info] > git status -z -uall [37ms]
2024-12-01 21:45:26.645 [info] > git config --get commit.template [8ms]
2024-12-01 21:45:26.648 [info] > git for-each-ref --format=%(refname)%00%(upstream:short)%00%(objectname)%00%(upstream:track)%00%(upstream:remotename)%00%(upstream:remoteref) refs/heads/main refs/remotes/main [4ms]
2024-12-01 21:45:26.666 [info] > git for-each-ref --sort -committerdate --format %(refname) %(objectname) %(*objectname) [3ms]
2024-12-01 21:45:26.695 [info] > git status -z -uall [39ms]
2024-12-01 21:45:31.717 [info] > git config --get commit.template [8ms]
2024-12-01 21:45:31.719 [info] > git for-each-ref --format=%(refname)%00%(upstream:short)%00%(objectname)%00%(upstream:track)%00%(upstream:remotename)%00%(upstream:remoteref) refs/heads/main refs/remotes/main [4ms]
2024-12-01 21:45:31.739 [info] > git for-each-ref --sort -committerdate --format %(refname) %(objectname) %(*objectname) [2ms]
2024-12-01 21:45:31.765 [info] > git status -z -uall [38ms]
2024-12-01 21:45:38.573 [info] > git config --get commit.template [14ms]
2024-12-01 21:45:38.574 [info] > git for-each-ref --format=%(refname)%00%(upstream:short)%00%(objectname)%00%(upstream:track)%00%(upstream:remotename)%00%(upstream:remoteref) refs/heads/main refs/remotes/main [6ms]
2024-12-01 21:45:38.599 [info] > git for-each-ref --sort -committerdate --format %(refname) %(objectname) %(*objectname) [4ms]
2024-12-01 21:45:38.620 [info] > git status -z -uall [37ms]
2024-12-01 21:45:43.643 [info] > git config --get commit.template [10ms]
2024-12-01 21:45:43.646 [info] > git for-each-ref --format=%(refname)%00%(upstream:short)%00%(objectname)%00%(upstream:track)%00%(upstream:remotename)%00%(upstream:remoteref) refs/heads/main refs/remotes/main [5ms]
2024-12-01 21:45:43.668 [info] > git for-each-ref --sort -committerdate --format %(refname) %(objectname) %(*objectname) [1ms]
2024-12-01 21:45:43.697 [info] > git status -z -uall [42ms]
2024-12-01 21:45:51.917 [info] > git config --get commit.template [11ms]
2024-12-01 21:45:51.918 [info] > git for-each-ref --format=%(refname)%00%(upstream:short)%00%(objectname)%00%(upstream:track)%00%(upstream:remotename)%00%(upstream:remoteref) refs/heads/main refs/remotes/main [5ms]
2024-12-01 21:45:51.940 [info] > git for-each-ref --sort -committerdate --format %(refname) %(objectname) %(*objectname) [3ms]
2024-12-01 21:45:51.962 [info] > git status -z -uall [35ms]
2024-12-01 21:45:52.306 [info] > git show --textconv :templates/index.html [7ms]
2024-12-01 21:45:52.310 [info] > git ls-files --stage -- /home/ubuntu/templates/index.html [5ms]
2024-12-01 21:46:00.837 [info] > git config --get commit.template [8ms]
2024-12-01 21:46:00.840 [info] > git for-each-ref --format=%(refname)%00%(upstream:short)%00%(objectname)%00%(upstream:track)%00%(upstream:remotename)%00%(upstream:remoteref) refs/heads/main refs/remotes/main [4ms]
2024-12-01 21:46:00.861 [info] > git for-each-ref --sort -committerdate --format %(refname) %(objectname) %(*objectname) [5ms]
2024-12-01 21:46:00.896 [info] > git status -z -uall [47ms]
2024-12-01 21:46:01.158 [info] > git show --textconv :app.py [8ms]
2024-12-01 21:46:01.162 [info] > git ls-files --stage -- /home/ubuntu/app.py [6ms]
2024-12-01 21:46:01.172 [info] > git cat-file -s b962d3d2fa470d3556a1c2880c23d6585cd8a2e7 [3ms]
2024-12-01 21:46:05.928 [info] > git config --get commit.template [13ms]
2024-12-01 21:46:05.931 [info] > git for-each-ref --format=%(refname)%00%(upstream:short)%00%(objectname)%00%(upstream:track)%00%(upstream:remotename)%00%(upstream:remoteref) refs/heads/main refs/remotes/main [5ms]
2024-12-01 21:46:05.954 [info] > git for-each-ref --sort -committerdate --format %(refname) %(objectname) %(*objectname) [4ms]
2024-12-01 21:46:05.978 [info] > git status -z -uall [38ms]
2024-12-01 21:46:11.005 [info] > git config --get commit.template [12ms]
2024-12-01 21:46:11.008 [info] > git for-each-ref --format=%(refname)%00%(upstream:short)%00%(objectname)%00%(upstream:track)%00%(upstream:remotename)%00%(upstream:remoteref) refs/heads/main refs/remotes/main [5ms]
2024-12-01 21:46:11.031 [info] > git for-each-ref --sort -committerdate --format %(refname) %(objectname) %(*objectname) [4ms]
2024-12-01 21:46:11.058 [info] > git status -z -uall [40ms]
2024-12-01 21:46:19.295 [info] > git config --get commit.template [15ms]
2024-12-01 21:46:19.297 [info] > git for-each-ref --format=%(refname)%00%(upstream:short)%00%(objectname)%00%(upstream:track)%00%(upstream:remotename)%00%(upstream:remoteref) refs/heads/main refs/remotes/main [4ms]
2024-12-01 21:46:19.319 [info] > git for-each-ref --sort -committerdate --format %(refname) %(objectname) %(*objectname) [4ms]
2024-12-01 21:46:19.344 [info] > git status -z -uall [37ms]
2024-12-01 21:46:24.370 [info] > git config --get commit.template [9ms]
2024-12-01 21:46:24.372 [info] > git for-each-ref --format=%(refname)%00%(upstream:short)%00%(objectname)%00%(upstream:track)%00%(upstream:remotename)%00%(upstream:remoteref) refs/heads/main refs/remotes/main [5ms]
2024-12-01 21:46:24.393 [info] > git for-each-ref --sort -committerdate --format %(refname) %(objectname) %(*objectname) [4ms]
2024-12-01 21:46:24.418 [info] > git status -z -uall [37ms]
2024-12-01 21:46:56.453 [info] > git config --get commit.template [9ms]
2024-12-01 21:46:56.461 [info] > git for-each-ref --format=%(refname)%00%(upstream:short)%00%(objectname)%00%(upstream:track)%00%(upstream:remotename)%00%(upstream:remoteref) refs/heads/main refs/remotes/main [8ms]
2024-12-01 21:46:56.484 [info] > git for-each-ref --sort -committerdate --format %(refname) %(objectname) %(*objectname) [5ms]
2024-12-01 21:46:56.510 [info] > git status -z -uall [42ms]
2024-12-01 21:47:01.533 [info] > git config --get commit.template [9ms]
2024-12-01 21:47:01.536 [info] > git for-each-ref --format=%(refname)%00%(upstream:short)%00%(objectname)%00%(upstream:track)%00%(upstream:remotename)%00%(upstream:remoteref) refs/heads/main refs/remotes/main [4ms]
2024-12-01 21:47:01.554 [info] > git for-each-ref --sort -committerdate --format %(refname) %(objectname) %(*objectname) [3ms]
2024-12-01 21:47:01.583 [info] > git status -z -uall [40ms]
2024-12-01 21:47:17.275 [info] > git config --get commit.template [4ms]
2024-12-01 21:47:17.277 [info] > git for-each-ref --format=%(refname)%00%(upstream:short)%00%(objectname)%00%(upstream:track)%00%(upstream:remotename)%00%(upstream:remoteref) refs/heads/main refs/remotes/main [2ms]
2024-12-01 21:47:17.286 [info] > git for-each-ref --sort -committerdate --format %(refname) %(objectname) %(*objectname) [2ms]
2024-12-01 21:47:17.321 [info] > git status -z -uall [40ms]
2024-12-01 21:47:17.596 [info] > git show --textconv :templates/index.html [6ms]
2024-12-01 21:47:17.601 [info] > git ls-files --stage -- /home/ubuntu/templates/index.html [6ms]
2024-12-01 21:47:22.339 [info] > git config --get commit.template [4ms]
2024-12-01 21:47:22.350 [info] > git for-each-ref --format=%(refname)%00%(upstream:short)%00%(objectname)%00%(upstream:track)%00%(upstream:remotename)%00%(upstream:remoteref) refs/heads/main refs/remotes/main [4ms]
2024-12-01 21:47:22.369 [info] > git for-each-ref --sort -committerdate --format %(refname) %(objectname) %(*objectname) [4ms]
2024-12-01 21:47:22.395 [info] > git status -z -uall [37ms]
2024-12-01 21:47:27.419 [info] > git config --get commit.template [10ms]
2024-12-01 21:47:27.421 [info] > git for-each-ref --format=%(refname)%00%(upstream:short)%00%(objectname)%00%(upstream:track)%00%(upstream:remotename)%00%(upstream:remoteref) refs/heads/main refs/remotes/main [4ms]
2024-12-01 21:47:27.443 [info] > git for-each-ref --sort -committerdate --format %(refname) %(objectname) %(*objectname) [4ms]
2024-12-01 21:47:27.468 [info] > git status -z -uall [38ms]
2024-12-01 21:47:32.492 [info] > git config --get commit.template [8ms]
2024-12-01 21:47:32.494 [info] > git for-each-ref --format=%(refname)%00%(upstream:short)%00%(objectname)%00%(upstream:track)%00%(upstream:remotename)%00%(upstream:remoteref) refs/heads/main refs/remotes/main [4ms]
2024-12-01 21:47:32.512 [info] > git for-each-ref --sort -committerdate --format %(refname) %(objectname) %(*objectname) [1ms]
2024-12-01 21:47:32.540 [info] > git status -z -uall [39ms]
2024-12-01 21:49:16.357 [info] > git config --get commit.template [7ms]
2024-12-01 21:49:16.359 [info] > git for-each-ref --format=%(refname)%00%(upstream:short)%00%(objectname)%00%(upstream:track)%00%(upstream:remotename)%00%(upstream:remoteref) refs/heads/main refs/remotes/main [4ms]
2024-12-01 21:49:16.377 [info] > git for-each-ref --sort -committerdate --format %(refname) %(objectname) %(*objectname) [3ms]
2024-12-01 21:49:16.405 [info] > git status -z -uall [39ms]
2024-12-01 21:49:21.429 [info] > git config --get commit.template [9ms]
2024-12-01 21:49:21.432 [info] > git for-each-ref --format=%(refname)%00%(upstream:short)%00%(objectname)%00%(upstream:track)%00%(upstream:remotename)%00%(upstream:remoteref) refs/heads/main refs/remotes/main [3ms]
2024-12-01 21:49:21.452 [info] > git for-each-ref --sort -committerdate --format %(refname) %(objectname) %(*objectname) [4ms]
2024-12-01 21:49:21.481 [info] > git status -z -uall [40ms]
2024-12-01 21:49:26.511 [info] > git config --get commit.template [9ms]
2024-12-01 21:49:26.517 [info] > git for-each-ref --format=%(refname)%00%(upstream:short)%00%(objectname)%00%(upstream:track)%00%(upstream:remotename)%00%(upstream:remoteref) refs/heads/main refs/remotes/main [7ms]
2024-12-01 21:49:26.543 [info] > git for-each-ref --sort -committerdate --format %(refname) %(objectname) %(*objectname) [3ms]
2024-12-01 21:49:26.573 [info] > git status -z -uall [40ms]
2024-12-01 21:49:27.347 [info] > git check-ignore -v -z --stdin [6ms]
2024-12-01 21:49:31.597 [info] > git config --get commit.template [8ms]
2024-12-01 21:49:31.599 [info] > git for-each-ref --format=%(refname)%00%(upstream:short)%00%(objectname)%00%(upstream:track)%00%(upstream:remotename)%00%(upstream:remoteref) refs/heads/main refs/remotes/main [4ms]
2024-12-01 21:49:31.619 [info] > git for-each-ref --sort -committerdate --format %(refname) %(objectname) %(*objectname) [4ms]
2024-12-01 21:49:31.642 [info] > git status -z -uall [36ms]
2024-12-01 21:49:34.456 [info] > git show --textconv :py/test.py [7ms]
2024-12-01 21:49:34.460 [info] > git ls-files --stage -- /home/ubuntu/py/test.py [6ms]
2024-12-01 21:49:34.737 [info] > git check-ignore -v -z --stdin [6ms]
2024-12-01 21:49:36.661 [info] > git config --get commit.template [7ms]
2024-12-01 21:49:36.663 [info] > git for-each-ref --format=%(refname)%00%(upstream:short)%00%(objectname)%00%(upstream:track)%00%(upstream:remotename)%00%(upstream:remoteref) refs/heads/main refs/remotes/main [2ms]
2024-12-01 21:49:36.683 [info] > git for-each-ref --sort -committerdate --format %(refname) %(objectname) %(*objectname) [4ms]
2024-12-01 21:49:36.708 [info] > git status -z -uall [37ms]
2024-12-01 21:50:31.435 [info] > git config --get commit.template [8ms]
2024-12-01 21:50:31.437 [info] > git for-each-ref --format=%(refname)%00%(upstream:short)%00%(objectname)%00%(upstream:track)%00%(upstream:remotename)%00%(upstream:remoteref) refs/heads/main refs/remotes/main [3ms]
2024-12-01 21:50:31.457 [info] > git for-each-ref --sort -committerdate --format %(refname) %(objectname) %(*objectname) [5ms]
2024-12-01 21:50:31.480 [info] > git status -z -uall [36ms]
2024-12-01 21:50:37.078 [info] > git config --get commit.template [10ms]
2024-12-01 21:50:37.082 [info] > git for-each-ref --format=%(refname)%00%(upstream:short)%00%(objectname)%00%(upstream:track)%00%(upstream:remotename)%00%(upstream:remoteref) refs/heads/main refs/remotes/main [5ms]
2024-12-01 21:50:37.105 [info] > git for-each-ref --sort -committerdate --format %(refname) %(objectname) %(*objectname) [4ms]
2024-12-01 21:50:37.138 [info] > git status -z -uall [47ms]
2024-12-01 21:51:29.827 [info] > git config --get commit.template [15ms]
2024-12-01 21:51:29.829 [info] > git for-each-ref --format=%(refname)%00%(upstream:short)%00%(objectname)%00%(upstream:track)%00%(upstream:remotename)%00%(upstream:remoteref) refs/heads/main refs/remotes/main [4ms]
2024-12-01 21:51:29.854 [info] > git for-each-ref --sort -committerdate --format %(refname) %(objectname) %(*objectname) [4ms]
2024-12-01 21:51:29.878 [info] > git status -z -uall [39ms]
2024-12-01 21:51:31.001 [info] > git show --textconv :templates/index.html [9ms]
2024-12-01 21:51:31.006 [info] > git ls-files --stage -- /home/ubuntu/templates/index.html [6ms]
2024-12-01 21:51:34.901 [info] > git config --get commit.template [9ms]
2024-12-01 21:51:34.904 [info] > git for-each-ref --format=%(refname)%00%(upstream:short)%00%(objectname)%00%(upstream:track)%00%(upstream:remotename)%00%(upstream:remoteref) refs/heads/main refs/remotes/main [4ms]
2024-12-01 21:51:34.924 [info] > git for-each-ref --sort -committerdate --format %(refname) %(objectname) %(*objectname) [4ms]
2024-12-01 21:51:34.952 [info] > git status -z -uall [41ms]
2024-12-01 21:51:35.472 [info] > git show --textconv :py/test.py [8ms]
2024-12-01 21:51:35.476 [info] > git ls-files --stage -- /home/ubuntu/py/test.py [5ms]
2024-12-01 21:51:39.977 [info] > git config --get commit.template [11ms]
2024-12-01 21:51:39.978 [info] > git for-each-ref --format=%(refname)%00%(upstream:short)%00%(objectname)%00%(upstream:track)%00%(upstream:remotename)%00%(upstream:remoteref) refs/heads/main refs/remotes/main [4ms]
2024-12-01 21:51:40.002 [info] > git for-each-ref --sort -committerdate --format %(refname) %(objectname) %(*objectname) [5ms]
2024-12-01 21:51:40.023 [info] > git status -z -uall [35ms]
2024-12-01 21:51:45.045 [info] > git config --get commit.template [8ms]
2024-12-01 21:51:45.048 [info] > git for-each-ref --format=%(refname)%00%(upstream:short)%00%(objectname)%00%(upstream:track)%00%(upstream:remotename)%00%(upstream:remoteref) refs/heads/main refs/remotes/main [4ms]
2024-12-01 21:51:45.067 [info] > git for-each-ref --sort -committerdate --format %(refname) %(objectname) %(*objectname) [4ms]
2024-12-01 21:51:45.100 [info] > git status -z -uall [45ms]
2024-12-01 21:51:52.374 [info] > git config --get commit.template [8ms]
2024-12-01 21:51:52.376 [info] > git for-each-ref --format=%(refname)%00%(upstream:short)%00%(objectname)%00%(upstream:track)%00%(upstream:remotename)%00%(upstream:remoteref) refs/heads/main refs/remotes/main [3ms]
2024-12-01 21:51:52.399 [info] > git for-each-ref --sort -committerdate --format %(refname) %(objectname) %(*objectname) [4ms]
2024-12-01 21:51:52.429 [info] > git status -z -uall [43ms]
2024-12-01 21:51:52.685 [info] > git show --textconv :app.py [7ms]
2024-12-01 21:51:52.691 [info] > git ls-files --stage -- /home/ubuntu/app.py [6ms]
2024-12-01 21:51:52.701 [info] > git cat-file -s b962d3d2fa470d3556a1c2880c23d6585cd8a2e7 [3ms]
2024-12-01 21:51:57.452 [info] > git config --get commit.template [10ms]
2024-12-01 21:51:57.453 [info] > git for-each-ref --format=%(refname)%00%(upstream:short)%00%(objectname)%00%(upstream:track)%00%(upstream:remotename)%00%(upstream:remoteref) refs/heads/main refs/remotes/main [4ms]
2024-12-01 21:51:57.467 [info] > git for-each-ref --sort -committerdate --format %(refname) %(objectname) %(*objectname) [1ms]
2024-12-01 21:51:57.497 [info] > git status -z -uall [37ms]
2024-12-01 21:52:02.518 [info] > git config --get commit.template [8ms]
2024-12-01 21:52:02.520 [info] > git for-each-ref --format=%(refname)%00%(upstream:short)%00%(objectname)%00%(upstream:track)%00%(upstream:remotename)%00%(upstream:remoteref) refs/heads/main refs/remotes/main [3ms]
2024-12-01 21:52:02.540 [info] > git for-each-ref --sort -committerdate --format %(refname) %(objectname) %(*objectname) [5ms]
2024-12-01 21:52:02.565 [info] > git status -z -uall [37ms]
2024-12-01 21:52:21.714 [info] > git config --get commit.template [7ms]
2024-12-01 21:52:21.716 [info] > git for-each-ref --format=%(refname)%00%(upstream:short)%00%(objectname)%00%(upstream:track)%00%(upstream:remotename)%00%(upstream:remoteref) refs/heads/main refs/remotes/main [3ms]
2024-12-01 21:52:21.736 [info] > git for-each-ref --sort -committerdate --format %(refname) %(objectname) %(*objectname) [3ms]
2024-12-01 21:52:21.759 [info] > git status -z -uall [36ms]
2024-12-01 21:52:26.786 [info] > git config --get commit.template [11ms]
2024-12-01 21:52:26.788 [info] > git for-each-ref --format=%(refname)%00%(upstream:short)%00%(objectname)%00%(upstream:track)%00%(upstream:remotename)%00%(upstream:remoteref) refs/heads/main refs/remotes/main [4ms]
2024-12-01 21:52:26.810 [info] > git for-each-ref --sort -committerdate --format %(refname) %(objectname) %(*objectname) [3ms]
2024-12-01 21:52:26.838 [info] > git status -z -uall [41ms]
2024-12-01 21:52:28.365 [info] > git show --textconv :py/test.py [11ms]
2024-12-01 21:52:28.369 [info] > git ls-files --stage -- /home/ubuntu/py/test.py [6ms]
2024-12-01 21:52:31.863 [info] > git config --get commit.template [9ms]
2024-12-01 21:52:31.865 [info] > git for-each-ref --format=%(refname)%00%(upstream:short)%00%(objectname)%00%(upstream:track)%00%(upstream:remotename)%00%(upstream:remoteref) refs/heads/main refs/remotes/main [4ms]
2024-12-01 21:52:31.886 [info] > git for-each-ref --sort -committerdate --format %(refname) %(objectname) %(*objectname) [4ms]
2024-12-01 21:52:31.912 [info] > git status -z -uall [37ms]
2024-12-01 21:52:36.934 [info] > git config --get commit.template [9ms]
2024-12-01 21:52:36.937 [info] > git for-each-ref --format=%(refname)%00%(upstream:short)%00%(objectname)%00%(upstream:track)%00%(upstream:remotename)%00%(upstream:remoteref) refs/heads/main refs/remotes/main [4ms]
2024-12-01 21:52:36.957 [info] > git for-each-ref --sort -committerdate --format %(refname) %(objectname) %(*objectname) [4ms]
2024-12-01 21:52:36.984 [info] > git status -z -uall [38ms]
2024-12-01 21:52:42.010 [info] > git config --get commit.template [10ms]
2024-12-01 21:52:42.013 [info] > git for-each-ref --format=%(refname)%00%(upstream:short)%00%(objectname)%00%(upstream:track)%00%(upstream:remotename)%00%(upstream:remoteref) refs/heads/main refs/remotes/main [4ms]
2024-12-01 21:52:42.035 [info] > git for-each-ref --sort -committerdate --format %(refname) %(objectname) %(*objectname) [6ms]
2024-12-01 21:52:42.061 [info] > git status -z -uall [39ms]
2024-12-01 21:53:26.357 [info] > git config --get commit.template [9ms]
2024-12-01 21:53:26.360 [info] > git for-each-ref --format=%(refname)%00%(upstream:short)%00%(objectname)%00%(upstream:track)%00%(upstream:remotename)%00%(upstream:remoteref) refs/heads/main refs/remotes/main [4ms]
2024-12-01 21:53:26.378 [info] > git for-each-ref --sort -committerdate --format %(refname) %(objectname) %(*objectname) [3ms]
2024-12-01 21:53:26.406 [info] > git status -z -uall [39ms]
2024-12-01 21:53:31.435 [info] > git config --get commit.template [8ms]
2024-12-01 21:53:31.438 [info] > git for-each-ref --format=%(refname)%00%(upstream:short)%00%(objectname)%00%(upstream:track)%00%(upstream:remotename)%00%(upstream:remoteref) refs/heads/main refs/remotes/main [4ms]
2024-12-01 21:53:31.458 [info] > git for-each-ref --sort -committerdate --format %(refname) %(objectname) %(*objectname) [6ms]
2024-12-01 21:53:31.487 [info] > git status -z -uall [42ms]
2024-12-01 21:53:36.513 [info] > git config --get commit.template [10ms]
2024-12-01 21:53:36.516 [info] > git for-each-ref --format=%(refname)%00%(upstream:short)%00%(objectname)%00%(upstream:track)%00%(upstream:remotename)%00%(upstream:remoteref) refs/heads/main refs/remotes/main [4ms]
2024-12-01 21:53:36.537 [info] > git for-each-ref --sort -committerdate --format %(refname) %(objectname) %(*objectname) [1ms]
2024-12-01 21:53:36.563 [info] > git status -z -uall [38ms]
2024-12-01 21:53:41.591 [info] > git config --get commit.template [13ms]
2024-12-01 21:53:41.592 [info] > git for-each-ref --format=%(refname)%00%(upstream:short)%00%(objectname)%00%(upstream:track)%00%(upstream:remotename)%00%(upstream:remoteref) refs/heads/main refs/remotes/main [5ms]
2024-12-01 21:53:41.615 [info] > git for-each-ref --sort -committerdate --format %(refname) %(objectname) %(*objectname) [4ms]
2024-12-01 21:53:41.639 [info] > git status -z -uall [38ms]
2024-12-01 21:53:42.646 [info] > git show --textconv :app.py [9ms]
2024-12-01 21:53:42.651 [info] > git ls-files --stage -- /home/ubuntu/app.py [6ms]
2024-12-01 21:53:42.662 [info] > git cat-file -s b962d3d2fa470d3556a1c2880c23d6585cd8a2e7 [4ms]
2024-12-01 21:53:46.663 [info] > git config --get commit.template [8ms]
2024-12-01 21:53:46.665 [info] > git for-each-ref --format=%(refname)%00%(upstream:short)%00%(objectname)%00%(upstream:track)%00%(upstream:remotename)%00%(upstream:remoteref) refs/heads/main refs/remotes/main [4ms]
2024-12-01 21:53:46.684 [info] > git for-each-ref --sort -committerdate --format %(refname) %(objectname) %(*objectname) [3ms]
2024-12-01 21:53:46.713 [info] > git status -z -uall [40ms]
2024-12-01 21:54:14.929 [info] > git config --get commit.template [9ms]
2024-12-01 21:54:14.931 [info] > git for-each-ref --format=%(refname)%00%(upstream:short)%00%(objectname)%00%(upstream:track)%00%(upstream:remotename)%00%(upstream:remoteref) refs/heads/main refs/remotes/main [4ms]
2024-12-01 21:54:14.952 [info] > git for-each-ref --sort -committerdate --format %(refname) %(objectname) %(*objectname) [2ms]
2024-12-01 21:54:14.981 [info] > git status -z -uall [42ms]
2024-12-01 21:54:20.006 [info] > git config --get commit.template [9ms]
2024-12-01 21:54:20.009 [info] > git for-each-ref --format=%(refname)%00%(upstream:short)%00%(objectname)%00%(upstream:track)%00%(upstream:remotename)%00%(upstream:remoteref) refs/heads/main refs/remotes/main [3ms]
2024-12-01 21:54:20.029 [info] > git for-each-ref --sort -committerdate --format %(refname) %(objectname) %(*objectname) [2ms]
2024-12-01 21:54:20.054 [info] > git status -z -uall [37ms]
2024-12-01 21:54:25.078 [info] > git config --get commit.template [9ms]
2024-12-01 21:54:25.081 [info] > git for-each-ref --format=%(refname)%00%(upstream:short)%00%(objectname)%00%(upstream:track)%00%(upstream:remotename)%00%(upstream:remoteref) refs/heads/main refs/remotes/main [4ms]
2024-12-01 21:54:25.102 [info] > git for-each-ref --sort -committerdate --format %(refname) %(objectname) %(*objectname) [4ms]
2024-12-01 21:54:25.125 [info] > git status -z -uall [37ms]
2024-12-01 21:54:26.986 [info] > git check-ignore -v -z --stdin [7ms]
2024-12-01 21:54:30.149 [info] > git config --get commit.template [9ms]
2024-12-01 21:54:30.152 [info] > git for-each-ref --format=%(refname)%00%(upstream:short)%00%(objectname)%00%(upstream:track)%00%(upstream:remotename)%00%(upstream:remoteref) refs/heads/main refs/remotes/main [3ms]
2024-12-01 21:54:30.170 [info] > git for-each-ref --sort -committerdate --format %(refname) %(objectname) %(*objectname) [3ms]
2024-12-01 21:54:30.197 [info] > git status -z -uall [38ms]
2024-12-01 21:54:35.224 [info] > git config --get commit.template [12ms]
2024-12-01 21:54:35.228 [info] > git for-each-ref --format=%(refname)%00%(upstream:short)%00%(objectname)%00%(upstream:track)%00%(upstream:remotename)%00%(upstream:remoteref) refs/heads/main refs/remotes/main [5ms]
2024-12-01 21:54:35.246 [info] > git for-each-ref --sort -committerdate --format %(refname) %(objectname) %(*objectname) [1ms]
2024-12-01 21:54:35.276 [info] > git status -z -uall [40ms]
2024-12-01 21:54:40.298 [info] > git config --get commit.template [8ms]
2024-12-01 21:54:40.300 [info] > git for-each-ref --format=%(refname)%00%(upstream:short)%00%(objectname)%00%(upstream:track)%00%(upstream:remotename)%00%(upstream:remoteref) refs/heads/main refs/remotes/main [3ms]
2024-12-01 21:54:40.319 [info] > git for-each-ref --sort -committerdate --format %(refname) %(objectname) %(*objectname) [4ms]
2024-12-01 21:54:40.348 [info] > git status -z -uall [39ms]
2024-12-01 21:54:45.370 [info] > git config --get commit.template [9ms]
2024-12-01 21:54:45.372 [info] > git for-each-ref --format=%(refname)%00%(upstream:short)%00%(objectname)%00%(upstream:track)%00%(upstream:remotename)%00%(upstream:remoteref) refs/heads/main refs/remotes/main [4ms]
2024-12-01 21:54:45.390 [info] > git for-each-ref --sort -committerdate --format %(refname) %(objectname) %(*objectname) [2ms]
2024-12-01 21:54:45.417 [info] > git status -z -uall [37ms]
2024-12-01 21:54:50.440 [info] > git config --get commit.template [8ms]
2024-12-01 21:54:50.443 [info] > git for-each-ref --format=%(refname)%00%(upstream:short)%00%(objectname)%00%(upstream:track)%00%(upstream:remotename)%00%(upstream:remoteref) refs/heads/main refs/remotes/main [4ms]
2024-12-01 21:54:50.462 [info] > git for-each-ref --sort -committerdate --format %(refname) %(objectname) %(*objectname) [4ms]
2024-12-01 21:54:50.490 [info] > git status -z -uall [39ms]
2024-12-01 21:54:55.510 [info] > git config --get commit.template [8ms]
2024-12-01 21:54:55.512 [info] > git for-each-ref --format=%(refname)%00%(upstream:short)%00%(objectname)%00%(upstream:track)%00%(upstream:remotename)%00%(upstream:remoteref) refs/heads/main refs/remotes/main [3ms]
2024-12-01 21:54:55.529 [info] > git for-each-ref --sort -committerdate --format %(refname) %(objectname) %(*objectname) [2ms]
2024-12-01 21:54:55.555 [info] > git status -z -uall [36ms]
2024-12-01 21:55:01.443 [info] > git config --get commit.template [7ms]
2024-12-01 21:55:01.446 [info] > git for-each-ref --format=%(refname)%00%(upstream:short)%00%(objectname)%00%(upstream:track)%00%(upstream:remotename)%00%(upstream:remoteref) refs/heads/main refs/remotes/main [3ms]
2024-12-01 21:55:01.463 [info] > git for-each-ref --sort -committerdate --format %(refname) %(objectname) %(*objectname) [3ms]
2024-12-01 21:55:01.489 [info] > git status -z -uall [35ms]
2024-12-01 21:55:33.791 [info] > git config --get commit.template [4ms]
2024-12-01 21:55:33.802 [info] > git for-each-ref --format=%(refname)%00%(upstream:short)%00%(objectname)%00%(upstream:track)%00%(upstream:remotename)%00%(upstream:remoteref) refs/heads/main refs/remotes/main [4ms]
2024-12-01 21:55:33.825 [info] > git for-each-ref --sort -committerdate --format %(refname) %(objectname) %(*objectname) [4ms]
2024-12-01 21:55:33.849 [info] > git status -z -uall [39ms]
2024-12-01 21:55:38.875 [info] > git config --get commit.template [10ms]
2024-12-01 21:55:38.877 [info] > git for-each-ref --format=%(refname)%00%(upstream:short)%00%(objectname)%00%(upstream:track)%00%(upstream:remotename)%00%(upstream:remoteref) refs/heads/main refs/remotes/main [4ms]
2024-12-01 21:55:38.897 [info] > git for-each-ref --sort -committerdate --format %(refname) %(objectname) %(*objectname) [5ms]
2024-12-01 21:55:38.924 [info] > git status -z -uall [39ms]
2024-12-01 21:56:40.395 [info] > git config --get commit.template [10ms]
2024-12-01 21:56:40.398 [info] > git for-each-ref --format=%(refname)%00%(upstream:short)%00%(objectname)%00%(upstream:track)%00%(upstream:remotename)%00%(upstream:remoteref) refs/heads/main refs/remotes/main [4ms]
2024-12-01 21:56:40.416 [info] > git for-each-ref --sort -committerdate --format %(refname) %(objectname) %(*objectname) [2ms]
2024-12-01 21:56:40.444 [info] > git status -z -uall [39ms]
2024-12-01 21:56:45.469 [info] > git config --get commit.template [11ms]
2024-12-01 21:56:45.470 [info] > git for-each-ref --format=%(refname)%00%(upstream:short)%00%(objectname)%00%(upstream:track)%00%(upstream:remotename)%00%(upstream:remoteref) refs/heads/main refs/remotes/main [5ms]
2024-12-01 21:56:45.489 [info] > git for-each-ref --sort -committerdate --format %(refname) %(objectname) %(*objectname) [1ms]
2024-12-01 21:56:45.521 [info] > git status -z -uall [43ms]
2024-12-01 21:56:50.554 [info] > git config --get commit.template [11ms]
2024-12-01 21:56:50.555 [info] > git for-each-ref --format=%(refname)%00%(upstream:short)%00%(objectname)%00%(upstream:track)%00%(upstream:remotename)%00%(upstream:remoteref) refs/heads/main refs/remotes/main [3ms]
2024-12-01 21:56:50.575 [info] > git for-each-ref --sort -committerdate --format %(refname) %(objectname) %(*objectname) [6ms]
2024-12-01 21:56:50.601 [info] > git status -z -uall [39ms]
2024-12-01 21:56:55.626 [info] > git config --get commit.template [10ms]
2024-12-01 21:56:55.629 [info] > git for-each-ref --format=%(refname)%00%(upstream:short)%00%(objectname)%00%(upstream:track)%00%(upstream:remotename)%00%(upstream:remoteref) refs/heads/main refs/remotes/main [4ms]
2024-12-01 21:56:55.652 [info] > git for-each-ref --sort -committerdate --format %(refname) %(objectname) %(*objectname) [4ms]
2024-12-01 21:56:55.678 [info] > git status -z -uall [40ms]
2024-12-01 21:57:00.703 [info] > git config --get commit.template [9ms]
2024-12-01 21:57:00.705 [info] > git for-each-ref --format=%(refname)%00%(upstream:short)%00%(objectname)%00%(upstream:track)%00%(upstream:remotename)%00%(upstream:remoteref) refs/heads/main refs/remotes/main [3ms]
2024-12-01 21:57:00.724 [info] > git for-each-ref --sort -committerdate --format %(refname) %(objectname) %(*objectname) [2ms]
2024-12-01 21:57:00.754 [info] > git status -z -uall [41ms]
2024-12-01 21:57:05.778 [info] > git config --get commit.template [10ms]
2024-12-01 21:57:05.780 [info] > git for-each-ref --format=%(refname)%00%(upstream:short)%00%(objectname)%00%(upstream:track)%00%(upstream:remotename)%00%(upstream:remoteref) refs/heads/main refs/remotes/main [4ms]
2024-12-01 21:57:05.800 [info] > git for-each-ref --sort -committerdate --format %(refname) %(objectname) %(*objectname) [5ms]
2024-12-01 21:57:05.827 [info] > git status -z -uall [39ms]
2024-12-01 21:57:09.348 [info] > git check-ignore -v -z --stdin [7ms]
2024-12-01 21:57:10.850 [info] > git config --get commit.template [8ms]
2024-12-01 21:57:10.852 [info] > git for-each-ref --format=%(refname)%00%(upstream:short)%00%(objectname)%00%(upstream:track)%00%(upstream:remotename)%00%(upstream:remoteref) refs/heads/main refs/remotes/main [4ms]
2024-12-01 21:57:10.872 [info] > git for-each-ref --sort -committerdate --format %(refname) %(objectname) %(*objectname) [3ms]
2024-12-01 21:57:10.900 [info] > git status -z -uall [39ms]
2024-12-01 21:57:14.556 [info] > git show --textconv :py/saramin.py [6ms]
2024-12-01 21:57:14.560 [info] > git ls-files --stage -- /home/ubuntu/py/saramin.py [5ms]
2024-12-01 21:57:15.921 [info] > git config --get commit.template [8ms]
2024-12-01 21:57:15.924 [info] > git for-each-ref --format=%(refname)%00%(upstream:short)%00%(objectname)%00%(upstream:track)%00%(upstream:remotename)%00%(upstream:remoteref) refs/heads/main refs/remotes/main [4ms]
2024-12-01 21:57:15.941 [info] > git for-each-ref --sort -committerdate --format %(refname) %(objectname) %(*objectname) [3ms]
2024-12-01 21:57:15.967 [info] > git status -z -uall [36ms]
2024-12-01 21:57:20.989 [info] > git config --get commit.template [7ms]
2024-12-01 21:57:20.991 [info] > git for-each-ref --format=%(refname)%00%(upstream:short)%00%(objectname)%00%(upstream:track)%00%(upstream:remotename)%00%(upstream:remoteref) refs/heads/main refs/remotes/main [3ms]
2024-12-01 21:57:21.009 [info] > git for-each-ref --sort -committerdate --format %(refname) %(objectname) %(*objectname) [4ms]
2024-12-01 21:57:21.036 [info] > git status -z -uall [38ms]
2024-12-01 21:57:28.311 [info] > git config --get commit.template [8ms]
2024-12-01 21:57:28.314 [info] > git for-each-ref --format=%(refname)%00%(upstream:short)%00%(objectname)%00%(upstream:track)%00%(upstream:remotename)%00%(upstream:remoteref) refs/heads/main refs/remotes/main [4ms]
2024-12-01 21:57:28.333 [info] > git for-each-ref --sort -committerdate --format %(refname) %(objectname) %(*objectname) [2ms]
2024-12-01 21:57:28.359 [info] > git status -z -uall [38ms]
2024-12-01 21:57:28.642 [info] > git show --textconv :saramin.py [8ms]
2024-12-01 21:57:28.646 [info] > git ls-files --stage -- /home/ubuntu/saramin.py [5ms]
2024-12-01 21:57:33.387 [info] > git config --get commit.template [11ms]
2024-12-01 21:57:33.391 [info] > git for-each-ref --format=%(refname)%00%(upstream:short)%00%(objectname)%00%(upstream:track)%00%(upstream:remotename)%00%(upstream:remoteref) refs/heads/main refs/remotes/main [6ms]
2024-12-01 21:57:33.414 [info] > git for-each-ref --sort -committerdate --format %(refname) %(objectname) %(*objectname) [5ms]
2024-12-01 21:57:33.443 [info] > git status -z -uall [43ms]
2024-12-01 21:57:38.465 [info] > git config --get commit.template [9ms]
2024-12-01 21:57:38.468 [info] > git for-each-ref --format=%(refname)%00%(upstream:short)%00%(objectname)%00%(upstream:track)%00%(upstream:remotename)%00%(upstream:remoteref) refs/heads/main refs/remotes/main [4ms]
2024-12-01 21:57:38.493 [info] > git for-each-ref --sort -committerdate --format %(refname) %(objectname) %(*objectname) [4ms]
2024-12-01 21:57:38.522 [info] > git status -z -uall [46ms]
2024-12-01 21:57:43.012 [info] > git show --textconv :app.py [8ms]
2024-12-01 21:57:43.017 [info] > git ls-files --stage -- /home/ubuntu/app.py [6ms]
2024-12-01 21:57:43.029 [info] > git cat-file -s b962d3d2fa470d3556a1c2880c23d6585cd8a2e7 [4ms]
2024-12-01 21:57:43.540 [info] > git config --get commit.template [1ms]
2024-12-01 21:57:43.552 [info] > git for-each-ref --format=%(refname)%00%(upstream:short)%00%(objectname)%00%(upstream:track)%00%(upstream:remotename)%00%(upstream:remoteref) refs/heads/main refs/remotes/main [4ms]
2024-12-01 21:57:43.576 [info] > git for-each-ref --sort -committerdate --format %(refname) %(objectname) %(*objectname) [5ms]
2024-12-01 21:57:43.604 [info] > git status -z -uall [42ms]
2024-12-01 21:57:48.630 [info] > git config --get commit.template [10ms]
2024-12-01 21:57:48.633 [info] > git for-each-ref --format=%(refname)%00%(upstream:short)%00%(objectname)%00%(upstream:track)%00%(upstream:remotename)%00%(upstream:remoteref) refs/heads/main refs/remotes/main [4ms]
2024-12-01 21:57:48.653 [info] > git for-each-ref --sort -committerdate --format %(refname) %(objectname) %(*objectname) [4ms]
2024-12-01 21:57:48.680 [info] > git status -z -uall [39ms]
2024-12-01 21:57:50.391 [info] > git check-ignore -v -z --stdin [7ms]
2024-12-01 21:57:53.706 [info] > git config --get commit.template [10ms]
2024-12-01 21:57:53.710 [info] > git for-each-ref --format=%(refname)%00%(upstream:short)%00%(objectname)%00%(upstream:track)%00%(upstream:remotename)%00%(upstream:remoteref) refs/heads/main refs/remotes/main [5ms]
2024-12-01 21:57:53.733 [info] > git for-each-ref --sort -committerdate --format %(refname) %(objectname) %(*objectname) [5ms]
2024-12-01 21:57:53.759 [info] > git status -z -uall [40ms]
2024-12-01 21:57:58.778 [info] > git config --get commit.template [7ms]
2024-12-01 21:57:58.780 [info] > git for-each-ref --format=%(refname)%00%(upstream:short)%00%(objectname)%00%(upstream:track)%00%(upstream:remotename)%00%(upstream:remoteref) refs/heads/main refs/remotes/main [3ms]
2024-12-01 21:57:58.798 [info] > git for-each-ref --sort -committerdate --format %(refname) %(objectname) %(*objectname) [1ms]
2024-12-01 21:57:58.823 [info] > git status -z -uall [36ms]
2024-12-01 21:58:03.843 [info] > git config --get commit.template [7ms]
2024-12-01 21:58:03.846 [info] > git for-each-ref --format=%(refname)%00%(upstream:short)%00%(objectname)%00%(upstream:track)%00%(upstream:remotename)%00%(upstream:remoteref) refs/heads/main refs/remotes/main [4ms]
2024-12-01 21:58:03.864 [info] > git for-each-ref --sort -committerdate --format %(refname) %(objectname) %(*objectname) [4ms]
2024-12-01 21:58:03.889 [info] > git status -z -uall [36ms]
2024-12-01 21:58:08.916 [info] > git config --get commit.template [11ms]
2024-12-01 21:58:08.923 [info] > git for-each-ref --format=%(refname)%00%(upstream:short)%00%(objectname)%00%(upstream:track)%00%(upstream:remotename)%00%(upstream:remoteref) refs/heads/main refs/remotes/main [8ms]
2024-12-01 21:58:08.946 [info] > git for-each-ref --sort -committerdate --format %(refname) %(objectname) %(*objectname) [5ms]
2024-12-01 21:58:08.971 [info] > git status -z -uall [38ms]
2024-12-01 21:59:39.135 [info] > git config --get commit.template [9ms]
2024-12-01 21:59:39.138 [info] > git for-each-ref --format=%(refname)%00%(upstream:short)%00%(objectname)%00%(upstream:track)%00%(upstream:remotename)%00%(upstream:remoteref) refs/heads/main refs/remotes/main [4ms]
2024-12-01 21:59:39.159 [info] > git for-each-ref --sort -committerdate --format %(refname) %(objectname) %(*objectname) [5ms]
2024-12-01 21:59:39.184 [info] > git status -z -uall [38ms]
2024-12-01 21:59:44.201 [info] > git config --get commit.template [4ms]
2024-12-01 21:59:44.211 [info] > git for-each-ref --format=%(refname)%00%(upstream:short)%00%(objectname)%00%(upstream:track)%00%(upstream:remotename)%00%(upstream:remoteref) refs/heads/main refs/remotes/main [3ms]
2024-12-01 21:59:44.229 [info] > git for-each-ref --sort -committerdate --format %(refname) %(objectname) %(*objectname) [3ms]
2024-12-01 21:59:44.258 [info] > git status -z -uall [40ms]
2024-12-01 21:59:49.284 [info] > git config --get commit.template [8ms]
2024-12-01 21:59:49.285 [info] > git for-each-ref --format=%(refname)%00%(upstream:short)%00%(objectname)%00%(upstream:track)%00%(upstream:remotename)%00%(upstream:remoteref) refs/heads/main refs/remotes/main [3ms]
2024-12-01 21:59:49.305 [info] > git for-each-ref --sort -committerdate --format %(refname) %(objectname) %(*objectname) [4ms]
2024-12-01 21:59:49.315 [info] > git status -z -uall [23ms]
2024-12-01 21:59:54.342 [info] > git config --get commit.template [10ms]
2024-12-01 21:59:54.345 [info] > git for-each-ref --format=%(refname)%00%(upstream:short)%00%(objectname)%00%(upstream:track)%00%(upstream:remotename)%00%(upstream:remoteref) refs/heads/main refs/remotes/main [5ms]
2024-12-01 21:59:54.369 [info] > git for-each-ref --sort -committerdate --format %(refname) %(objectname) %(*objectname) [4ms]
2024-12-01 21:59:54.393 [info] > git status -z -uall [38ms]
2024-12-01 21:59:59.420 [info] > git config --get commit.template [9ms]
2024-12-01 21:59:59.423 [info] > git for-each-ref --format=%(refname)%00%(upstream:short)%00%(objectname)%00%(upstream:track)%00%(upstream:remotename)%00%(upstream:remoteref) refs/heads/main refs/remotes/main [4ms]
2024-12-01 21:59:59.442 [info] > git for-each-ref --sort -committerdate --format %(refname) %(objectname) %(*objectname) [3ms]
2024-12-01 21:59:59.468 [info] > git status -z -uall [37ms]
