2024-12-04 20:48:27.487 [info] [main] 로그 수준: Info
2024-12-04 20:48:27.487 [info] [main] "git"에서 찾은 git 유효성을 검사하는 중
2024-12-04 20:48:27.487 [info] [main] "2.43.0"에서 git "git"을(를) 사용하는 중
2024-12-04 20:48:27.487 [info] [Model][doInitialScan] Initial repository scan started
2024-12-04 20:48:27.487 [info] > git rev-parse --show-toplevel [17ms]
2024-12-04 20:48:27.487 [info] > git rev-parse --git-dir --git-common-dir [3ms]
2024-12-04 20:48:27.487 [info] [Model][openRepository] Opened repository: /home/ubuntu
2024-12-04 20:48:27.488 [info] > git rev-parse --show-toplevel [2ms]
2024-12-04 20:48:27.488 [info] > git config --get commit.template [5ms]
2024-12-04 20:48:27.496 [info] > git for-each-ref --format=%(refname)%00%(upstream:short)%00%(objectname)%00%(upstream:track)%00%(upstream:remotename)%00%(upstream:remoteref) refs/heads/main refs/remotes/main [4ms]
2024-12-04 20:48:27.497 [info] > git rev-parse --show-toplevel [1ms]
2024-12-04 20:48:27.500 [info] > git rev-parse --show-toplevel [1ms]
2024-12-04 20:48:27.513 [info] > git rev-parse --show-toplevel [5ms]
2024-12-04 20:48:27.513 [info] > git for-each-ref --sort -committerdate --format %(refname) %(objectname) %(*objectname) [7ms]
2024-12-04 20:48:27.543 [info] > git rev-parse --show-toplevel [2ms]
2024-12-04 20:48:27.550 [info] > git rev-parse --show-toplevel [1ms]
2024-12-04 20:48:27.561 [info] > git rev-parse --show-toplevel [7ms]
2024-12-04 20:48:27.573 [info] > git status -z -uall [70ms]
2024-12-04 20:48:28.074 [info] > git for-each-ref --format=%(refname)%00%(upstream:short)%00%(objectname)%00%(upstream:track)%00%(upstream:remotename)%00%(upstream:remoteref) refs/heads/main refs/remotes/main [401ms]
2024-12-04 20:48:28.088 [info] > git rev-parse --show-toplevel [522ms]
2024-12-04 20:48:28.157 [info] > git check-ignore -v -z --stdin [58ms]
2024-12-04 20:48:28.159 [info] > git config --local branch.main.vscode-merge-base [72ms]
2024-12-04 20:48:28.159 [warning] [Git][config] git config failed: Failed to execute git
2024-12-04 20:48:28.166 [info] > git config --get commit.template [96ms]
2024-12-04 20:48:28.174 [info] > git reflog main --grep-reflog=branch: Created from *. [8ms]
2024-12-04 20:48:28.177 [info] > git rev-parse --show-toplevel [29ms]
2024-12-04 20:48:28.182 [info] > git symbolic-ref --short refs/remotes/origin/HEAD [5ms]
2024-12-04 20:48:28.182 [info] fatal: ref refs/remotes/origin/HEAD is not a symbolic ref
2024-12-04 20:48:28.182 [warning] [Repository][getDefaultBranch] Failed to get default branch details: Failed to execute git.
2024-12-04 20:48:28.186 [info] > git rev-parse --show-toplevel [4ms]
2024-12-04 20:48:28.188 [info] [Model][doInitialScan] Initial repository scan completed - repositories (1), closed repositories (0), parent repositories (0), unsafe repositories (0)
2024-12-04 20:48:28.189 [info] > git for-each-ref --format=%(refname)%00%(upstream:short)%00%(objectname)%00%(upstream:track)%00%(upstream:remotename)%00%(upstream:remoteref) refs/heads/main refs/remotes/main [10ms]
2024-12-04 20:48:28.189 [info] > git merge-base refs/heads/main refs/remotes/origin/main [5ms]
2024-12-04 20:48:28.199 [info] > git for-each-ref --sort -committerdate --format %(refname) %(objectname) %(*objectname) [1ms]
2024-12-04 20:48:28.199 [info] > git diff --name-status -z --diff-filter=ADMR 46e7b5737007e12c6ab7612118e9bc1ace9d020f...refs/remotes/origin/main [8ms]
2024-12-04 20:48:28.225 [info] > git status -z -uall [29ms]
2024-12-04 20:48:28.270 [info] > git show --textconv :static/swagger.json [5ms]
2024-12-04 20:48:28.270 [info] > git ls-files --stage -- /home/ubuntu/static/swagger.json [1ms]
2024-12-04 20:55:33.469 [info] > git config --get commit.template [13ms]
2024-12-04 20:55:33.471 [info] > git for-each-ref --format=%(refname)%00%(upstream:short)%00%(objectname)%00%(upstream:track)%00%(upstream:remotename)%00%(upstream:remoteref) refs/heads/main refs/remotes/main [5ms]
2024-12-04 20:55:33.496 [info] > git for-each-ref --sort -committerdate --format %(refname) %(objectname) %(*objectname) [2ms]
2024-12-04 20:55:33.590 [info] > git status -z -uall [109ms]
2024-12-04 20:55:34.252 [info] > git show --textconv :jobcrawl.py [7ms]
2024-12-04 20:55:34.257 [info] > git ls-files --stage -- /home/ubuntu/jobcrawl.py [7ms]
2024-12-04 20:58:43.349 [info] > git config --get commit.template [19ms]
2024-12-04 20:58:43.353 [info] > git for-each-ref --format=%(refname)%00%(upstream:short)%00%(objectname)%00%(upstream:track)%00%(upstream:remotename)%00%(upstream:remoteref) refs/heads/main refs/remotes/main [10ms]
2024-12-04 20:58:43.383 [info] > git for-each-ref --sort -committerdate --format %(refname) %(objectname) %(*objectname) [4ms]
2024-12-04 20:58:43.478 [info] > git status -z -uall [113ms]
2024-12-04 21:00:47.052 [info] > git config --get commit.template [12ms]
2024-12-04 21:00:47.055 [info] > git for-each-ref --format=%(refname)%00%(upstream:short)%00%(objectname)%00%(upstream:track)%00%(upstream:remotename)%00%(upstream:remoteref) refs/heads/main refs/remotes/main [7ms]
2024-12-04 21:00:47.079 [info] > git for-each-ref --sort -committerdate --format %(refname) %(objectname) %(*objectname) [4ms]
2024-12-04 21:00:47.193 [info] > git status -z -uall [128ms]
2024-12-04 21:00:47.757 [info] > git show --textconv :app.py [7ms]
2024-12-04 21:00:47.761 [info] > git ls-files --stage -- /home/ubuntu/app.py [6ms]
2024-12-04 21:00:47.769 [info] > git cat-file -s b962d3d2fa470d3556a1c2880c23d6585cd8a2e7 [4ms]
2024-12-04 21:00:52.365 [info] > git config --get commit.template [12ms]
2024-12-04 21:00:52.366 [info] > git for-each-ref --format=%(refname)%00%(upstream:short)%00%(objectname)%00%(upstream:track)%00%(upstream:remotename)%00%(upstream:remoteref) refs/heads/main refs/remotes/main [5ms]
2024-12-04 21:00:52.393 [info] > git for-each-ref --sort -committerdate --format %(refname) %(objectname) %(*objectname) [4ms]
2024-12-04 21:00:52.474 [info] > git status -z -uall [97ms]
2024-12-04 21:01:28.182 [info] > git config --get commit.template [18ms]
2024-12-04 21:01:28.184 [info] > git for-each-ref --format=%(refname)%00%(upstream:short)%00%(objectname)%00%(upstream:track)%00%(upstream:remotename)%00%(upstream:remoteref) refs/heads/main refs/remotes/main [5ms]
2024-12-04 21:01:28.216 [info] > git for-each-ref --sort -committerdate --format %(refname) %(objectname) %(*objectname) [5ms]
2024-12-04 21:01:28.297 [info] > git status -z -uall [101ms]
2024-12-04 21:01:28.797 [info] > git ls-files --stage -- /home/ubuntu/jobcrawl.py [1ms]
2024-12-04 21:01:28.798 [info] > git show --textconv :jobcrawl.py [11ms]
2024-12-04 21:01:33.390 [info] > git config --get commit.template [8ms]
2024-12-04 21:01:33.391 [info] > git for-each-ref --format=%(refname)%00%(upstream:short)%00%(objectname)%00%(upstream:track)%00%(upstream:remotename)%00%(upstream:remoteref) refs/heads/main refs/remotes/main [4ms]
2024-12-04 21:01:33.411 [info] > git for-each-ref --sort -committerdate --format %(refname) %(objectname) %(*objectname) [2ms]
2024-12-04 21:01:33.484 [info] > git status -z -uall [84ms]
2024-12-04 21:01:38.589 [info] > git config --get commit.template [10ms]
2024-12-04 21:01:38.593 [info] > git for-each-ref --format=%(refname)%00%(upstream:short)%00%(objectname)%00%(upstream:track)%00%(upstream:remotename)%00%(upstream:remoteref) refs/heads/main refs/remotes/main [7ms]
2024-12-04 21:01:38.615 [info] > git for-each-ref --sort -committerdate --format %(refname) %(objectname) %(*objectname) [6ms]
2024-12-04 21:01:38.684 [info] > git status -z -uall [83ms]
2024-12-04 21:01:43.802 [info] > git config --get commit.template [13ms]
2024-12-04 21:01:43.803 [info] > git for-each-ref --format=%(refname)%00%(upstream:short)%00%(objectname)%00%(upstream:track)%00%(upstream:remotename)%00%(upstream:remoteref) refs/heads/main refs/remotes/main [5ms]
2024-12-04 21:01:43.826 [info] > git for-each-ref --sort -committerdate --format %(refname) %(objectname) %(*objectname) [4ms]
2024-12-04 21:01:43.903 [info] > git status -z -uall [91ms]
2024-12-04 21:01:49.020 [info] > git config --get commit.template [11ms]
2024-12-04 21:01:49.023 [info] > git for-each-ref --format=%(refname)%00%(upstream:short)%00%(objectname)%00%(upstream:track)%00%(upstream:remotename)%00%(upstream:remoteref) refs/heads/main refs/remotes/main [7ms]
2024-12-04 21:01:49.047 [info] > git for-each-ref --sort -committerdate --format %(refname) %(objectname) %(*objectname) [3ms]
2024-12-04 21:01:49.120 [info] > git status -z -uall [87ms]
2024-12-04 21:01:55.574 [info] > git config --get commit.template [12ms]
2024-12-04 21:01:55.577 [info] > git for-each-ref --format=%(refname)%00%(upstream:short)%00%(objectname)%00%(upstream:track)%00%(upstream:remotename)%00%(upstream:remoteref) refs/heads/main refs/remotes/main [4ms]
2024-12-04 21:01:55.600 [info] > git for-each-ref --sort -committerdate --format %(refname) %(objectname) %(*objectname) [3ms]
2024-12-04 21:01:55.684 [info] > git status -z -uall [97ms]
2024-12-04 21:01:56.230 [info] > git show --textconv :app.py [15ms]
2024-12-04 21:01:56.235 [info] > git ls-files --stage -- /home/ubuntu/app.py [15ms]
2024-12-04 21:01:56.240 [info] > git cat-file -s b962d3d2fa470d3556a1c2880c23d6585cd8a2e7 [0ms]
2024-12-04 21:02:00.809 [info] > git config --get commit.template [10ms]
2024-12-04 21:02:00.811 [info] > git for-each-ref --format=%(refname)%00%(upstream:short)%00%(objectname)%00%(upstream:track)%00%(upstream:remotename)%00%(upstream:remoteref) refs/heads/main refs/remotes/main [4ms]
2024-12-04 21:02:00.833 [info] > git for-each-ref --sort -committerdate --format %(refname) %(objectname) %(*objectname) [6ms]
2024-12-04 21:02:00.903 [info] > git status -z -uall [84ms]
2024-12-04 21:02:06.026 [info] > git config --get commit.template [14ms]
2024-12-04 21:02:06.028 [info] > git for-each-ref --format=%(refname)%00%(upstream:short)%00%(objectname)%00%(upstream:track)%00%(upstream:remotename)%00%(upstream:remoteref) refs/heads/main refs/remotes/main [4ms]
2024-12-04 21:02:06.056 [info] > git for-each-ref --sort -committerdate --format %(refname) %(objectname) %(*objectname) [5ms]
2024-12-04 21:02:06.129 [info] > git status -z -uall [90ms]
2024-12-04 21:02:13.801 [info] > git config --get commit.template [12ms]
2024-12-04 21:02:13.804 [info] > git for-each-ref --format=%(refname)%00%(upstream:short)%00%(objectname)%00%(upstream:track)%00%(upstream:remotename)%00%(upstream:remoteref) refs/heads/main refs/remotes/main [5ms]
2024-12-04 21:02:13.827 [info] > git for-each-ref --sort -committerdate --format %(refname) %(objectname) %(*objectname) [3ms]
2024-12-04 21:02:13.910 [info] > git status -z -uall [96ms]
2024-12-04 21:02:22.111 [info] > git config --get commit.template [11ms]
2024-12-04 21:02:22.115 [info] > git for-each-ref --format=%(refname)%00%(upstream:short)%00%(objectname)%00%(upstream:track)%00%(upstream:remotename)%00%(upstream:remoteref) refs/heads/main refs/remotes/main [6ms]
2024-12-04 21:02:22.136 [info] > git for-each-ref --sort -committerdate --format %(refname) %(objectname) %(*objectname) [3ms]
2024-12-04 21:02:22.200 [info] > git status -z -uall [75ms]
2024-12-04 21:04:05.133 [info] > git config --get commit.template [11ms]
2024-12-04 21:04:05.136 [info] > git for-each-ref --format=%(refname)%00%(upstream:short)%00%(objectname)%00%(upstream:track)%00%(upstream:remotename)%00%(upstream:remoteref) refs/heads/main refs/remotes/main [6ms]
2024-12-04 21:04:05.161 [info] > git for-each-ref --sort -committerdate --format %(refname) %(objectname) %(*objectname) [2ms]
2024-12-04 21:04:05.258 [info] > git status -z -uall [113ms]
2024-12-04 21:04:12.203 [info] > git config --get commit.template [13ms]
2024-12-04 21:04:12.207 [info] > git for-each-ref --format=%(refname)%00%(upstream:short)%00%(objectname)%00%(upstream:track)%00%(upstream:remotename)%00%(upstream:remoteref) refs/heads/main refs/remotes/main [6ms]
2024-12-04 21:04:12.233 [info] > git for-each-ref --sort -committerdate --format %(refname) %(objectname) %(*objectname) [4ms]
2024-12-04 21:04:12.341 [info] > git status -z -uall [123ms]
2024-12-04 21:05:00.258 [info] > git config --get commit.template [13ms]
2024-12-04 21:05:00.260 [info] > git for-each-ref --format=%(refname)%00%(upstream:short)%00%(objectname)%00%(upstream:track)%00%(upstream:remotename)%00%(upstream:remoteref) refs/heads/main refs/remotes/main [5ms]
2024-12-04 21:05:00.286 [info] > git for-each-ref --sort -committerdate --format %(refname) %(objectname) %(*objectname) [4ms]
2024-12-04 21:05:00.364 [info] > git status -z -uall [94ms]
2024-12-04 21:05:00.894 [info] > git show --textconv :static/swagger.json [6ms]
2024-12-04 21:05:00.894 [info] > git ls-files --stage -- /home/ubuntu/static/swagger.json [1ms]
2024-12-04 21:05:58.828 [info] > git config --get commit.template [21ms]
2024-12-04 21:05:58.830 [info] > git for-each-ref --format=%(refname)%00%(upstream:short)%00%(objectname)%00%(upstream:track)%00%(upstream:remotename)%00%(upstream:remoteref) refs/heads/main refs/remotes/main [16ms]
2024-12-04 21:05:58.860 [info] > git for-each-ref --sort -committerdate --format %(refname) %(objectname) %(*objectname) [6ms]
2024-12-04 21:05:58.938 [info] > git status -z -uall [95ms]
2024-12-04 21:06:04.111 [info] > git config --get commit.template [11ms]
2024-12-04 21:06:04.120 [info] > git for-each-ref --format=%(refname)%00%(upstream:short)%00%(objectname)%00%(upstream:track)%00%(upstream:remotename)%00%(upstream:remoteref) refs/heads/main refs/remotes/main [11ms]
2024-12-04 21:06:04.145 [info] > git for-each-ref --sort -committerdate --format %(refname) %(objectname) %(*objectname) [2ms]
2024-12-04 21:06:04.222 [info] > git status -z -uall [92ms]
2024-12-04 21:06:09.334 [info] > git config --get commit.template [10ms]
2024-12-04 21:06:09.337 [info] > git for-each-ref --format=%(refname)%00%(upstream:short)%00%(objectname)%00%(upstream:track)%00%(upstream:remotename)%00%(upstream:remoteref) refs/heads/main refs/remotes/main [4ms]
2024-12-04 21:06:09.358 [info] > git for-each-ref --sort -committerdate --format %(refname) %(objectname) %(*objectname) [4ms]
2024-12-04 21:06:09.436 [info] > git status -z -uall [91ms]
2024-12-04 21:11:36.160 [info] > git config --get commit.template [17ms]
2024-12-04 21:11:36.162 [info] > git for-each-ref --format=%(refname)%00%(upstream:short)%00%(objectname)%00%(upstream:track)%00%(upstream:remotename)%00%(upstream:remoteref) refs/heads/main refs/remotes/main [6ms]
2024-12-04 21:11:36.196 [info] > git for-each-ref --sort -committerdate --format %(refname) %(objectname) %(*objectname) [4ms]
2024-12-04 21:11:36.300 [info] > git status -z -uall [126ms]
2024-12-04 21:11:36.812 [info] > git show --textconv :app.py [352ms]
2024-12-04 21:11:36.812 [info] > git ls-files --stage -- /home/ubuntu/app.py [340ms]
2024-12-04 21:11:36.821 [info] > git cat-file -s b962d3d2fa470d3556a1c2880c23d6585cd8a2e7 [4ms]
2024-12-04 21:11:41.453 [info] > git config --get commit.template [9ms]
2024-12-04 21:11:41.455 [info] > git for-each-ref --format=%(refname)%00%(upstream:short)%00%(objectname)%00%(upstream:track)%00%(upstream:remotename)%00%(upstream:remoteref) refs/heads/main refs/remotes/main [4ms]
2024-12-04 21:11:41.477 [info] > git for-each-ref --sort -committerdate --format %(refname) %(objectname) %(*objectname) [5ms]
2024-12-04 21:11:41.549 [info] > git status -z -uall [86ms]
2024-12-04 21:14:04.318 [info] > git config --get commit.template [11ms]
2024-12-04 21:14:04.321 [info] > git for-each-ref --format=%(refname)%00%(upstream:short)%00%(objectname)%00%(upstream:track)%00%(upstream:remotename)%00%(upstream:remoteref) refs/heads/main refs/remotes/main [6ms]
2024-12-04 21:14:04.347 [info] > git for-each-ref --sort -committerdate --format %(refname) %(objectname) %(*objectname) [6ms]
2024-12-04 21:14:04.477 [info] > git status -z -uall [146ms]
2024-12-04 21:14:09.609 [info] > git config --get commit.template [8ms]
2024-12-04 21:14:09.610 [info] > git for-each-ref --format=%(refname)%00%(upstream:short)%00%(objectname)%00%(upstream:track)%00%(upstream:remotename)%00%(upstream:remoteref) refs/heads/main refs/remotes/main [3ms]
2024-12-04 21:14:09.631 [info] > git for-each-ref --sort -committerdate --format %(refname) %(objectname) %(*objectname) [4ms]
2024-12-04 21:14:09.678 [info] > git status -z -uall [60ms]
2024-12-04 21:15:54.402 [info] > git config --get commit.template [14ms]
2024-12-04 21:15:54.404 [info] > git for-each-ref --format=%(refname)%00%(upstream:short)%00%(objectname)%00%(upstream:track)%00%(upstream:remotename)%00%(upstream:remoteref) refs/heads/main refs/remotes/main [6ms]
2024-12-04 21:15:54.430 [info] > git for-each-ref --sort -committerdate --format %(refname) %(objectname) %(*objectname) [3ms]
2024-12-04 21:15:54.520 [info] > git status -z -uall [108ms]
2024-12-04 21:16:01.789 [info] > git config --get commit.template [10ms]
2024-12-04 21:16:01.791 [info] > git for-each-ref --format=%(refname)%00%(upstream:short)%00%(objectname)%00%(upstream:track)%00%(upstream:remotename)%00%(upstream:remoteref) refs/heads/main refs/remotes/main [4ms]
2024-12-04 21:16:01.811 [info] > git for-each-ref --sort -committerdate --format %(refname) %(objectname) %(*objectname) [4ms]
2024-12-04 21:16:01.890 [info] > git status -z -uall [90ms]
2024-12-04 21:16:09.708 [info] > git config --get commit.template [12ms]
2024-12-04 21:16:09.711 [info] > git for-each-ref --format=%(refname)%00%(upstream:short)%00%(objectname)%00%(upstream:track)%00%(upstream:remotename)%00%(upstream:remoteref) refs/heads/main refs/remotes/main [4ms]
2024-12-04 21:16:09.737 [info] > git for-each-ref --sort -committerdate --format %(refname) %(objectname) %(*objectname) [4ms]
2024-12-04 21:16:09.803 [info] > git status -z -uall [82ms]
2024-12-04 21:16:14.935 [info] > git config --get commit.template [10ms]
2024-12-04 21:16:14.937 [info] > git for-each-ref --format=%(refname)%00%(upstream:short)%00%(objectname)%00%(upstream:track)%00%(upstream:remotename)%00%(upstream:remoteref) refs/heads/main refs/remotes/main [4ms]
2024-12-04 21:16:14.963 [info] > git for-each-ref --sort -committerdate --format %(refname) %(objectname) %(*objectname) [6ms]
2024-12-04 21:16:14.999 [info] > git status -z -uall [53ms]
2024-12-04 21:16:20.123 [info] > git config --get commit.template [9ms]
2024-12-04 21:16:20.125 [info] > git for-each-ref --format=%(refname)%00%(upstream:short)%00%(objectname)%00%(upstream:track)%00%(upstream:remotename)%00%(upstream:remoteref) refs/heads/main refs/remotes/main [4ms]
2024-12-04 21:16:20.144 [info] > git for-each-ref --sort -committerdate --format %(refname) %(objectname) %(*objectname) [2ms]
2024-12-04 21:16:20.218 [info] > git status -z -uall [86ms]
2024-12-04 21:16:32.030 [info] > git config --get commit.template [10ms]
2024-12-04 21:16:32.034 [info] > git for-each-ref --format=%(refname)%00%(upstream:short)%00%(objectname)%00%(upstream:track)%00%(upstream:remotename)%00%(upstream:remoteref) refs/heads/main refs/remotes/main [6ms]
2024-12-04 21:16:32.058 [info] > git for-each-ref --sort -committerdate --format %(refname) %(objectname) %(*objectname) [5ms]
2024-12-04 21:16:32.161 [info] > git status -z -uall [118ms]
2024-12-04 21:16:37.272 [info] > git config --get commit.template [11ms]
2024-12-04 21:16:37.274 [info] > git for-each-ref --format=%(refname)%00%(upstream:short)%00%(objectname)%00%(upstream:track)%00%(upstream:remotename)%00%(upstream:remoteref) refs/heads/main refs/remotes/main [4ms]
2024-12-04 21:16:37.296 [info] > git for-each-ref --sort -committerdate --format %(refname) %(objectname) %(*objectname) [3ms]
2024-12-04 21:16:37.377 [info] > git status -z -uall [93ms]
2024-12-04 21:17:01.025 [info] > git config --get commit.template [10ms]
2024-12-04 21:17:01.028 [info] > git for-each-ref --format=%(refname)%00%(upstream:short)%00%(objectname)%00%(upstream:track)%00%(upstream:remotename)%00%(upstream:remoteref) refs/heads/main refs/remotes/main [4ms]
2024-12-04 21:17:01.051 [info] > git for-each-ref --sort -committerdate --format %(refname) %(objectname) %(*objectname) [5ms]
2024-12-04 21:17:01.123 [info] > git status -z -uall [86ms]
2024-12-04 21:17:06.251 [info] > git config --get commit.template [11ms]
2024-12-04 21:17:06.254 [info] > git for-each-ref --format=%(refname)%00%(upstream:short)%00%(objectname)%00%(upstream:track)%00%(upstream:remotename)%00%(upstream:remoteref) refs/heads/main refs/remotes/main [4ms]
2024-12-04 21:17:06.277 [info] > git for-each-ref --sort -committerdate --format %(refname) %(objectname) %(*objectname) [3ms]
2024-12-04 21:17:06.344 [info] > git status -z -uall [81ms]
2024-12-04 21:17:11.453 [info] > git config --get commit.template [10ms]
2024-12-04 21:17:11.455 [info] > git for-each-ref --format=%(refname)%00%(upstream:short)%00%(objectname)%00%(upstream:track)%00%(upstream:remotename)%00%(upstream:remoteref) refs/heads/main refs/remotes/main [4ms]
2024-12-04 21:17:11.476 [info] > git for-each-ref --sort -committerdate --format %(refname) %(objectname) %(*objectname) [3ms]
2024-12-04 21:17:11.543 [info] > git status -z -uall [80ms]
2024-12-04 21:17:18.218 [info] > git config --get commit.template [10ms]
2024-12-04 21:17:18.220 [info] > git for-each-ref --format=%(refname)%00%(upstream:short)%00%(objectname)%00%(upstream:track)%00%(upstream:remotename)%00%(upstream:remoteref) refs/heads/main refs/remotes/main [4ms]
2024-12-04 21:17:18.242 [info] > git for-each-ref --sort -committerdate --format %(refname) %(objectname) %(*objectname) [4ms]
2024-12-04 21:17:18.310 [info] > git status -z -uall [81ms]
2024-12-04 21:17:23.433 [info] > git config --get commit.template [20ms]
2024-12-04 21:17:23.434 [info] > git for-each-ref --format=%(refname)%00%(upstream:short)%00%(objectname)%00%(upstream:track)%00%(upstream:remotename)%00%(upstream:remoteref) refs/heads/main refs/remotes/main [3ms]
2024-12-04 21:17:23.458 [info] > git for-each-ref --sort -committerdate --format %(refname) %(objectname) %(*objectname) [4ms]
2024-12-04 21:17:23.534 [info] > git status -z -uall [90ms]
2024-12-04 21:17:28.650 [info] > git config --get commit.template [11ms]
2024-12-04 21:17:28.652 [info] > git for-each-ref --format=%(refname)%00%(upstream:short)%00%(objectname)%00%(upstream:track)%00%(upstream:remotename)%00%(upstream:remoteref) refs/heads/main refs/remotes/main [4ms]
2024-12-04 21:17:28.678 [info] > git for-each-ref --sort -committerdate --format %(refname) %(objectname) %(*objectname) [6ms]
2024-12-04 21:17:28.774 [info] > git status -z -uall [112ms]
2024-12-04 21:17:33.883 [info] > git config --get commit.template [11ms]
2024-12-04 21:17:33.886 [info] > git for-each-ref --format=%(refname)%00%(upstream:short)%00%(objectname)%00%(upstream:track)%00%(upstream:remotename)%00%(upstream:remoteref) refs/heads/main refs/remotes/main [4ms]
2024-12-04 21:17:33.909 [info] > git for-each-ref --sort -committerdate --format %(refname) %(objectname) %(*objectname) [3ms]
2024-12-04 21:17:33.986 [info] > git status -z -uall [90ms]
2024-12-04 21:17:39.099 [info] > git config --get commit.template [11ms]
2024-12-04 21:17:39.102 [info] > git for-each-ref --format=%(refname)%00%(upstream:short)%00%(objectname)%00%(upstream:track)%00%(upstream:remotename)%00%(upstream:remoteref) refs/heads/main refs/remotes/main [4ms]
2024-12-04 21:17:39.127 [info] > git for-each-ref --sort -committerdate --format %(refname) %(objectname) %(*objectname) [3ms]
2024-12-04 21:17:39.206 [info] > git status -z -uall [93ms]
2024-12-04 21:20:48.861 [info] > git config --get commit.template [16ms]
2024-12-04 21:20:48.864 [info] > git for-each-ref --format=%(refname)%00%(upstream:short)%00%(objectname)%00%(upstream:track)%00%(upstream:remotename)%00%(upstream:remoteref) refs/heads/main refs/remotes/main [7ms]
2024-12-04 21:20:48.899 [info] > git for-each-ref --sort -committerdate --format %(refname) %(objectname) %(*objectname) [6ms]
2024-12-04 21:20:49.008 [info] > git status -z -uall [130ms]
2024-12-04 21:20:54.163 [info] > git config --get commit.template [9ms]
2024-12-04 21:20:54.166 [info] > git for-each-ref --format=%(refname)%00%(upstream:short)%00%(objectname)%00%(upstream:track)%00%(upstream:remotename)%00%(upstream:remoteref) refs/heads/main refs/remotes/main [5ms]
2024-12-04 21:20:54.185 [info] > git for-each-ref --sort -committerdate --format %(refname) %(objectname) %(*objectname) [4ms]
2024-12-04 21:20:54.265 [info] > git status -z -uall [91ms]
2024-12-04 21:20:59.407 [info] > git config --get commit.template [12ms]
2024-12-04 21:20:59.409 [info] > git for-each-ref --format=%(refname)%00%(upstream:short)%00%(objectname)%00%(upstream:track)%00%(upstream:remotename)%00%(upstream:remoteref) refs/heads/main refs/remotes/main [5ms]
2024-12-04 21:20:59.435 [info] > git for-each-ref --sort -committerdate --format %(refname) %(objectname) %(*objectname) [5ms]
2024-12-04 21:20:59.513 [info] > git status -z -uall [94ms]
2024-12-04 21:24:28.836 [info] > git config --get commit.template [16ms]
2024-12-04 21:24:28.838 [info] > git for-each-ref --format=%(refname)%00%(upstream:short)%00%(objectname)%00%(upstream:track)%00%(upstream:remotename)%00%(upstream:remoteref) refs/heads/main refs/remotes/main [6ms]
2024-12-04 21:24:28.867 [info] > git for-each-ref --sort -committerdate --format %(refname) %(objectname) %(*objectname) [3ms]
2024-12-04 21:24:28.988 [info] > git status -z -uall [139ms]
2024-12-04 21:24:30.871 [info] > git ls-files --stage -- /home/ubuntu/README.md [11ms]
2024-12-04 21:24:30.875 [info] > git show --textconv :README.md [23ms]
2024-12-04 21:24:30.875 [info] > git cat-file -s 36eaaeb44d8482faa9b25535d6c6c3008cfb53f3 [1ms]
2024-12-04 21:24:34.138 [info] > git config --get commit.template [12ms]
2024-12-04 21:24:34.140 [info] > git for-each-ref --format=%(refname)%00%(upstream:short)%00%(objectname)%00%(upstream:track)%00%(upstream:remotename)%00%(upstream:remoteref) refs/heads/main refs/remotes/main [4ms]
2024-12-04 21:24:34.164 [info] > git for-each-ref --sort -committerdate --format %(refname) %(objectname) %(*objectname) [4ms]
2024-12-04 21:24:34.234 [info] > git status -z -uall [84ms]
2024-12-04 21:24:36.261 [info] > git show --textconv :templates/results.html [10ms]
2024-12-04 21:24:36.264 [info] > git ls-files --stage -- /home/ubuntu/templates/results.html [3ms]
2024-12-04 21:24:36.634 [info] > git show --textconv :templates/jobs.html [8ms]
2024-12-04 21:24:36.637 [info] > git ls-files --stage -- /home/ubuntu/templates/jobs.html [4ms]
2024-12-04 21:24:38.595 [info] > git show --textconv :static/swagger.json [9ms]
2024-12-04 21:24:38.601 [info] > git ls-files --stage -- /home/ubuntu/static/swagger.json [7ms]
2024-12-04 21:24:39.389 [info] > git config --get commit.template [3ms]
2024-12-04 21:24:39.402 [info] > git for-each-ref --format=%(refname)%00%(upstream:short)%00%(objectname)%00%(upstream:track)%00%(upstream:remotename)%00%(upstream:remoteref) refs/heads/main refs/remotes/main [4ms]
2024-12-04 21:24:39.425 [info] > git for-each-ref --sort -committerdate --format %(refname) %(objectname) %(*objectname) [2ms]
2024-12-04 21:24:39.493 [info] > git status -z -uall [83ms]
2024-12-04 21:24:40.317 [info] > git show --textconv :templates/results.html [9ms]
2024-12-04 21:24:40.321 [info] > git ls-files --stage -- /home/ubuntu/templates/results.html [5ms]
2024-12-04 21:24:44.620 [info] > git config --get commit.template [11ms]
2024-12-04 21:24:44.622 [info] > git for-each-ref --format=%(refname)%00%(upstream:short)%00%(objectname)%00%(upstream:track)%00%(upstream:remotename)%00%(upstream:remoteref) refs/heads/main refs/remotes/main [5ms]
2024-12-04 21:24:44.647 [info] > git for-each-ref --sort -committerdate --format %(refname) %(objectname) %(*objectname) [5ms]
2024-12-04 21:24:44.722 [info] > git status -z -uall [90ms]
2024-12-04 21:24:49.850 [info] > git config --get commit.template [13ms]
2024-12-04 21:24:49.853 [info] > git for-each-ref --format=%(refname)%00%(upstream:short)%00%(objectname)%00%(upstream:track)%00%(upstream:remotename)%00%(upstream:remoteref) refs/heads/main refs/remotes/main [6ms]
2024-12-04 21:24:49.882 [info] > git for-each-ref --sort -committerdate --format %(refname) %(objectname) %(*objectname) [2ms]
2024-12-04 21:24:49.968 [info] > git status -z -uall [101ms]
2024-12-04 21:26:34.986 [info] > git config --get commit.template [11ms]
2024-12-04 21:26:34.989 [info] > git for-each-ref --format=%(refname)%00%(upstream:short)%00%(objectname)%00%(upstream:track)%00%(upstream:remotename)%00%(upstream:remoteref) refs/heads/main refs/remotes/main [6ms]
2024-12-04 21:26:35.014 [info] > git for-each-ref --sort -committerdate --format %(refname) %(objectname) %(*objectname) [4ms]
2024-12-04 21:26:35.106 [info] > git status -z -uall [109ms]
2024-12-04 21:26:40.204 [info] > git config --get commit.template [11ms]
2024-12-04 21:26:40.206 [info] > git for-each-ref --format=%(refname)%00%(upstream:short)%00%(objectname)%00%(upstream:track)%00%(upstream:remotename)%00%(upstream:remoteref) refs/heads/main refs/remotes/main [4ms]
2024-12-04 21:26:40.238 [info] > git for-each-ref --sort -committerdate --format %(refname) %(objectname) %(*objectname) [4ms]
2024-12-04 21:26:40.309 [info] > git status -z -uall [89ms]
2024-12-04 21:26:45.428 [info] > git config --get commit.template [11ms]
2024-12-04 21:26:45.430 [info] > git for-each-ref --format=%(refname)%00%(upstream:short)%00%(objectname)%00%(upstream:track)%00%(upstream:remotename)%00%(upstream:remoteref) refs/heads/main refs/remotes/main [4ms]
2024-12-04 21:26:45.483 [info] > git for-each-ref --sort -committerdate --format %(refname) %(objectname) %(*objectname) [12ms]
2024-12-04 21:26:45.532 [info] > git status -z -uall [93ms]
2024-12-04 21:26:50.655 [info] > git config --get commit.template [9ms]
2024-12-04 21:26:50.657 [info] > git for-each-ref --format=%(refname)%00%(upstream:short)%00%(objectname)%00%(upstream:track)%00%(upstream:remotename)%00%(upstream:remoteref) refs/heads/main refs/remotes/main [3ms]
2024-12-04 21:26:50.675 [info] > git for-each-ref --sort -committerdate --format %(refname) %(objectname) %(*objectname) [2ms]
2024-12-04 21:26:50.758 [info] > git status -z -uall [93ms]
2024-12-04 21:26:55.871 [info] > git config --get commit.template [12ms]
2024-12-04 21:26:55.876 [info] > git for-each-ref --format=%(refname)%00%(upstream:short)%00%(objectname)%00%(upstream:track)%00%(upstream:remotename)%00%(upstream:remoteref) refs/heads/main refs/remotes/main [5ms]
2024-12-04 21:26:55.905 [info] > git for-each-ref --sort -committerdate --format %(refname) %(objectname) %(*objectname) [6ms]
2024-12-04 21:26:55.966 [info] > git status -z -uall [80ms]
