2024-12-04 21:27:34.635 [info] Extension host with pid 1571379 started
2024-12-04 21:27:34.679 [info] Lock '/home/ubuntu/.vscode-server/data/User/workspaceStorage/89c7bb5c0ce2071f34ce53eb8b7aa3eb/vscode.lock': Lock acquired.
2024-12-04 21:27:34.698 [info] ExtensionService#_doActivateExtension vscode.emmet, startup: false, activationEvent: 'onLanguage'
2024-12-04 21:27:34.700 [info] ExtensionService#_doActivateExtension vscode.html-language-features, startup: false, activationEvent: 'onLanguage:html'
2024-12-04 21:27:34.700 [info] ExtensionService#_doActivateExtension vscode.git-base, startup: false, activationEvent: '*', root cause: vscode.git
2024-12-04 21:27:35.139 [info] ExtensionService#_doActivateExtension vscode.git, startup: false, activationEvent: '*'
2024-12-04 21:27:35.139 [info] ExtensionService#_doActivateExtension vscode.github, startup: false, activationEvent: '*'
2024-12-04 21:27:35.529 [warning] [Decorations] CAPPING events from decorations provider vscode.git 4775
2024-12-04 21:27:35.903 [info] Eager extensions activated
2024-12-04 21:27:35.903 [info] ExtensionService#_doActivateExtension vscode.debug-auto-launch, startup: false, activationEvent: 'onStartupFinished'
2024-12-04 21:27:35.903 [info] ExtensionService#_doActivateExtension vscode.merge-conflict, startup: false, activationEvent: 'onStartupFinished'
2024-12-04 21:27:36.067 [warning] [Decorations] CAPPING events from decorations provider vscode.git 4775
2024-12-04 21:27:36.686 [info] ExtensionService#_doActivateExtension vscode.tunnel-forwarding, startup: false, activationEvent: 'onTunnel'
2024-12-04 21:27:39.187 [warning] [Decorations] CAPPING events from decorations provider vscode.git 4775
2024-12-04 21:27:44.397 [warning] [Decorations] CAPPING events from decorations provider vscode.git 4775
2024-12-04 21:27:49.587 [warning] [Decorations] CAPPING events from decorations provider vscode.git 4775
2024-12-04 21:27:56.325 [warning] [Decorations] CAPPING events from decorations provider vscode.git 4775
2024-12-04 21:28:07.140 [warning] [Decorations] CAPPING events from decorations provider vscode.git 4775
2024-12-04 21:29:40.447 [warning] [Decorations] CAPPING events from decorations provider vscode.git 4775
2024-12-04 21:29:45.634 [warning] [Decorations] CAPPING events from decorations provider vscode.git 4775
2024-12-04 21:29:51.115 [warning] [Decorations] CAPPING events from decorations provider vscode.git 4775
2024-12-04 21:29:56.327 [warning] [Decorations] CAPPING events from decorations provider vscode.git 4775
2024-12-04 21:30:01.523 [warning] [Decorations] CAPPING events from decorations provider vscode.git 4775
2024-12-04 21:30:06.744 [warning] [Decorations] CAPPING events from decorations provider vscode.git 4775
2024-12-04 21:30:11.976 [warning] [Decorations] CAPPING events from decorations provider vscode.git 4775
2024-12-04 21:32:45.614 [warning] [Decorations] CAPPING events from decorations provider vscode.git 4775
2024-12-04 21:32:50.892 [warning] [Decorations] CAPPING events from decorations provider vscode.git 4775
2024-12-04 21:35:02.215 [warning] [Decorations] CAPPING events from decorations provider vscode.git 4775
2024-12-04 21:40:41.716 [warning] [Decorations] CAPPING events from decorations provider vscode.git 4775
2024-12-04 21:40:46.938 [warning] [Decorations] CAPPING events from decorations provider vscode.git 4775
2024-12-04 21:40:52.151 [warning] [Decorations] CAPPING events from decorations provider vscode.git 4775
2024-12-04 21:40:57.361 [warning] [Decorations] CAPPING events from decorations provider vscode.git 4775
2024-12-04 21:41:02.601 [warning] [Decorations] CAPPING events from decorations provider vscode.git 4775
2024-12-04 21:41:07.760 [warning] [Decorations] CAPPING events from decorations provider vscode.git 4775
2024-12-04 21:41:12.980 [warning] [Decorations] CAPPING events from decorations provider vscode.git 4775
2024-12-04 21:41:18.961 [warning] [Decorations] CAPPING events from decorations provider vscode.git 4775
2024-12-04 21:41:24.172 [warning] [Decorations] CAPPING events from decorations provider vscode.git 4776
2024-12-04 21:41:29.405 [warning] [Decorations] CAPPING events from decorations provider vscode.git 4776
2024-12-04 21:42:49.436 [warning] [Decorations] CAPPING events from decorations provider vscode.git 4776
2024-12-04 21:42:54.676 [warning] [Decorations] CAPPING events from decorations provider vscode.git 4776
2024-12-04 21:59:39.447 [warning] [Decorations] CAPPING events from decorations provider vscode.git 4776
2024-12-04 21:59:44.706 [warning] [Decorations] CAPPING events from decorations provider vscode.git 4776
2024-12-04 21:59:49.934 [warning] [Decorations] CAPPING events from decorations provider vscode.git 4776
2024-12-04 21:59:55.156 [warning] [Decorations] CAPPING events from decorations provider vscode.git 4776
2024-12-04 22:00:52.008 [warning] [Decorations] CAPPING events from decorations provider vscode.git 4776
2024-12-04 22:00:57.249 [warning] [Decorations] CAPPING events from decorations provider vscode.git 4776
2024-12-04 22:01:02.462 [warning] [Decorations] CAPPING events from decorations provider vscode.git 4776
2024-12-04 22:01:09.176 [warning] [Decorations] CAPPING events from decorations provider vscode.git 4776
2024-12-04 22:01:14.386 [warning] [Decorations] CAPPING events from decorations provider vscode.git 4776
2024-12-04 22:01:19.618 [warning] [Decorations] CAPPING events from decorations provider vscode.git 4776
2024-12-04 22:01:24.841 [warning] [Decorations] CAPPING events from decorations provider vscode.git 4776
2024-12-04 22:01:30.052 [warning] [Decorations] CAPPING events from decorations provider vscode.git 4776
2024-12-04 22:01:35.268 [warning] [Decorations] CAPPING events from decorations provider vscode.git 4776
2024-12-04 22:04:06.859 [warning] [Decorations] CAPPING events from decorations provider vscode.git 4776
2024-12-04 22:04:12.088 [warning] [Decorations] CAPPING events from decorations provider vscode.git 4776
2024-12-04 22:04:17.329 [warning] [Decorations] CAPPING events from decorations provider vscode.git 4776
2024-12-04 22:04:22.546 [warning] [Decorations] CAPPING events from decorations provider vscode.git 4776
2024-12-04 22:04:27.756 [warning] [Decorations] CAPPING events from decorations provider vscode.git 4776
2024-12-04 22:04:32.989 [warning] [Decorations] CAPPING events from decorations provider vscode.git 4776
2024-12-04 22:08:59.154 [warning] [Decorations] CAPPING events from decorations provider vscode.git 4776
2024-12-04 22:09:08.595 [warning] [Decorations] CAPPING events from decorations provider vscode.git 4776
2024-12-04 22:09:13.796 [warning] [Decorations] CAPPING events from decorations provider vscode.git 4776
2024-12-04 22:10:01.848 [warning] [Decorations] CAPPING events from decorations provider vscode.git 4776
2024-12-04 22:10:01.866 [info] ExtensionService#_doActivateExtension vscode.configuration-editing, startup: false, activationEvent: 'onLanguage:json'
2024-12-04 22:10:01.867 [info] ExtensionService#_doActivateExtension vscode.extension-editing, startup: false, activationEvent: 'onLanguage:json'
2024-12-04 22:10:01.868 [info] ExtensionService#_doActivateExtension vscode.json-language-features, startup: false, activationEvent: 'onLanguage:json'
2024-12-04 22:10:01.868 [info] ExtensionService#_doActivateExtension vscode.npm, startup: false, activationEvent: 'onLanguage:json'
2024-12-04 22:10:07.128 [warning] [Decorations] CAPPING events from decorations provider vscode.git 4777
2024-12-04 22:10:12.335 [warning] [Decorations] CAPPING events from decorations provider vscode.git 4777
2024-12-04 22:10:17.522 [warning] [Decorations] CAPPING events from decorations provider vscode.git 4777
2024-12-04 22:10:22.743 [warning] [Decorations] CAPPING events from decorations provider vscode.git 4777
2024-12-04 22:10:27.972 [warning] [Decorations] CAPPING events from decorations provider vscode.git 4777
2024-12-04 22:10:33.195 [warning] [Decorations] CAPPING events from decorations provider vscode.git 4777
2024-12-04 22:10:38.686 [warning] [Decorations] CAPPING events from decorations provider vscode.git 4777
2024-12-04 22:10:58.915 [warning] [Decorations] CAPPING events from decorations provider vscode.git 4777
2024-12-04 22:11:04.132 [warning] [Decorations] CAPPING events from decorations provider vscode.git 4777
2024-12-04 22:11:09.332 [warning] [Decorations] CAPPING events from decorations provider vscode.git 4777
2024-12-04 22:11:14.570 [warning] [Decorations] CAPPING events from decorations provider vscode.git 4777
2024-12-04 22:11:19.776 [warning] [Decorations] CAPPING events from decorations provider vscode.git 4777
2024-12-04 22:11:25.017 [warning] [Decorations] CAPPING events from decorations provider vscode.git 4777
2024-12-04 22:21:41.663 [warning] [Decorations] CAPPING events from decorations provider vscode.git 4777
2024-12-04 22:21:46.889 [warning] [Decorations] CAPPING events from decorations provider vscode.git 4777
2024-12-04 22:21:52.097 [warning] [Decorations] CAPPING events from decorations provider vscode.git 4777
2024-12-04 22:22:09.897 [warning] [Decorations] CAPPING events from decorations provider vscode.git 4777
2024-12-04 22:22:15.131 [warning] [Decorations] CAPPING events from decorations provider vscode.git 4777
2024-12-04 22:22:20.340 [warning] [Decorations] CAPPING events from decorations provider vscode.git 4777
2024-12-04 22:22:25.554 [warning] [Decorations] CAPPING events from decorations provider vscode.git 4777
2024-12-04 22:22:53.455 [warning] [Decorations] CAPPING events from decorations provider vscode.git 4777
2024-12-04 22:22:58.671 [warning] [Decorations] CAPPING events from decorations provider vscode.git 4777
2024-12-04 22:23:03.863 [warning] [Decorations] CAPPING events from decorations provider vscode.git 4777
2024-12-04 22:23:09.069 [warning] [Decorations] CAPPING events from decorations provider vscode.git 4777
2024-12-04 22:25:04.696 [warning] [Decorations] CAPPING events from decorations provider vscode.git 4777
2024-12-04 22:29:33.035 [warning] [Decorations] CAPPING events from decorations provider vscode.git 4777
2024-12-04 22:29:38.274 [warning] [Decorations] CAPPING events from decorations provider vscode.git 4777
2024-12-04 22:29:43.493 [warning] [Decorations] CAPPING events from decorations provider vscode.git 4777
2024-12-04 22:29:48.706 [warning] [Decorations] CAPPING events from decorations provider vscode.git 4777
2024-12-04 22:29:53.950 [warning] [Decorations] CAPPING events from decorations provider vscode.git 4777
2024-12-04 22:30:00.784 [warning] [Decorations] CAPPING events from decorations provider vscode.git 4777
2024-12-04 22:30:05.936 [warning] [Decorations] CAPPING events from decorations provider vscode.git 4777
2024-12-04 22:30:11.167 [warning] [Decorations] CAPPING events from decorations provider vscode.git 4777
2024-12-04 22:31:08.066 [warning] [Decorations] CAPPING events from decorations provider vscode.git 4777
2024-12-04 22:31:13.300 [warning] [Decorations] CAPPING events from decorations provider vscode.git 4777
2024-12-04 22:31:18.528 [warning] [Decorations] CAPPING events from decorations provider vscode.git 4777
2024-12-04 22:31:23.732 [warning] [Decorations] CAPPING events from decorations provider vscode.git 4777
2024-12-04 22:31:28.938 [warning] [Decorations] CAPPING events from decorations provider vscode.git 4777
2024-12-04 22:31:34.599 [warning] [Decorations] CAPPING events from decorations provider vscode.git 4777
2024-12-04 22:31:47.823 [warning] [Decorations] CAPPING events from decorations provider vscode.git 4777
2024-12-04 22:31:53.057 [warning] [Decorations] CAPPING events from decorations provider vscode.git 4777
2024-12-04 22:32:54.260 [warning] [Decorations] CAPPING events from decorations provider vscode.git 4777
2024-12-04 22:33:02.046 [warning] [Decorations] CAPPING events from decorations provider vscode.git 4777
2024-12-04 22:33:37.903 [warning] [Decorations] CAPPING events from decorations provider vscode.git 4777
2024-12-04 22:33:43.125 [warning] [Decorations] CAPPING events from decorations provider vscode.git 4777
2024-12-04 22:37:12.026 [warning] [Decorations] CAPPING events from decorations provider vscode.git 4777
2024-12-04 22:39:06.653 [warning] [Decorations] CAPPING events from decorations provider vscode.git 4777
2024-12-04 22:39:11.872 [warning] [Decorations] CAPPING events from decorations provider vscode.git 4777
2024-12-04 22:39:17.093 [warning] [Decorations] CAPPING events from decorations provider vscode.git 4777
2024-12-04 22:39:22.308 [warning] [Decorations] CAPPING events from decorations provider vscode.git 4777
2024-12-04 22:39:27.527 [warning] [Decorations] CAPPING events from decorations provider vscode.git 4777
2024-12-04 22:39:32.742 [warning] [Decorations] CAPPING events from decorations provider vscode.git 4777
2024-12-04 22:39:37.971 [warning] [Decorations] CAPPING events from decorations provider vscode.git 4777
2024-12-04 22:39:50.640 [warning] [Decorations] CAPPING events from decorations provider vscode.git 4777
2024-12-04 22:42:51.843 [warning] [Decorations] CAPPING events from decorations provider vscode.git 4777
2024-12-04 22:42:58.204 [warning] [Decorations] CAPPING events from decorations provider vscode.git 4777
2024-12-04 22:43:14.429 [warning] [Decorations] CAPPING events from decorations provider vscode.git 4777
2024-12-04 22:43:19.637 [warning] [Decorations] CAPPING events from decorations provider vscode.git 4777
2024-12-04 22:43:36.303 [warning] [Decorations] CAPPING events from decorations provider vscode.git 4777
2024-12-04 22:46:37.048 [warning] [Decorations] CAPPING events from decorations provider vscode.git 4777
2024-12-04 22:46:42.302 [warning] [Decorations] CAPPING events from decorations provider vscode.git 4777
2024-12-04 22:46:47.523 [warning] [Decorations] CAPPING events from decorations provider vscode.git 4777
2024-12-04 22:46:52.705 [warning] [Decorations] CAPPING events from decorations provider vscode.git 4777
2024-12-04 22:46:58.349 [warning] [Decorations] CAPPING events from decorations provider vscode.git 4779
2024-12-04 22:47:03.560 [warning] [Decorations] CAPPING events from decorations provider vscode.git 4778
2024-12-04 22:47:50.209 [warning] [Decorations] CAPPING events from decorations provider vscode.git 4778
2024-12-04 22:47:55.455 [warning] [Decorations] CAPPING events from decorations provider vscode.git 4778
2024-12-04 22:48:00.730 [warning] [Decorations] CAPPING events from decorations provider vscode.git 4778
2024-12-04 22:50:09.175 [warning] [Decorations] CAPPING events from decorations provider vscode.git 4778
2024-12-04 22:50:14.437 [warning] [Decorations] CAPPING events from decorations provider vscode.git 4778
2024-12-04 22:50:19.633 [warning] [Decorations] CAPPING events from decorations provider vscode.git 4778
2024-12-04 22:50:24.839 [warning] [Decorations] CAPPING events from decorations provider vscode.git 4778
2024-12-04 22:50:30.047 [warning] [Decorations] CAPPING events from decorations provider vscode.git 4778
2024-12-04 22:50:44.641 [warning] [Decorations] CAPPING events from decorations provider vscode.git 4778
2024-12-04 22:50:49.853 [warning] [Decorations] CAPPING events from decorations provider vscode.git 4778
2024-12-04 22:50:57.331 [warning] [Decorations] CAPPING events from decorations provider vscode.git 4778
2024-12-04 22:51:02.553 [warning] [Decorations] CAPPING events from decorations provider vscode.git 4778
2024-12-04 22:51:07.844 [warning] [Decorations] CAPPING events from decorations provider vscode.git 4778
2024-12-04 22:51:13.056 [warning] [Decorations] CAPPING events from decorations provider vscode.git 4778
2024-12-04 22:51:21.505 [warning] [Decorations] CAPPING events from decorations provider vscode.git 4778
2024-12-04 22:51:34.345 [warning] [Decorations] CAPPING events from decorations provider vscode.git 4778
2024-12-04 22:51:39.560 [warning] [Decorations] CAPPING events from decorations provider vscode.git 4778
2024-12-04 22:51:44.781 [warning] [Decorations] CAPPING events from decorations provider vscode.git 4778
2024-12-04 22:51:49.999 [warning] [Decorations] CAPPING events from decorations provider vscode.git 4780
2024-12-04 22:52:25.279 [warning] [Decorations] CAPPING events from decorations provider vscode.git 4779
2024-12-04 22:54:29.570 [warning] [Decorations] CAPPING events from decorations provider vscode.git 4779
2024-12-04 22:54:34.770 [warning] [Decorations] CAPPING events from decorations provider vscode.git 4780
2024-12-04 22:55:50.279 [warning] [Decorations] CAPPING events from decorations provider vscode.git 4780
2024-12-04 22:55:55.514 [warning] [Decorations] CAPPING events from decorations provider vscode.git 4780
2024-12-04 22:56:50.487 [warning] [Decorations] CAPPING events from decorations provider vscode.git 4780
2024-12-04 23:04:24.242 [warning] [Decorations] CAPPING events from decorations provider vscode.git 4780
2024-12-04 23:04:29.480 [warning] [Decorations] CAPPING events from decorations provider vscode.git 4780
2024-12-04 23:04:34.690 [warning] [Decorations] CAPPING events from decorations provider vscode.git 4780
2024-12-04 23:04:39.894 [warning] [Decorations] CAPPING events from decorations provider vscode.git 4780
2024-12-04 23:04:45.128 [warning] [Decorations] CAPPING events from decorations provider vscode.git 4780
2024-12-04 23:04:50.367 [warning] [Decorations] CAPPING events from decorations provider vscode.git 4780
2024-12-04 23:05:12.261 [warning] [Decorations] CAPPING events from decorations provider vscode.git 4780
2024-12-04 23:05:17.438 [warning] [Decorations] CAPPING events from decorations provider vscode.git 4780
2024-12-04 23:05:50.504 [warning] [Decorations] CAPPING events from decorations provider vscode.git 4780
2024-12-04 23:06:20.229 [warning] [Decorations] CAPPING events from decorations provider vscode.git 4780
2024-12-04 23:06:25.450 [warning] [Decorations] CAPPING events from decorations provider vscode.git 4782
2024-12-04 23:10:18.229 [warning] [Decorations] CAPPING events from decorations provider vscode.git 4781
2024-12-04 23:10:23.497 [warning] [Decorations] CAPPING events from decorations provider vscode.git 4781
2024-12-04 23:10:28.717 [warning] [Decorations] CAPPING events from decorations provider vscode.git 4782
2024-12-04 23:11:14.454 [warning] [Decorations] CAPPING events from decorations provider vscode.git 4781
2024-12-04 23:11:19.675 [warning] [Decorations] CAPPING events from decorations provider vscode.git 4781
2024-12-04 23:11:24.910 [warning] [Decorations] CAPPING events from decorations provider vscode.git 4781
2024-12-04 23:11:30.177 [warning] [Decorations] CAPPING events from decorations provider vscode.git 4781
2024-12-04 23:11:35.390 [warning] [Decorations] CAPPING events from decorations provider vscode.git 4781
2024-12-04 23:11:40.608 [warning] [Decorations] CAPPING events from decorations provider vscode.git 4781
2024-12-04 23:11:45.836 [warning] [Decorations] CAPPING events from decorations provider vscode.git 4781
2024-12-04 23:12:22.491 [warning] [Decorations] CAPPING events from decorations provider vscode.git 4781
2024-12-04 23:12:27.709 [warning] [Decorations] CAPPING events from decorations provider vscode.git 4781
2024-12-04 23:12:32.935 [warning] [Decorations] CAPPING events from decorations provider vscode.git 4781
2024-12-04 23:12:38.150 [warning] [Decorations] CAPPING events from decorations provider vscode.git 4781
2024-12-04 23:12:43.375 [warning] [Decorations] CAPPING events from decorations provider vscode.git 4781
2024-12-04 23:12:51.236 [warning] [Decorations] CAPPING events from decorations provider vscode.git 4781
2024-12-04 23:12:56.439 [warning] [Decorations] CAPPING events from decorations provider vscode.git 4781
2024-12-04 23:14:25.725 [warning] [Decorations] CAPPING events from decorations provider vscode.git 4781
2024-12-04 23:22:12.745 [warning] [Decorations] CAPPING events from decorations provider vscode.git 4781
2024-12-04 23:22:17.925 [warning] [Decorations] CAPPING events from decorations provider vscode.git 4781
2024-12-04 23:22:32.180 [warning] [Decorations] CAPPING events from decorations provider vscode.git 4781
2024-12-04 23:22:37.384 [warning] [Decorations] CAPPING events from decorations provider vscode.git 4781
2024-12-04 23:22:43.160 [warning] [Decorations] CAPPING events from decorations provider vscode.git 4781
2024-12-04 23:22:48.362 [warning] [Decorations] CAPPING events from decorations provider vscode.git 4781
2024-12-04 23:22:53.570 [warning] [Decorations] CAPPING events from decorations provider vscode.git 4781
2024-12-04 23:22:58.784 [warning] [Decorations] CAPPING events from decorations provider vscode.git 4781
2024-12-04 23:23:06.624 [warning] [Decorations] CAPPING events from decorations provider vscode.git 4783
2024-12-04 23:23:11.853 [warning] [Decorations] CAPPING events from decorations provider vscode.git 4782
2024-12-04 23:23:17.018 [warning] [Decorations] CAPPING events from decorations provider vscode.git 4782
2024-12-04 23:24:25.487 [warning] [Decorations] CAPPING events from decorations provider vscode.git 4782
2024-12-04 23:24:30.701 [warning] [Decorations] CAPPING events from decorations provider vscode.git 4782
2024-12-04 23:24:35.903 [warning] [Decorations] CAPPING events from decorations provider vscode.git 4782
2024-12-04 23:24:41.103 [warning] [Decorations] CAPPING events from decorations provider vscode.git 4782
2024-12-04 23:24:46.325 [warning] [Decorations] CAPPING events from decorations provider vscode.git 4782
2024-12-04 23:31:39.412 [warning] [Decorations] CAPPING events from decorations provider vscode.git 4782
2024-12-04 23:37:08.554 [warning] [Decorations] CAPPING events from decorations provider vscode.git 4782
2024-12-04 23:37:13.804 [warning] [Decorations] CAPPING events from decorations provider vscode.git 4782
2024-12-04 23:37:19.003 [warning] [Decorations] CAPPING events from decorations provider vscode.git 4782
2024-12-04 23:37:24.211 [warning] [Decorations] CAPPING events from decorations provider vscode.git 4782
2024-12-04 23:37:29.903 [warning] [Decorations] CAPPING events from decorations provider vscode.git 4782
2024-12-04 23:38:02.825 [warning] [Decorations] CAPPING events from decorations provider vscode.git 4782
2024-12-04 23:38:08.070 [warning] [Decorations] CAPPING events from decorations provider vscode.git 4782
2024-12-04 23:38:13.952 [warning] [Decorations] CAPPING events from decorations provider vscode.git 4782
2024-12-04 23:39:34.360 [warning] [Decorations] CAPPING events from decorations provider vscode.git 4782
2024-12-04 23:39:39.587 [warning] [Decorations] CAPPING events from decorations provider vscode.git 4782
2024-12-04 23:39:44.819 [warning] [Decorations] CAPPING events from decorations provider vscode.git 4782
2024-12-04 23:39:50.034 [warning] [Decorations] CAPPING events from decorations provider vscode.git 4782
2024-12-04 23:39:55.208 [warning] [Decorations] CAPPING events from decorations provider vscode.git 4782
2024-12-04 23:40:10.637 [warning] [Decorations] CAPPING events from decorations provider vscode.git 4782
2024-12-04 23:40:19.066 [warning] [Decorations] CAPPING events from decorations provider vscode.git 4783
2024-12-04 23:40:47.262 [warning] [Decorations] CAPPING events from decorations provider vscode.git 4783
2024-12-04 23:40:52.478 [warning] [Decorations] CAPPING events from decorations provider vscode.git 4783
2024-12-04 23:40:57.688 [warning] [Decorations] CAPPING events from decorations provider vscode.git 4783
2024-12-04 23:41:02.898 [warning] [Decorations] CAPPING events from decorations provider vscode.git 4783
2024-12-04 23:41:44.599 [warning] [Decorations] CAPPING events from decorations provider vscode.git 4783
2024-12-04 23:41:49.854 [warning] [Decorations] CAPPING events from decorations provider vscode.git 4783
2024-12-04 23:55:22.278 [warning] [Decorations] CAPPING events from decorations provider vscode.git 4783
2024-12-04 23:55:29.472 [warning] [Decorations] CAPPING events from decorations provider vscode.git 4783
2024-12-04 23:55:35.558 [warning] [Decorations] CAPPING events from decorations provider vscode.git 4783
2024-12-04 23:55:41.410 [warning] [Decorations] CAPPING events from decorations provider vscode.git 4783
2024-12-04 23:56:38.571 [warning] [Decorations] CAPPING events from decorations provider vscode.git 4783
2024-12-04 23:56:43.782 [warning] [Decorations] CAPPING events from decorations provider vscode.git 4783
2024-12-04 23:56:50.031 [warning] [Decorations] CAPPING events from decorations provider vscode.git 4783
2024-12-05 00:04:15.248 [warning] [Decorations] CAPPING events from decorations provider vscode.git 4783
2024-12-05 00:04:20.467 [warning] [Decorations] CAPPING events from decorations provider vscode.git 4783
2024-12-05 00:05:46.392 [warning] [Decorations] CAPPING events from decorations provider vscode.git 4783
2024-12-05 00:06:21.103 [warning] [Decorations] CAPPING events from decorations provider vscode.git 4783
2024-12-05 00:06:26.270 [warning] [Decorations] CAPPING events from decorations provider vscode.git 4783
2024-12-05 00:06:31.482 [warning] [Decorations] CAPPING events from decorations provider vscode.git 4783
2024-12-05 00:06:36.928 [warning] [Decorations] CAPPING events from decorations provider vscode.git 4783
2024-12-05 00:07:20.814 [warning] [Decorations] CAPPING events from decorations provider vscode.git 4785
2024-12-05 00:07:26.045 [warning] [Decorations] CAPPING events from decorations provider vscode.git 4784
2024-12-05 00:07:31.274 [warning] [Decorations] CAPPING events from decorations provider vscode.git 4784
2024-12-05 00:07:38.135 [warning] [Decorations] CAPPING events from decorations provider vscode.git 4784
2024-12-05 00:07:43.347 [warning] [Decorations] CAPPING events from decorations provider vscode.git 4784
2024-12-05 00:07:48.542 [warning] [Decorations] CAPPING events from decorations provider vscode.git 4784
2024-12-05 00:07:53.752 [warning] [Decorations] CAPPING events from decorations provider vscode.git 4784
2024-12-05 00:07:58.964 [warning] [Decorations] CAPPING events from decorations provider vscode.git 4784
2024-12-05 00:08:33.512 [warning] [Decorations] CAPPING events from decorations provider vscode.git 4784
2024-12-05 00:08:38.744 [warning] [Decorations] CAPPING events from decorations provider vscode.git 4784
2024-12-05 00:08:43.957 [warning] [Decorations] CAPPING events from decorations provider vscode.git 4784
2024-12-05 00:08:49.176 [warning] [Decorations] CAPPING events from decorations provider vscode.git 4784
2024-12-05 00:08:54.384 [warning] [Decorations] CAPPING events from decorations provider vscode.git 4784
2024-12-05 00:08:59.617 [warning] [Decorations] CAPPING events from decorations provider vscode.git 4784
2024-12-05 00:09:04.840 [warning] [Decorations] CAPPING events from decorations provider vscode.git 4784
2024-12-05 00:10:34.330 [warning] [Decorations] CAPPING events from decorations provider vscode.git 4784
2024-12-05 00:10:39.579 [warning] [Decorations] CAPPING events from decorations provider vscode.git 4785
2024-12-05 00:11:14.916 [warning] [Decorations] CAPPING events from decorations provider vscode.git 4784
2024-12-05 00:11:44.418 [warning] [Decorations] CAPPING events from decorations provider vscode.git 4784
2024-12-05 00:12:10.415 [warning] [Decorations] CAPPING events from decorations provider vscode.git 4784
2024-12-05 00:12:15.654 [warning] [Decorations] CAPPING events from decorations provider vscode.git 4784
2024-12-05 00:12:20.893 [warning] [Decorations] CAPPING events from decorations provider vscode.git 4784
2024-12-05 00:12:26.118 [warning] [Decorations] CAPPING events from decorations provider vscode.git 4784
2024-12-05 00:12:31.336 [warning] [Decorations] CAPPING events from decorations provider vscode.git 4784
2024-12-05 00:12:36.549 [warning] [Decorations] CAPPING events from decorations provider vscode.git 4784
2024-12-05 00:12:43.095 [warning] [Decorations] CAPPING events from decorations provider vscode.git 4784
2024-12-05 00:12:48.310 [warning] [Decorations] CAPPING events from decorations provider vscode.git 4784
2024-12-05 00:12:53.525 [warning] [Decorations] CAPPING events from decorations provider vscode.git 4784
2024-12-05 00:12:58.746 [warning] [Decorations] CAPPING events from decorations provider vscode.git 4784
2024-12-05 00:13:16.273 [warning] [Decorations] CAPPING events from decorations provider vscode.git 4784
2024-12-05 00:13:21.481 [warning] [Decorations] CAPPING events from decorations provider vscode.git 4784
2024-12-05 00:13:26.699 [warning] [Decorations] CAPPING events from decorations provider vscode.git 4784
2024-12-05 00:13:31.911 [warning] [Decorations] CAPPING events from decorations provider vscode.git 4784
2024-12-05 00:13:37.111 [warning] [Decorations] CAPPING events from decorations provider vscode.git 4784
2024-12-05 00:13:42.341 [warning] [Decorations] CAPPING events from decorations provider vscode.git 4784
2024-12-05 00:13:47.544 [warning] [Decorations] CAPPING events from decorations provider vscode.git 4784
2024-12-05 00:13:52.758 [warning] [Decorations] CAPPING events from decorations provider vscode.git 4784
2024-12-05 00:13:57.989 [warning] [Decorations] CAPPING events from decorations provider vscode.git 4784
2024-12-05 00:14:03.206 [warning] [Decorations] CAPPING events from decorations provider vscode.git 4784
2024-12-05 00:14:31.124 [warning] [Decorations] CAPPING events from decorations provider vscode.git 4784
2024-12-05 00:15:56.337 [warning] [Decorations] CAPPING events from decorations provider vscode.git 4784
2024-12-05 00:16:01.536 [warning] [Decorations] CAPPING events from decorations provider vscode.git 4784
2024-12-05 00:16:14.745 [warning] [Decorations] CAPPING events from decorations provider vscode.git 4784
2024-12-05 00:16:19.937 [warning] [Decorations] CAPPING events from decorations provider vscode.git 4784
2024-12-05 00:16:25.159 [warning] [Decorations] CAPPING events from decorations provider vscode.git 4784
2024-12-05 00:16:30.346 [warning] [Decorations] CAPPING events from decorations provider vscode.git 4784
2024-12-05 00:16:35.553 [warning] [Decorations] CAPPING events from decorations provider vscode.git 4784
2024-12-05 00:16:40.785 [warning] [Decorations] CAPPING events from decorations provider vscode.git 4784
2024-12-05 00:16:45.987 [warning] [Decorations] CAPPING events from decorations provider vscode.git 4785
2024-12-05 00:16:51.184 [warning] [Decorations] CAPPING events from decorations provider vscode.git 4784
2024-12-05 00:16:56.423 [warning] [Decorations] CAPPING events from decorations provider vscode.git 4784
2024-12-05 00:17:01.626 [warning] [Decorations] CAPPING events from decorations provider vscode.git 4784
2024-12-05 00:17:12.500 [warning] [Decorations] CAPPING events from decorations provider vscode.git 4784
2024-12-05 00:17:47.998 [warning] [Decorations] CAPPING events from decorations provider vscode.git 4784
2024-12-05 00:17:53.227 [warning] [Decorations] CAPPING events from decorations provider vscode.git 4784
2024-12-05 00:18:38.568 [warning] [Decorations] CAPPING events from decorations provider vscode.git 4784
2024-12-05 00:18:43.807 [warning] [Decorations] CAPPING events from decorations provider vscode.git 4784
2024-12-05 00:19:01.295 [warning] [Decorations] CAPPING events from decorations provider vscode.git 4784
2024-12-05 00:19:06.503 [warning] [Decorations] CAPPING events from decorations provider vscode.git 4784
2024-12-05 00:19:11.718 [warning] [Decorations] CAPPING events from decorations provider vscode.git 4784
2024-12-05 00:21:53.459 [warning] [Decorations] CAPPING events from decorations provider vscode.git 4784
2024-12-05 00:21:58.692 [warning] [Decorations] CAPPING events from decorations provider vscode.git 4784
2024-12-05 00:22:03.900 [warning] [Decorations] CAPPING events from decorations provider vscode.git 4784
2024-12-05 00:22:09.121 [warning] [Decorations] CAPPING events from decorations provider vscode.git 4784
2024-12-05 00:23:02.657 [warning] [Decorations] CAPPING events from decorations provider vscode.git 4784
2024-12-05 00:23:07.869 [warning] [Decorations] CAPPING events from decorations provider vscode.git 4784
2024-12-05 00:23:13.104 [warning] [Decorations] CAPPING events from decorations provider vscode.git 4784
2024-12-05 00:23:18.288 [warning] [Decorations] CAPPING events from decorations provider vscode.git 4784
2024-12-05 00:23:23.517 [warning] [Decorations] CAPPING events from decorations provider vscode.git 4784
2024-12-05 00:23:28.699 [warning] [Decorations] CAPPING events from decorations provider vscode.git 4784
2024-12-05 00:23:33.910 [warning] [Decorations] CAPPING events from decorations provider vscode.git 4784
2024-12-05 00:23:39.521 [warning] [Decorations] CAPPING events from decorations provider vscode.git 4784
2024-12-05 00:23:44.718 [warning] [Decorations] CAPPING events from decorations provider vscode.git 4785
2024-12-05 00:24:17.665 [warning] [Decorations] CAPPING events from decorations provider vscode.git 4785
2024-12-05 00:24:22.891 [warning] [Decorations] CAPPING events from decorations provider vscode.git 4785
2024-12-05 00:24:28.120 [warning] [Decorations] CAPPING events from decorations provider vscode.git 4785
2024-12-05 00:24:33.331 [warning] [Decorations] CAPPING events from decorations provider vscode.git 4785
2024-12-05 00:26:01.688 [warning] [Decorations] CAPPING events from decorations provider vscode.git 4785
2024-12-05 00:26:06.890 [warning] [Decorations] CAPPING events from decorations provider vscode.git 4785
2024-12-05 00:26:12.588 [warning] [Decorations] CAPPING events from decorations provider vscode.git 4785
2024-12-05 00:26:19.594 [warning] [Decorations] CAPPING events from decorations provider vscode.git 4785
2024-12-05 00:28:23.170 [warning] [Decorations] CAPPING events from decorations provider vscode.git 4785
2024-12-05 00:31:10.719 [warning] [Decorations] CAPPING events from decorations provider vscode.git 4785
2024-12-05 00:31:15.959 [warning] [Decorations] CAPPING events from decorations provider vscode.git 4785
2024-12-05 00:32:21.928 [warning] [Decorations] CAPPING events from decorations provider vscode.git 4785
2024-12-05 00:32:27.157 [warning] [Decorations] CAPPING events from decorations provider vscode.git 4785
2024-12-05 00:32:32.379 [warning] [Decorations] CAPPING events from decorations provider vscode.git 4785
2024-12-05 00:35:23.293 [warning] [Decorations] CAPPING events from decorations provider vscode.git 4785
2024-12-05 00:35:28.557 [warning] [Decorations] CAPPING events from decorations provider vscode.git 4786
2024-12-05 00:37:11.423 [warning] [Decorations] CAPPING events from decorations provider vscode.git 4786
2024-12-05 00:37:55.253 [warning] [Decorations] CAPPING events from decorations provider vscode.git 4787
2024-12-05 00:38:00.484 [warning] [Decorations] CAPPING events from decorations provider vscode.git 4787
2024-12-05 00:38:08.323 [warning] [Decorations] CAPPING events from decorations provider vscode.git 4787
2024-12-05 00:38:13.532 [warning] [Decorations] CAPPING events from decorations provider vscode.git 4787
2024-12-05 00:38:18.744 [warning] [Decorations] CAPPING events from decorations provider vscode.git 4788
2024-12-05 00:39:31.059 [warning] [Decorations] CAPPING events from decorations provider vscode.git 4787
2024-12-05 00:39:36.267 [warning] [Decorations] CAPPING events from decorations provider vscode.git 4787
2024-12-05 00:39:41.468 [warning] [Decorations] CAPPING events from decorations provider vscode.git 4788
2024-12-05 00:39:47.711 [warning] [Decorations] CAPPING events from decorations provider vscode.git 4787
2024-12-05 00:43:36.090 [warning] [Decorations] CAPPING events from decorations provider vscode.git 4787
2024-12-05 00:43:41.305 [warning] [Decorations] CAPPING events from decorations provider vscode.git 4787
2024-12-05 00:43:46.967 [warning] [Decorations] CAPPING events from decorations provider vscode.git 4787
2024-12-05 00:43:57.148 [warning] [Decorations] CAPPING events from decorations provider vscode.git 4787
2024-12-05 00:44:02.353 [warning] [Decorations] CAPPING events from decorations provider vscode.git 4787
2024-12-05 00:44:07.564 [warning] [Decorations] CAPPING events from decorations provider vscode.git 4787
2024-12-05 00:44:12.779 [warning] [Decorations] CAPPING events from decorations provider vscode.git 4787
2024-12-05 00:44:17.982 [warning] [Decorations] CAPPING events from decorations provider vscode.git 4787
2024-12-05 00:44:37.245 [warning] [Decorations] CAPPING events from decorations provider vscode.git 4787
2024-12-05 00:44:42.451 [warning] [Decorations] CAPPING events from decorations provider vscode.git 4787
2024-12-05 00:44:47.676 [warning] [Decorations] CAPPING events from decorations provider vscode.git 4789
2024-12-05 00:49:36.405 [warning] [Decorations] CAPPING events from decorations provider vscode.git 4789
2024-12-05 00:49:48.905 [warning] [Decorations] CAPPING events from decorations provider vscode.git 4789
2024-12-05 00:53:26.311 [warning] [Decorations] CAPPING events from decorations provider vscode.git 4789
2024-12-05 00:53:31.529 [warning] [Decorations] CAPPING events from decorations provider vscode.git 4790
2024-12-05 00:56:36.770 [warning] [Decorations] CAPPING events from decorations provider vscode.git 4790
2024-12-05 01:04:30.182 [warning] [Decorations] CAPPING events from decorations provider vscode.git 4790
2024-12-05 01:04:35.402 [warning] [Decorations] CAPPING events from decorations provider vscode.git 4790
2024-12-05 01:04:40.611 [warning] [Decorations] CAPPING events from decorations provider vscode.git 4790
2024-12-05 01:04:46.335 [warning] [Decorations] CAPPING events from decorations provider vscode.git 4790
2024-12-05 01:04:51.564 [warning] [Decorations] CAPPING events from decorations provider vscode.git 4790
2024-12-05 01:04:56.764 [warning] [Decorations] CAPPING events from decorations provider vscode.git 4790
2024-12-05 01:05:01.959 [warning] [Decorations] CAPPING events from decorations provider vscode.git 4790
2024-12-05 01:05:07.161 [warning] [Decorations] CAPPING events from decorations provider vscode.git 4790
2024-12-05 01:05:12.332 [warning] [Decorations] CAPPING events from decorations provider vscode.git 4790
2024-12-05 01:05:17.546 [warning] [Decorations] CAPPING events from decorations provider vscode.git 4790
2024-12-05 01:05:22.748 [warning] [Decorations] CAPPING events from decorations provider vscode.git 4790
2024-12-05 01:07:11.075 [warning] [Decorations] CAPPING events from decorations provider vscode.git 4790
2024-12-05 01:07:16.276 [warning] [Decorations] CAPPING events from decorations provider vscode.git 4790
2024-12-05 01:07:21.490 [warning] [Decorations] CAPPING events from decorations provider vscode.git 4790
2024-12-05 01:07:26.734 [warning] [Decorations] CAPPING events from decorations provider vscode.git 4790
2024-12-05 01:07:35.407 [warning] [Decorations] CAPPING events from decorations provider vscode.git 4790
2024-12-05 01:07:40.627 [warning] [Decorations] CAPPING events from decorations provider vscode.git 4790
2024-12-05 01:07:47.429 [warning] [Decorations] CAPPING events from decorations provider vscode.git 4790
2024-12-05 01:07:52.640 [warning] [Decorations] CAPPING events from decorations provider vscode.git 4790
2024-12-05 01:07:59.467 [warning] [Decorations] CAPPING events from decorations provider vscode.git 4790
2024-12-05 01:08:04.712 [warning] [Decorations] CAPPING events from decorations provider vscode.git 4790
2024-12-05 01:12:35.040 [warning] [Decorations] CAPPING events from decorations provider vscode.git 4790
2024-12-05 01:12:40.250 [warning] [Decorations] CAPPING events from decorations provider vscode.git 4790
2024-12-05 01:12:45.459 [warning] [Decorations] CAPPING events from decorations provider vscode.git 4790
2024-12-05 01:12:50.673 [warning] [Decorations] CAPPING events from decorations provider vscode.git 4790
2024-12-05 01:13:00.407 [warning] [Decorations] CAPPING events from decorations provider vscode.git 4790
2024-12-05 01:13:05.631 [warning] [Decorations] CAPPING events from decorations provider vscode.git 4790
2024-12-05 01:13:10.865 [warning] [Decorations] CAPPING events from decorations provider vscode.git 4790
2024-12-05 01:13:16.059 [warning] [Decorations] CAPPING events from decorations provider vscode.git 4790
2024-12-05 01:13:21.262 [warning] [Decorations] CAPPING events from decorations provider vscode.git 4790
2024-12-05 01:13:27.034 [warning] [Decorations] CAPPING events from decorations provider vscode.git 4790
2024-12-05 01:15:50.810 [warning] [Decorations] CAPPING events from decorations provider vscode.git 4790
2024-12-05 01:15:56.059 [warning] [Decorations] CAPPING events from decorations provider vscode.git 4790
2024-12-05 01:16:01.300 [warning] [Decorations] CAPPING events from decorations provider vscode.git 4790
2024-12-05 01:18:00.418 [warning] [Decorations] CAPPING events from decorations provider vscode.git 4790
2024-12-05 01:18:05.643 [warning] [Decorations] CAPPING events from decorations provider vscode.git 4790
2024-12-05 01:18:10.853 [warning] [Decorations] CAPPING events from decorations provider vscode.git 4790
2024-12-05 01:18:16.059 [warning] [Decorations] CAPPING events from decorations provider vscode.git 4790
2024-12-05 01:18:21.264 [warning] [Decorations] CAPPING events from decorations provider vscode.git 4790
2024-12-05 01:18:26.483 [warning] [Decorations] CAPPING events from decorations provider vscode.git 4790
2024-12-05 01:18:31.686 [warning] [Decorations] CAPPING events from decorations provider vscode.git 4790
2024-12-05 01:19:03.226 [warning] [Decorations] CAPPING events from decorations provider vscode.git 4790
2024-12-05 01:20:18.600 [warning] [Decorations] CAPPING events from decorations provider vscode.git 4791
2024-12-05 01:20:23.794 [warning] [Decorations] CAPPING events from decorations provider vscode.git 4791
2024-12-05 01:21:34.690 [warning] [Decorations] CAPPING events from decorations provider vscode.git 4791
2024-12-05 01:21:39.925 [warning] [Decorations] CAPPING events from decorations provider vscode.git 4791
2024-12-05 01:22:06.571 [warning] [Decorations] CAPPING events from decorations provider vscode.git 4791
2024-12-05 01:22:12.022 [warning] [Decorations] CAPPING events from decorations provider vscode.git 4791
2024-12-05 01:22:17.224 [warning] [Decorations] CAPPING events from decorations provider vscode.git 4792
2024-12-05 01:22:22.441 [warning] [Decorations] CAPPING events from decorations provider vscode.git 4792
2024-12-05 01:22:29.170 [warning] [Decorations] CAPPING events from decorations provider vscode.git 4792
2024-12-05 01:22:35.174 [warning] [Decorations] CAPPING events from decorations provider vscode.git 4792
2024-12-05 01:22:40.386 [warning] [Decorations] CAPPING events from decorations provider vscode.git 4792
2024-12-05 01:22:45.538 [warning] [Decorations] CAPPING events from decorations provider vscode.git 4792
2024-12-05 01:22:50.763 [warning] [Decorations] CAPPING events from decorations provider vscode.git 4792
2024-12-05 01:22:55.979 [warning] [Decorations] CAPPING events from decorations provider vscode.git 4792
2024-12-05 01:23:01.119 [warning] [Decorations] CAPPING events from decorations provider vscode.git 4792
2024-12-05 01:23:06.340 [warning] [Decorations] CAPPING events from decorations provider vscode.git 4792
2024-12-05 01:23:11.544 [warning] [Decorations] CAPPING events from decorations provider vscode.git 4792
2024-12-05 01:23:16.741 [warning] [Decorations] CAPPING events from decorations provider vscode.git 4792
2024-12-05 01:23:21.951 [warning] [Decorations] CAPPING events from decorations provider vscode.git 4792
2024-12-05 01:23:27.158 [warning] [Decorations] CAPPING events from decorations provider vscode.git 4792
2024-12-05 01:23:32.378 [warning] [Decorations] CAPPING events from decorations provider vscode.git 4792
2024-12-05 01:23:37.593 [warning] [Decorations] CAPPING events from decorations provider vscode.git 4792
2024-12-05 01:23:42.799 [warning] [Decorations] CAPPING events from decorations provider vscode.git 4792
2024-12-05 01:23:48.043 [warning] [Decorations] CAPPING events from decorations provider vscode.git 4792
2024-12-05 01:23:53.262 [warning] [Decorations] CAPPING events from decorations provider vscode.git 4792
2024-12-05 01:23:58.469 [warning] [Decorations] CAPPING events from decorations provider vscode.git 4792
2024-12-05 01:24:03.694 [warning] [Decorations] CAPPING events from decorations provider vscode.git 4792
2024-12-05 01:24:08.907 [warning] [Decorations] CAPPING events from decorations provider vscode.git 4792
2024-12-05 01:24:14.139 [warning] [Decorations] CAPPING events from decorations provider vscode.git 4792
2024-12-05 01:24:19.299 [warning] [Decorations] CAPPING events from decorations provider vscode.git 4792
2024-12-05 01:24:24.503 [warning] [Decorations] CAPPING events from decorations provider vscode.git 4792
2024-12-05 01:24:29.720 [warning] [Decorations] CAPPING events from decorations provider vscode.git 4792
2024-12-05 01:24:34.937 [warning] [Decorations] CAPPING events from decorations provider vscode.git 4792
2024-12-05 01:24:40.145 [warning] [Decorations] CAPPING events from decorations provider vscode.git 4792
2024-12-05 01:24:45.376 [warning] [Decorations] CAPPING events from decorations provider vscode.git 4792
2024-12-05 01:24:50.590 [warning] [Decorations] CAPPING events from decorations provider vscode.git 4792
2024-12-05 01:24:59.084 [warning] [Decorations] CAPPING events from decorations provider vscode.git 4792
2024-12-05 01:26:39.203 [warning] [Decorations] CAPPING events from decorations provider vscode.git 4792
2024-12-05 01:26:44.428 [warning] [Decorations] CAPPING events from decorations provider vscode.git 4792
2024-12-05 01:26:49.639 [warning] [Decorations] CAPPING events from decorations provider vscode.git 4792
2024-12-05 01:26:54.831 [warning] [Decorations] CAPPING events from decorations provider vscode.git 4792
2024-12-05 01:27:00.039 [warning] [Decorations] CAPPING events from decorations provider vscode.git 4792
2024-12-05 01:27:05.259 [warning] [Decorations] CAPPING events from decorations provider vscode.git 4792
2024-12-05 01:27:10.488 [warning] [Decorations] CAPPING events from decorations provider vscode.git 4792
2024-12-05 01:27:15.727 [warning] [Decorations] CAPPING events from decorations provider vscode.git 4792
2024-12-05 01:27:20.953 [warning] [Decorations] CAPPING events from decorations provider vscode.git 4792
2024-12-05 01:27:26.205 [warning] [Decorations] CAPPING events from decorations provider vscode.git 4792
2024-12-05 01:27:31.854 [warning] [Decorations] CAPPING events from decorations provider vscode.git 4792
2024-12-05 01:29:10.766 [warning] [Decorations] CAPPING events from decorations provider vscode.git 4792
2024-12-05 01:29:16.001 [warning] [Decorations] CAPPING events from decorations provider vscode.git 4792
2024-12-05 01:29:24.038 [warning] [Decorations] CAPPING events from decorations provider vscode.git 4792
2024-12-05 01:29:29.257 [warning] [Decorations] CAPPING events from decorations provider vscode.git 4792
2024-12-05 01:29:34.469 [warning] [Decorations] CAPPING events from decorations provider vscode.git 4792
2024-12-05 01:29:39.676 [warning] [Decorations] CAPPING events from decorations provider vscode.git 4792
2024-12-05 01:29:44.848 [warning] [Decorations] CAPPING events from decorations provider vscode.git 4792
2024-12-05 01:30:43.893 [warning] [Decorations] CAPPING events from decorations provider vscode.git 4792
2024-12-05 01:30:51.031 [warning] [Decorations] CAPPING events from decorations provider vscode.git 4792
2024-12-05 01:30:56.245 [warning] [Decorations] CAPPING events from decorations provider vscode.git 4792
2024-12-05 01:32:24.682 [warning] [Decorations] CAPPING events from decorations provider vscode.git 4794
2024-12-05 01:32:29.900 [warning] [Decorations] CAPPING events from decorations provider vscode.git 4793
2024-12-05 01:32:58.932 [warning] [Decorations] CAPPING events from decorations provider vscode.git 4793
2024-12-05 01:33:04.139 [warning] [Decorations] CAPPING events from decorations provider vscode.git 4793
2024-12-05 01:33:17.880 [warning] [Decorations] CAPPING events from decorations provider vscode.git 4793
2024-12-05 01:33:53.386 [warning] [Decorations] CAPPING events from decorations provider vscode.git 4793
2024-12-05 01:33:58.613 [warning] [Decorations] CAPPING events from decorations provider vscode.git 4793
2024-12-05 01:34:03.862 [warning] [Decorations] CAPPING events from decorations provider vscode.git 4793
2024-12-05 01:34:14.489 [warning] [Decorations] CAPPING events from decorations provider vscode.git 4793
2024-12-05 01:34:19.718 [warning] [Decorations] CAPPING events from decorations provider vscode.git 4793
2024-12-05 01:34:24.955 [warning] [Decorations] CAPPING events from decorations provider vscode.git 4793
2024-12-05 01:34:30.166 [warning] [Decorations] CAPPING events from decorations provider vscode.git 4793
2024-12-05 01:34:36.235 [warning] [Decorations] CAPPING events from decorations provider vscode.git 4793
2024-12-05 01:35:12.766 [warning] [Decorations] CAPPING events from decorations provider vscode.git 4794
2024-12-05 01:35:17.985 [warning] [Decorations] CAPPING events from decorations provider vscode.git 4794
2024-12-05 01:35:23.199 [warning] [Decorations] CAPPING events from decorations provider vscode.git 4795
2024-12-05 01:35:45.690 [warning] [Decorations] CAPPING events from decorations provider vscode.git 4794
2024-12-05 01:35:50.912 [warning] [Decorations] CAPPING events from decorations provider vscode.git 4794
2024-12-05 01:36:00.100 [warning] [Decorations] CAPPING events from decorations provider vscode.git 4795
2024-12-05 01:36:05.309 [warning] [Decorations] CAPPING events from decorations provider vscode.git 4794
2024-12-05 01:36:54.377 [warning] [Decorations] CAPPING events from decorations provider vscode.git 4794
2024-12-05 01:36:59.553 [warning] [Decorations] CAPPING events from decorations provider vscode.git 4795
2024-12-05 01:37:04.757 [warning] [Decorations] CAPPING events from decorations provider vscode.git 4794
2024-12-05 01:37:09.961 [warning] [Decorations] CAPPING events from decorations provider vscode.git 4794
2024-12-05 01:37:15.179 [warning] [Decorations] CAPPING events from decorations provider vscode.git 4794
2024-12-05 01:37:20.389 [warning] [Decorations] CAPPING events from decorations provider vscode.git 4794
2024-12-05 01:37:28.164 [warning] [Decorations] CAPPING events from decorations provider vscode.git 4794
2024-12-05 01:37:33.384 [warning] [Decorations] CAPPING events from decorations provider vscode.git 4794
2024-12-05 01:37:38.603 [warning] [Decorations] CAPPING events from decorations provider vscode.git 4794
2024-12-05 01:37:40.522 [info] Extension host terminating: received terminate message from renderer
2024-12-05 01:37:40.524 [info] Lock '/home/ubuntu/.vscode-server/data/User/workspaceStorage/89c7bb5c0ce2071f34ce53eb8b7aa3eb/vscode.lock': Marking the lockfile as scheduled to be released in 6000 ms.
2024-12-05 01:37:40.615 [error] Canceled: Canceled
	at new tT (file:///home/ubuntu/.vscode-server/cli/servers/Stable-f1a4fb101478ce6ec82fe9627c43efbf9e98c813/server/out/vs/workbench/api/node/extensionHostProcess.js:31:151066)
	at py.U (file:///home/ubuntu/.vscode-server/cli/servers/Stable-f1a4fb101478ce6ec82fe9627c43efbf9e98c813/server/out/vs/workbench/api/node/extensionHostProcess.js:31:155676)
	at s.<computed>.n.charCodeAt.s.<computed> (file:///home/ubuntu/.vscode-server/cli/servers/Stable-f1a4fb101478ce6ec82fe9627c43efbf9e98c813/server/out/vs/workbench/api/node/extensionHostProcess.js:31:153170)
	at Y0.g (file:///home/ubuntu/.vscode-server/cli/servers/Stable-f1a4fb101478ce6ec82fe9627c43efbf9e98c813/server/out/vs/workbench/api/node/extensionHostProcess.js:114:32313)
	at Y0.executeCommand (file:///home/ubuntu/.vscode-server/cli/servers/Stable-f1a4fb101478ce6ec82fe9627c43efbf9e98c813/server/out/vs/workbench/api/node/extensionHostProcess.js:114:31817)
	at r.registerCommand.description (file:///home/ubuntu/.vscode-server/cli/servers/Stable-f1a4fb101478ce6ec82fe9627c43efbf9e98c813/server/out/vs/workbench/api/node/extensionHostProcess.js:114:31147)
	at Y0.h (file:///home/ubuntu/.vscode-server/cli/servers/Stable-f1a4fb101478ce6ec82fe9627c43efbf9e98c813/server/out/vs/workbench/api/node/extensionHostProcess.js:114:32833)
	at Y0.g (file:///home/ubuntu/.vscode-server/cli/servers/Stable-f1a4fb101478ce6ec82fe9627c43efbf9e98c813/server/out/vs/workbench/api/node/extensionHostProcess.js:114:31910)
	at Y0.executeCommand (file:///home/ubuntu/.vscode-server/cli/servers/Stable-f1a4fb101478ce6ec82fe9627c43efbf9e98c813/server/out/vs/workbench/api/node/extensionHostProcess.js:114:31817)
	at Object.executeCommand (file:///home/ubuntu/.vscode-server/cli/servers/Stable-f1a4fb101478ce6ec82fe9627c43efbf9e98c813/server/out/vs/workbench/api/node/extensionHostProcess.js:156:37246)
	at mh.O [as value] (/home/ubuntu/.vscode-server/cli/servers/Stable-f1a4fb101478ce6ec82fe9627c43efbf9e98c813/server/extensions/git/dist/main.js:2:961845)
	at P.B (file:///home/ubuntu/.vscode-server/cli/servers/Stable-f1a4fb101478ce6ec82fe9627c43efbf9e98c813/server/out/vs/workbench/api/node/extensionHostProcess.js:29:746)
	at P.C (file:///home/ubuntu/.vscode-server/cli/servers/Stable-f1a4fb101478ce6ec82fe9627c43efbf9e98c813/server/out/vs/workbench/api/node/extensionHostProcess.js:29:816)
	at P.fire (file:///home/ubuntu/.vscode-server/cli/servers/Stable-f1a4fb101478ce6ec82fe9627c43efbf9e98c813/server/out/vs/workbench/api/node/extensionHostProcess.js:29:1033)
	at Object.p [as dispose] (/home/ubuntu/.vscode-server/cli/servers/Stable-f1a4fb101478ce6ec82fe9627c43efbf9e98c813/server/extensions/git/dist/main.js:2:983333)
	at /home/ubuntu/.vscode-server/cli/servers/Stable-f1a4fb101478ce6ec82fe9627c43efbf9e98c813/server/extensions/git/dist/main.js:2:989455
	at Array.forEach (<anonymous>)
	at b.dispose (/home/ubuntu/.vscode-server/cli/servers/Stable-f1a4fb101478ce6ec82fe9627c43efbf9e98c813/server/extensions/git/dist/main.js:2:989441)
	at V1.<anonymous> (file:///home/ubuntu/.vscode-server/cli/servers/Stable-f1a4fb101478ce6ec82fe9627c43efbf9e98c813/server/out/vs/workbench/api/node/extensionHostProcess.js:108:19994)
	at V1.dispose (file:///home/ubuntu/.vscode-server/cli/servers/Stable-f1a4fb101478ce6ec82fe9627c43efbf9e98c813/server/out/vs/workbench/api/node/extensionHostProcess.js:108:20090)
	at V1.<anonymous> (/home/ubuntu/.vscode-server/cli/servers/Stable-f1a4fb101478ce6ec82fe9627c43efbf9e98c813/server/extensions/git/dist/main.js:2:964255)
	at V1.dispose (file:///home/ubuntu/.vscode-server/cli/servers/Stable-f1a4fb101478ce6ec82fe9627c43efbf9e98c813/server/out/vs/workbench/api/node/extensionHostProcess.js:108:20090)
	at ci (file:///home/ubuntu/.vscode-server/cli/servers/Stable-f1a4fb101478ce6ec82fe9627c43efbf9e98c813/server/out/vs/workbench/api/node/extensionHostProcess.js:24:699)
	at file:///home/ubuntu/.vscode-server/cli/servers/Stable-f1a4fb101478ce6ec82fe9627c43efbf9e98c813/server/out/vs/workbench/api/node/extensionHostProcess.js:118:14992
	at file:///home/ubuntu/.vscode-server/cli/servers/Stable-f1a4fb101478ce6ec82fe9627c43efbf9e98c813/server/out/vs/workbench/api/node/extensionHostProcess.js:24:1009
	at Object.dispose (file:///home/ubuntu/.vscode-server/cli/servers/Stable-f1a4fb101478ce6ec82fe9627c43efbf9e98c813/server/out/vs/workbench/api/node/extensionHostProcess.js:7:2146)
	at _z.eb (file:///home/ubuntu/.vscode-server/cli/servers/Stable-f1a4fb101478ce6ec82fe9627c43efbf9e98c813/server/out/vs/workbench/api/node/extensionHostProcess.js:118:11919)
	at file:///home/ubuntu/.vscode-server/cli/servers/Stable-f1a4fb101478ce6ec82fe9627c43efbf9e98c813/server/out/vs/workbench/api/node/extensionHostProcess.js:118:9874
	at Array.map (<anonymous>)
	at _z.$ (file:///home/ubuntu/.vscode-server/cli/servers/Stable-f1a4fb101478ce6ec82fe9627c43efbf9e98c813/server/out/vs/workbench/api/node/extensionHostProcess.js:118:9862)
	at _z.terminate (file:///home/ubuntu/.vscode-server/cli/servers/Stable-f1a4fb101478ce6ec82fe9627c43efbf9e98c813/server/out/vs/workbench/api/node/extensionHostProcess.js:118:10105)
	at xC.terminate (file:///home/ubuntu/.vscode-server/cli/servers/Stable-f1a4fb101478ce6ec82fe9627c43efbf9e98c813/server/out/vs/workbench/api/node/extensionHostProcess.js:119:1424)
	at Zi (file:///home/ubuntu/.vscode-server/cli/servers/Stable-f1a4fb101478ce6ec82fe9627c43efbf9e98c813/server/out/vs/workbench/api/node/extensionHostProcess.js:174:15084)
	at mh.value (file:///home/ubuntu/.vscode-server/cli/servers/Stable-f1a4fb101478ce6ec82fe9627c43efbf9e98c813/server/out/vs/workbench/api/node/extensionHostProcess.js:174:13245)
	at P.B (file:///home/ubuntu/.vscode-server/cli/servers/Stable-f1a4fb101478ce6ec82fe9627c43efbf9e98c813/server/out/vs/workbench/api/node/extensionHostProcess.js:29:746)
	at P.fire (file:///home/ubuntu/.vscode-server/cli/servers/Stable-f1a4fb101478ce6ec82fe9627c43efbf9e98c813/server/out/vs/workbench/api/node/extensionHostProcess.js:29:964)
	at Vn.fire (file:///home/ubuntu/.vscode-server/cli/servers/Stable-f1a4fb101478ce6ec82fe9627c43efbf9e98c813/server/out/vs/workbench/api/node/extensionHostProcess.js:31:9457)
	at Fm.A (file:///home/ubuntu/.vscode-server/cli/servers/Stable-f1a4fb101478ce6ec82fe9627c43efbf9e98c813/server/out/vs/workbench/api/node/extensionHostProcess.js:31:12573)
	at mh.value (file:///home/ubuntu/.vscode-server/cli/servers/Stable-f1a4fb101478ce6ec82fe9627c43efbf9e98c813/server/out/vs/workbench/api/node/extensionHostProcess.js:31:10993)
	at P.B (file:///home/ubuntu/.vscode-server/cli/servers/Stable-f1a4fb101478ce6ec82fe9627c43efbf9e98c813/server/out/vs/workbench/api/node/extensionHostProcess.js:29:746)
	at P.fire (file:///home/ubuntu/.vscode-server/cli/servers/Stable-f1a4fb101478ce6ec82fe9627c43efbf9e98c813/server/out/vs/workbench/api/node/extensionHostProcess.js:29:964)
	at j5.acceptChunk (file:///home/ubuntu/.vscode-server/cli/servers/Stable-f1a4fb101478ce6ec82fe9627c43efbf9e98c813/server/out/vs/workbench/api/node/extensionHostProcess.js:31:7940)
	at file:///home/ubuntu/.vscode-server/cli/servers/Stable-f1a4fb101478ce6ec82fe9627c43efbf9e98c813/server/out/vs/workbench/api/node/extensionHostProcess.js:31:7226
	at Socket.t (file:///home/ubuntu/.vscode-server/cli/servers/Stable-f1a4fb101478ce6ec82fe9627c43efbf9e98c813/server/out/vs/workbench/api/node/extensionHostProcess.js:31:15451)
	at Socket.emit (node:events:519:28)
	at addChunk (node:internal/streams/readable:559:12)
	at readableAddChunkPushByteMode (node:internal/streams/readable:510:3)
	at Readable.push (node:internal/streams/readable:390:5)
	at Pipe.onStreamRead (node:internal/stream_base_commons:191:23) setContext undefined
2024-12-05 01:37:40.617 [error] Canceled: Canceled
	at new tT (file:///home/ubuntu/.vscode-server/cli/servers/Stable-f1a4fb101478ce6ec82fe9627c43efbf9e98c813/server/out/vs/workbench/api/node/extensionHostProcess.js:31:151066)
	at py.U (file:///home/ubuntu/.vscode-server/cli/servers/Stable-f1a4fb101478ce6ec82fe9627c43efbf9e98c813/server/out/vs/workbench/api/node/extensionHostProcess.js:31:155676)
	at s.<computed>.n.charCodeAt.s.<computed> (file:///home/ubuntu/.vscode-server/cli/servers/Stable-f1a4fb101478ce6ec82fe9627c43efbf9e98c813/server/out/vs/workbench/api/node/extensionHostProcess.js:31:153170)
	at Y0.g (file:///home/ubuntu/.vscode-server/cli/servers/Stable-f1a4fb101478ce6ec82fe9627c43efbf9e98c813/server/out/vs/workbench/api/node/extensionHostProcess.js:114:32313)
	at Y0.executeCommand (file:///home/ubuntu/.vscode-server/cli/servers/Stable-f1a4fb101478ce6ec82fe9627c43efbf9e98c813/server/out/vs/workbench/api/node/extensionHostProcess.js:114:31817)
	at r.registerCommand.description (file:///home/ubuntu/.vscode-server/cli/servers/Stable-f1a4fb101478ce6ec82fe9627c43efbf9e98c813/server/out/vs/workbench/api/node/extensionHostProcess.js:114:31147)
	at Y0.h (file:///home/ubuntu/.vscode-server/cli/servers/Stable-f1a4fb101478ce6ec82fe9627c43efbf9e98c813/server/out/vs/workbench/api/node/extensionHostProcess.js:114:32833)
	at Y0.g (file:///home/ubuntu/.vscode-server/cli/servers/Stable-f1a4fb101478ce6ec82fe9627c43efbf9e98c813/server/out/vs/workbench/api/node/extensionHostProcess.js:114:31910)
	at Y0.executeCommand (file:///home/ubuntu/.vscode-server/cli/servers/Stable-f1a4fb101478ce6ec82fe9627c43efbf9e98c813/server/out/vs/workbench/api/node/extensionHostProcess.js:114:31817)
	at Object.executeCommand (file:///home/ubuntu/.vscode-server/cli/servers/Stable-f1a4fb101478ce6ec82fe9627c43efbf9e98c813/server/out/vs/workbench/api/node/extensionHostProcess.js:156:37246)
	at set hasGitHubRepositories [as hasGitHubRepositories] (/home/ubuntu/.vscode-server/cli/servers/Stable-f1a4fb101478ce6ec82fe9627c43efbf9e98c813/server/extensions/github/dist/extension.js:2:328633)
	at /home/ubuntu/.vscode-server/cli/servers/Stable-f1a4fb101478ce6ec82fe9627c43efbf9e98c813/server/extensions/github/dist/extension.js:2:329592
	at mh.value (/home/ubuntu/.vscode-server/cli/servers/Stable-f1a4fb101478ce6ec82fe9627c43efbf9e98c813/server/extensions/git/dist/main.js:2:1073936)
	at P.B (file:///home/ubuntu/.vscode-server/cli/servers/Stable-f1a4fb101478ce6ec82fe9627c43efbf9e98c813/server/out/vs/workbench/api/node/extensionHostProcess.js:29:746)
	at P.C (file:///home/ubuntu/.vscode-server/cli/servers/Stable-f1a4fb101478ce6ec82fe9627c43efbf9e98c813/server/out/vs/workbench/api/node/extensionHostProcess.js:29:816)
	at P.fire (file:///home/ubuntu/.vscode-server/cli/servers/Stable-f1a4fb101478ce6ec82fe9627c43efbf9e98c813/server/out/vs/workbench/api/node/extensionHostProcess.js:29:1033)
	at Object.p [as dispose] (/home/ubuntu/.vscode-server/cli/servers/Stable-f1a4fb101478ce6ec82fe9627c43efbf9e98c813/server/extensions/git/dist/main.js:2:983333)
	at /home/ubuntu/.vscode-server/cli/servers/Stable-f1a4fb101478ce6ec82fe9627c43efbf9e98c813/server/extensions/git/dist/main.js:2:989455
	at Array.forEach (<anonymous>)
	at b.dispose (/home/ubuntu/.vscode-server/cli/servers/Stable-f1a4fb101478ce6ec82fe9627c43efbf9e98c813/server/extensions/git/dist/main.js:2:989441)
	at V1.<anonymous> (file:///home/ubuntu/.vscode-server/cli/servers/Stable-f1a4fb101478ce6ec82fe9627c43efbf9e98c813/server/out/vs/workbench/api/node/extensionHostProcess.js:108:19994)
	at V1.dispose (file:///home/ubuntu/.vscode-server/cli/servers/Stable-f1a4fb101478ce6ec82fe9627c43efbf9e98c813/server/out/vs/workbench/api/node/extensionHostProcess.js:108:20090)
	at V1.<anonymous> (/home/ubuntu/.vscode-server/cli/servers/Stable-f1a4fb101478ce6ec82fe9627c43efbf9e98c813/server/extensions/git/dist/main.js:2:964255)
	at V1.dispose (file:///home/ubuntu/.vscode-server/cli/servers/Stable-f1a4fb101478ce6ec82fe9627c43efbf9e98c813/server/out/vs/workbench/api/node/extensionHostProcess.js:108:20090)
	at ci (file:///home/ubuntu/.vscode-server/cli/servers/Stable-f1a4fb101478ce6ec82fe9627c43efbf9e98c813/server/out/vs/workbench/api/node/extensionHostProcess.js:24:699)
	at file:///home/ubuntu/.vscode-server/cli/servers/Stable-f1a4fb101478ce6ec82fe9627c43efbf9e98c813/server/out/vs/workbench/api/node/extensionHostProcess.js:118:14992
	at file:///home/ubuntu/.vscode-server/cli/servers/Stable-f1a4fb101478ce6ec82fe9627c43efbf9e98c813/server/out/vs/workbench/api/node/extensionHostProcess.js:24:1009
	at Object.dispose (file:///home/ubuntu/.vscode-server/cli/servers/Stable-f1a4fb101478ce6ec82fe9627c43efbf9e98c813/server/out/vs/workbench/api/node/extensionHostProcess.js:7:2146)
	at _z.eb (file:///home/ubuntu/.vscode-server/cli/servers/Stable-f1a4fb101478ce6ec82fe9627c43efbf9e98c813/server/out/vs/workbench/api/node/extensionHostProcess.js:118:11919)
	at file:///home/ubuntu/.vscode-server/cli/servers/Stable-f1a4fb101478ce6ec82fe9627c43efbf9e98c813/server/out/vs/workbench/api/node/extensionHostProcess.js:118:9874
	at Array.map (<anonymous>)
	at _z.$ (file:///home/ubuntu/.vscode-server/cli/servers/Stable-f1a4fb101478ce6ec82fe9627c43efbf9e98c813/server/out/vs/workbench/api/node/extensionHostProcess.js:118:9862)
	at _z.terminate (file:///home/ubuntu/.vscode-server/cli/servers/Stable-f1a4fb101478ce6ec82fe9627c43efbf9e98c813/server/out/vs/workbench/api/node/extensionHostProcess.js:118:10105)
	at xC.terminate (file:///home/ubuntu/.vscode-server/cli/servers/Stable-f1a4fb101478ce6ec82fe9627c43efbf9e98c813/server/out/vs/workbench/api/node/extensionHostProcess.js:119:1424)
	at Zi (file:///home/ubuntu/.vscode-server/cli/servers/Stable-f1a4fb101478ce6ec82fe9627c43efbf9e98c813/server/out/vs/workbench/api/node/extensionHostProcess.js:174:15084)
	at mh.value (file:///home/ubuntu/.vscode-server/cli/servers/Stable-f1a4fb101478ce6ec82fe9627c43efbf9e98c813/server/out/vs/workbench/api/node/extensionHostProcess.js:174:13245)
	at P.B (file:///home/ubuntu/.vscode-server/cli/servers/Stable-f1a4fb101478ce6ec82fe9627c43efbf9e98c813/server/out/vs/workbench/api/node/extensionHostProcess.js:29:746)
	at P.fire (file:///home/ubuntu/.vscode-server/cli/servers/Stable-f1a4fb101478ce6ec82fe9627c43efbf9e98c813/server/out/vs/workbench/api/node/extensionHostProcess.js:29:964)
	at Vn.fire (file:///home/ubuntu/.vscode-server/cli/servers/Stable-f1a4fb101478ce6ec82fe9627c43efbf9e98c813/server/out/vs/workbench/api/node/extensionHostProcess.js:31:9457)
	at Fm.A (file:///home/ubuntu/.vscode-server/cli/servers/Stable-f1a4fb101478ce6ec82fe9627c43efbf9e98c813/server/out/vs/workbench/api/node/extensionHostProcess.js:31:12573)
	at mh.value (file:///home/ubuntu/.vscode-server/cli/servers/Stable-f1a4fb101478ce6ec82fe9627c43efbf9e98c813/server/out/vs/workbench/api/node/extensionHostProcess.js:31:10993)
	at P.B (file:///home/ubuntu/.vscode-server/cli/servers/Stable-f1a4fb101478ce6ec82fe9627c43efbf9e98c813/server/out/vs/workbench/api/node/extensionHostProcess.js:29:746)
	at P.fire (file:///home/ubuntu/.vscode-server/cli/servers/Stable-f1a4fb101478ce6ec82fe9627c43efbf9e98c813/server/out/vs/workbench/api/node/extensionHostProcess.js:29:964)
	at j5.acceptChunk (file:///home/ubuntu/.vscode-server/cli/servers/Stable-f1a4fb101478ce6ec82fe9627c43efbf9e98c813/server/out/vs/workbench/api/node/extensionHostProcess.js:31:7940)
	at file:///home/ubuntu/.vscode-server/cli/servers/Stable-f1a4fb101478ce6ec82fe9627c43efbf9e98c813/server/out/vs/workbench/api/node/extensionHostProcess.js:31:7226
	at Socket.t (file:///home/ubuntu/.vscode-server/cli/servers/Stable-f1a4fb101478ce6ec82fe9627c43efbf9e98c813/server/out/vs/workbench/api/node/extensionHostProcess.js:31:15451)
	at Socket.emit (node:events:519:28)
	at addChunk (node:internal/streams/readable:559:12)
	at readableAddChunkPushByteMode (node:internal/streams/readable:510:3)
	at Readable.push (node:internal/streams/readable:390:5)
	at Pipe.onStreamRead (node:internal/stream_base_commons:191:23) setContext undefined
2024-12-05 01:37:40.623 [info] Extension host with pid 1571379 exiting with code 0
