2024-12-03 23:34:21.988 [info] [main] 로그 수준: Info
2024-12-03 23:34:21.988 [info] [main] "git"에서 찾은 git 유효성을 검사하는 중
2024-12-03 23:34:21.988 [info] [main] "2.43.0"에서 git "git"을(를) 사용하는 중
2024-12-03 23:34:21.988 [info] [Model][doInitialScan] Initial repository scan started
2024-12-03 23:34:21.996 [info] > git rev-parse --show-toplevel [12ms]
2024-12-03 23:34:22.003 [info] > git rev-parse --git-dir --git-common-dir [3ms]
2024-12-03 23:34:22.012 [info] [Model][openRepository] Opened repository: /home/ubuntu
2024-12-03 23:34:22.020 [info] > git config --get commit.template [3ms]
2024-12-03 23:34:22.020 [info] > git rev-parse --show-toplevel [2ms]
2024-12-03 23:34:22.026 [info] > git for-each-ref --format=%(refname)%00%(upstream:short)%00%(objectname)%00%(upstream:track)%00%(upstream:remotename)%00%(upstream:remoteref) refs/heads/main refs/remotes/main [3ms]
2024-12-03 23:34:22.027 [info] > git rev-parse --show-toplevel [2ms]
2024-12-03 23:34:22.036 [info] > git rev-parse --show-toplevel [6ms]
2024-12-03 23:34:22.036 [info] > git for-each-ref --sort -committerdate --format %(refname) %(objectname) %(*objectname) [1ms]
2024-12-03 23:34:22.040 [info] > git rev-parse --show-toplevel [1ms]
2024-12-03 23:34:22.043 [info] > git rev-parse --show-toplevel [1ms]
2024-12-03 23:34:22.046 [info] > git rev-parse --show-toplevel [1ms]
2024-12-03 23:34:22.049 [info] > git rev-parse --show-toplevel [1ms]
2024-12-03 23:34:22.052 [info] > git rev-parse --show-toplevel [1ms]
2024-12-03 23:34:22.054 [info] > git rev-parse --show-toplevel [0ms]
2024-12-03 23:34:22.057 [info] [Model][doInitialScan] Initial repository scan completed - repositories (1), closed repositories (0), parent repositories (0), unsafe repositories (0)
2024-12-03 23:34:22.134 [info] > git status -z -uall [102ms]
2024-12-03 23:34:22.249 [info] > git config --get commit.template [41ms]
2024-12-03 23:34:22.249 [info] > git for-each-ref --format=%(refname)%00%(upstream:short)%00%(objectname)%00%(upstream:track)%00%(upstream:remotename)%00%(upstream:remoteref) refs/heads/main refs/remotes/main [49ms]
2024-12-03 23:34:22.610 [info] > git config --local branch.main.vscode-merge-base [354ms]
2024-12-03 23:34:22.610 [warning] [Git][config] git config failed: Failed to execute git
2024-12-03 23:34:22.628 [info] > git reflog main --grep-reflog=branch: Created from *. [13ms]
2024-12-03 23:34:22.632 [info] > git for-each-ref --format=%(refname)%00%(upstream:short)%00%(objectname)%00%(upstream:track)%00%(upstream:remotename)%00%(upstream:remoteref) refs/heads/main refs/remotes/main [5ms]
2024-12-03 23:34:22.632 [info] > git check-ignore -v -z --stdin [13ms]
2024-12-03 23:34:22.642 [info] > git symbolic-ref --short refs/remotes/origin/HEAD [11ms]
2024-12-03 23:34:22.642 [info] fatal: ref refs/remotes/origin/HEAD is not a symbolic ref
2024-12-03 23:34:22.642 [warning] [Repository][getDefaultBranch] Failed to get default branch details: Failed to execute git.
2024-12-03 23:34:22.647 [info] > git for-each-ref --sort -committerdate --format %(refname) %(objectname) %(*objectname) [6ms]
2024-12-03 23:34:22.649 [info] > git merge-base refs/heads/main refs/remotes/origin/main [3ms]
2024-12-03 23:34:22.657 [info] > git diff --name-status -z --diff-filter=ADMR 46e7b5737007e12c6ab7612118e9bc1ace9d020f...refs/remotes/origin/main [5ms]
2024-12-03 23:34:22.717 [info] > git status -z -uall [79ms]
