2024-12-04 20:48:26.519 [info] Extension host with pid 1569202 started
2024-12-04 20:48:26.635 [info] Lock '/home/ubuntu/.vscode-server/data/User/workspaceStorage/89c7bb5c0ce2071f34ce53eb8b7aa3eb/vscode.lock': Lock acquired.
2024-12-04 20:48:26.650 [info] ExtensionService#_doActivateExtension vscode.emmet, startup: false, activationEvent: 'onLanguage'
2024-12-04 20:48:26.651 [info] ExtensionService#_doActivateExtension vscode.configuration-editing, startup: false, activationEvent: 'onLanguage:json'
2024-12-04 20:48:26.651 [info] ExtensionService#_doActivateExtension vscode.extension-editing, startup: false, activationEvent: 'onLanguage:json'
2024-12-04 20:48:26.652 [info] ExtensionService#_doActivateExtension vscode.json-language-features, startup: false, activationEvent: 'onLanguage:json'
2024-12-04 20:48:26.652 [info] ExtensionService#_doActivateExtension vscode.npm, startup: false, activationEvent: 'onLanguage:json'
2024-12-04 20:48:26.652 [info] ExtensionService#_doActivateExtension vscode.git-base, startup: false, activationEvent: '*', root cause: vscode.git
2024-12-04 20:48:27.002 [info] ExtensionService#_doActivateExtension vscode.git, startup: false, activationEvent: '*'
2024-12-04 20:48:27.002 [info] ExtensionService#_doActivateExtension vscode.github, startup: false, activationEvent: '*'
2024-12-04 20:48:27.556 [info] Eager extensions activated
2024-12-04 20:48:27.559 [info] ExtensionService#_doActivateExtension vscode.debug-auto-launch, startup: false, activationEvent: 'onStartupFinished'
2024-12-04 20:48:27.560 [info] ExtensionService#_doActivateExtension vscode.merge-conflict, startup: false, activationEvent: 'onStartupFinished'
2024-12-04 20:48:27.646 [warning] [Decorations] CAPPING events from decorations provider vscode.git 4764
2024-12-04 20:48:28.256 [warning] [Decorations] CAPPING events from decorations provider vscode.git 4764
2024-12-04 20:48:28.836 [info] ExtensionService#_doActivateExtension vscode.tunnel-forwarding, startup: false, activationEvent: 'onTunnel'
2024-12-04 20:55:33.652 [warning] [Decorations] CAPPING events from decorations provider vscode.git 4765
2024-12-04 20:58:43.599 [warning] [Decorations] CAPPING events from decorations provider vscode.git 4764
2024-12-04 21:00:47.319 [warning] [Decorations] CAPPING events from decorations provider vscode.git 4764
2024-12-04 21:00:52.563 [warning] [Decorations] CAPPING events from decorations provider vscode.git 4764
2024-12-04 21:01:28.360 [warning] [Decorations] CAPPING events from decorations provider vscode.git 4764
2024-12-04 21:01:33.546 [warning] [Decorations] CAPPING events from decorations provider vscode.git 4764
2024-12-04 21:01:38.756 [warning] [Decorations] CAPPING events from decorations provider vscode.git 4764
2024-12-04 21:01:43.983 [warning] [Decorations] CAPPING events from decorations provider vscode.git 4764
2024-12-04 21:01:49.194 [warning] [Decorations] CAPPING events from decorations provider vscode.git 4764
2024-12-04 21:01:55.778 [warning] [Decorations] CAPPING events from decorations provider vscode.git 4764
2024-12-04 21:02:00.978 [warning] [Decorations] CAPPING events from decorations provider vscode.git 4764
2024-12-04 21:02:06.238 [warning] [Decorations] CAPPING events from decorations provider vscode.git 4764
2024-12-04 21:02:13.989 [warning] [Decorations] CAPPING events from decorations provider vscode.git 4764
2024-12-04 21:02:22.293 [warning] [Decorations] CAPPING events from decorations provider vscode.git 4764
2024-12-04 21:04:05.359 [warning] [Decorations] CAPPING events from decorations provider vscode.git 4765
2024-12-04 21:04:12.438 [warning] [Decorations] CAPPING events from decorations provider vscode.git 4764
2024-12-04 21:05:00.433 [warning] [Decorations] CAPPING events from decorations provider vscode.git 4764
2024-12-04 21:05:59.070 [warning] [Decorations] CAPPING events from decorations provider vscode.git 4764
2024-12-04 21:06:04.302 [warning] [Decorations] CAPPING events from decorations provider vscode.git 4765
2024-12-04 21:06:09.507 [warning] [Decorations] CAPPING events from decorations provider vscode.git 4765
2024-12-04 21:11:36.418 [warning] [Decorations] CAPPING events from decorations provider vscode.git 4765
2024-12-04 21:11:41.666 [warning] [Decorations] CAPPING events from decorations provider vscode.git 4765
2024-12-04 21:14:04.579 [warning] [Decorations] CAPPING events from decorations provider vscode.git 4766
2024-12-04 21:14:09.767 [warning] [Decorations] CAPPING events from decorations provider vscode.git 4766
2024-12-04 21:15:54.624 [warning] [Decorations] CAPPING events from decorations provider vscode.git 4765
2024-12-04 21:16:01.977 [warning] [Decorations] CAPPING events from decorations provider vscode.git 4765
2024-12-04 21:16:09.890 [warning] [Decorations] CAPPING events from decorations provider vscode.git 4765
2024-12-04 21:16:15.073 [warning] [Decorations] CAPPING events from decorations provider vscode.git 4765
2024-12-04 21:16:20.300 [warning] [Decorations] CAPPING events from decorations provider vscode.git 4765
2024-12-04 21:16:32.238 [warning] [Decorations] CAPPING events from decorations provider vscode.git 4765
2024-12-04 21:16:37.457 [warning] [Decorations] CAPPING events from decorations provider vscode.git 4765
2024-12-04 21:17:01.206 [warning] [Decorations] CAPPING events from decorations provider vscode.git 4765
2024-12-04 21:17:06.416 [warning] [Decorations] CAPPING events from decorations provider vscode.git 4765
2024-12-04 21:17:11.624 [warning] [Decorations] CAPPING events from decorations provider vscode.git 4765
2024-12-04 21:17:18.391 [warning] [Decorations] CAPPING events from decorations provider vscode.git 4765
2024-12-04 21:17:23.614 [warning] [Decorations] CAPPING events from decorations provider vscode.git 4765
2024-12-04 21:17:28.849 [warning] [Decorations] CAPPING events from decorations provider vscode.git 4765
2024-12-04 21:17:34.064 [warning] [Decorations] CAPPING events from decorations provider vscode.git 4765
2024-12-04 21:17:39.297 [warning] [Decorations] CAPPING events from decorations provider vscode.git 4765
2024-12-04 21:20:49.132 [warning] [Decorations] CAPPING events from decorations provider vscode.git 4765
2024-12-04 21:20:54.356 [warning] [Decorations] CAPPING events from decorations provider vscode.git 4765
2024-12-04 21:20:59.626 [warning] [Decorations] CAPPING events from decorations provider vscode.git 4765
2024-12-04 21:24:29.102 [warning] [Decorations] CAPPING events from decorations provider vscode.git 4765
2024-12-04 21:24:30.434 [info] ExtensionService#_doActivateExtension vscode.markdown-language-features, startup: false, activationEvent: 'onLanguage:markdown'
2024-12-04 21:24:31.177 [info] ExtensionService#_doActivateExtension vscode.markdown-math, startup: false, activationEvent: 'api', root cause: vscode.markdown-language-features
2024-12-04 21:24:34.363 [warning] [Decorations] CAPPING events from decorations provider vscode.git 4766
2024-12-04 21:24:36.022 [info] ExtensionService#_doActivateExtension vscode.html-language-features, startup: false, activationEvent: 'onLanguage:html'
2024-12-04 21:24:39.572 [warning] [Decorations] CAPPING events from decorations provider vscode.git 4767
2024-12-04 21:24:44.809 [warning] [Decorations] CAPPING events from decorations provider vscode.git 4767
2024-12-04 21:24:50.046 [warning] [Decorations] CAPPING events from decorations provider vscode.git 4767
2024-12-04 21:26:35.163 [warning] [Decorations] CAPPING events from decorations provider vscode.git 4767
2024-12-04 21:26:40.400 [warning] [Decorations] CAPPING events from decorations provider vscode.git 4767
2024-12-04 21:26:45.618 [warning] [Decorations] CAPPING events from decorations provider vscode.git 4767
2024-12-04 21:26:50.831 [warning] [Decorations] CAPPING events from decorations provider vscode.git 4768
2024-12-04 21:26:56.041 [warning] [Decorations] CAPPING events from decorations provider vscode.git 4768
2024-12-04 21:27:00.860 [info] Extension host terminating: received terminate message from renderer
2024-12-04 21:27:00.862 [info] Lock '/home/ubuntu/.vscode-server/data/User/workspaceStorage/89c7bb5c0ce2071f34ce53eb8b7aa3eb/vscode.lock': Marking the lockfile as scheduled to be released in 6000 ms.
2024-12-04 21:27:00.934 [error] Canceled: Canceled
	at new tT (file:///home/ubuntu/.vscode-server/cli/servers/Stable-f1a4fb101478ce6ec82fe9627c43efbf9e98c813/server/out/vs/workbench/api/node/extensionHostProcess.js:31:151066)
	at py.U (file:///home/ubuntu/.vscode-server/cli/servers/Stable-f1a4fb101478ce6ec82fe9627c43efbf9e98c813/server/out/vs/workbench/api/node/extensionHostProcess.js:31:155676)
	at s.<computed>.n.charCodeAt.s.<computed> (file:///home/ubuntu/.vscode-server/cli/servers/Stable-f1a4fb101478ce6ec82fe9627c43efbf9e98c813/server/out/vs/workbench/api/node/extensionHostProcess.js:31:153170)
	at Y0.g (file:///home/ubuntu/.vscode-server/cli/servers/Stable-f1a4fb101478ce6ec82fe9627c43efbf9e98c813/server/out/vs/workbench/api/node/extensionHostProcess.js:114:32313)
	at Y0.executeCommand (file:///home/ubuntu/.vscode-server/cli/servers/Stable-f1a4fb101478ce6ec82fe9627c43efbf9e98c813/server/out/vs/workbench/api/node/extensionHostProcess.js:114:31817)
	at r.registerCommand.description (file:///home/ubuntu/.vscode-server/cli/servers/Stable-f1a4fb101478ce6ec82fe9627c43efbf9e98c813/server/out/vs/workbench/api/node/extensionHostProcess.js:114:31147)
	at Y0.h (file:///home/ubuntu/.vscode-server/cli/servers/Stable-f1a4fb101478ce6ec82fe9627c43efbf9e98c813/server/out/vs/workbench/api/node/extensionHostProcess.js:114:32833)
	at Y0.g (file:///home/ubuntu/.vscode-server/cli/servers/Stable-f1a4fb101478ce6ec82fe9627c43efbf9e98c813/server/out/vs/workbench/api/node/extensionHostProcess.js:114:31910)
	at Y0.executeCommand (file:///home/ubuntu/.vscode-server/cli/servers/Stable-f1a4fb101478ce6ec82fe9627c43efbf9e98c813/server/out/vs/workbench/api/node/extensionHostProcess.js:114:31817)
	at Object.executeCommand (file:///home/ubuntu/.vscode-server/cli/servers/Stable-f1a4fb101478ce6ec82fe9627c43efbf9e98c813/server/out/vs/workbench/api/node/extensionHostProcess.js:156:37246)
	at mh.O [as value] (/home/ubuntu/.vscode-server/cli/servers/Stable-f1a4fb101478ce6ec82fe9627c43efbf9e98c813/server/extensions/git/dist/main.js:2:961845)
	at P.B (file:///home/ubuntu/.vscode-server/cli/servers/Stable-f1a4fb101478ce6ec82fe9627c43efbf9e98c813/server/out/vs/workbench/api/node/extensionHostProcess.js:29:746)
	at P.C (file:///home/ubuntu/.vscode-server/cli/servers/Stable-f1a4fb101478ce6ec82fe9627c43efbf9e98c813/server/out/vs/workbench/api/node/extensionHostProcess.js:29:816)
	at P.fire (file:///home/ubuntu/.vscode-server/cli/servers/Stable-f1a4fb101478ce6ec82fe9627c43efbf9e98c813/server/out/vs/workbench/api/node/extensionHostProcess.js:29:1033)
	at Object.p [as dispose] (/home/ubuntu/.vscode-server/cli/servers/Stable-f1a4fb101478ce6ec82fe9627c43efbf9e98c813/server/extensions/git/dist/main.js:2:983333)
	at /home/ubuntu/.vscode-server/cli/servers/Stable-f1a4fb101478ce6ec82fe9627c43efbf9e98c813/server/extensions/git/dist/main.js:2:989455
	at Array.forEach (<anonymous>)
	at b.dispose (/home/ubuntu/.vscode-server/cli/servers/Stable-f1a4fb101478ce6ec82fe9627c43efbf9e98c813/server/extensions/git/dist/main.js:2:989441)
	at V1.<anonymous> (file:///home/ubuntu/.vscode-server/cli/servers/Stable-f1a4fb101478ce6ec82fe9627c43efbf9e98c813/server/out/vs/workbench/api/node/extensionHostProcess.js:108:19994)
	at V1.dispose (file:///home/ubuntu/.vscode-server/cli/servers/Stable-f1a4fb101478ce6ec82fe9627c43efbf9e98c813/server/out/vs/workbench/api/node/extensionHostProcess.js:108:20090)
	at V1.<anonymous> (/home/ubuntu/.vscode-server/cli/servers/Stable-f1a4fb101478ce6ec82fe9627c43efbf9e98c813/server/extensions/git/dist/main.js:2:964255)
	at V1.dispose (file:///home/ubuntu/.vscode-server/cli/servers/Stable-f1a4fb101478ce6ec82fe9627c43efbf9e98c813/server/out/vs/workbench/api/node/extensionHostProcess.js:108:20090)
	at ci (file:///home/ubuntu/.vscode-server/cli/servers/Stable-f1a4fb101478ce6ec82fe9627c43efbf9e98c813/server/out/vs/workbench/api/node/extensionHostProcess.js:24:699)
	at file:///home/ubuntu/.vscode-server/cli/servers/Stable-f1a4fb101478ce6ec82fe9627c43efbf9e98c813/server/out/vs/workbench/api/node/extensionHostProcess.js:118:14992
	at file:///home/ubuntu/.vscode-server/cli/servers/Stable-f1a4fb101478ce6ec82fe9627c43efbf9e98c813/server/out/vs/workbench/api/node/extensionHostProcess.js:24:1009
	at Object.dispose (file:///home/ubuntu/.vscode-server/cli/servers/Stable-f1a4fb101478ce6ec82fe9627c43efbf9e98c813/server/out/vs/workbench/api/node/extensionHostProcess.js:7:2146)
	at _z.eb (file:///home/ubuntu/.vscode-server/cli/servers/Stable-f1a4fb101478ce6ec82fe9627c43efbf9e98c813/server/out/vs/workbench/api/node/extensionHostProcess.js:118:11919)
	at file:///home/ubuntu/.vscode-server/cli/servers/Stable-f1a4fb101478ce6ec82fe9627c43efbf9e98c813/server/out/vs/workbench/api/node/extensionHostProcess.js:118:9874
	at Array.map (<anonymous>)
	at _z.$ (file:///home/ubuntu/.vscode-server/cli/servers/Stable-f1a4fb101478ce6ec82fe9627c43efbf9e98c813/server/out/vs/workbench/api/node/extensionHostProcess.js:118:9862)
	at _z.terminate (file:///home/ubuntu/.vscode-server/cli/servers/Stable-f1a4fb101478ce6ec82fe9627c43efbf9e98c813/server/out/vs/workbench/api/node/extensionHostProcess.js:118:10105)
	at xC.terminate (file:///home/ubuntu/.vscode-server/cli/servers/Stable-f1a4fb101478ce6ec82fe9627c43efbf9e98c813/server/out/vs/workbench/api/node/extensionHostProcess.js:119:1424)
	at Zi (file:///home/ubuntu/.vscode-server/cli/servers/Stable-f1a4fb101478ce6ec82fe9627c43efbf9e98c813/server/out/vs/workbench/api/node/extensionHostProcess.js:174:15084)
	at mh.value (file:///home/ubuntu/.vscode-server/cli/servers/Stable-f1a4fb101478ce6ec82fe9627c43efbf9e98c813/server/out/vs/workbench/api/node/extensionHostProcess.js:174:13245)
	at P.B (file:///home/ubuntu/.vscode-server/cli/servers/Stable-f1a4fb101478ce6ec82fe9627c43efbf9e98c813/server/out/vs/workbench/api/node/extensionHostProcess.js:29:746)
	at P.fire (file:///home/ubuntu/.vscode-server/cli/servers/Stable-f1a4fb101478ce6ec82fe9627c43efbf9e98c813/server/out/vs/workbench/api/node/extensionHostProcess.js:29:964)
	at Vn.fire (file:///home/ubuntu/.vscode-server/cli/servers/Stable-f1a4fb101478ce6ec82fe9627c43efbf9e98c813/server/out/vs/workbench/api/node/extensionHostProcess.js:31:9457)
	at Fm.A (file:///home/ubuntu/.vscode-server/cli/servers/Stable-f1a4fb101478ce6ec82fe9627c43efbf9e98c813/server/out/vs/workbench/api/node/extensionHostProcess.js:31:12573)
	at mh.value (file:///home/ubuntu/.vscode-server/cli/servers/Stable-f1a4fb101478ce6ec82fe9627c43efbf9e98c813/server/out/vs/workbench/api/node/extensionHostProcess.js:31:10993)
	at P.B (file:///home/ubuntu/.vscode-server/cli/servers/Stable-f1a4fb101478ce6ec82fe9627c43efbf9e98c813/server/out/vs/workbench/api/node/extensionHostProcess.js:29:746)
	at P.fire (file:///home/ubuntu/.vscode-server/cli/servers/Stable-f1a4fb101478ce6ec82fe9627c43efbf9e98c813/server/out/vs/workbench/api/node/extensionHostProcess.js:29:964)
	at j5.acceptChunk (file:///home/ubuntu/.vscode-server/cli/servers/Stable-f1a4fb101478ce6ec82fe9627c43efbf9e98c813/server/out/vs/workbench/api/node/extensionHostProcess.js:31:7940)
	at file:///home/ubuntu/.vscode-server/cli/servers/Stable-f1a4fb101478ce6ec82fe9627c43efbf9e98c813/server/out/vs/workbench/api/node/extensionHostProcess.js:31:7226
	at Socket.t (file:///home/ubuntu/.vscode-server/cli/servers/Stable-f1a4fb101478ce6ec82fe9627c43efbf9e98c813/server/out/vs/workbench/api/node/extensionHostProcess.js:31:15451)
	at Socket.emit (node:events:519:28)
	at addChunk (node:internal/streams/readable:559:12)
	at readableAddChunkPushByteMode (node:internal/streams/readable:510:3)
	at Readable.push (node:internal/streams/readable:390:5)
	at Pipe.onStreamRead (node:internal/stream_base_commons:191:23) setContext undefined
2024-12-04 21:27:00.937 [error] Canceled: Canceled
	at new tT (file:///home/ubuntu/.vscode-server/cli/servers/Stable-f1a4fb101478ce6ec82fe9627c43efbf9e98c813/server/out/vs/workbench/api/node/extensionHostProcess.js:31:151066)
	at py.U (file:///home/ubuntu/.vscode-server/cli/servers/Stable-f1a4fb101478ce6ec82fe9627c43efbf9e98c813/server/out/vs/workbench/api/node/extensionHostProcess.js:31:155676)
	at s.<computed>.n.charCodeAt.s.<computed> (file:///home/ubuntu/.vscode-server/cli/servers/Stable-f1a4fb101478ce6ec82fe9627c43efbf9e98c813/server/out/vs/workbench/api/node/extensionHostProcess.js:31:153170)
	at Y0.g (file:///home/ubuntu/.vscode-server/cli/servers/Stable-f1a4fb101478ce6ec82fe9627c43efbf9e98c813/server/out/vs/workbench/api/node/extensionHostProcess.js:114:32313)
	at Y0.executeCommand (file:///home/ubuntu/.vscode-server/cli/servers/Stable-f1a4fb101478ce6ec82fe9627c43efbf9e98c813/server/out/vs/workbench/api/node/extensionHostProcess.js:114:31817)
	at r.registerCommand.description (file:///home/ubuntu/.vscode-server/cli/servers/Stable-f1a4fb101478ce6ec82fe9627c43efbf9e98c813/server/out/vs/workbench/api/node/extensionHostProcess.js:114:31147)
	at Y0.h (file:///home/ubuntu/.vscode-server/cli/servers/Stable-f1a4fb101478ce6ec82fe9627c43efbf9e98c813/server/out/vs/workbench/api/node/extensionHostProcess.js:114:32833)
	at Y0.g (file:///home/ubuntu/.vscode-server/cli/servers/Stable-f1a4fb101478ce6ec82fe9627c43efbf9e98c813/server/out/vs/workbench/api/node/extensionHostProcess.js:114:31910)
	at Y0.executeCommand (file:///home/ubuntu/.vscode-server/cli/servers/Stable-f1a4fb101478ce6ec82fe9627c43efbf9e98c813/server/out/vs/workbench/api/node/extensionHostProcess.js:114:31817)
	at Object.executeCommand (file:///home/ubuntu/.vscode-server/cli/servers/Stable-f1a4fb101478ce6ec82fe9627c43efbf9e98c813/server/out/vs/workbench/api/node/extensionHostProcess.js:156:37246)
	at set hasGitHubRepositories [as hasGitHubRepositories] (/home/ubuntu/.vscode-server/cli/servers/Stable-f1a4fb101478ce6ec82fe9627c43efbf9e98c813/server/extensions/github/dist/extension.js:2:328633)
	at /home/ubuntu/.vscode-server/cli/servers/Stable-f1a4fb101478ce6ec82fe9627c43efbf9e98c813/server/extensions/github/dist/extension.js:2:329592
	at mh.value (/home/ubuntu/.vscode-server/cli/servers/Stable-f1a4fb101478ce6ec82fe9627c43efbf9e98c813/server/extensions/git/dist/main.js:2:1073936)
	at P.B (file:///home/ubuntu/.vscode-server/cli/servers/Stable-f1a4fb101478ce6ec82fe9627c43efbf9e98c813/server/out/vs/workbench/api/node/extensionHostProcess.js:29:746)
	at P.C (file:///home/ubuntu/.vscode-server/cli/servers/Stable-f1a4fb101478ce6ec82fe9627c43efbf9e98c813/server/out/vs/workbench/api/node/extensionHostProcess.js:29:816)
	at P.fire (file:///home/ubuntu/.vscode-server/cli/servers/Stable-f1a4fb101478ce6ec82fe9627c43efbf9e98c813/server/out/vs/workbench/api/node/extensionHostProcess.js:29:1033)
	at Object.p [as dispose] (/home/ubuntu/.vscode-server/cli/servers/Stable-f1a4fb101478ce6ec82fe9627c43efbf9e98c813/server/extensions/git/dist/main.js:2:983333)
	at /home/ubuntu/.vscode-server/cli/servers/Stable-f1a4fb101478ce6ec82fe9627c43efbf9e98c813/server/extensions/git/dist/main.js:2:989455
	at Array.forEach (<anonymous>)
	at b.dispose (/home/ubuntu/.vscode-server/cli/servers/Stable-f1a4fb101478ce6ec82fe9627c43efbf9e98c813/server/extensions/git/dist/main.js:2:989441)
	at V1.<anonymous> (file:///home/ubuntu/.vscode-server/cli/servers/Stable-f1a4fb101478ce6ec82fe9627c43efbf9e98c813/server/out/vs/workbench/api/node/extensionHostProcess.js:108:19994)
	at V1.dispose (file:///home/ubuntu/.vscode-server/cli/servers/Stable-f1a4fb101478ce6ec82fe9627c43efbf9e98c813/server/out/vs/workbench/api/node/extensionHostProcess.js:108:20090)
	at V1.<anonymous> (/home/ubuntu/.vscode-server/cli/servers/Stable-f1a4fb101478ce6ec82fe9627c43efbf9e98c813/server/extensions/git/dist/main.js:2:964255)
	at V1.dispose (file:///home/ubuntu/.vscode-server/cli/servers/Stable-f1a4fb101478ce6ec82fe9627c43efbf9e98c813/server/out/vs/workbench/api/node/extensionHostProcess.js:108:20090)
	at ci (file:///home/ubuntu/.vscode-server/cli/servers/Stable-f1a4fb101478ce6ec82fe9627c43efbf9e98c813/server/out/vs/workbench/api/node/extensionHostProcess.js:24:699)
	at file:///home/ubuntu/.vscode-server/cli/servers/Stable-f1a4fb101478ce6ec82fe9627c43efbf9e98c813/server/out/vs/workbench/api/node/extensionHostProcess.js:118:14992
	at file:///home/ubuntu/.vscode-server/cli/servers/Stable-f1a4fb101478ce6ec82fe9627c43efbf9e98c813/server/out/vs/workbench/api/node/extensionHostProcess.js:24:1009
	at Object.dispose (file:///home/ubuntu/.vscode-server/cli/servers/Stable-f1a4fb101478ce6ec82fe9627c43efbf9e98c813/server/out/vs/workbench/api/node/extensionHostProcess.js:7:2146)
	at _z.eb (file:///home/ubuntu/.vscode-server/cli/servers/Stable-f1a4fb101478ce6ec82fe9627c43efbf9e98c813/server/out/vs/workbench/api/node/extensionHostProcess.js:118:11919)
	at file:///home/ubuntu/.vscode-server/cli/servers/Stable-f1a4fb101478ce6ec82fe9627c43efbf9e98c813/server/out/vs/workbench/api/node/extensionHostProcess.js:118:9874
	at Array.map (<anonymous>)
	at _z.$ (file:///home/ubuntu/.vscode-server/cli/servers/Stable-f1a4fb101478ce6ec82fe9627c43efbf9e98c813/server/out/vs/workbench/api/node/extensionHostProcess.js:118:9862)
	at _z.terminate (file:///home/ubuntu/.vscode-server/cli/servers/Stable-f1a4fb101478ce6ec82fe9627c43efbf9e98c813/server/out/vs/workbench/api/node/extensionHostProcess.js:118:10105)
	at xC.terminate (file:///home/ubuntu/.vscode-server/cli/servers/Stable-f1a4fb101478ce6ec82fe9627c43efbf9e98c813/server/out/vs/workbench/api/node/extensionHostProcess.js:119:1424)
	at Zi (file:///home/ubuntu/.vscode-server/cli/servers/Stable-f1a4fb101478ce6ec82fe9627c43efbf9e98c813/server/out/vs/workbench/api/node/extensionHostProcess.js:174:15084)
	at mh.value (file:///home/ubuntu/.vscode-server/cli/servers/Stable-f1a4fb101478ce6ec82fe9627c43efbf9e98c813/server/out/vs/workbench/api/node/extensionHostProcess.js:174:13245)
	at P.B (file:///home/ubuntu/.vscode-server/cli/servers/Stable-f1a4fb101478ce6ec82fe9627c43efbf9e98c813/server/out/vs/workbench/api/node/extensionHostProcess.js:29:746)
	at P.fire (file:///home/ubuntu/.vscode-server/cli/servers/Stable-f1a4fb101478ce6ec82fe9627c43efbf9e98c813/server/out/vs/workbench/api/node/extensionHostProcess.js:29:964)
	at Vn.fire (file:///home/ubuntu/.vscode-server/cli/servers/Stable-f1a4fb101478ce6ec82fe9627c43efbf9e98c813/server/out/vs/workbench/api/node/extensionHostProcess.js:31:9457)
	at Fm.A (file:///home/ubuntu/.vscode-server/cli/servers/Stable-f1a4fb101478ce6ec82fe9627c43efbf9e98c813/server/out/vs/workbench/api/node/extensionHostProcess.js:31:12573)
	at mh.value (file:///home/ubuntu/.vscode-server/cli/servers/Stable-f1a4fb101478ce6ec82fe9627c43efbf9e98c813/server/out/vs/workbench/api/node/extensionHostProcess.js:31:10993)
	at P.B (file:///home/ubuntu/.vscode-server/cli/servers/Stable-f1a4fb101478ce6ec82fe9627c43efbf9e98c813/server/out/vs/workbench/api/node/extensionHostProcess.js:29:746)
	at P.fire (file:///home/ubuntu/.vscode-server/cli/servers/Stable-f1a4fb101478ce6ec82fe9627c43efbf9e98c813/server/out/vs/workbench/api/node/extensionHostProcess.js:29:964)
	at j5.acceptChunk (file:///home/ubuntu/.vscode-server/cli/servers/Stable-f1a4fb101478ce6ec82fe9627c43efbf9e98c813/server/out/vs/workbench/api/node/extensionHostProcess.js:31:7940)
	at file:///home/ubuntu/.vscode-server/cli/servers/Stable-f1a4fb101478ce6ec82fe9627c43efbf9e98c813/server/out/vs/workbench/api/node/extensionHostProcess.js:31:7226
	at Socket.t (file:///home/ubuntu/.vscode-server/cli/servers/Stable-f1a4fb101478ce6ec82fe9627c43efbf9e98c813/server/out/vs/workbench/api/node/extensionHostProcess.js:31:15451)
	at Socket.emit (node:events:519:28)
	at addChunk (node:internal/streams/readable:559:12)
	at readableAddChunkPushByteMode (node:internal/streams/readable:510:3)
	at Readable.push (node:internal/streams/readable:390:5)
	at Pipe.onStreamRead (node:internal/stream_base_commons:191:23) setContext undefined
2024-12-04 21:27:00.945 [info] Extension host with pid 1569202 exiting with code 0
