2024-12-01 22:00:29.743 [info] [main] 로그 수준: Info
2024-12-01 22:00:29.743 [info] [main] "git"에서 찾은 git 유효성을 검사하는 중
2024-12-01 22:00:29.743 [info] [main] "2.43.0"에서 git "git"을(를) 사용하는 중
2024-12-01 22:00:29.743 [info] [Model][doInitialScan] Initial repository scan started
2024-12-01 22:00:29.743 [info] > git rev-parse --show-toplevel [3ms]
2024-12-01 22:00:29.743 [info] > git rev-parse --git-dir --git-common-dir [3ms]
2024-12-01 22:00:29.743 [info] [Model][openRepository] Opened repository: /home/ubuntu
2024-12-01 22:00:29.743 [info] > git config --get commit.template [6ms]
2024-12-01 22:00:29.743 [info] > git rev-parse --show-toplevel [42ms]
2024-12-01 22:00:29.743 [info] > git for-each-ref --format=%(refname)%00%(upstream:short)%00%(objectname)%00%(upstream:track)%00%(upstream:remotename)%00%(upstream:remoteref) refs/heads/main refs/remotes/main [38ms]
2024-12-01 22:00:29.750 [info] > git rev-parse --show-toplevel [8ms]
2024-12-01 22:00:29.754 [info] > git rev-parse --show-toplevel [1ms]
2024-12-01 22:00:29.757 [info] > git for-each-ref --sort -committerdate --format %(refname) %(objectname) %(*objectname) [7ms]
2024-12-01 22:00:29.759 [info] > git rev-parse --show-toplevel [3ms]
2024-12-01 22:00:29.764 [info] > git rev-parse --show-toplevel [2ms]
2024-12-01 22:00:29.767 [info] > git rev-parse --show-toplevel [1ms]
2024-12-01 22:00:29.776 [info] > git rev-parse --show-toplevel [6ms]
2024-12-01 22:00:29.793 [info] > git status -z -uall [47ms]
2024-12-01 22:00:29.793 [info] > git rev-parse --show-toplevel [5ms]
2024-12-01 22:00:29.800 [info] [Model][doInitialScan] Initial repository scan completed - repositories (1), closed repositories (0), parent repositories (0), unsafe repositories (0)
2024-12-01 22:00:29.829 [info] > git for-each-ref --format=%(refname)%00%(upstream:short)%00%(objectname)%00%(upstream:track)%00%(upstream:remotename)%00%(upstream:remoteref) refs/heads/main refs/remotes/main [13ms]
2024-12-01 22:00:29.840 [info] > git config --get commit.template [17ms]
2024-12-01 22:00:29.841 [info] > git config --local branch.main.vscode-merge-base [6ms]
2024-12-01 22:00:29.841 [warning] [Git][config] git config failed: Failed to execute git
2024-12-01 22:00:29.850 [info] > git for-each-ref --format=%(refname)%00%(upstream:short)%00%(objectname)%00%(upstream:track)%00%(upstream:remotename)%00%(upstream:remoteref) refs/heads/main refs/remotes/main [1ms]
2024-12-01 22:00:29.858 [info] > git reflog main --grep-reflog=branch: Created from *. [12ms]
2024-12-01 22:00:29.862 [info] > git for-each-ref --sort -committerdate --format %(refname) %(objectname) %(*objectname) [5ms]
2024-12-01 22:00:29.864 [info] > git symbolic-ref --short refs/remotes/origin/HEAD [3ms]
2024-12-01 22:00:29.864 [info] fatal: ref refs/remotes/origin/HEAD is not a symbolic ref
2024-12-01 22:00:29.864 [warning] [Repository][getDefaultBranch] Failed to get default branch details: Failed to execute git.
2024-12-01 22:00:29.883 [info] > git merge-base refs/heads/main refs/remotes/origin/main [16ms]
2024-12-01 22:00:29.944 [info] > git status -z -uall [90ms]
2024-12-01 22:00:29.945 [info] > git diff --name-status -z --diff-filter=ADMR 46e7b5737007e12c6ab7612118e9bc1ace9d020f...refs/remotes/origin/main [56ms]
2024-12-01 22:00:30.180 [info] > git show --textconv :app.py [8ms]
2024-12-01 22:00:30.185 [info] > git ls-files --stage -- /home/ubuntu/app.py [5ms]
2024-12-01 22:00:30.200 [info] > git cat-file -s b962d3d2fa470d3556a1c2880c23d6585cd8a2e7 [10ms]
2024-12-01 22:00:30.208 [info] > git check-ignore -v -z --stdin [10ms]
2024-12-01 22:00:35.295 [info] > git config --get commit.template [10ms]
2024-12-01 22:00:35.296 [info] > git for-each-ref --format=%(refname)%00%(upstream:short)%00%(objectname)%00%(upstream:track)%00%(upstream:remotename)%00%(upstream:remoteref) refs/heads/main refs/remotes/main [4ms]
2024-12-01 22:00:35.318 [info] > git for-each-ref --sort -committerdate --format %(refname) %(objectname) %(*objectname) [6ms]
2024-12-01 22:00:35.357 [info] > git status -z -uall [52ms]
2024-12-01 22:00:41.825 [info] > git config --get commit.template [7ms]
2024-12-01 22:00:41.827 [info] > git for-each-ref --format=%(refname)%00%(upstream:short)%00%(objectname)%00%(upstream:track)%00%(upstream:remotename)%00%(upstream:remoteref) refs/heads/main refs/remotes/main [4ms]
2024-12-01 22:00:41.845 [info] > git for-each-ref --sort -committerdate --format %(refname) %(objectname) %(*objectname) [3ms]
2024-12-01 22:00:41.884 [info] > git status -z -uall [51ms]
2024-12-01 22:00:47.951 [info] > git config --get commit.template [9ms]
2024-12-01 22:00:47.952 [info] > git for-each-ref --format=%(refname)%00%(upstream:short)%00%(objectname)%00%(upstream:track)%00%(upstream:remotename)%00%(upstream:remoteref) refs/heads/main refs/remotes/main [5ms]
2024-12-01 22:00:47.974 [info] > git for-each-ref --sort -committerdate --format %(refname) %(objectname) %(*objectname) [5ms]
2024-12-01 22:00:48.016 [info] > git status -z -uall [56ms]
2024-12-01 22:00:55.060 [info] > git config --get commit.template [9ms]
2024-12-01 22:00:55.061 [info] > git for-each-ref --format=%(refname)%00%(upstream:short)%00%(objectname)%00%(upstream:track)%00%(upstream:remotename)%00%(upstream:remoteref) refs/heads/main refs/remotes/main [4ms]
2024-12-01 22:00:55.084 [info] > git for-each-ref --sort -committerdate --format %(refname) %(objectname) %(*objectname) [4ms]
2024-12-01 22:00:55.118 [info] > git status -z -uall [49ms]
2024-12-01 22:01:00.153 [info] > git config --get commit.template [12ms]
2024-12-01 22:01:00.155 [info] > git for-each-ref --format=%(refname)%00%(upstream:short)%00%(objectname)%00%(upstream:track)%00%(upstream:remotename)%00%(upstream:remoteref) refs/heads/main refs/remotes/main [6ms]
2024-12-01 22:01:00.179 [info] > git for-each-ref --sort -committerdate --format %(refname) %(objectname) %(*objectname) [3ms]
2024-12-01 22:01:00.215 [info] > git status -z -uall [49ms]
2024-12-01 22:01:05.246 [info] > git config --get commit.template [10ms]
2024-12-01 22:01:05.247 [info] > git for-each-ref --format=%(refname)%00%(upstream:short)%00%(objectname)%00%(upstream:track)%00%(upstream:remotename)%00%(upstream:remoteref) refs/heads/main refs/remotes/main [4ms]
2024-12-01 22:01:05.268 [info] > git for-each-ref --sort -committerdate --format %(refname) %(objectname) %(*objectname) [4ms]
2024-12-01 22:01:05.304 [info] > git status -z -uall [49ms]
2024-12-01 22:01:10.332 [info] > git config --get commit.template [10ms]
2024-12-01 22:01:10.333 [info] > git for-each-ref --format=%(refname)%00%(upstream:short)%00%(objectname)%00%(upstream:track)%00%(upstream:remotename)%00%(upstream:remoteref) refs/heads/main refs/remotes/main [4ms]
2024-12-01 22:01:10.353 [info] > git for-each-ref --sort -committerdate --format %(refname) %(objectname) %(*objectname) [2ms]
2024-12-01 22:01:10.397 [info] > git status -z -uall [56ms]
2024-12-01 22:01:17.956 [info] > git config --get commit.template [8ms]
2024-12-01 22:01:17.958 [info] > git for-each-ref --format=%(refname)%00%(upstream:short)%00%(objectname)%00%(upstream:track)%00%(upstream:remotename)%00%(upstream:remoteref) refs/heads/main refs/remotes/main [4ms]
2024-12-01 22:01:17.979 [info] > git for-each-ref --sort -committerdate --format %(refname) %(objectname) %(*objectname) [4ms]
2024-12-01 22:01:18.013 [info] > git status -z -uall [47ms]
2024-12-01 22:01:23.029 [info] > git config --get commit.template [2ms]
2024-12-01 22:01:23.035 [info] > git for-each-ref --format=%(refname)%00%(upstream:short)%00%(objectname)%00%(upstream:track)%00%(upstream:remotename)%00%(upstream:remoteref) refs/heads/main refs/remotes/main [1ms]
2024-12-01 22:01:23.059 [info] > git for-each-ref --sort -committerdate --format %(refname) %(objectname) %(*objectname) [8ms]
2024-12-01 22:01:23.117 [info] > git status -z -uall [76ms]
2024-12-01 22:01:29.302 [info] > git config --get commit.template [10ms]
2024-12-01 22:01:29.304 [info] > git for-each-ref --format=%(refname)%00%(upstream:short)%00%(objectname)%00%(upstream:track)%00%(upstream:remotename)%00%(upstream:remoteref) refs/heads/main refs/remotes/main [4ms]
2024-12-01 22:01:29.323 [info] > git for-each-ref --sort -committerdate --format %(refname) %(objectname) %(*objectname) [2ms]
2024-12-01 22:01:29.395 [info] > git status -z -uall [83ms]
2024-12-01 22:01:34.509 [info] > git config --get commit.template [10ms]
2024-12-01 22:01:34.511 [info] > git for-each-ref --format=%(refname)%00%(upstream:short)%00%(objectname)%00%(upstream:track)%00%(upstream:remotename)%00%(upstream:remoteref) refs/heads/main refs/remotes/main [4ms]
2024-12-01 22:01:34.533 [info] > git for-each-ref --sort -committerdate --format %(refname) %(objectname) %(*objectname) [5ms]
2024-12-01 22:01:34.603 [info] > git status -z -uall [84ms]
2024-12-01 22:01:45.269 [info] > git check-ignore -v -z --stdin [6ms]
2024-12-01 22:02:16.348 [info] > git check-ignore -v -z --stdin [7ms]
2024-12-01 22:02:56.994 [info] > git config --get commit.template [7ms]
2024-12-01 22:02:56.998 [info] > git for-each-ref --format=%(refname)%00%(upstream:short)%00%(objectname)%00%(upstream:track)%00%(upstream:remotename)%00%(upstream:remoteref) refs/heads/main refs/remotes/main [4ms]
2024-12-01 22:02:57.016 [info] > git for-each-ref --sort -committerdate --format %(refname) %(objectname) %(*objectname) [4ms]
2024-12-01 22:02:57.101 [info] > git status -z -uall [97ms]
2024-12-01 22:03:02.207 [info] > git config --get commit.template [8ms]
2024-12-01 22:03:02.209 [info] > git for-each-ref --format=%(refname)%00%(upstream:short)%00%(objectname)%00%(upstream:track)%00%(upstream:remotename)%00%(upstream:remoteref) refs/heads/main refs/remotes/main [4ms]
2024-12-01 22:03:02.229 [info] > git for-each-ref --sort -committerdate --format %(refname) %(objectname) %(*objectname) [4ms]
2024-12-01 22:03:02.286 [info] > git status -z -uall [69ms]
2024-12-01 22:03:07.402 [info] > git config --get commit.template [9ms]
2024-12-01 22:03:07.404 [info] > git for-each-ref --format=%(refname)%00%(upstream:short)%00%(objectname)%00%(upstream:track)%00%(upstream:remotename)%00%(upstream:remoteref) refs/heads/main refs/remotes/main [4ms]
2024-12-01 22:03:07.425 [info] > git for-each-ref --sort -committerdate --format %(refname) %(objectname) %(*objectname) [3ms]
2024-12-01 22:03:07.489 [info] > git status -z -uall [78ms]
2024-12-01 22:08:26.112 [info] > git config --get commit.template [10ms]
2024-12-01 22:08:26.115 [info] > git for-each-ref --format=%(refname)%00%(upstream:short)%00%(objectname)%00%(upstream:track)%00%(upstream:remotename)%00%(upstream:remoteref) refs/heads/main refs/remotes/main [5ms]
2024-12-01 22:08:26.142 [info] > git for-each-ref --sort -committerdate --format %(refname) %(objectname) %(*objectname) [5ms]
2024-12-01 22:08:26.220 [info] > git status -z -uall [95ms]
2024-12-01 22:08:31.339 [info] > git config --get commit.template [8ms]
2024-12-01 22:08:31.341 [info] > git for-each-ref --format=%(refname)%00%(upstream:short)%00%(objectname)%00%(upstream:track)%00%(upstream:remotename)%00%(upstream:remoteref) refs/heads/main refs/remotes/main [4ms]
2024-12-01 22:08:31.361 [info] > git for-each-ref --sort -committerdate --format %(refname) %(objectname) %(*objectname) [3ms]
2024-12-01 22:08:31.433 [info] > git status -z -uall [84ms]
2024-12-01 22:08:36.535 [info] > git config --get commit.template [10ms]
2024-12-01 22:08:36.538 [info] > git for-each-ref --format=%(refname)%00%(upstream:short)%00%(objectname)%00%(upstream:track)%00%(upstream:remotename)%00%(upstream:remoteref) refs/heads/main refs/remotes/main [4ms]
2024-12-01 22:08:36.557 [info] > git for-each-ref --sort -committerdate --format %(refname) %(objectname) %(*objectname) [3ms]
2024-12-01 22:08:36.625 [info] > git status -z -uall [79ms]
2024-12-01 22:08:41.717 [info] > git config --get commit.template [10ms]
2024-12-01 22:08:41.719 [info] > git for-each-ref --format=%(refname)%00%(upstream:short)%00%(objectname)%00%(upstream:track)%00%(upstream:remotename)%00%(upstream:remoteref) refs/heads/main refs/remotes/main [4ms]
2024-12-01 22:08:41.741 [info] > git for-each-ref --sort -committerdate --format %(refname) %(objectname) %(*objectname) [3ms]
2024-12-01 22:08:41.804 [info] > git status -z -uall [77ms]
2024-12-01 22:08:46.905 [info] > git config --get commit.template [10ms]
2024-12-01 22:08:46.907 [info] > git for-each-ref --format=%(refname)%00%(upstream:short)%00%(objectname)%00%(upstream:track)%00%(upstream:remotename)%00%(upstream:remoteref) refs/heads/main refs/remotes/main [4ms]
2024-12-01 22:08:46.930 [info] > git for-each-ref --sort -committerdate --format %(refname) %(objectname) %(*objectname) [4ms]
2024-12-01 22:08:46.991 [info] > git status -z -uall [74ms]
2024-12-01 22:08:52.088 [info] > git config --get commit.template [10ms]
2024-12-01 22:08:52.091 [info] > git for-each-ref --format=%(refname)%00%(upstream:short)%00%(objectname)%00%(upstream:track)%00%(upstream:remotename)%00%(upstream:remoteref) refs/heads/main refs/remotes/main [5ms]
2024-12-01 22:08:52.112 [info] > git for-each-ref --sort -committerdate --format %(refname) %(objectname) %(*objectname) [4ms]
2024-12-01 22:08:52.172 [info] > git status -z -uall [73ms]
2024-12-01 22:08:59.127 [info] > git config --get commit.template [12ms]
2024-12-01 22:08:59.129 [info] > git for-each-ref --format=%(refname)%00%(upstream:short)%00%(objectname)%00%(upstream:track)%00%(upstream:remotename)%00%(upstream:remoteref) refs/heads/main refs/remotes/main [4ms]
2024-12-01 22:08:59.149 [info] > git for-each-ref --sort -committerdate --format %(refname) %(objectname) %(*objectname) [4ms]
2024-12-01 22:08:59.216 [info] > git status -z -uall [79ms]
2024-12-01 22:09:04.307 [info] > git config --get commit.template [12ms]
2024-12-01 22:09:04.310 [info] > git for-each-ref --format=%(refname)%00%(upstream:short)%00%(objectname)%00%(upstream:track)%00%(upstream:remotename)%00%(upstream:remoteref) refs/heads/main refs/remotes/main [6ms]
2024-12-01 22:09:04.328 [info] > git for-each-ref --sort -committerdate --format %(refname) %(objectname) %(*objectname) [3ms]
2024-12-01 22:09:04.397 [info] > git status -z -uall [80ms]
2024-12-01 22:09:09.504 [info] > git config --get commit.template [10ms]
2024-12-01 22:09:09.506 [info] > git for-each-ref --format=%(refname)%00%(upstream:short)%00%(objectname)%00%(upstream:track)%00%(upstream:remotename)%00%(upstream:remoteref) refs/heads/main refs/remotes/main [4ms]
2024-12-01 22:09:09.526 [info] > git for-each-ref --sort -committerdate --format %(refname) %(objectname) %(*objectname) [4ms]
2024-12-01 22:09:09.588 [info] > git status -z -uall [74ms]
2024-12-01 22:09:14.682 [info] > git config --get commit.template [9ms]
2024-12-01 22:09:14.685 [info] > git for-each-ref --format=%(refname)%00%(upstream:short)%00%(objectname)%00%(upstream:track)%00%(upstream:remotename)%00%(upstream:remoteref) refs/heads/main refs/remotes/main [4ms]
2024-12-01 22:09:14.705 [info] > git for-each-ref --sort -committerdate --format %(refname) %(objectname) %(*objectname) [3ms]
2024-12-01 22:09:14.790 [info] > git status -z -uall [97ms]
2024-12-01 22:09:19.588 [info] > git show --textconv :templates/results.html [11ms]
2024-12-01 22:09:19.589 [info] > git ls-files --stage -- /home/ubuntu/templates/results.html [7ms]
2024-12-01 22:09:19.926 [info] > git check-ignore -v -z --stdin [70ms]
2024-12-01 22:09:19.928 [info] > git config --get commit.template [3ms]
2024-12-01 22:09:19.938 [info] > git for-each-ref --format=%(refname)%00%(upstream:short)%00%(objectname)%00%(upstream:track)%00%(upstream:remotename)%00%(upstream:remoteref) refs/heads/main refs/remotes/main [3ms]
2024-12-01 22:09:19.961 [info] > git for-each-ref --sort -committerdate --format %(refname) %(objectname) %(*objectname) [5ms]
2024-12-01 22:09:20.002 [info] > git status -z -uall [57ms]
2024-12-01 22:09:41.181 [info] > git check-ignore -v -z --stdin [6ms]
2024-12-01 22:10:00.584 [info] > git check-ignore -v -z --stdin [9ms]
2024-12-01 22:10:02.872 [info] > git config --get commit.template [9ms]
2024-12-01 22:10:02.875 [info] > git for-each-ref --format=%(refname)%00%(upstream:short)%00%(objectname)%00%(upstream:track)%00%(upstream:remotename)%00%(upstream:remoteref) refs/heads/main refs/remotes/main [3ms]
2024-12-01 22:10:02.897 [info] > git for-each-ref --sort -committerdate --format %(refname) %(objectname) %(*objectname) [5ms]
2024-12-01 22:10:02.967 [info] > git status -z -uall [84ms]
2024-12-01 22:10:03.452 [info] > git show --textconv :saramin_직원.csv [8ms]
2024-12-01 22:10:03.452 [info] > git ls-files --stage -- /home/ubuntu/saramin_직원.csv [5ms]
2024-12-01 22:10:08.078 [info] > git config --get commit.template [10ms]
2024-12-01 22:10:08.080 [info] > git for-each-ref --format=%(refname)%00%(upstream:short)%00%(objectname)%00%(upstream:track)%00%(upstream:remotename)%00%(upstream:remoteref) refs/heads/main refs/remotes/main [3ms]
2024-12-01 22:10:08.105 [info] > git for-each-ref --sort -committerdate --format %(refname) %(objectname) %(*objectname) [3ms]
2024-12-01 22:10:08.171 [info] > git status -z -uall [82ms]
2024-12-01 22:10:12.758 [info] > git show --textconv :saramin_사무실.csv [11ms]
2024-12-01 22:10:12.767 [info] > git ls-files --stage -- /home/ubuntu/saramin_사무실.csv [9ms]
2024-12-01 22:10:13.268 [info] > git config --get commit.template [10ms]
2024-12-01 22:10:13.271 [info] > git for-each-ref --format=%(refname)%00%(upstream:short)%00%(objectname)%00%(upstream:track)%00%(upstream:remotename)%00%(upstream:remoteref) refs/heads/main refs/remotes/main [4ms]
2024-12-01 22:10:13.296 [info] > git for-each-ref --sort -committerdate --format %(refname) %(objectname) %(*objectname) [10ms]
2024-12-01 22:10:13.360 [info] > git status -z -uall [81ms]
2024-12-01 22:10:13.897 [info] > git show --textconv :saramin_사무.csv [6ms]
2024-12-01 22:10:13.902 [info] > git ls-files --stage -- /home/ubuntu/saramin_사무.csv [7ms]
2024-12-01 22:10:14.654 [info] > git show --textconv :saramin_코노.csv [9ms]
2024-12-01 22:10:14.659 [info] > git ls-files --stage -- /home/ubuntu/saramin_코노.csv [5ms]
2024-12-01 22:10:17.500 [info] > git show --textconv :saramin_직원.csv [8ms]
2024-12-01 22:10:17.504 [info] > git ls-files --stage -- /home/ubuntu/saramin_직원.csv [5ms]
2024-12-01 22:10:28.475 [info] > git config --get commit.template [8ms]
2024-12-01 22:10:28.478 [info] > git for-each-ref --format=%(refname)%00%(upstream:short)%00%(objectname)%00%(upstream:track)%00%(upstream:remotename)%00%(upstream:remoteref) refs/heads/main refs/remotes/main [4ms]
2024-12-01 22:10:28.495 [info] > git for-each-ref --sort -committerdate --format %(refname) %(objectname) %(*objectname) [2ms]
2024-12-01 22:10:28.561 [info] > git status -z -uall [76ms]
2024-12-01 22:11:44.889 [info] > git check-ignore -v -z --stdin [7ms]
2024-12-01 22:12:18.621 [info] > git config --get commit.template [8ms]
2024-12-01 22:12:18.624 [info] > git for-each-ref --format=%(refname)%00%(upstream:short)%00%(objectname)%00%(upstream:track)%00%(upstream:remotename)%00%(upstream:remoteref) refs/heads/main refs/remotes/main [4ms]
2024-12-01 22:12:18.644 [info] > git for-each-ref --sort -committerdate --format %(refname) %(objectname) %(*objectname) [5ms]
2024-12-01 22:12:18.728 [info] > git status -z -uall [97ms]
2024-12-01 22:12:19.254 [info] > git show --textconv :templates/results.html [11ms]
2024-12-01 22:12:19.259 [info] > git ls-files --stage -- /home/ubuntu/templates/results.html [7ms]
2024-12-01 22:12:23.847 [info] > git config --get commit.template [9ms]
2024-12-01 22:12:23.849 [info] > git for-each-ref --format=%(refname)%00%(upstream:short)%00%(objectname)%00%(upstream:track)%00%(upstream:remotename)%00%(upstream:remoteref) refs/heads/main refs/remotes/main [4ms]
2024-12-01 22:12:23.869 [info] > git for-each-ref --sort -committerdate --format %(refname) %(objectname) %(*objectname) [4ms]
2024-12-01 22:12:23.931 [info] > git status -z -uall [73ms]
2024-12-01 22:15:59.441 [info] > git config --get commit.template [12ms]
2024-12-01 22:15:59.444 [info] > git for-each-ref --format=%(refname)%00%(upstream:short)%00%(objectname)%00%(upstream:track)%00%(upstream:remotename)%00%(upstream:remoteref) refs/heads/main refs/remotes/main [5ms]
2024-12-01 22:15:59.467 [info] > git for-each-ref --sort -committerdate --format %(refname) %(objectname) %(*objectname) [7ms]
2024-12-01 22:15:59.538 [info] > git status -z -uall [85ms]
2024-12-01 22:16:00.016 [info] > git show --textconv :app.py [7ms]
2024-12-01 22:16:00.021 [info] > git ls-files --stage -- /home/ubuntu/app.py [5ms]
2024-12-01 22:16:00.029 [info] > git cat-file -s b962d3d2fa470d3556a1c2880c23d6585cd8a2e7 [1ms]
2024-12-01 22:16:04.695 [info] > git config --get commit.template [11ms]
2024-12-01 22:16:04.697 [info] > git for-each-ref --format=%(refname)%00%(upstream:short)%00%(objectname)%00%(upstream:track)%00%(upstream:remotename)%00%(upstream:remoteref) refs/heads/main refs/remotes/main [3ms]
2024-12-01 22:16:04.719 [info] > git for-each-ref --sort -committerdate --format %(refname) %(objectname) %(*objectname) [3ms]
2024-12-01 22:16:04.787 [info] > git status -z -uall [80ms]
2024-12-01 22:16:08.525 [info] > git show --textconv :templates/index.html [9ms]
2024-12-01 22:16:08.531 [info] > git ls-files --stage -- /home/ubuntu/templates/index.html [7ms]
2024-12-01 22:16:09.905 [info] > git config --get commit.template [9ms]
2024-12-01 22:16:09.907 [info] > git for-each-ref --format=%(refname)%00%(upstream:short)%00%(objectname)%00%(upstream:track)%00%(upstream:remotename)%00%(upstream:remoteref) refs/heads/main refs/remotes/main [4ms]
2024-12-01 22:16:09.926 [info] > git for-each-ref --sort -committerdate --format %(refname) %(objectname) %(*objectname) [2ms]
2024-12-01 22:16:10.004 [info] > git status -z -uall [89ms]
2024-12-01 22:24:25.438 [info] > git config --get commit.template [10ms]
2024-12-01 22:24:25.440 [info] > git for-each-ref --format=%(refname)%00%(upstream:short)%00%(objectname)%00%(upstream:track)%00%(upstream:remotename)%00%(upstream:remoteref) refs/heads/main refs/remotes/main [5ms]
2024-12-01 22:24:25.464 [info] > git for-each-ref --sort -committerdate --format %(refname) %(objectname) %(*objectname) [2ms]
2024-12-01 22:24:25.547 [info] > git status -z -uall [98ms]
2024-12-01 22:24:27.461 [info] > git show --textconv :templates/results.html [7ms]
2024-12-01 22:24:27.466 [info] > git ls-files --stage -- /home/ubuntu/templates/results.html [5ms]
2024-12-01 22:24:27.888 [info] > git show --textconv :templates/index.html [9ms]
2024-12-01 22:24:27.892 [info] > git ls-files --stage -- /home/ubuntu/templates/index.html [5ms]
2024-12-01 22:24:30.665 [info] > git config --get commit.template [10ms]
2024-12-01 22:24:30.668 [info] > git for-each-ref --format=%(refname)%00%(upstream:short)%00%(objectname)%00%(upstream:track)%00%(upstream:remotename)%00%(upstream:remoteref) refs/heads/main refs/remotes/main [3ms]
2024-12-01 22:24:30.688 [info] > git for-each-ref --sort -committerdate --format %(refname) %(objectname) %(*objectname) [4ms]
2024-12-01 22:24:30.751 [info] > git status -z -uall [75ms]
2024-12-01 22:24:35.855 [info] > git config --get commit.template [9ms]
2024-12-01 22:24:35.858 [info] > git for-each-ref --format=%(refname)%00%(upstream:short)%00%(objectname)%00%(upstream:track)%00%(upstream:remotename)%00%(upstream:remoteref) refs/heads/main refs/remotes/main [4ms]
2024-12-01 22:24:35.879 [info] > git for-each-ref --sort -committerdate --format %(refname) %(objectname) %(*objectname) [5ms]
2024-12-01 22:24:35.944 [info] > git status -z -uall [79ms]
2024-12-01 22:24:41.104 [info] > git config --get commit.template [12ms]
2024-12-01 22:24:41.107 [info] > git for-each-ref --format=%(refname)%00%(upstream:short)%00%(objectname)%00%(upstream:track)%00%(upstream:remotename)%00%(upstream:remoteref) refs/heads/main refs/remotes/main [8ms]
2024-12-01 22:24:41.128 [info] > git for-each-ref --sort -committerdate --format %(refname) %(objectname) %(*objectname) [3ms]
2024-12-01 22:24:41.191 [info] > git status -z -uall [75ms]
2024-12-01 22:24:46.289 [info] > git config --get commit.template [10ms]
2024-12-01 22:24:46.292 [info] > git for-each-ref --format=%(refname)%00%(upstream:short)%00%(objectname)%00%(upstream:track)%00%(upstream:remotename)%00%(upstream:remoteref) refs/heads/main refs/remotes/main [4ms]
2024-12-01 22:24:46.311 [info] > git for-each-ref --sort -committerdate --format %(refname) %(objectname) %(*objectname) [2ms]
2024-12-01 22:24:46.377 [info] > git status -z -uall [77ms]
2024-12-01 22:24:51.482 [info] > git config --get commit.template [10ms]
2024-12-01 22:24:51.484 [info] > git for-each-ref --format=%(refname)%00%(upstream:short)%00%(objectname)%00%(upstream:track)%00%(upstream:remotename)%00%(upstream:remoteref) refs/heads/main refs/remotes/main [3ms]
2024-12-01 22:24:51.505 [info] > git for-each-ref --sort -committerdate --format %(refname) %(objectname) %(*objectname) [4ms]
2024-12-01 22:24:51.573 [info] > git status -z -uall [80ms]
2024-12-01 22:25:32.832 [info] > git config --get commit.template [9ms]
2024-12-01 22:25:32.834 [info] > git for-each-ref --format=%(refname)%00%(upstream:short)%00%(objectname)%00%(upstream:track)%00%(upstream:remotename)%00%(upstream:remoteref) refs/heads/main refs/remotes/main [4ms]
2024-12-01 22:25:32.856 [info] > git for-each-ref --sort -committerdate --format %(refname) %(objectname) %(*objectname) [1ms]
2024-12-01 22:25:32.934 [info] > git status -z -uall [91ms]
2024-12-01 22:25:38.048 [info] > git config --get commit.template [9ms]
2024-12-01 22:25:38.050 [info] > git for-each-ref --format=%(refname)%00%(upstream:short)%00%(objectname)%00%(upstream:track)%00%(upstream:remotename)%00%(upstream:remoteref) refs/heads/main refs/remotes/main [3ms]
2024-12-01 22:25:38.070 [info] > git for-each-ref --sort -committerdate --format %(refname) %(objectname) %(*objectname) [4ms]
2024-12-01 22:25:38.138 [info] > git status -z -uall [80ms]
2024-12-01 22:28:42.292 [info] > git config --get commit.template [11ms]
2024-12-01 22:28:42.294 [info] > git for-each-ref --format=%(refname)%00%(upstream:short)%00%(objectname)%00%(upstream:track)%00%(upstream:remotename)%00%(upstream:remoteref) refs/heads/main refs/remotes/main [4ms]
2024-12-01 22:28:42.316 [info] > git for-each-ref --sort -committerdate --format %(refname) %(objectname) %(*objectname) [3ms]
2024-12-01 22:28:42.402 [info] > git status -z -uall [100ms]
2024-12-01 22:28:42.884 [info] > git show --textconv :saramin.py [7ms]
2024-12-01 22:28:42.884 [info] > git ls-files --stage -- /home/ubuntu/saramin.py [1ms]
2024-12-01 22:28:47.536 [info] > git config --get commit.template [8ms]
2024-12-01 22:28:47.538 [info] > git for-each-ref --format=%(refname)%00%(upstream:short)%00%(objectname)%00%(upstream:track)%00%(upstream:remotename)%00%(upstream:remoteref) refs/heads/main refs/remotes/main [4ms]
2024-12-01 22:28:47.555 [info] > git for-each-ref --sort -committerdate --format %(refname) %(objectname) %(*objectname) [2ms]
2024-12-01 22:28:47.623 [info] > git status -z -uall [78ms]
2024-12-01 22:28:53.172 [info] > git config --get commit.template [9ms]
2024-12-01 22:28:53.174 [info] > git for-each-ref --format=%(refname)%00%(upstream:short)%00%(objectname)%00%(upstream:track)%00%(upstream:remotename)%00%(upstream:remoteref) refs/heads/main refs/remotes/main [4ms]
2024-12-01 22:28:53.195 [info] > git for-each-ref --sort -committerdate --format %(refname) %(objectname) %(*objectname) [4ms]
2024-12-01 22:28:53.255 [info] > git status -z -uall [73ms]
2024-12-01 22:28:58.346 [info] > git config --get commit.template [9ms]
2024-12-01 22:28:58.348 [info] > git for-each-ref --format=%(refname)%00%(upstream:short)%00%(objectname)%00%(upstream:track)%00%(upstream:remotename)%00%(upstream:remoteref) refs/heads/main refs/remotes/main [4ms]
2024-12-01 22:28:58.366 [info] > git for-each-ref --sort -committerdate --format %(refname) %(objectname) %(*objectname) [4ms]
2024-12-01 22:28:58.428 [info] > git status -z -uall [73ms]
2024-12-01 22:29:03.521 [info] > git config --get commit.template [9ms]
2024-12-01 22:29:03.524 [info] > git for-each-ref --format=%(refname)%00%(upstream:short)%00%(objectname)%00%(upstream:track)%00%(upstream:remotename)%00%(upstream:remoteref) refs/heads/main refs/remotes/main [5ms]
2024-12-01 22:29:03.545 [info] > git for-each-ref --sort -committerdate --format %(refname) %(objectname) %(*objectname) [5ms]
2024-12-01 22:29:03.610 [info] > git status -z -uall [78ms]
2024-12-01 22:29:08.714 [info] > git config --get commit.template [9ms]
2024-12-01 22:29:08.716 [info] > git for-each-ref --format=%(refname)%00%(upstream:short)%00%(objectname)%00%(upstream:track)%00%(upstream:remotename)%00%(upstream:remoteref) refs/heads/main refs/remotes/main [3ms]
2024-12-01 22:29:08.739 [info] > git for-each-ref --sort -committerdate --format %(refname) %(objectname) %(*objectname) [5ms]
2024-12-01 22:29:08.797 [info] > git status -z -uall [71ms]
2024-12-01 22:29:13.889 [info] > git config --get commit.template [10ms]
2024-12-01 22:29:13.891 [info] > git for-each-ref --format=%(refname)%00%(upstream:short)%00%(objectname)%00%(upstream:track)%00%(upstream:remotename)%00%(upstream:remoteref) refs/heads/main refs/remotes/main [4ms]
2024-12-01 22:29:13.912 [info] > git for-each-ref --sort -committerdate --format %(refname) %(objectname) %(*objectname) [5ms]
2024-12-01 22:29:13.971 [info] > git status -z -uall [72ms]
2024-12-01 22:29:19.044 [info] > git config --get commit.template [9ms]
2024-12-01 22:29:19.046 [info] > git for-each-ref --format=%(refname)%00%(upstream:short)%00%(objectname)%00%(upstream:track)%00%(upstream:remotename)%00%(upstream:remoteref) refs/heads/main refs/remotes/main [4ms]
2024-12-01 22:29:19.068 [info] > git for-each-ref --sort -committerdate --format %(refname) %(objectname) %(*objectname) [5ms]
2024-12-01 22:29:19.133 [info] > git status -z -uall [78ms]
2024-12-01 22:36:05.699 [info] > git config --get commit.template [13ms]
2024-12-01 22:36:05.700 [info] > git for-each-ref --format=%(refname)%00%(upstream:short)%00%(objectname)%00%(upstream:track)%00%(upstream:remotename)%00%(upstream:remoteref) refs/heads/main refs/remotes/main [6ms]
2024-12-01 22:36:05.725 [info] > git for-each-ref --sort -committerdate --format %(refname) %(objectname) %(*objectname) [5ms]
2024-12-01 22:36:05.812 [info] > git status -z -uall [104ms]
2024-12-01 22:36:10.945 [info] > git config --get commit.template [10ms]
2024-12-01 22:36:10.948 [info] > git for-each-ref --format=%(refname)%00%(upstream:short)%00%(objectname)%00%(upstream:track)%00%(upstream:remotename)%00%(upstream:remoteref) refs/heads/main refs/remotes/main [5ms]
2024-12-01 22:36:10.969 [info] > git for-each-ref --sort -committerdate --format %(refname) %(objectname) %(*objectname) [4ms]
2024-12-01 22:36:11.033 [info] > git status -z -uall [77ms]
2024-12-01 22:36:15.839 [info] > git show --textconv :templates/jobs.html [9ms]
2024-12-01 22:36:15.843 [info] > git ls-files --stage -- /home/ubuntu/templates/jobs.html [6ms]
2024-12-01 22:36:16.074 [info] > git check-ignore -v -z --stdin [7ms]
2024-12-01 22:36:16.154 [info] > git config --get commit.template [9ms]
2024-12-01 22:36:16.156 [info] > git for-each-ref --format=%(refname)%00%(upstream:short)%00%(objectname)%00%(upstream:track)%00%(upstream:remotename)%00%(upstream:remoteref) refs/heads/main refs/remotes/main [4ms]
2024-12-01 22:36:16.176 [info] > git for-each-ref --sort -committerdate --format %(refname) %(objectname) %(*objectname) [3ms]
2024-12-01 22:36:16.242 [info] > git status -z -uall [79ms]
2024-12-01 22:36:19.106 [info] > git show --textconv :app.py [8ms]
2024-12-01 22:36:19.110 [info] > git ls-files --stage -- /home/ubuntu/app.py [6ms]
2024-12-01 22:36:19.122 [info] > git cat-file -s b962d3d2fa470d3556a1c2880c23d6585cd8a2e7 [3ms]
2024-12-01 22:36:21.332 [info] > git config --get commit.template [8ms]
2024-12-01 22:36:21.335 [info] > git for-each-ref --format=%(refname)%00%(upstream:short)%00%(objectname)%00%(upstream:track)%00%(upstream:remotename)%00%(upstream:remoteref) refs/heads/main refs/remotes/main [3ms]
2024-12-01 22:36:21.352 [info] > git for-each-ref --sort -committerdate --format %(refname) %(objectname) %(*objectname) [3ms]
2024-12-01 22:36:21.420 [info] > git status -z -uall [78ms]
2024-12-01 22:36:26.518 [info] > git config --get commit.template [9ms]
2024-12-01 22:36:26.521 [info] > git for-each-ref --format=%(refname)%00%(upstream:short)%00%(objectname)%00%(upstream:track)%00%(upstream:remotename)%00%(upstream:remoteref) refs/heads/main refs/remotes/main [4ms]
2024-12-01 22:36:26.546 [info] > git for-each-ref --sort -committerdate --format %(refname) %(objectname) %(*objectname) [9ms]
2024-12-01 22:36:26.611 [info] > git status -z -uall [83ms]
2024-12-01 22:36:31.702 [info] > git config --get commit.template [8ms]
2024-12-01 22:36:31.704 [info] > git for-each-ref --format=%(refname)%00%(upstream:short)%00%(objectname)%00%(upstream:track)%00%(upstream:remotename)%00%(upstream:remoteref) refs/heads/main refs/remotes/main [4ms]
2024-12-01 22:36:31.722 [info] > git for-each-ref --sort -committerdate --format %(refname) %(objectname) %(*objectname) [2ms]
2024-12-01 22:36:31.787 [info] > git status -z -uall [75ms]
2024-12-01 22:36:36.876 [info] > git config --get commit.template [8ms]
2024-12-01 22:36:36.879 [info] > git for-each-ref --format=%(refname)%00%(upstream:short)%00%(objectname)%00%(upstream:track)%00%(upstream:remotename)%00%(upstream:remoteref) refs/heads/main refs/remotes/main [4ms]
2024-12-01 22:36:36.900 [info] > git for-each-ref --sort -committerdate --format %(refname) %(objectname) %(*objectname) [4ms]
2024-12-01 22:36:36.956 [info] > git status -z -uall [69ms]
2024-12-01 22:36:42.050 [info] > git config --get commit.template [9ms]
2024-12-01 22:36:42.054 [info] > git for-each-ref --format=%(refname)%00%(upstream:short)%00%(objectname)%00%(upstream:track)%00%(upstream:remotename)%00%(upstream:remoteref) refs/heads/main refs/remotes/main [4ms]
2024-12-01 22:36:42.073 [info] > git for-each-ref --sort -committerdate --format %(refname) %(objectname) %(*objectname) [3ms]
2024-12-01 22:36:42.136 [info] > git status -z -uall [74ms]
2024-12-01 22:36:47.227 [info] > git config --get commit.template [9ms]
2024-12-01 22:36:47.232 [info] > git for-each-ref --format=%(refname)%00%(upstream:short)%00%(objectname)%00%(upstream:track)%00%(upstream:remotename)%00%(upstream:remoteref) refs/heads/main refs/remotes/main [6ms]
2024-12-01 22:36:47.251 [info] > git for-each-ref --sort -committerdate --format %(refname) %(objectname) %(*objectname) [4ms]
2024-12-01 22:36:47.323 [info] > git status -z -uall [83ms]
2024-12-01 22:36:52.418 [info] > git config --get commit.template [11ms]
2024-12-01 22:36:52.420 [info] > git for-each-ref --format=%(refname)%00%(upstream:short)%00%(objectname)%00%(upstream:track)%00%(upstream:remotename)%00%(upstream:remoteref) refs/heads/main refs/remotes/main [4ms]
2024-12-01 22:36:52.446 [info] > git for-each-ref --sort -committerdate --format %(refname) %(objectname) %(*objectname) [3ms]
2024-12-01 22:36:52.514 [info] > git status -z -uall [80ms]
2024-12-01 22:36:57.627 [info] > git config --get commit.template [11ms]
2024-12-01 22:36:57.630 [info] > git for-each-ref --format=%(refname)%00%(upstream:short)%00%(objectname)%00%(upstream:track)%00%(upstream:remotename)%00%(upstream:remoteref) refs/heads/main refs/remotes/main [4ms]
2024-12-01 22:36:57.654 [info] > git for-each-ref --sort -committerdate --format %(refname) %(objectname) %(*objectname) [4ms]
2024-12-01 22:36:57.721 [info] > git status -z -uall [83ms]
2024-12-01 22:37:02.811 [info] > git config --get commit.template [9ms]
2024-12-01 22:37:02.814 [info] > git for-each-ref --format=%(refname)%00%(upstream:short)%00%(objectname)%00%(upstream:track)%00%(upstream:remotename)%00%(upstream:remoteref) refs/heads/main refs/remotes/main [4ms]
2024-12-01 22:37:02.834 [info] > git for-each-ref --sort -committerdate --format %(refname) %(objectname) %(*objectname) [4ms]
2024-12-01 22:37:02.899 [info] > git status -z -uall [78ms]
2024-12-01 22:39:35.462 [info] > git config --get commit.template [10ms]
2024-12-01 22:39:35.465 [info] > git for-each-ref --format=%(refname)%00%(upstream:short)%00%(objectname)%00%(upstream:track)%00%(upstream:remotename)%00%(upstream:remoteref) refs/heads/main refs/remotes/main [6ms]
2024-12-01 22:39:35.477 [info] > git for-each-ref --sort -committerdate --format %(refname) %(objectname) %(*objectname) [5ms]
2024-12-01 22:39:35.573 [info] > git status -z -uall [103ms]
2024-12-01 22:39:36.065 [info] > git show --textconv :templates/index.html [8ms]
2024-12-01 22:39:36.068 [info] > git ls-files --stage -- /home/ubuntu/templates/index.html [8ms]
2024-12-01 22:39:40.683 [info] > git config --get commit.template [9ms]
2024-12-01 22:39:40.685 [info] > git for-each-ref --format=%(refname)%00%(upstream:short)%00%(objectname)%00%(upstream:track)%00%(upstream:remotename)%00%(upstream:remoteref) refs/heads/main refs/remotes/main [3ms]
2024-12-01 22:39:40.705 [info] > git for-each-ref --sort -committerdate --format %(refname) %(objectname) %(*objectname) [4ms]
2024-12-01 22:39:40.768 [info] > git status -z -uall [76ms]
2024-12-01 22:39:45.876 [info] > git config --get commit.template [10ms]
2024-12-01 22:39:45.878 [info] > git for-each-ref --format=%(refname)%00%(upstream:short)%00%(objectname)%00%(upstream:track)%00%(upstream:remotename)%00%(upstream:remoteref) refs/heads/main refs/remotes/main [3ms]
2024-12-01 22:39:45.900 [info] > git for-each-ref --sort -committerdate --format %(refname) %(objectname) %(*objectname) [4ms]
2024-12-01 22:39:45.967 [info] > git status -z -uall [81ms]
2024-12-01 22:40:08.412 [info] > git config --get commit.template [8ms]
2024-12-01 22:40:08.414 [info] > git for-each-ref --format=%(refname)%00%(upstream:short)%00%(objectname)%00%(upstream:track)%00%(upstream:remotename)%00%(upstream:remoteref) refs/heads/main refs/remotes/main [4ms]
2024-12-01 22:40:08.435 [info] > git for-each-ref --sort -committerdate --format %(refname) %(objectname) %(*objectname) [3ms]
2024-12-01 22:40:08.492 [info] > git status -z -uall [71ms]
2024-12-01 22:40:08.982 [info] > git show --textconv :templates/results.html [13ms]
2024-12-01 22:40:08.991 [info] > git ls-files --stage -- /home/ubuntu/templates/results.html [11ms]
2024-12-01 22:40:11.352 [info] > git show --textconv :app.py [9ms]
2024-12-01 22:40:11.356 [info] > git ls-files --stage -- /home/ubuntu/app.py [6ms]
2024-12-01 22:40:11.367 [info] > git cat-file -s b962d3d2fa470d3556a1c2880c23d6585cd8a2e7 [3ms]
2024-12-01 22:40:13.584 [info] > git config --get commit.template [9ms]
2024-12-01 22:40:13.587 [info] > git for-each-ref --format=%(refname)%00%(upstream:short)%00%(objectname)%00%(upstream:track)%00%(upstream:remotename)%00%(upstream:remoteref) refs/heads/main refs/remotes/main [3ms]
2024-12-01 22:40:13.605 [info] > git for-each-ref --sort -committerdate --format %(refname) %(objectname) %(*objectname) [4ms]
2024-12-01 22:40:13.673 [info] > git status -z -uall [79ms]
2024-12-01 22:40:18.769 [info] > git config --get commit.template [9ms]
2024-12-01 22:40:18.772 [info] > git for-each-ref --format=%(refname)%00%(upstream:short)%00%(objectname)%00%(upstream:track)%00%(upstream:remotename)%00%(upstream:remoteref) refs/heads/main refs/remotes/main [3ms]
2024-12-01 22:40:18.792 [info] > git for-each-ref --sort -committerdate --format %(refname) %(objectname) %(*objectname) [6ms]
2024-12-01 22:40:18.856 [info] > git status -z -uall [77ms]
2024-12-01 22:40:23.946 [info] > git config --get commit.template [9ms]
2024-12-01 22:40:23.948 [info] > git for-each-ref --format=%(refname)%00%(upstream:short)%00%(objectname)%00%(upstream:track)%00%(upstream:remotename)%00%(upstream:remoteref) refs/heads/main refs/remotes/main [4ms]
2024-12-01 22:40:23.970 [info] > git for-each-ref --sort -committerdate --format %(refname) %(objectname) %(*objectname) [4ms]
2024-12-01 22:40:24.030 [info] > git status -z -uall [74ms]
2024-12-01 22:40:29.126 [info] > git config --get commit.template [9ms]
2024-12-01 22:40:29.128 [info] > git for-each-ref --format=%(refname)%00%(upstream:short)%00%(objectname)%00%(upstream:track)%00%(upstream:remotename)%00%(upstream:remoteref) refs/heads/main refs/remotes/main [4ms]
2024-12-01 22:40:29.147 [info] > git for-each-ref --sort -committerdate --format %(refname) %(objectname) %(*objectname) [3ms]
2024-12-01 22:40:29.216 [info] > git status -z -uall [80ms]
2024-12-01 22:41:36.705 [info] > git config --get commit.template [8ms]
2024-12-01 22:41:36.706 [info] > git for-each-ref --format=%(refname)%00%(upstream:short)%00%(objectname)%00%(upstream:track)%00%(upstream:remotename)%00%(upstream:remoteref) refs/heads/main refs/remotes/main [3ms]
2024-12-01 22:41:36.725 [info] > git for-each-ref --sort -committerdate --format %(refname) %(objectname) %(*objectname) [2ms]
2024-12-01 22:41:36.796 [info] > git status -z -uall [82ms]
2024-12-01 22:41:37.285 [info] > git show --textconv :templates/jobs.html [10ms]
2024-12-01 22:41:37.289 [info] > git ls-files --stage -- /home/ubuntu/templates/jobs.html [5ms]
2024-12-01 22:41:40.939 [info] > git show --textconv :templates/results.html [8ms]
2024-12-01 22:41:40.944 [info] > git ls-files --stage -- /home/ubuntu/templates/results.html [6ms]
2024-12-01 22:41:41.886 [info] > git config --get commit.template [8ms]
2024-12-01 22:41:41.889 [info] > git for-each-ref --format=%(refname)%00%(upstream:short)%00%(objectname)%00%(upstream:track)%00%(upstream:remotename)%00%(upstream:remoteref) refs/heads/main refs/remotes/main [4ms]
2024-12-01 22:41:41.908 [info] > git for-each-ref --sort -committerdate --format %(refname) %(objectname) %(*objectname) [4ms]
2024-12-01 22:41:41.971 [info] > git status -z -uall [75ms]
2024-12-01 22:41:48.748 [info] > git show --textconv :templates/index.html [8ms]
2024-12-01 22:41:48.752 [info] > git ls-files --stage -- /home/ubuntu/templates/index.html [6ms]
2024-12-01 22:41:48.882 [info] > git config --get commit.template [9ms]
2024-12-01 22:41:48.884 [info] > git for-each-ref --format=%(refname)%00%(upstream:short)%00%(objectname)%00%(upstream:track)%00%(upstream:remotename)%00%(upstream:remoteref) refs/heads/main refs/remotes/main [4ms]
2024-12-01 22:41:48.904 [info] > git for-each-ref --sort -committerdate --format %(refname) %(objectname) %(*objectname) [4ms]
2024-12-01 22:41:48.967 [info] > git status -z -uall [75ms]
2024-12-01 22:41:51.490 [info] > git show --textconv :templates/jobs.html [7ms]
2024-12-01 22:41:51.494 [info] > git ls-files --stage -- /home/ubuntu/templates/jobs.html [5ms]
2024-12-01 22:41:54.062 [info] > git config --get commit.template [9ms]
2024-12-01 22:41:54.064 [info] > git for-each-ref --format=%(refname)%00%(upstream:short)%00%(objectname)%00%(upstream:track)%00%(upstream:remotename)%00%(upstream:remoteref) refs/heads/main refs/remotes/main [4ms]
2024-12-01 22:41:54.084 [info] > git for-each-ref --sort -committerdate --format %(refname) %(objectname) %(*objectname) [2ms]
2024-12-01 22:41:54.147 [info] > git status -z -uall [75ms]
2024-12-01 22:41:59.254 [info] > git config --get commit.template [8ms]
2024-12-01 22:41:59.256 [info] > git for-each-ref --format=%(refname)%00%(upstream:short)%00%(objectname)%00%(upstream:track)%00%(upstream:remotename)%00%(upstream:remoteref) refs/heads/main refs/remotes/main [4ms]
2024-12-01 22:41:59.275 [info] > git for-each-ref --sort -committerdate --format %(refname) %(objectname) %(*objectname) [4ms]
2024-12-01 22:41:59.337 [info] > git status -z -uall [74ms]
2024-12-01 22:42:02.636 [info] > git show --textconv :app.py [10ms]
2024-12-01 22:42:02.642 [info] > git ls-files --stage -- /home/ubuntu/app.py [7ms]
2024-12-01 22:42:02.654 [info] > git cat-file -s b962d3d2fa470d3556a1c2880c23d6585cd8a2e7 [4ms]
2024-12-01 22:42:04.441 [info] > git config --get commit.template [9ms]
2024-12-01 22:42:04.444 [info] > git for-each-ref --format=%(refname)%00%(upstream:short)%00%(objectname)%00%(upstream:track)%00%(upstream:remotename)%00%(upstream:remoteref) refs/heads/main refs/remotes/main [4ms]
2024-12-01 22:42:04.465 [info] > git for-each-ref --sort -committerdate --format %(refname) %(objectname) %(*objectname) [5ms]
2024-12-01 22:42:04.524 [info] > git status -z -uall [73ms]
2024-12-01 22:42:09.616 [info] > git config --get commit.template [8ms]
2024-12-01 22:42:09.619 [info] > git for-each-ref --format=%(refname)%00%(upstream:short)%00%(objectname)%00%(upstream:track)%00%(upstream:remotename)%00%(upstream:remoteref) refs/heads/main refs/remotes/main [3ms]
2024-12-01 22:42:09.640 [info] > git for-each-ref --sort -committerdate --format %(refname) %(objectname) %(*objectname) [6ms]
2024-12-01 22:42:09.713 [info] > git status -z -uall [87ms]
2024-12-01 22:42:31.725 [info] > git config --get commit.template [8ms]
2024-12-01 22:42:31.728 [info] > git for-each-ref --format=%(refname)%00%(upstream:short)%00%(objectname)%00%(upstream:track)%00%(upstream:remotename)%00%(upstream:remoteref) refs/heads/main refs/remotes/main [4ms]
2024-12-01 22:42:31.749 [info] > git for-each-ref --sort -committerdate --format %(refname) %(objectname) %(*objectname) [4ms]
2024-12-01 22:42:31.817 [info] > git status -z -uall [81ms]
2024-12-01 22:42:32.282 [info] > git show --textconv :templates/index.html [8ms]
2024-12-01 22:42:32.285 [info] > git ls-files --stage -- /home/ubuntu/templates/index.html [4ms]
2024-12-01 22:42:36.911 [info] > git config --get commit.template [11ms]
2024-12-01 22:42:36.914 [info] > git for-each-ref --format=%(refname)%00%(upstream:short)%00%(objectname)%00%(upstream:track)%00%(upstream:remotename)%00%(upstream:remoteref) refs/heads/main refs/remotes/main [4ms]
2024-12-01 22:42:36.935 [info] > git for-each-ref --sort -committerdate --format %(refname) %(objectname) %(*objectname) [4ms]
2024-12-01 22:42:37.000 [info] > git status -z -uall [78ms]
2024-12-01 22:46:44.426 [info] > git config --get commit.template [9ms]
2024-12-01 22:46:44.428 [info] > git for-each-ref --format=%(refname)%00%(upstream:short)%00%(objectname)%00%(upstream:track)%00%(upstream:remotename)%00%(upstream:remoteref) refs/heads/main refs/remotes/main [4ms]
2024-12-01 22:46:44.451 [info] > git for-each-ref --sort -committerdate --format %(refname) %(objectname) %(*objectname) [2ms]
2024-12-01 22:46:44.535 [info] > git status -z -uall [98ms]
2024-12-01 22:46:49.686 [info] > git config --get commit.template [10ms]
2024-12-01 22:46:49.688 [info] > git for-each-ref --format=%(refname)%00%(upstream:short)%00%(objectname)%00%(upstream:track)%00%(upstream:remotename)%00%(upstream:remoteref) refs/heads/main refs/remotes/main [3ms]
2024-12-01 22:46:49.713 [info] > git for-each-ref --sort -committerdate --format %(refname) %(objectname) %(*objectname) [4ms]
2024-12-01 22:46:49.773 [info] > git status -z -uall [75ms]
