2024-12-03 21:52:03.225 [info] [main] 로그 수준: Info
2024-12-03 21:52:03.225 [info] [main] "git"에서 찾은 git 유효성을 검사하는 중
2024-12-03 21:52:03.225 [info] [main] "2.43.0"에서 git "git"을(를) 사용하는 중
2024-12-03 21:52:03.225 [info] [Model][doInitialScan] Initial repository scan started
2024-12-03 21:52:03.225 [info] > git rev-parse --show-toplevel [4ms]
2024-12-03 21:52:03.225 [info] > git rev-parse --git-dir --git-common-dir [3ms]
2024-12-03 21:52:03.225 [info] [Model][openRepository] Opened repository: /home/ubuntu
2024-12-03 21:52:03.225 [info] > git rev-parse --show-toplevel [4ms]
2024-12-03 21:52:03.225 [info] > git config --get commit.template [9ms]
2024-12-03 21:52:03.225 [info] > git rev-parse --show-toplevel [5ms]
2024-12-03 21:52:03.225 [info] > git for-each-ref --format=%(refname)%00%(upstream:short)%00%(objectname)%00%(upstream:track)%00%(upstream:remotename)%00%(upstream:remoteref) refs/heads/main refs/remotes/main [6ms]
2024-12-03 21:52:03.233 [info] > git rev-parse --show-toplevel [9ms]
2024-12-03 21:52:03.241 [info] > git for-each-ref --sort -committerdate --format %(refname) %(objectname) %(*objectname) [8ms]
2024-12-03 21:52:03.246 [info] > git rev-parse --show-toplevel [5ms]
2024-12-03 21:52:03.252 [info] > git rev-parse --show-toplevel [3ms]
2024-12-03 21:52:03.259 [info] > git rev-parse --show-toplevel [3ms]
2024-12-03 21:52:03.349 [info] > git rev-parse --show-toplevel [10ms]
2024-12-03 21:52:03.359 [info] > git status -z -uall [130ms]
2024-12-03 21:52:03.474 [info] > git for-each-ref --format=%(refname)%00%(upstream:short)%00%(objectname)%00%(upstream:track)%00%(upstream:remotename)%00%(upstream:remoteref) refs/heads/main refs/remotes/main [5ms]
2024-12-03 21:52:03.477 [info] > git rev-parse --show-toplevel [119ms]
2024-12-03 21:52:03.480 [info] > git config --get commit.template [7ms]
2024-12-03 21:52:03.481 [info] > git rev-parse --show-toplevel [2ms]
2024-12-03 21:52:03.484 [info] [Model][doInitialScan] Initial repository scan completed - repositories (1), closed repositories (0), parent repositories (0), unsafe repositories (0)
2024-12-03 21:52:03.485 [info] > git config --local branch.main.vscode-merge-base [7ms]
2024-12-03 21:52:03.485 [warning] [Git][config] git config failed: Failed to execute git
2024-12-03 21:52:03.492 [info] > git for-each-ref --format=%(refname)%00%(upstream:short)%00%(objectname)%00%(upstream:track)%00%(upstream:remotename)%00%(upstream:remoteref) refs/heads/main refs/remotes/main [3ms]
2024-12-03 21:52:03.492 [info] > git reflog main --grep-reflog=branch: Created from *. [5ms]
2024-12-03 21:52:03.870 [info] > git for-each-ref --sort -committerdate --format %(refname) %(objectname) %(*objectname) [371ms]
2024-12-03 21:52:03.870 [info] > git symbolic-ref --short refs/remotes/origin/HEAD [376ms]
2024-12-03 21:52:03.871 [info] fatal: ref refs/remotes/origin/HEAD is not a symbolic ref
2024-12-03 21:52:03.871 [warning] [Repository][getDefaultBranch] Failed to get default branch details: Failed to execute git.
2024-12-03 21:52:03.889 [info] > git status -z -uall [393ms]
2024-12-03 21:52:03.890 [info] > git merge-base refs/heads/main refs/remotes/origin/main [14ms]
2024-12-03 21:52:03.985 [info] > git check-ignore -v -z --stdin [104ms]
2024-12-03 21:52:03.986 [info] > git diff --name-status -z --diff-filter=ADMR 46e7b5737007e12c6ab7612118e9bc1ace9d020f...refs/remotes/origin/main [92ms]
2024-12-03 21:52:03.987 [info] > git merge-base refs/heads/main refs/remotes/origin/main [4ms]
2024-12-03 21:52:03.997 [info] > git diff --name-status -z --diff-filter=ADMR 46e7b5737007e12c6ab7612118e9bc1ace9d020f...refs/remotes/origin/main [5ms]
2024-12-03 21:52:04.557 [info] > git show --textconv :app.py [61ms]
2024-12-03 21:52:04.558 [info] > git ls-files --stage -- /home/ubuntu/app.py [57ms]
2024-12-03 21:52:04.566 [info] > git cat-file -s b962d3d2fa470d3556a1c2880c23d6585cd8a2e7 [4ms]
2024-12-03 21:52:08.174 [info] > git config --get commit.template [11ms]
2024-12-03 21:52:08.176 [info] > git for-each-ref --format=%(refname)%00%(upstream:short)%00%(objectname)%00%(upstream:track)%00%(upstream:remotename)%00%(upstream:remoteref) refs/heads/main refs/remotes/main [5ms]
2024-12-03 21:52:08.199 [info] > git for-each-ref --sort -committerdate --format %(refname) %(objectname) %(*objectname) [4ms]
2024-12-03 21:52:08.267 [info] > git status -z -uall [82ms]
2024-12-03 21:52:13.406 [info] > git config --get commit.template [10ms]
2024-12-03 21:52:13.407 [info] > git for-each-ref --format=%(refname)%00%(upstream:short)%00%(objectname)%00%(upstream:track)%00%(upstream:remotename)%00%(upstream:remoteref) refs/heads/main refs/remotes/main [4ms]
2024-12-03 21:52:13.428 [info] > git for-each-ref --sort -committerdate --format %(refname) %(objectname) %(*objectname) [4ms]
2024-12-03 21:52:13.500 [info] > git status -z -uall [84ms]
2024-12-03 21:52:18.615 [info] > git config --get commit.template [8ms]
2024-12-03 21:52:18.619 [info] > git for-each-ref --format=%(refname)%00%(upstream:short)%00%(objectname)%00%(upstream:track)%00%(upstream:remotename)%00%(upstream:remoteref) refs/heads/main refs/remotes/main [5ms]
2024-12-03 21:52:18.641 [info] > git for-each-ref --sort -committerdate --format %(refname) %(objectname) %(*objectname) [5ms]
2024-12-03 21:52:18.712 [info] > git status -z -uall [86ms]
2024-12-03 21:53:18.751 [info] > git config --get commit.template [13ms]
2024-12-03 21:53:18.753 [info] > git for-each-ref --format=%(refname)%00%(upstream:short)%00%(objectname)%00%(upstream:track)%00%(upstream:remotename)%00%(upstream:remoteref) refs/heads/main refs/remotes/main [5ms]
2024-12-03 21:53:18.781 [info] > git for-each-ref --sort -committerdate --format %(refname) %(objectname) %(*objectname) [4ms]
2024-12-03 21:53:18.877 [info] > git status -z -uall [114ms]
2024-12-03 21:53:24.051 [info] > git config --get commit.template [11ms]
2024-12-03 21:53:24.053 [info] > git for-each-ref --format=%(refname)%00%(upstream:short)%00%(objectname)%00%(upstream:track)%00%(upstream:remotename)%00%(upstream:remoteref) refs/heads/main refs/remotes/main [4ms]
2024-12-03 21:53:24.077 [info] > git for-each-ref --sort -committerdate --format %(refname) %(objectname) %(*objectname) [3ms]
2024-12-03 21:53:24.160 [info] > git status -z -uall [97ms]
2024-12-03 21:53:29.281 [info] > git config --get commit.template [15ms]
2024-12-03 21:53:29.283 [info] > git for-each-ref --format=%(refname)%00%(upstream:short)%00%(objectname)%00%(upstream:track)%00%(upstream:remotename)%00%(upstream:remoteref) refs/heads/main refs/remotes/main [6ms]
2024-12-03 21:53:29.310 [info] > git for-each-ref --sort -committerdate --format %(refname) %(objectname) %(*objectname) [5ms]
2024-12-03 21:53:29.389 [info] > git status -z -uall [94ms]
2024-12-03 21:53:34.507 [info] > git config --get commit.template [11ms]
2024-12-03 21:53:34.509 [info] > git for-each-ref --format=%(refname)%00%(upstream:short)%00%(objectname)%00%(upstream:track)%00%(upstream:remotename)%00%(upstream:remoteref) refs/heads/main refs/remotes/main [4ms]
2024-12-03 21:53:34.532 [info] > git for-each-ref --sort -committerdate --format %(refname) %(objectname) %(*objectname) [6ms]
2024-12-03 21:53:34.600 [info] > git status -z -uall [82ms]
2024-12-03 21:53:39.746 [info] > git config --get commit.template [11ms]
2024-12-03 21:53:39.747 [info] > git for-each-ref --format=%(refname)%00%(upstream:short)%00%(objectname)%00%(upstream:track)%00%(upstream:remotename)%00%(upstream:remoteref) refs/heads/main refs/remotes/main [5ms]
2024-12-03 21:53:39.770 [info] > git for-each-ref --sort -committerdate --format %(refname) %(objectname) %(*objectname) [5ms]
2024-12-03 21:53:39.835 [info] > git status -z -uall [78ms]
2024-12-03 21:53:45.498 [info] > git config --get commit.template [10ms]
2024-12-03 21:53:45.499 [info] > git for-each-ref --format=%(refname)%00%(upstream:short)%00%(objectname)%00%(upstream:track)%00%(upstream:remotename)%00%(upstream:remoteref) refs/heads/main refs/remotes/main [3ms]
2024-12-03 21:53:45.520 [info] > git for-each-ref --sort -committerdate --format %(refname) %(objectname) %(*objectname) [4ms]
2024-12-03 21:53:45.593 [info] > git status -z -uall [86ms]
2024-12-03 21:57:20.364 [info] > git config --get commit.template [15ms]
2024-12-03 21:57:20.366 [info] > git for-each-ref --format=%(refname)%00%(upstream:short)%00%(objectname)%00%(upstream:track)%00%(upstream:remotename)%00%(upstream:remoteref) refs/heads/main refs/remotes/main [6ms]
2024-12-03 21:57:20.393 [info] > git for-each-ref --sort -committerdate --format %(refname) %(objectname) %(*objectname) [5ms]
2024-12-03 21:57:20.497 [info] > git status -z -uall [121ms]
2024-12-03 21:57:25.672 [info] > git config --get commit.template [13ms]
2024-12-03 21:57:25.674 [info] > git for-each-ref --format=%(refname)%00%(upstream:short)%00%(objectname)%00%(upstream:track)%00%(upstream:remotename)%00%(upstream:remoteref) refs/heads/main refs/remotes/main [5ms]
2024-12-03 21:57:25.698 [info] > git for-each-ref --sort -committerdate --format %(refname) %(objectname) %(*objectname) [3ms]
2024-12-03 21:57:25.776 [info] > git status -z -uall [92ms]
2024-12-03 21:57:30.904 [info] > git config --get commit.template [13ms]
2024-12-03 21:57:30.907 [info] > git for-each-ref --format=%(refname)%00%(upstream:short)%00%(objectname)%00%(upstream:track)%00%(upstream:remotename)%00%(upstream:remoteref) refs/heads/main refs/remotes/main [5ms]
2024-12-03 21:57:30.932 [info] > git for-each-ref --sort -committerdate --format %(refname) %(objectname) %(*objectname) [4ms]
2024-12-03 21:57:31.013 [info] > git status -z -uall [96ms]
2024-12-03 21:58:56.098 [info] > git config --get commit.template [18ms]
2024-12-03 21:58:56.101 [info] > git for-each-ref --format=%(refname)%00%(upstream:short)%00%(objectname)%00%(upstream:track)%00%(upstream:remotename)%00%(upstream:remoteref) refs/heads/main refs/remotes/main [6ms]
2024-12-03 21:58:56.129 [info] > git for-each-ref --sort -committerdate --format %(refname) %(objectname) %(*objectname) [3ms]
2024-12-03 21:58:56.221 [info] > git status -z -uall [107ms]
2024-12-03 21:59:12.474 [info] > git config --get commit.template [10ms]
2024-12-03 21:59:12.476 [info] > git for-each-ref --format=%(refname)%00%(upstream:short)%00%(objectname)%00%(upstream:track)%00%(upstream:remotename)%00%(upstream:remoteref) refs/heads/main refs/remotes/main [2ms]
2024-12-03 21:59:12.497 [info] > git for-each-ref --sort -committerdate --format %(refname) %(objectname) %(*objectname) [3ms]
2024-12-03 21:59:12.568 [info] > git status -z -uall [83ms]
2024-12-03 21:59:17.688 [info] > git config --get commit.template [10ms]
2024-12-03 21:59:17.691 [info] > git for-each-ref --format=%(refname)%00%(upstream:short)%00%(objectname)%00%(upstream:track)%00%(upstream:remotename)%00%(upstream:remoteref) refs/heads/main refs/remotes/main [4ms]
2024-12-03 21:59:17.715 [info] > git for-each-ref --sort -committerdate --format %(refname) %(objectname) %(*objectname) [4ms]
2024-12-03 21:59:17.782 [info] > git status -z -uall [81ms]
2024-12-03 22:00:00.646 [info] > git config --get commit.template [10ms]
2024-12-03 22:00:00.649 [info] > git for-each-ref --format=%(refname)%00%(upstream:short)%00%(objectname)%00%(upstream:track)%00%(upstream:remotename)%00%(upstream:remoteref) refs/heads/main refs/remotes/main [6ms]
2024-12-03 22:00:00.670 [info] > git for-each-ref --sort -committerdate --format %(refname) %(objectname) %(*objectname) [3ms]
2024-12-03 22:00:00.758 [info] > git status -z -uall [101ms]
2024-12-03 22:00:05.923 [info] > git config --get commit.template [11ms]
2024-12-03 22:00:05.926 [info] > git for-each-ref --format=%(refname)%00%(upstream:short)%00%(objectname)%00%(upstream:track)%00%(upstream:remotename)%00%(upstream:remoteref) refs/heads/main refs/remotes/main [5ms]
2024-12-03 22:00:05.948 [info] > git for-each-ref --sort -committerdate --format %(refname) %(objectname) %(*objectname) [3ms]
2024-12-03 22:00:06.026 [info] > git status -z -uall [92ms]
2024-12-03 22:00:11.178 [info] > git config --get commit.template [10ms]
2024-12-03 22:00:11.180 [info] > git for-each-ref --format=%(refname)%00%(upstream:short)%00%(objectname)%00%(upstream:track)%00%(upstream:remotename)%00%(upstream:remoteref) refs/heads/main refs/remotes/main [4ms]
2024-12-03 22:00:11.203 [info] > git for-each-ref --sort -committerdate --format %(refname) %(objectname) %(*objectname) [5ms]
2024-12-03 22:00:11.279 [info] > git status -z -uall [91ms]
2024-12-03 22:00:16.382 [info] > git config --get commit.template [8ms]
2024-12-03 22:00:16.384 [info] > git for-each-ref --format=%(refname)%00%(upstream:short)%00%(objectname)%00%(upstream:track)%00%(upstream:remotename)%00%(upstream:remoteref) refs/heads/main refs/remotes/main [4ms]
2024-12-03 22:00:16.399 [info] > git for-each-ref --sort -committerdate --format %(refname) %(objectname) %(*objectname) [4ms]
2024-12-03 22:00:16.427 [info] > git status -z -uall [36ms]
2024-12-03 22:00:22.049 [info] > git config --get commit.template [9ms]
2024-12-03 22:00:22.051 [info] > git for-each-ref --format=%(refname)%00%(upstream:short)%00%(objectname)%00%(upstream:track)%00%(upstream:remotename)%00%(upstream:remoteref) refs/heads/main refs/remotes/main [5ms]
2024-12-03 22:00:22.074 [info] > git for-each-ref --sort -committerdate --format %(refname) %(objectname) %(*objectname) [2ms]
2024-12-03 22:00:22.152 [info] > git status -z -uall [92ms]
2024-12-03 22:00:40.651 [info] > git config --get commit.template [11ms]
2024-12-03 22:00:40.655 [info] > git for-each-ref --format=%(refname)%00%(upstream:short)%00%(objectname)%00%(upstream:track)%00%(upstream:remotename)%00%(upstream:remoteref) refs/heads/main refs/remotes/main [6ms]
2024-12-03 22:00:40.679 [info] > git for-each-ref --sort -committerdate --format %(refname) %(objectname) %(*objectname) [6ms]
2024-12-03 22:00:40.748 [info] > git status -z -uall [85ms]
2024-12-03 22:01:29.444 [info] > git config --get commit.template [11ms]
2024-12-03 22:01:29.447 [info] > git for-each-ref --format=%(refname)%00%(upstream:short)%00%(objectname)%00%(upstream:track)%00%(upstream:remotename)%00%(upstream:remoteref) refs/heads/main refs/remotes/main [4ms]
2024-12-03 22:01:29.473 [info] > git for-each-ref --sort -committerdate --format %(refname) %(objectname) %(*objectname) [6ms]
2024-12-03 22:01:29.569 [info] > git status -z -uall [112ms]
2024-12-03 22:01:34.717 [info] > git config --get commit.template [11ms]
2024-12-03 22:01:34.719 [info] > git for-each-ref --format=%(refname)%00%(upstream:short)%00%(objectname)%00%(upstream:track)%00%(upstream:remotename)%00%(upstream:remoteref) refs/heads/main refs/remotes/main [4ms]
2024-12-03 22:01:34.746 [info] > git for-each-ref --sort -committerdate --format %(refname) %(objectname) %(*objectname) [4ms]
2024-12-03 22:01:34.811 [info] > git status -z -uall [83ms]
2024-12-03 22:01:39.932 [info] > git config --get commit.template [11ms]
2024-12-03 22:01:39.935 [info] > git for-each-ref --format=%(refname)%00%(upstream:short)%00%(objectname)%00%(upstream:track)%00%(upstream:remotename)%00%(upstream:remoteref) refs/heads/main refs/remotes/main [5ms]
2024-12-03 22:01:39.958 [info] > git for-each-ref --sort -committerdate --format %(refname) %(objectname) %(*objectname) [4ms]
2024-12-03 22:01:40.022 [info] > git status -z -uall [78ms]
2024-12-03 22:04:34.194 [info] > git config --get commit.template [16ms]
2024-12-03 22:04:34.196 [info] > git for-each-ref --format=%(refname)%00%(upstream:short)%00%(objectname)%00%(upstream:track)%00%(upstream:remotename)%00%(upstream:remoteref) refs/heads/main refs/remotes/main [6ms]
2024-12-03 22:04:34.223 [info] > git for-each-ref --sort -committerdate --format %(refname) %(objectname) %(*objectname) [4ms]
2024-12-03 22:04:34.309 [info] > git status -z -uall [104ms]
2024-12-03 22:48:51.084 [info] > git config --get commit.template [16ms]
2024-12-03 22:48:51.086 [info] > git for-each-ref --format=%(refname)%00%(upstream:short)%00%(objectname)%00%(upstream:track)%00%(upstream:remotename)%00%(upstream:remoteref) refs/heads/main refs/remotes/main [6ms]
2024-12-03 22:48:51.117 [info] > git for-each-ref --sort -committerdate --format %(refname) %(objectname) %(*objectname) [5ms]
2024-12-03 22:48:51.243 [info] > git status -z -uall [145ms]
2024-12-03 22:48:56.420 [info] > git config --get commit.template [12ms]
2024-12-03 22:48:56.422 [info] > git for-each-ref --format=%(refname)%00%(upstream:short)%00%(objectname)%00%(upstream:track)%00%(upstream:remotename)%00%(upstream:remoteref) refs/heads/main refs/remotes/main [5ms]
2024-12-03 22:48:56.450 [info] > git for-each-ref --sort -committerdate --format %(refname) %(objectname) %(*objectname) [5ms]
2024-12-03 22:48:56.516 [info] > git status -z -uall [84ms]
2024-12-03 22:49:01.647 [info] > git config --get commit.template [9ms]
2024-12-03 22:49:01.650 [info] > git for-each-ref --format=%(refname)%00%(upstream:short)%00%(objectname)%00%(upstream:track)%00%(upstream:remotename)%00%(upstream:remoteref) refs/heads/main refs/remotes/main [4ms]
2024-12-03 22:49:01.676 [info] > git for-each-ref --sort -committerdate --format %(refname) %(objectname) %(*objectname) [4ms]
2024-12-03 22:49:01.738 [info] > git status -z -uall [79ms]
2024-12-03 22:50:38.509 [info] > git config --get commit.template [15ms]
2024-12-03 22:50:38.513 [info] > git for-each-ref --format=%(refname)%00%(upstream:short)%00%(objectname)%00%(upstream:track)%00%(upstream:remotename)%00%(upstream:remoteref) refs/heads/main refs/remotes/main [7ms]
2024-12-03 22:50:38.538 [info] > git for-each-ref --sort -committerdate --format %(refname) %(objectname) %(*objectname) [4ms]
2024-12-03 22:50:38.644 [info] > git status -z -uall [122ms]
2024-12-03 22:51:18.480 [info] > git config --get commit.template [10ms]
2024-12-03 22:51:18.483 [info] > git for-each-ref --format=%(refname)%00%(upstream:short)%00%(objectname)%00%(upstream:track)%00%(upstream:remotename)%00%(upstream:remoteref) refs/heads/main refs/remotes/main [4ms]
2024-12-03 22:51:18.506 [info] > git for-each-ref --sort -committerdate --format %(refname) %(objectname) %(*objectname) [1ms]
2024-12-03 22:51:18.581 [info] > git status -z -uall [90ms]
2024-12-03 22:51:23.734 [info] > git config --get commit.template [11ms]
2024-12-03 22:51:23.737 [info] > git for-each-ref --format=%(refname)%00%(upstream:short)%00%(objectname)%00%(upstream:track)%00%(upstream:remotename)%00%(upstream:remoteref) refs/heads/main refs/remotes/main [5ms]
2024-12-03 22:51:23.759 [info] > git for-each-ref --sort -committerdate --format %(refname) %(objectname) %(*objectname) [5ms]
2024-12-03 22:51:23.831 [info] > git status -z -uall [86ms]
2024-12-03 22:51:29.661 [info] > git config --get commit.template [11ms]
2024-12-03 22:51:29.663 [info] > git for-each-ref --format=%(refname)%00%(upstream:short)%00%(objectname)%00%(upstream:track)%00%(upstream:remotename)%00%(upstream:remoteref) refs/heads/main refs/remotes/main [4ms]
2024-12-03 22:51:29.687 [info] > git for-each-ref --sort -committerdate --format %(refname) %(objectname) %(*objectname) [5ms]
2024-12-03 22:51:29.755 [info] > git status -z -uall [83ms]
2024-12-03 22:51:34.873 [info] > git config --get commit.template [11ms]
2024-12-03 22:51:34.877 [info] > git for-each-ref --format=%(refname)%00%(upstream:short)%00%(objectname)%00%(upstream:track)%00%(upstream:remotename)%00%(upstream:remoteref) refs/heads/main refs/remotes/main [5ms]
2024-12-03 22:51:34.904 [info] > git for-each-ref --sort -committerdate --format %(refname) %(objectname) %(*objectname) [4ms]
2024-12-03 22:51:34.972 [info] > git status -z -uall [85ms]
2024-12-03 22:51:42.958 [info] > git config --get commit.template [12ms]
2024-12-03 22:51:42.960 [info] > git for-each-ref --format=%(refname)%00%(upstream:short)%00%(objectname)%00%(upstream:track)%00%(upstream:remotename)%00%(upstream:remoteref) refs/heads/main refs/remotes/main [5ms]
2024-12-03 22:51:42.987 [info] > git for-each-ref --sort -committerdate --format %(refname) %(objectname) %(*objectname) [3ms]
2024-12-03 22:51:43.058 [info] > git status -z -uall [87ms]
2024-12-03 22:51:48.203 [info] > git config --get commit.template [9ms]
2024-12-03 22:51:48.205 [info] > git for-each-ref --format=%(refname)%00%(upstream:short)%00%(objectname)%00%(upstream:track)%00%(upstream:remotename)%00%(upstream:remoteref) refs/heads/main refs/remotes/main [4ms]
2024-12-03 22:51:48.228 [info] > git for-each-ref --sort -committerdate --format %(refname) %(objectname) %(*objectname) [5ms]
2024-12-03 22:51:48.306 [info] > git status -z -uall [92ms]
2024-12-03 22:53:32.837 [info] > git config --get commit.template [10ms]
2024-12-03 22:53:32.842 [info] > git for-each-ref --format=%(refname)%00%(upstream:short)%00%(objectname)%00%(upstream:track)%00%(upstream:remotename)%00%(upstream:remoteref) refs/heads/main refs/remotes/main [6ms]
2024-12-03 22:53:32.861 [info] > git for-each-ref --sort -committerdate --format %(refname) %(objectname) %(*objectname) [6ms]
2024-12-03 22:53:32.972 [info] > git status -z -uall [124ms]
2024-12-03 22:53:38.156 [info] > git config --get commit.template [12ms]
2024-12-03 22:53:38.159 [info] > git for-each-ref --format=%(refname)%00%(upstream:short)%00%(objectname)%00%(upstream:track)%00%(upstream:remotename)%00%(upstream:remoteref) refs/heads/main refs/remotes/main [4ms]
2024-12-03 22:53:38.186 [info] > git for-each-ref --sort -committerdate --format %(refname) %(objectname) %(*objectname) [7ms]
2024-12-03 22:53:38.266 [info] > git status -z -uall [97ms]
2024-12-03 22:53:43.407 [info] > git config --get commit.template [11ms]
2024-12-03 22:53:43.410 [info] > git for-each-ref --format=%(refname)%00%(upstream:short)%00%(objectname)%00%(upstream:track)%00%(upstream:remotename)%00%(upstream:remoteref) refs/heads/main refs/remotes/main [4ms]
2024-12-03 22:53:43.443 [info] > git for-each-ref --sort -committerdate --format %(refname) %(objectname) %(*objectname) [4ms]
2024-12-03 22:53:43.514 [info] > git status -z -uall [95ms]
2024-12-03 22:54:24.419 [info] > git config --get commit.template [11ms]
2024-12-03 22:54:24.422 [info] > git for-each-ref --format=%(refname)%00%(upstream:short)%00%(objectname)%00%(upstream:track)%00%(upstream:remotename)%00%(upstream:remoteref) refs/heads/main refs/remotes/main [5ms]
2024-12-03 22:54:24.444 [info] > git for-each-ref --sort -committerdate --format %(refname) %(objectname) %(*objectname) [3ms]
2024-12-03 22:54:24.533 [info] > git status -z -uall [102ms]
2024-12-03 22:55:13.962 [info] > git config --get commit.template [11ms]
2024-12-03 22:55:13.965 [info] > git for-each-ref --format=%(refname)%00%(upstream:short)%00%(objectname)%00%(upstream:track)%00%(upstream:remotename)%00%(upstream:remoteref) refs/heads/main refs/remotes/main [4ms]
2024-12-03 22:55:13.985 [info] > git for-each-ref --sort -committerdate --format %(refname) %(objectname) %(*objectname) [4ms]
2024-12-03 22:55:14.064 [info] > git status -z -uall [92ms]
2024-12-03 22:55:19.204 [info] > git config --get commit.template [11ms]
2024-12-03 22:55:19.207 [info] > git for-each-ref --format=%(refname)%00%(upstream:short)%00%(objectname)%00%(upstream:track)%00%(upstream:remotename)%00%(upstream:remoteref) refs/heads/main refs/remotes/main [5ms]
2024-12-03 22:55:19.232 [info] > git for-each-ref --sort -committerdate --format %(refname) %(objectname) %(*objectname) [6ms]
2024-12-03 22:55:19.310 [info] > git status -z -uall [92ms]
2024-12-03 22:55:41.763 [info] > git config --get commit.template [12ms]
2024-12-03 22:55:41.765 [info] > git for-each-ref --format=%(refname)%00%(upstream:short)%00%(objectname)%00%(upstream:track)%00%(upstream:remotename)%00%(upstream:remoteref) refs/heads/main refs/remotes/main [5ms]
2024-12-03 22:55:41.790 [info] > git for-each-ref --sort -committerdate --format %(refname) %(objectname) %(*objectname) [6ms]
2024-12-03 22:55:41.866 [info] > git status -z -uall [92ms]
2024-12-03 22:55:46.975 [info] > git config --get commit.template [4ms]
2024-12-03 22:55:46.976 [info] > git for-each-ref --format=%(refname)%00%(upstream:short)%00%(objectname)%00%(upstream:track)%00%(upstream:remotename)%00%(upstream:remoteref) refs/heads/main refs/remotes/main [2ms]
2024-12-03 22:55:46.985 [info] > git for-each-ref --sort -committerdate --format %(refname) %(objectname) %(*objectname) [0ms]
2024-12-03 22:55:47.027 [info] > git status -z -uall [47ms]
2024-12-03 22:55:52.133 [info] > git config --get commit.template [13ms]
2024-12-03 22:55:52.135 [info] > git for-each-ref --format=%(refname)%00%(upstream:short)%00%(objectname)%00%(upstream:track)%00%(upstream:remotename)%00%(upstream:remoteref) refs/heads/main refs/remotes/main [6ms]
2024-12-03 22:55:52.164 [info] > git for-each-ref --sort -committerdate --format %(refname) %(objectname) %(*objectname) [8ms]
2024-12-03 22:55:52.245 [info] > git status -z -uall [101ms]
2024-12-03 22:55:57.390 [info] > git config --get commit.template [12ms]
2024-12-03 22:55:57.393 [info] > git for-each-ref --format=%(refname)%00%(upstream:short)%00%(objectname)%00%(upstream:track)%00%(upstream:remotename)%00%(upstream:remoteref) refs/heads/main refs/remotes/main [5ms]
2024-12-03 22:55:57.415 [info] > git for-each-ref --sort -committerdate --format %(refname) %(objectname) %(*objectname) [3ms]
2024-12-03 22:55:57.491 [info] > git status -z -uall [89ms]
2024-12-03 22:56:02.616 [info] > git config --get commit.template [9ms]
2024-12-03 22:56:02.619 [info] > git for-each-ref --format=%(refname)%00%(upstream:short)%00%(objectname)%00%(upstream:track)%00%(upstream:remotename)%00%(upstream:remoteref) refs/heads/main refs/remotes/main [4ms]
2024-12-03 22:56:02.642 [info] > git for-each-ref --sort -committerdate --format %(refname) %(objectname) %(*objectname) [5ms]
2024-12-03 22:56:02.706 [info] > git status -z -uall [79ms]
2024-12-03 22:56:43.820 [info] > git config --get commit.template [11ms]
2024-12-03 22:56:43.824 [info] > git for-each-ref --format=%(refname)%00%(upstream:short)%00%(objectname)%00%(upstream:track)%00%(upstream:remotename)%00%(upstream:remoteref) refs/heads/main refs/remotes/main [5ms]
2024-12-03 22:56:43.850 [info] > git for-each-ref --sort -committerdate --format %(refname) %(objectname) %(*objectname) [4ms]
2024-12-03 22:56:43.920 [info] > git status -z -uall [86ms]
2024-12-03 22:56:49.077 [info] > git config --get commit.template [11ms]
2024-12-03 22:56:49.079 [info] > git for-each-ref --format=%(refname)%00%(upstream:short)%00%(objectname)%00%(upstream:track)%00%(upstream:remotename)%00%(upstream:remoteref) refs/heads/main refs/remotes/main [4ms]
2024-12-03 22:56:49.103 [info] > git for-each-ref --sort -committerdate --format %(refname) %(objectname) %(*objectname) [4ms]
2024-12-03 22:56:49.170 [info] > git status -z -uall [82ms]
2024-12-03 22:56:56.769 [info] > git config --get commit.template [12ms]
2024-12-03 22:56:56.771 [info] > git for-each-ref --format=%(refname)%00%(upstream:short)%00%(objectname)%00%(upstream:track)%00%(upstream:remotename)%00%(upstream:remoteref) refs/heads/main refs/remotes/main [4ms]
2024-12-03 22:56:56.796 [info] > git for-each-ref --sort -committerdate --format %(refname) %(objectname) %(*objectname) [4ms]
2024-12-03 22:56:56.869 [info] > git status -z -uall [89ms]
2024-12-03 22:57:35.189 [info] > git config --get commit.template [12ms]
2024-12-03 22:57:35.192 [info] > git for-each-ref --format=%(refname)%00%(upstream:short)%00%(objectname)%00%(upstream:track)%00%(upstream:remotename)%00%(upstream:remoteref) refs/heads/main refs/remotes/main [5ms]
2024-12-03 22:57:35.215 [info] > git for-each-ref --sort -committerdate --format %(refname) %(objectname) %(*objectname) [1ms]
2024-12-03 22:57:35.288 [info] > git status -z -uall [87ms]
2024-12-03 22:57:40.443 [info] > git config --get commit.template [10ms]
2024-12-03 22:57:40.445 [info] > git for-each-ref --format=%(refname)%00%(upstream:short)%00%(objectname)%00%(upstream:track)%00%(upstream:remotename)%00%(upstream:remoteref) refs/heads/main refs/remotes/main [5ms]
2024-12-03 22:57:40.466 [info] > git for-each-ref --sort -committerdate --format %(refname) %(objectname) %(*objectname) [4ms]
2024-12-03 22:57:40.550 [info] > git status -z -uall [96ms]
