2024-12-08 10:16:14.714 [info] [main] 로그 수준: Info
2024-12-08 10:16:14.714 [info] [main] "git"에서 찾은 git 유효성을 검사하는 중
2024-12-08 10:16:14.714 [info] [main] "2.43.0"에서 git "git"을(를) 사용하는 중
2024-12-08 10:16:14.714 [info] [Model][doInitialScan] Initial repository scan started
2024-12-08 10:16:14.714 [info] > git rev-parse --show-toplevel [20ms]
2024-12-08 10:16:14.714 [info] > git rev-parse --git-dir --git-common-dir [3ms]
2024-12-08 10:16:14.714 [info] [Model][openRepository] Opened repository: /home/ubuntu
2024-12-08 10:16:15.271 [info] > git rev-parse --show-toplevel [559ms]
2024-12-08 10:16:15.272 [info] > git config --get commit.template [562ms]
2024-12-08 10:16:15.431 [info] > git for-each-ref --format=%(refname)%00%(upstream:short)%00%(objectname)%00%(upstream:track)%00%(upstream:remotename)%00%(upstream:remoteref) refs/heads/main refs/remotes/main [122ms]
2024-12-08 10:16:15.444 [info] > git for-each-ref --sort -committerdate --format %(refname) %(objectname) %(*objectname) [3ms]
2024-12-08 10:16:15.467 [info] > git rev-parse --show-toplevel [6ms]
2024-12-08 10:16:15.471 [info] > git rev-parse --show-toplevel [1ms]
2024-12-08 10:16:15.476 [info] > git rev-parse --show-toplevel [1ms]
2024-12-08 10:16:15.481 [info] > git rev-parse --show-toplevel [1ms]
2024-12-08 10:16:15.487 [info] > git rev-parse --show-toplevel [1ms]
2024-12-08 10:16:15.491 [info] > git rev-parse --show-toplevel [1ms]
2024-12-08 10:16:15.497 [info] > git status -z -uall [62ms]
2024-12-08 10:16:15.497 [info] > git rev-parse --show-toplevel [1ms]
2024-12-08 10:16:15.609 [info] > git for-each-ref --format=%(refname)%00%(upstream:short)%00%(objectname)%00%(upstream:track)%00%(upstream:remotename)%00%(upstream:remoteref) refs/heads/main refs/remotes/main [102ms]
2024-12-08 10:16:15.636 [info] > git config --local branch.main.vscode-merge-base [23ms]
2024-12-08 10:16:15.641 [info] > git config --get commit.template [127ms]
2024-12-08 10:16:15.641 [info] > git rev-parse --show-toplevel [130ms]
2024-12-08 10:16:15.645 [info] > git for-each-ref --format=%(refname)%00%(upstream:short)%00%(objectname)%00%(upstream:track)%00%(upstream:remotename)%00%(upstream:remoteref) refs/heads/origin/main refs/remotes/origin/main [5ms]
2024-12-08 10:16:15.645 [warning] [Git][getBranch] No such branch: origin/main
2024-12-08 10:16:15.666 [info] > git for-each-ref --format=%(refname)%00%(upstream:short)%00%(objectname)%00%(upstream:track)%00%(upstream:remotename)%00%(upstream:remoteref) refs/heads/main refs/remotes/main [12ms]
2024-12-08 10:16:15.672 [info] > git rev-parse --show-toplevel [21ms]
2024-12-08 10:16:15.673 [info] > git reflog main --grep-reflog=branch: Created from *. [25ms]
2024-12-08 10:16:15.694 [info] > git for-each-ref --sort -committerdate --format %(refname) %(objectname) %(*objectname) [22ms]
2024-12-08 10:16:15.695 [info] > git rev-parse --show-toplevel [2ms]
2024-12-08 10:16:15.702 [info] > git reflog HEAD --grep-reflog=checkout: moving from .* to main [12ms]
2024-12-08 10:16:15.726 [info] > git rev-parse --show-toplevel [16ms]
2024-12-08 10:16:15.726 [info] > git symbolic-ref --short refs/remotes/origin/HEAD [22ms]
2024-12-08 10:16:15.726 [info] fatal: ref refs/remotes/origin/HEAD is not a symbolic ref
2024-12-08 10:16:15.726 [warning] [Repository][getDefaultBranch] Failed to get default branch details: Failed to execute git.
2024-12-08 10:16:15.742 [info] > git status -z -uall [72ms]
2024-12-08 10:16:15.744 [info] > git rev-parse --show-toplevel [11ms]
2024-12-08 10:16:15.759 [info] > git rev-parse --show-toplevel [12ms]
2024-12-08 10:16:15.764 [info] [Model][doInitialScan] Initial repository scan completed - repositories (1), closed repositories (0), parent repositories (0), unsafe repositories (0)
2024-12-08 10:16:15.786 [info] > git check-ignore -v -z --stdin [28ms]
2024-12-08 10:16:15.787 [info] > git show --textconv :static/swagger.json [19ms]
2024-12-08 10:16:15.787 [info] > git ls-files --stage -- /home/ubuntu/static/swagger.json [13ms]
2024-12-08 10:16:15.796 [info] > git cat-file -s 8b3c141ead263fd54df4cf027bc1a36260014f91 [5ms]
2024-12-08 10:16:20.764 [info] > git config --get commit.template [6ms]
2024-12-08 10:16:20.766 [info] > git for-each-ref --format=%(refname)%00%(upstream:short)%00%(objectname)%00%(upstream:track)%00%(upstream:remotename)%00%(upstream:remoteref) refs/heads/main refs/remotes/main [3ms]
2024-12-08 10:16:20.784 [info] > git for-each-ref --sort -committerdate --format %(refname) %(objectname) %(*objectname) [8ms]
2024-12-08 10:16:20.825 [info] > git status -z -uall [54ms]
2024-12-08 10:16:27.249 [info] > git config --get commit.template [11ms]
2024-12-08 10:16:27.251 [info] > git for-each-ref --format=%(refname)%00%(upstream:short)%00%(objectname)%00%(upstream:track)%00%(upstream:remotename)%00%(upstream:remoteref) refs/heads/main refs/remotes/main [4ms]
2024-12-08 10:16:27.276 [info] > git for-each-ref --sort -committerdate --format %(refname) %(objectname) %(*objectname) [7ms]
2024-12-08 10:16:27.354 [info] > git status -z -uall [94ms]
2024-12-08 10:21:38.775 [info] > git config --get commit.template [17ms]
2024-12-08 10:21:38.776 [info] > git for-each-ref --format=%(refname)%00%(upstream:short)%00%(objectname)%00%(upstream:track)%00%(upstream:remotename)%00%(upstream:remoteref) refs/heads/main refs/remotes/main [6ms]
2024-12-08 10:21:38.808 [info] > git for-each-ref --sort -committerdate --format %(refname) %(objectname) %(*objectname) [7ms]
2024-12-08 10:21:38.908 [info] > git status -z -uall [121ms]
2024-12-08 11:03:19.201 [info] > git config --get commit.template [23ms]
2024-12-08 11:03:19.203 [info] > git for-each-ref --format=%(refname)%00%(upstream:short)%00%(objectname)%00%(upstream:track)%00%(upstream:remotename)%00%(upstream:remoteref) refs/heads/main refs/remotes/main [8ms]
2024-12-08 11:03:19.230 [info] > git for-each-ref --sort -committerdate --format %(refname) %(objectname) %(*objectname) [5ms]
2024-12-08 11:03:19.343 [info] > git status -z -uall [128ms]
2024-12-08 11:03:32.845 [info] > git config --get commit.template [16ms]
2024-12-08 11:03:32.847 [info] > git for-each-ref --format=%(refname)%00%(upstream:short)%00%(objectname)%00%(upstream:track)%00%(upstream:remotename)%00%(upstream:remoteref) refs/heads/main refs/remotes/main [6ms]
2024-12-08 11:03:32.874 [info] > git for-each-ref --sort -committerdate --format %(refname) %(objectname) %(*objectname) [8ms]
2024-12-08 11:03:32.959 [info] > git status -z -uall [103ms]
2024-12-08 11:03:38.498 [info] > git config --get commit.template [11ms]
2024-12-08 11:03:38.501 [info] > git for-each-ref --format=%(refname)%00%(upstream:short)%00%(objectname)%00%(upstream:track)%00%(upstream:remotename)%00%(upstream:remoteref) refs/heads/main refs/remotes/main [4ms]
2024-12-08 11:03:38.526 [info] > git for-each-ref --sort -committerdate --format %(refname) %(objectname) %(*objectname) [7ms]
2024-12-08 11:03:38.608 [info] > git status -z -uall [98ms]
2024-12-08 11:03:39.698 [info] > git for-each-ref --format=%(refname)%00%(upstream:short)%00%(objectname)%00%(upstream:track)%00%(upstream:remotename)%00%(upstream:remoteref) refs/heads/main refs/remotes/main [2ms]
2024-12-08 11:03:39.699 [info] > git config --get commit.template [8ms]
2024-12-08 11:03:39.716 [info] > git for-each-ref --sort -committerdate --format %(refname) %(objectname) %(*objectname) [2ms]
2024-12-08 11:03:39.751 [info] > git status -z -uall [45ms]
2024-12-08 11:03:41.863 [info] > git ls-files --stage -- /home/ubuntu/static/swagger.json [11ms]
2024-12-08 11:03:41.877 [info] > git cat-file -s 8b3c141ead263fd54df4cf027bc1a36260014f91 [4ms]
2024-12-08 11:03:41.920 [info] > git show --textconv :static/swagger.json [10ms]
2024-12-08 11:03:42.622 [info] > git config --get commit.template [9ms]
2024-12-08 11:03:42.624 [info] > git for-each-ref --format=%(refname)%00%(upstream:short)%00%(objectname)%00%(upstream:track)%00%(upstream:remotename)%00%(upstream:remoteref) refs/heads/main refs/remotes/main [4ms]
2024-12-08 11:03:42.651 [info] > git for-each-ref --sort -committerdate --format %(refname) %(objectname) %(*objectname) [11ms]
2024-12-08 11:03:42.692 [info] > git status -z -uall [61ms]
2024-12-08 11:03:46.150 [info] > git config --get commit.template [11ms]
2024-12-08 11:03:46.159 [info] > git ls-files --stage -- /home/ubuntu/static/swagger.json [11ms]
2024-12-08 11:03:46.168 [info] > git for-each-ref --format=%(refname)%00%(upstream:short)%00%(objectname)%00%(upstream:track)%00%(upstream:remotename)%00%(upstream:remoteref) refs/heads/main refs/remotes/main [10ms]
2024-12-08 11:03:46.190 [info] > git cat-file -s 8b3c141ead263fd54df4cf027bc1a36260014f91 [23ms]
2024-12-08 11:03:46.200 [info] > git for-each-ref --sort -committerdate --format %(refname) %(objectname) %(*objectname) [12ms]
2024-12-08 11:03:46.222 [info] > git show --textconv :static/swagger.json [12ms]
2024-12-08 11:03:46.255 [info] > git status -z -uall [78ms]
2024-12-08 11:03:51.286 [info] > git config --get commit.template [14ms]
2024-12-08 11:03:51.288 [info] > git for-each-ref --format=%(refname)%00%(upstream:short)%00%(objectname)%00%(upstream:track)%00%(upstream:remotename)%00%(upstream:remoteref) refs/heads/main refs/remotes/main [4ms]
2024-12-08 11:03:51.317 [info] > git for-each-ref --sort -committerdate --format %(refname) %(objectname) %(*objectname) [7ms]
2024-12-08 11:03:51.400 [info] > git status -z -uall [103ms]
2024-12-08 11:05:04.003 [info] > git config --get commit.template [5ms]
2024-12-08 11:05:04.019 [info] > git for-each-ref --format=%(refname)%00%(upstream:short)%00%(objectname)%00%(upstream:track)%00%(upstream:remotename)%00%(upstream:remoteref) refs/heads/main refs/remotes/main [4ms]
2024-12-08 11:05:04.044 [info] > git for-each-ref --sort -committerdate --format %(refname) %(objectname) %(*objectname) [6ms]
2024-12-08 11:05:04.132 [info] > git status -z -uall [103ms]
2024-12-08 11:05:04.662 [info] > git config --get commit.template [11ms]
2024-12-08 11:05:04.665 [info] > git for-each-ref --format=%(refname)%00%(upstream:short)%00%(objectname)%00%(upstream:track)%00%(upstream:remotename)%00%(upstream:remoteref) refs/heads/main refs/remotes/main [4ms]
2024-12-08 11:05:04.686 [info] > git for-each-ref --sort -committerdate --format %(refname) %(objectname) %(*objectname) [3ms]
2024-12-08 11:05:04.751 [info] > git status -z -uall [78ms]
2024-12-08 11:05:07.580 [info] > git config --get commit.template [11ms]
2024-12-08 11:05:07.582 [info] > git for-each-ref --format=%(refname)%00%(upstream:short)%00%(objectname)%00%(upstream:track)%00%(upstream:remotename)%00%(upstream:remoteref) refs/heads/develop refs/remotes/develop [4ms]
2024-12-08 11:05:07.606 [info] > git for-each-ref --sort -committerdate --format %(refname) %(objectname) %(*objectname) [6ms]
2024-12-08 11:05:07.686 [info] > git status -z -uall [96ms]
2024-12-08 11:05:07.706 [info] > git for-each-ref --format=%(refname)%00%(upstream:short)%00%(objectname)%00%(upstream:track)%00%(upstream:remotename)%00%(upstream:remoteref) refs/heads/develop refs/remotes/develop [4ms]
2024-12-08 11:05:07.719 [info] > git config --local branch.develop.vscode-merge-base [3ms]
2024-12-08 11:05:07.719 [warning] [Git][config] git config failed: Failed to execute git
2024-12-08 11:05:07.732 [info] > git reflog develop --grep-reflog=branch: Created from *. [6ms]
2024-12-08 11:05:07.749 [info] > git reflog HEAD --grep-reflog=checkout: moving from .* to develop [7ms]
2024-12-08 11:05:07.761 [info] > git for-each-ref --format=%(refname)%00%(upstream:short)%00%(objectname)%00%(upstream:track)%00%(upstream:remotename)%00%(upstream:remoteref) refs/heads/main refs/remotes/main [4ms]
2024-12-08 11:05:07.775 [info] > git symbolic-ref --short refs/remotes/origin/HEAD [4ms]
2024-12-08 11:05:07.775 [info] fatal: ref refs/remotes/origin/HEAD is not a symbolic ref
2024-12-08 11:05:07.775 [warning] [Repository][getDefaultBranch] Failed to get default branch details: Failed to execute git.
2024-12-08 11:05:08.768 [info] > git ls-files --stage -- /home/ubuntu/static/swagger.json [10ms]
2024-12-08 11:05:08.781 [info] > git cat-file -s 8b3c141ead263fd54df4cf027bc1a36260014f91 [5ms]
2024-12-08 11:05:08.805 [info] > git show --textconv :static/swagger.json [10ms]
2024-12-08 11:05:09.167 [info] > git config --get commit.template [14ms]
2024-12-08 11:05:09.170 [info] > git for-each-ref --format=%(refname)%00%(upstream:short)%00%(objectname)%00%(upstream:track)%00%(upstream:remotename)%00%(upstream:remoteref) refs/heads/develop refs/remotes/develop [4ms]
2024-12-08 11:05:09.195 [info] > git for-each-ref --sort -committerdate --format %(refname) %(objectname) %(*objectname) [6ms]
2024-12-08 11:05:09.264 [info] > git status -z -uall [86ms]
2024-12-08 11:05:36.330 [info] > git config --get commit.template [11ms]
2024-12-08 11:05:36.332 [info] > git for-each-ref --format=%(refname)%00%(upstream:short)%00%(objectname)%00%(upstream:track)%00%(upstream:remotename)%00%(upstream:remoteref) refs/heads/develop refs/remotes/develop [4ms]
2024-12-08 11:05:36.354 [info] > git for-each-ref --sort -committerdate --format %(refname) %(objectname) %(*objectname) [5ms]
2024-12-08 11:05:36.445 [info] > git status -z -uall [103ms]
2024-12-08 11:11:23.470 [info] > git config --get commit.template [14ms]
2024-12-08 11:11:23.472 [info] > git for-each-ref --format=%(refname)%00%(upstream:short)%00%(objectname)%00%(upstream:track)%00%(upstream:remotename)%00%(upstream:remoteref) refs/heads/develop refs/remotes/develop [5ms]
2024-12-08 11:11:23.496 [info] > git for-each-ref --sort -committerdate --format %(refname) %(objectname) %(*objectname) [5ms]
2024-12-08 11:11:23.588 [info] > git status -z -uall [107ms]
2024-12-08 11:11:28.624 [info] > git config --get commit.template [12ms]
2024-12-08 11:11:28.627 [info] > git for-each-ref --format=%(refname)%00%(upstream:short)%00%(objectname)%00%(upstream:track)%00%(upstream:remotename)%00%(upstream:remoteref) refs/heads/develop refs/remotes/develop [4ms]
2024-12-08 11:11:28.650 [info] > git for-each-ref --sort -committerdate --format %(refname) %(objectname) %(*objectname) [5ms]
2024-12-08 11:11:28.732 [info] > git status -z -uall [95ms]
2024-12-08 11:11:33.762 [info] > git config --get commit.template [13ms]
2024-12-08 11:11:33.763 [info] > git for-each-ref --format=%(refname)%00%(upstream:short)%00%(objectname)%00%(upstream:track)%00%(upstream:remotename)%00%(upstream:remoteref) refs/heads/develop refs/remotes/develop [4ms]
2024-12-08 11:11:33.786 [info] > git for-each-ref --sort -committerdate --format %(refname) %(objectname) %(*objectname) [5ms]
2024-12-08 11:11:33.848 [info] > git status -z -uall [76ms]
2024-12-08 11:11:45.224 [info] > git config --get commit.template [12ms]
2024-12-08 11:11:45.227 [info] > git for-each-ref --format=%(refname)%00%(upstream:short)%00%(objectname)%00%(upstream:track)%00%(upstream:remotename)%00%(upstream:remoteref) refs/heads/develop refs/remotes/develop [5ms]
2024-12-08 11:11:45.249 [info] > git for-each-ref --sort -committerdate --format %(refname) %(objectname) %(*objectname) [5ms]
2024-12-08 11:11:45.323 [info] > git status -z -uall [87ms]
2024-12-08 11:11:54.033 [info] > git config --get commit.template [10ms]
2024-12-08 11:11:54.035 [info] > git for-each-ref --format=%(refname)%00%(upstream:short)%00%(objectname)%00%(upstream:track)%00%(upstream:remotename)%00%(upstream:remoteref) refs/heads/develop refs/remotes/develop [4ms]
2024-12-08 11:11:54.068 [info] > git for-each-ref --sort -committerdate --format %(refname) %(objectname) %(*objectname) [16ms]
2024-12-08 11:11:54.135 [info] > git status -z -uall [92ms]
2024-12-08 11:17:06.345 [info] > git config --get commit.template [11ms]
2024-12-08 11:17:06.347 [info] > git for-each-ref --format=%(refname)%00%(upstream:short)%00%(objectname)%00%(upstream:track)%00%(upstream:remotename)%00%(upstream:remoteref) refs/heads/develop refs/remotes/develop [4ms]
2024-12-08 11:17:06.377 [info] > git for-each-ref --sort -committerdate --format %(refname) %(objectname) %(*objectname) [11ms]
2024-12-08 11:17:06.455 [info] > git status -z -uall [98ms]
2024-12-08 11:17:11.478 [info] > git config --get commit.template [10ms]
2024-12-08 11:17:11.480 [info] > git for-each-ref --format=%(refname)%00%(upstream:short)%00%(objectname)%00%(upstream:track)%00%(upstream:remotename)%00%(upstream:remoteref) refs/heads/develop refs/remotes/develop [4ms]
2024-12-08 11:17:11.501 [info] > git for-each-ref --sort -committerdate --format %(refname) %(objectname) %(*objectname) [1ms]
2024-12-08 11:17:11.564 [info] > git status -z -uall [78ms]
2024-12-08 11:17:35.246 [info] > git config --get commit.template [11ms]
2024-12-08 11:17:35.250 [info] > git for-each-ref --format=%(refname)%00%(upstream:short)%00%(objectname)%00%(upstream:track)%00%(upstream:remotename)%00%(upstream:remoteref) refs/heads/develop refs/remotes/develop [4ms]
2024-12-08 11:17:35.287 [info] > git for-each-ref --sort -committerdate --format %(refname) %(objectname) %(*objectname) [2ms]
2024-12-08 11:17:35.367 [info] > git status -z -uall [106ms]
2024-12-08 11:17:43.758 [info] > git config --get commit.template [10ms]
2024-12-08 11:17:43.760 [info] > git for-each-ref --format=%(refname)%00%(upstream:short)%00%(objectname)%00%(upstream:track)%00%(upstream:remotename)%00%(upstream:remoteref) refs/heads/develop refs/remotes/develop [4ms]
2024-12-08 11:17:43.786 [info] > git for-each-ref --sort -committerdate --format %(refname) %(objectname) %(*objectname) [9ms]
2024-12-08 11:17:43.858 [info] > git status -z -uall [90ms]
2024-12-08 11:17:48.871 [info] > git config --get commit.template [3ms]
2024-12-08 11:17:48.871 [info] > git for-each-ref --format=%(refname)%00%(upstream:short)%00%(objectname)%00%(upstream:track)%00%(upstream:remotename)%00%(upstream:remoteref) refs/heads/develop refs/remotes/develop [1ms]
2024-12-08 11:17:48.887 [info] > git for-each-ref --sort -committerdate --format %(refname) %(objectname) %(*objectname) [4ms]
2024-12-08 11:17:48.937 [info] > git status -z -uall [62ms]
2024-12-08 11:17:59.283 [info] > git config --get commit.template [10ms]
2024-12-08 11:17:59.294 [info] > git for-each-ref --format=%(refname)%00%(upstream:short)%00%(objectname)%00%(upstream:track)%00%(upstream:remotename)%00%(upstream:remoteref) refs/heads/develop refs/remotes/develop [13ms]
2024-12-08 11:17:59.316 [info] > git ls-files --stage -- /home/ubuntu/static/swagger.json [22ms]
2024-12-08 11:17:59.331 [info] > git for-each-ref --sort -committerdate --format %(refname) %(objectname) %(*objectname) [22ms]
2024-12-08 11:17:59.333 [info] > git cat-file -s 8b3c141ead263fd54df4cf027bc1a36260014f91 [3ms]
2024-12-08 11:17:59.353 [info] > git show --textconv :static/swagger.json [9ms]
2024-12-08 11:17:59.391 [info] > git status -z -uall [90ms]
2024-12-08 11:18:03.985 [info] > git check-ignore -v -z --stdin [16ms]
2024-12-08 11:18:04.418 [info] > git config --get commit.template [10ms]
2024-12-08 11:18:04.420 [info] > git for-each-ref --format=%(refname)%00%(upstream:short)%00%(objectname)%00%(upstream:track)%00%(upstream:remotename)%00%(upstream:remoteref) refs/heads/develop refs/remotes/develop [4ms]
2024-12-08 11:18:04.441 [info] > git for-each-ref --sort -committerdate --format %(refname) %(objectname) %(*objectname) [5ms]
2024-12-08 11:18:04.636 [info] > git status -z -uall [209ms]
2024-12-08 11:18:06.037 [info] > git config --get commit.template [11ms]
2024-12-08 11:18:06.039 [info] > git for-each-ref --format=%(refname)%00%(upstream:short)%00%(objectname)%00%(upstream:track)%00%(upstream:remotename)%00%(upstream:remoteref) refs/heads/develop refs/remotes/develop [4ms]
2024-12-08 11:18:06.062 [info] > git for-each-ref --sort -committerdate --format %(refname) %(objectname) %(*objectname) [4ms]
2024-12-08 11:18:06.244 [info] > git status -z -uall [198ms]
2024-12-08 11:18:07.225 [info] > git ls-files --stage -- /home/ubuntu/static/swagger.json [9ms]
2024-12-08 11:18:07.237 [info] > git cat-file -s 8b3c141ead263fd54df4cf027bc1a36260014f91 [4ms]
2024-12-08 11:18:07.257 [info] > git show --textconv :static/swagger.json [11ms]
2024-12-08 11:18:09.662 [info] > git config --get commit.template [11ms]
2024-12-08 11:18:09.663 [info] > git for-each-ref --format=%(refname)%00%(upstream:short)%00%(objectname)%00%(upstream:track)%00%(upstream:remotename)%00%(upstream:remoteref) refs/heads/develop refs/remotes/develop [3ms]
2024-12-08 11:18:09.685 [info] > git for-each-ref --sort -committerdate --format %(refname) %(objectname) %(*objectname) [6ms]
2024-12-08 11:18:09.861 [info] > git status -z -uall [190ms]
2024-12-08 11:18:13.267 [info] > git config --get commit.template [9ms]
2024-12-08 11:18:13.270 [info] > git for-each-ref --format=%(refname)%00%(upstream:short)%00%(objectname)%00%(upstream:track)%00%(upstream:remotename)%00%(upstream:remoteref) refs/heads/develop refs/remotes/develop [4ms]
2024-12-08 11:18:13.295 [info] > git for-each-ref --sort -committerdate --format %(refname) %(objectname) %(*objectname) [7ms]
2024-12-08 11:18:13.430 [info] > git status -z -uall [153ms]
2024-12-08 11:18:14.327 [info] > git ls-files --stage -- /home/ubuntu/static/swagger.json [10ms]
2024-12-08 11:18:14.339 [info] > git cat-file -s 8b3c141ead263fd54df4cf027bc1a36260014f91 [4ms]
2024-12-08 11:18:14.363 [info] > git show --textconv :static/swagger.json [11ms]
2024-12-08 11:18:14.889 [info] > git config --get commit.template [11ms]
2024-12-08 11:18:14.892 [info] > git for-each-ref --format=%(refname)%00%(upstream:short)%00%(objectname)%00%(upstream:track)%00%(upstream:remotename)%00%(upstream:remoteref) refs/heads/develop refs/remotes/develop [4ms]
2024-12-08 11:18:14.915 [info] > git for-each-ref --sort -committerdate --format %(refname) %(objectname) %(*objectname) [7ms]
2024-12-08 11:18:15.089 [info] > git status -z -uall [189ms]
2024-12-08 11:18:20.106 [info] > git config --get commit.template [6ms]
2024-12-08 11:18:20.106 [info] > git for-each-ref --format=%(refname)%00%(upstream:short)%00%(objectname)%00%(upstream:track)%00%(upstream:remotename)%00%(upstream:remoteref) refs/heads/develop refs/remotes/develop [1ms]
2024-12-08 11:18:20.124 [info] > git for-each-ref --sort -committerdate --format %(refname) %(objectname) %(*objectname) [4ms]
2024-12-08 11:18:20.213 [info] > git status -z -uall [102ms]
2024-12-08 11:18:20.540 [info] > git ls-files --stage -- /home/ubuntu/static/swagger.json [10ms]
2024-12-08 11:18:20.551 [info] > git cat-file -s 8b3c141ead263fd54df4cf027bc1a36260014f91 [4ms]
2024-12-08 11:18:20.601 [info] > git show --textconv :static/swagger.json [10ms]
2024-12-08 11:18:36.438 [info] > git config --get commit.template [10ms]
2024-12-08 11:18:36.440 [info] > git for-each-ref --format=%(refname)%00%(upstream:short)%00%(objectname)%00%(upstream:track)%00%(upstream:remotename)%00%(upstream:remoteref) refs/heads/develop refs/remotes/develop [4ms]
2024-12-08 11:18:36.468 [info] > git for-each-ref --sort -committerdate --format %(refname) %(objectname) %(*objectname) [2ms]
2024-12-08 11:18:36.615 [info] > git status -z -uall [167ms]
2024-12-08 11:18:46.963 [info] > git config --get commit.template [7ms]
2024-12-08 11:18:46.966 [info] > git for-each-ref --format=%(refname)%00%(upstream:short)%00%(objectname)%00%(upstream:track)%00%(upstream:remotename)%00%(upstream:remoteref) refs/heads/develop refs/remotes/develop [4ms]
2024-12-08 11:18:46.985 [info] > git for-each-ref --sort -committerdate --format %(refname) %(objectname) %(*objectname) [8ms]
2024-12-08 11:18:47.162 [info] > git status -z -uall [191ms]
2024-12-08 11:19:39.872 [info] > git for-each-ref --format=%(refname)%00%(upstream:short)%00%(objectname)%00%(upstream:track)%00%(upstream:remotename)%00%(upstream:remoteref) refs/heads/develop refs/remotes/develop [5ms]
2024-12-08 11:19:39.873 [info] > git config --get commit.template [15ms]
2024-12-08 11:19:39.895 [info] > git for-each-ref --sort -committerdate --format %(refname) %(objectname) %(*objectname) [5ms]
2024-12-08 11:19:40.090 [info] > git status -z -uall [209ms]
2024-12-08 11:19:40.488 [info] > git check-ignore -v -z --stdin [11ms]
2024-12-08 11:19:41.764 [info] > git ls-files --stage -- /home/ubuntu/templates/jobs.html [3ms]
2024-12-08 11:19:41.768 [info] > git show --textconv :templates/jobs.html [12ms]
2024-12-08 11:19:41.768 [info] > git cat-file -s b3969c4d188e5caf7ed8606c778f30bffd23e2a8 [1ms]
2024-12-08 11:19:45.125 [info] > git config --get commit.template [12ms]
2024-12-08 11:19:45.126 [info] > git for-each-ref --format=%(refname)%00%(upstream:short)%00%(objectname)%00%(upstream:track)%00%(upstream:remotename)%00%(upstream:remoteref) refs/heads/develop refs/remotes/develop [4ms]
2024-12-08 11:19:45.159 [info] > git for-each-ref --sort -committerdate --format %(refname) %(objectname) %(*objectname) [15ms]
2024-12-08 11:19:45.362 [info] > git status -z -uall [227ms]
2024-12-08 11:19:46.296 [info] > git show --textconv :static/swagger.json [12ms]
2024-12-08 11:19:46.302 [info] > git ls-files --stage -- /home/ubuntu/static/swagger.json [9ms]
2024-12-08 11:19:46.315 [info] > git cat-file -s 8b3c141ead263fd54df4cf027bc1a36260014f91 [4ms]
2024-12-08 11:19:47.460 [info] > git show --textconv :static/index.css [15ms]
2024-12-08 11:19:47.471 [info] > git ls-files --stage -- /home/ubuntu/static/index.css [14ms]
2024-12-08 11:19:47.484 [info] > git cat-file -s b25943e6d224e0e86038460ed3bc2ac147f896c6 [2ms]
2024-12-08 11:19:50.175 [info] > git show --textconv :static/swagger.json [16ms]
2024-12-08 11:19:50.182 [info] > git ls-files --stage -- /home/ubuntu/static/swagger.json [13ms]
2024-12-08 11:19:50.194 [info] > git cat-file -s 8b3c141ead263fd54df4cf027bc1a36260014f91 [4ms]
2024-12-08 11:19:50.397 [info] > git config --get commit.template [12ms]
2024-12-08 11:19:50.400 [info] > git for-each-ref --format=%(refname)%00%(upstream:short)%00%(objectname)%00%(upstream:track)%00%(upstream:remotename)%00%(upstream:remoteref) refs/heads/develop refs/remotes/develop [5ms]
2024-12-08 11:19:50.427 [info] > git for-each-ref --sort -committerdate --format %(refname) %(objectname) %(*objectname) [7ms]
2024-12-08 11:19:50.644 [info] > git status -z -uall [235ms]
2024-12-08 11:19:52.885 [info] > git show --textconv :.gitconfig [17ms]
2024-12-08 11:19:52.895 [info] > git ls-files --stage -- /home/ubuntu/.gitconfig [18ms]
2024-12-08 11:19:52.909 [info] > git cat-file -s ff6752be8b19c4b8a31285fb9c4795169c2c873c [2ms]
2024-12-08 11:22:00.157 [info] > git config --get commit.template [17ms]
2024-12-08 11:22:00.158 [info] > git for-each-ref --format=%(refname)%00%(upstream:short)%00%(objectname)%00%(upstream:track)%00%(upstream:remotename)%00%(upstream:remoteref) refs/heads/develop refs/remotes/develop [5ms]
2024-12-08 11:22:00.195 [info] > git for-each-ref --sort -committerdate --format %(refname) %(objectname) %(*objectname) [16ms]
2024-12-08 11:22:00.448 [info] > git status -z -uall [280ms]
2024-12-08 11:23:23.546 [info] > git config --get commit.template [12ms]
2024-12-08 11:23:23.548 [info] > git for-each-ref --format=%(refname)%00%(upstream:short)%00%(objectname)%00%(upstream:track)%00%(upstream:remotename)%00%(upstream:remoteref) refs/heads/develop refs/remotes/develop [4ms]
2024-12-08 11:23:23.575 [info] > git for-each-ref --sort -committerdate --format %(refname) %(objectname) %(*objectname) [7ms]
2024-12-08 11:23:23.787 [info] > git status -z -uall [228ms]
2024-12-08 11:23:25.013 [info] > git config --get commit.template [7ms]
2024-12-08 11:23:25.014 [info] > git for-each-ref --format=%(refname)%00%(upstream:short)%00%(objectname)%00%(upstream:track)%00%(upstream:remotename)%00%(upstream:remoteref) refs/heads/develop refs/remotes/develop [2ms]
2024-12-08 11:23:25.036 [info] > git for-each-ref --sort -committerdate --format %(refname) %(objectname) %(*objectname) [4ms]
2024-12-08 11:23:25.193 [info] > git status -z -uall [174ms]
2024-12-08 11:23:26.095 [info] > git ls-files --stage -- /home/ubuntu/.gitconfig [14ms]
2024-12-08 11:23:26.111 [info] > git cat-file -s ff6752be8b19c4b8a31285fb9c4795169c2c873c [5ms]
2024-12-08 11:23:26.135 [info] > git show --textconv :.gitconfig [10ms]
2024-12-08 11:23:28.824 [info] > git config --get commit.template [12ms]
2024-12-08 11:23:28.827 [info] > git for-each-ref --format=%(refname)%00%(upstream:short)%00%(objectname)%00%(upstream:track)%00%(upstream:remotename)%00%(upstream:remoteref) refs/heads/develop refs/remotes/develop [4ms]
2024-12-08 11:23:28.852 [info] > git for-each-ref --sort -committerdate --format %(refname) %(objectname) %(*objectname) [7ms]
2024-12-08 11:23:29.026 [info] > git status -z -uall [190ms]
2024-12-08 11:23:56.084 [info] > git config --get commit.template [13ms]
2024-12-08 11:23:56.088 [info] > git for-each-ref --format=%(refname)%00%(upstream:short)%00%(objectname)%00%(upstream:track)%00%(upstream:remotename)%00%(upstream:remoteref) refs/heads/develop refs/remotes/develop [6ms]
2024-12-08 11:23:56.114 [info] > git for-each-ref --sort -committerdate --format %(refname) %(objectname) %(*objectname) [7ms]
2024-12-08 11:23:56.299 [info] > git status -z -uall [202ms]
2024-12-08 11:24:04.642 [info] > git config --get commit.template [10ms]
2024-12-08 11:24:04.644 [info] > git for-each-ref --format=%(refname)%00%(upstream:short)%00%(objectname)%00%(upstream:track)%00%(upstream:remotename)%00%(upstream:remoteref) refs/heads/develop refs/remotes/develop [4ms]
2024-12-08 11:24:04.667 [info] > git for-each-ref --sort -committerdate --format %(refname) %(objectname) %(*objectname) [6ms]
2024-12-08 11:24:04.870 [info] > git status -z -uall [218ms]
2024-12-08 11:24:09.901 [info] > git config --get commit.template [11ms]
2024-12-08 11:24:09.903 [info] > git for-each-ref --format=%(refname)%00%(upstream:short)%00%(objectname)%00%(upstream:track)%00%(upstream:remotename)%00%(upstream:remoteref) refs/heads/develop refs/remotes/develop [4ms]
2024-12-08 11:24:09.931 [info] > git for-each-ref --sort -committerdate --format %(refname) %(objectname) %(*objectname) [10ms]
2024-12-08 11:24:10.141 [info] > git status -z -uall [230ms]
2024-12-08 11:25:23.310 [info] > git config --get commit.template [13ms]
2024-12-08 11:25:23.313 [info] > git for-each-ref --format=%(refname)%00%(upstream:short)%00%(objectname)%00%(upstream:track)%00%(upstream:remotename)%00%(upstream:remoteref) refs/heads/develop refs/remotes/develop [5ms]
2024-12-08 11:25:23.343 [info] > git for-each-ref --sort -committerdate --format %(refname) %(objectname) %(*objectname) [10ms]
2024-12-08 11:25:23.568 [info] > git status -z -uall [245ms]
2024-12-08 11:25:42.268 [info] > git config --get commit.template [10ms]
2024-12-08 11:25:42.271 [info] > git for-each-ref --format=%(refname)%00%(upstream:short)%00%(objectname)%00%(upstream:track)%00%(upstream:remotename)%00%(upstream:remoteref) refs/heads/develop refs/remotes/develop [4ms]
2024-12-08 11:25:42.296 [info] > git for-each-ref --sort -committerdate --format %(refname) %(objectname) %(*objectname) [8ms]
2024-12-08 11:25:42.475 [info] > git status -z -uall [196ms]
2024-12-08 11:25:46.343 [info] > git ls-files --stage -- /home/ubuntu/.gitconfig [13ms]
2024-12-08 11:25:46.356 [info] > git cat-file -s ff6752be8b19c4b8a31285fb9c4795169c2c873c [5ms]
2024-12-08 11:25:46.381 [info] > git show --textconv :.gitconfig [11ms]
2024-12-08 11:25:47.502 [info] > git config --get commit.template [9ms]
2024-12-08 11:25:47.503 [info] > git for-each-ref --format=%(refname)%00%(upstream:short)%00%(objectname)%00%(upstream:track)%00%(upstream:remotename)%00%(upstream:remoteref) refs/heads/develop refs/remotes/develop [3ms]
2024-12-08 11:25:47.532 [info] > git for-each-ref --sort -committerdate --format %(refname) %(objectname) %(*objectname) [4ms]
2024-12-08 11:25:47.703 [info] > git status -z -uall [192ms]
2024-12-08 11:25:53.038 [info] > git config --get commit.template [11ms]
2024-12-08 11:25:53.041 [info] > git for-each-ref --format=%(refname)%00%(upstream:short)%00%(objectname)%00%(upstream:track)%00%(upstream:remotename)%00%(upstream:remoteref) refs/heads/develop refs/remotes/develop [4ms]
2024-12-08 11:25:53.068 [info] > git for-each-ref --sort -committerdate --format %(refname) %(objectname) %(*objectname) [1ms]
2024-12-08 11:25:53.241 [info] > git status -z -uall [190ms]
2024-12-08 11:25:55.892 [info] > git config --get commit.template [10ms]
2024-12-08 11:25:55.895 [info] > git for-each-ref --format=%(refname)%00%(upstream:short)%00%(objectname)%00%(upstream:track)%00%(upstream:remotename)%00%(upstream:remoteref) refs/heads/develop refs/remotes/develop [5ms]
2024-12-08 11:25:55.917 [info] > git for-each-ref --sort -committerdate --format %(refname) %(objectname) %(*objectname) [6ms]
2024-12-08 11:25:56.094 [info] > git status -z -uall [190ms]
2024-12-08 11:25:58.269 [info] > git config --get commit.template [9ms]
2024-12-08 11:25:58.272 [info] > git for-each-ref --format=%(refname)%00%(upstream:short)%00%(objectname)%00%(upstream:track)%00%(upstream:remotename)%00%(upstream:remoteref) refs/heads/develop refs/remotes/develop [4ms]
2024-12-08 11:25:58.295 [info] > git for-each-ref --sort -committerdate --format %(refname) %(objectname) %(*objectname) [7ms]
2024-12-08 11:25:58.474 [info] > git status -z -uall [195ms]
2024-12-08 11:26:45.811 [info] > git config --get commit.template [17ms]
2024-12-08 11:26:45.812 [info] > git for-each-ref --format=%(refname)%00%(upstream:short)%00%(objectname)%00%(upstream:track)%00%(upstream:remotename)%00%(upstream:remoteref) refs/heads/develop refs/remotes/develop [4ms]
2024-12-08 11:26:45.836 [info] > git for-each-ref --sort -committerdate --format %(refname) %(objectname) %(*objectname) [5ms]
2024-12-08 11:26:46.022 [info] > git status -z -uall [201ms]
2024-12-08 11:26:50.040 [info] > git config --get commit.template [13ms]
2024-12-08 11:26:50.044 [info] > git for-each-ref --format=%(refname)%00%(upstream:short)%00%(objectname)%00%(upstream:track)%00%(upstream:remotename)%00%(upstream:remoteref) refs/heads/develop refs/remotes/develop [4ms]
2024-12-08 11:26:50.077 [info] > git for-each-ref --sort -committerdate --format %(refname) %(objectname) %(*objectname) [14ms]
2024-12-08 11:26:50.143 [info] > git status -z -uall [90ms]
2024-12-08 11:26:51.051 [info] > git config --get commit.template [12ms]
2024-12-08 11:26:51.054 [info] > git for-each-ref --format=%(refname)%00%(upstream:short)%00%(objectname)%00%(upstream:track)%00%(upstream:remotename)%00%(upstream:remoteref) refs/heads/develop refs/remotes/develop [5ms]
2024-12-08 11:26:51.090 [info] > git for-each-ref --sort -committerdate --format %(refname) %(objectname) %(*objectname) [12ms]
2024-12-08 11:26:51.163 [info] > git status -z -uall [100ms]
2024-12-08 11:26:51.340 [info] > git ls-files --stage -- /home/ubuntu/.gitconfig [10ms]
2024-12-08 11:26:51.353 [info] > git cat-file -s 21e9ec9a43a1f0d9c8114bc6bcd23a2d74f8f866 [4ms]
2024-12-08 11:26:51.377 [info] > git show --textconv :.gitconfig [10ms]
2024-12-08 11:29:17.628 [info] > git config --get commit.template [8ms]
2024-12-08 11:29:17.644 [info] > git for-each-ref --format=%(refname)%00%(upstream:short)%00%(objectname)%00%(upstream:track)%00%(upstream:remotename)%00%(upstream:remoteref) refs/heads/develop refs/remotes/develop [5ms]
2024-12-08 11:29:17.684 [info] > git for-each-ref --sort -committerdate --format %(refname) %(objectname) %(*objectname) [13ms]
2024-12-08 11:29:17.775 [info] > git status -z -uall [118ms]
2024-12-08 11:29:22.806 [info] > git config --get commit.template [11ms]
2024-12-08 11:29:22.808 [info] > git for-each-ref --format=%(refname)%00%(upstream:short)%00%(objectname)%00%(upstream:track)%00%(upstream:remotename)%00%(upstream:remoteref) refs/heads/develop refs/remotes/develop [4ms]
2024-12-08 11:29:22.850 [info] > git for-each-ref --sort -committerdate --format %(refname) %(objectname) %(*objectname) [19ms]
2024-12-08 11:29:22.901 [info] > git status -z -uall [83ms]
2024-12-08 11:37:10.686 [info] > git config --get commit.template [15ms]
2024-12-08 11:37:10.693 [info] > git for-each-ref --format=%(refname)%00%(upstream:short)%00%(objectname)%00%(upstream:track)%00%(upstream:remotename)%00%(upstream:remoteref) refs/heads/develop refs/remotes/develop [11ms]
2024-12-08 11:37:10.720 [info] > git for-each-ref --sort -committerdate --format %(refname) %(objectname) %(*objectname) [6ms]
2024-12-08 11:37:10.827 [info] > git status -z -uall [124ms]
2024-12-08 11:37:20.437 [info] > git config --get commit.template [13ms]
2024-12-08 11:37:20.440 [info] > git for-each-ref --format=%(refname)%00%(upstream:short)%00%(objectname)%00%(upstream:track)%00%(upstream:remotename)%00%(upstream:remoteref) refs/heads/develop refs/remotes/develop [4ms]
2024-12-08 11:37:20.476 [info] > git for-each-ref --sort -committerdate --format %(refname) %(objectname) %(*objectname) [7ms]
2024-12-08 11:37:20.537 [info] > git status -z -uall [87ms]
2024-12-08 11:37:25.566 [info] > git config --get commit.template [12ms]
2024-12-08 11:37:25.569 [info] > git for-each-ref --format=%(refname)%00%(upstream:short)%00%(objectname)%00%(upstream:track)%00%(upstream:remotename)%00%(upstream:remoteref) refs/heads/develop refs/remotes/develop [4ms]
2024-12-08 11:37:25.598 [info] > git for-each-ref --sort -committerdate --format %(refname) %(objectname) %(*objectname) [3ms]
2024-12-08 11:37:25.668 [info] > git status -z -uall [90ms]
2024-12-08 11:37:34.846 [info] > git config --get commit.template [5ms]
2024-12-08 11:37:34.858 [info] > git for-each-ref --format=%(refname)%00%(upstream:short)%00%(objectname)%00%(upstream:track)%00%(upstream:remotename)%00%(upstream:remoteref) refs/heads/develop refs/remotes/develop [4ms]
2024-12-08 11:37:34.892 [info] > git for-each-ref --sort -committerdate --format %(refname) %(objectname) %(*objectname) [11ms]
2024-12-08 11:37:34.956 [info] > git status -z -uall [89ms]
2024-12-08 11:38:37.704 [info] > git config --get commit.template [11ms]
2024-12-08 11:38:37.706 [info] > git for-each-ref --format=%(refname)%00%(upstream:short)%00%(objectname)%00%(upstream:track)%00%(upstream:remotename)%00%(upstream:remoteref) refs/heads/develop refs/remotes/develop [4ms]
2024-12-08 11:38:37.728 [info] > git for-each-ref --sort -committerdate --format %(refname) %(objectname) %(*objectname) [6ms]
2024-12-08 11:38:37.820 [info] > git status -z -uall [106ms]
2024-12-08 11:41:44.799 [info] > git config --get commit.template [14ms]
2024-12-08 11:41:44.801 [info] > git for-each-ref --format=%(refname)%00%(upstream:short)%00%(objectname)%00%(upstream:track)%00%(upstream:remotename)%00%(upstream:remoteref) refs/heads/develop refs/remotes/develop [5ms]
2024-12-08 11:41:44.830 [info] > git for-each-ref --sort -committerdate --format %(refname) %(objectname) %(*objectname) [6ms]
2024-12-08 11:41:44.932 [info] > git status -z -uall [121ms]
2024-12-08 11:41:49.965 [info] > git config --get commit.template [12ms]
2024-12-08 11:41:49.967 [info] > git for-each-ref --format=%(refname)%00%(upstream:short)%00%(objectname)%00%(upstream:track)%00%(upstream:remotename)%00%(upstream:remoteref) refs/heads/develop refs/remotes/develop [4ms]
2024-12-08 11:41:49.993 [info] > git for-each-ref --sort -committerdate --format %(refname) %(objectname) %(*objectname) [7ms]
2024-12-08 11:41:50.070 [info] > git status -z -uall [94ms]
2024-12-08 11:42:06.502 [info] > git config --get commit.template [11ms]
2024-12-08 11:42:06.505 [info] > git for-each-ref --format=%(refname)%00%(upstream:short)%00%(objectname)%00%(upstream:track)%00%(upstream:remotename)%00%(upstream:remoteref) refs/heads/develop refs/remotes/develop [5ms]
2024-12-08 11:42:06.527 [info] > git for-each-ref --sort -committerdate --format %(refname) %(objectname) %(*objectname) [4ms]
2024-12-08 11:42:06.601 [info] > git status -z -uall [88ms]
2024-12-08 11:42:11.626 [info] > git config --get commit.template [8ms]
2024-12-08 11:42:11.627 [info] > git for-each-ref --format=%(refname)%00%(upstream:short)%00%(objectname)%00%(upstream:track)%00%(upstream:remotename)%00%(upstream:remoteref) refs/heads/develop refs/remotes/develop [3ms]
2024-12-08 11:42:11.656 [info] > git for-each-ref --sort -committerdate --format %(refname) %(objectname) %(*objectname) [9ms]
2024-12-08 11:42:11.718 [info] > git status -z -uall [82ms]
2024-12-08 11:42:34.320 [info] > git config --get commit.template [11ms]
2024-12-08 11:42:34.322 [info] > git for-each-ref --format=%(refname)%00%(upstream:short)%00%(objectname)%00%(upstream:track)%00%(upstream:remotename)%00%(upstream:remoteref) refs/heads/develop refs/remotes/develop [4ms]
2024-12-08 11:42:34.347 [info] > git for-each-ref --sort -committerdate --format %(refname) %(objectname) %(*objectname) [5ms]
2024-12-08 11:42:34.425 [info] > git status -z -uall [93ms]
2024-12-08 11:42:39.451 [info] > git config --get commit.template [10ms]
2024-12-08 11:42:39.453 [info] > git for-each-ref --format=%(refname)%00%(upstream:short)%00%(objectname)%00%(upstream:track)%00%(upstream:remotename)%00%(upstream:remoteref) refs/heads/develop refs/remotes/develop [4ms]
2024-12-08 11:42:39.486 [info] > git for-each-ref --sort -committerdate --format %(refname) %(objectname) %(*objectname) [16ms]
2024-12-08 11:42:39.548 [info] > git status -z -uall [87ms]
2024-12-08 11:42:44.127 [info] > git show --textconv :requirements.txt [12ms]
2024-12-08 11:42:44.139 [info] > git ls-files --stage -- /home/ubuntu/requirements.txt [14ms]
2024-12-08 11:42:44.150 [info] > git cat-file -s f1a2f1117f3ce6ef6c3d3b75b670021fea1cf89d [4ms]
2024-12-08 11:42:44.575 [info] > git config --get commit.template [10ms]
2024-12-08 11:42:44.578 [info] > git for-each-ref --format=%(refname)%00%(upstream:short)%00%(objectname)%00%(upstream:track)%00%(upstream:remotename)%00%(upstream:remoteref) refs/heads/develop refs/remotes/develop [4ms]
2024-12-08 11:42:44.603 [info] > git for-each-ref --sort -committerdate --format %(refname) %(objectname) %(*objectname) [7ms]
2024-12-08 11:42:44.680 [info] > git status -z -uall [94ms]
2024-12-08 11:42:49.713 [info] > git config --get commit.template [11ms]
2024-12-08 11:42:49.716 [info] > git for-each-ref --format=%(refname)%00%(upstream:short)%00%(objectname)%00%(upstream:track)%00%(upstream:remotename)%00%(upstream:remoteref) refs/heads/develop refs/remotes/develop [4ms]
2024-12-08 11:42:49.744 [info] > git for-each-ref --sort -committerdate --format %(refname) %(objectname) %(*objectname) [8ms]
2024-12-08 11:42:49.820 [info] > git status -z -uall [95ms]
2024-12-08 11:42:54.956 [info] > git config --get commit.template [11ms]
2024-12-08 11:42:54.958 [info] > git for-each-ref --format=%(refname)%00%(upstream:short)%00%(objectname)%00%(upstream:track)%00%(upstream:remotename)%00%(upstream:remoteref) refs/heads/develop refs/remotes/develop [3ms]
2024-12-08 11:42:54.987 [info] > git for-each-ref --sort -committerdate --format %(refname) %(objectname) %(*objectname) [13ms]
2024-12-08 11:42:55.048 [info] > git status -z -uall [82ms]
2024-12-08 11:43:00.076 [info] > git config --get commit.template [11ms]
2024-12-08 11:43:00.079 [info] > git for-each-ref --format=%(refname)%00%(upstream:short)%00%(objectname)%00%(upstream:track)%00%(upstream:remotename)%00%(upstream:remoteref) refs/heads/develop refs/remotes/develop [4ms]
2024-12-08 11:43:00.110 [info] > git for-each-ref --sort -committerdate --format %(refname) %(objectname) %(*objectname) [13ms]
2024-12-08 11:43:00.186 [info] > git status -z -uall [98ms]
2024-12-08 11:43:05.223 [info] > git config --get commit.template [4ms]
2024-12-08 11:43:05.234 [info] > git for-each-ref --format=%(refname)%00%(upstream:short)%00%(objectname)%00%(upstream:track)%00%(upstream:remotename)%00%(upstream:remoteref) refs/heads/develop refs/remotes/develop [4ms]
2024-12-08 11:43:05.257 [info] > git for-each-ref --sort -committerdate --format %(refname) %(objectname) %(*objectname) [5ms]
2024-12-08 11:43:05.333 [info] > git status -z -uall [90ms]
2024-12-08 11:43:10.358 [info] > git config --get commit.template [5ms]
2024-12-08 11:43:10.370 [info] > git for-each-ref --format=%(refname)%00%(upstream:short)%00%(objectname)%00%(upstream:track)%00%(upstream:remotename)%00%(upstream:remoteref) refs/heads/develop refs/remotes/develop [4ms]
2024-12-08 11:43:10.392 [info] > git for-each-ref --sort -committerdate --format %(refname) %(objectname) %(*objectname) [6ms]
2024-12-08 11:43:10.473 [info] > git status -z -uall [95ms]
2024-12-08 11:43:15.502 [info] > git config --get commit.template [7ms]
2024-12-08 11:43:15.515 [info] > git for-each-ref --format=%(refname)%00%(upstream:short)%00%(objectname)%00%(upstream:track)%00%(upstream:remotename)%00%(upstream:remoteref) refs/heads/develop refs/remotes/develop [4ms]
2024-12-08 11:43:15.551 [info] > git for-each-ref --sort -committerdate --format %(refname) %(objectname) %(*objectname) [15ms]
2024-12-08 11:43:15.616 [info] > git status -z -uall [93ms]
2024-12-08 11:43:31.691 [info] > git config --get commit.template [9ms]
2024-12-08 11:43:31.696 [info] > git for-each-ref --format=%(refname)%00%(upstream:short)%00%(objectname)%00%(upstream:track)%00%(upstream:remotename)%00%(upstream:remoteref) refs/heads/develop refs/remotes/develop [7ms]
2024-12-08 11:43:31.716 [info] > git for-each-ref --sort -committerdate --format %(refname) %(objectname) %(*objectname) [4ms]
2024-12-08 11:43:31.799 [info] > git status -z -uall [96ms]
2024-12-08 11:43:36.828 [info] > git config --get commit.template [9ms]
2024-12-08 11:43:36.840 [info] > git for-each-ref --format=%(refname)%00%(upstream:short)%00%(objectname)%00%(upstream:track)%00%(upstream:remotename)%00%(upstream:remoteref) refs/heads/develop refs/remotes/develop [13ms]
2024-12-08 11:43:36.874 [info] > git for-each-ref --sort -committerdate --format %(refname) %(objectname) %(*objectname) [14ms]
2024-12-08 11:43:36.944 [info] > git status -z -uall [96ms]
2024-12-08 11:44:03.033 [info] > git config --get commit.template [9ms]
2024-12-08 11:44:03.035 [info] > git for-each-ref --format=%(refname)%00%(upstream:short)%00%(objectname)%00%(upstream:track)%00%(upstream:remotename)%00%(upstream:remoteref) refs/heads/develop refs/remotes/develop [4ms]
2024-12-08 11:44:03.071 [info] > git for-each-ref --sort -committerdate --format %(refname) %(objectname) %(*objectname) [17ms]
2024-12-08 11:44:03.144 [info] > git status -z -uall [100ms]
2024-12-08 11:44:08.183 [info] > git config --get commit.template [11ms]
2024-12-08 11:44:08.186 [info] > git for-each-ref --format=%(refname)%00%(upstream:short)%00%(objectname)%00%(upstream:track)%00%(upstream:remotename)%00%(upstream:remoteref) refs/heads/develop refs/remotes/develop [4ms]
2024-12-08 11:44:08.220 [info] > git for-each-ref --sort -committerdate --format %(refname) %(objectname) %(*objectname) [11ms]
2024-12-08 11:44:08.287 [info] > git status -z -uall [92ms]
2024-12-08 11:44:13.317 [info] > git config --get commit.template [10ms]
2024-12-08 11:44:13.319 [info] > git for-each-ref --format=%(refname)%00%(upstream:short)%00%(objectname)%00%(upstream:track)%00%(upstream:remotename)%00%(upstream:remoteref) refs/heads/develop refs/remotes/develop [4ms]
2024-12-08 11:44:13.349 [info] > git for-each-ref --sort -committerdate --format %(refname) %(objectname) %(*objectname) [11ms]
2024-12-08 11:44:13.414 [info] > git status -z -uall [87ms]
2024-12-08 11:44:18.449 [info] > git config --get commit.template [11ms]
2024-12-08 11:44:18.452 [info] > git for-each-ref --format=%(refname)%00%(upstream:short)%00%(objectname)%00%(upstream:track)%00%(upstream:remotename)%00%(upstream:remoteref) refs/heads/develop refs/remotes/develop [4ms]
2024-12-08 11:44:18.486 [info] > git for-each-ref --sort -committerdate --format %(refname) %(objectname) %(*objectname) [17ms]
2024-12-08 11:44:18.560 [info] > git status -z -uall [99ms]
2024-12-08 11:44:23.592 [info] > git config --get commit.template [11ms]
2024-12-08 11:44:23.595 [info] > git for-each-ref --format=%(refname)%00%(upstream:short)%00%(objectname)%00%(upstream:track)%00%(upstream:remotename)%00%(upstream:remoteref) refs/heads/develop refs/remotes/develop [4ms]
2024-12-08 11:44:23.618 [info] > git for-each-ref --sort -committerdate --format %(refname) %(objectname) %(*objectname) [5ms]
2024-12-08 11:44:23.698 [info] > git status -z -uall [93ms]
2024-12-08 11:44:28.723 [info] > git config --get commit.template [10ms]
2024-12-08 11:44:28.726 [info] > git for-each-ref --format=%(refname)%00%(upstream:short)%00%(objectname)%00%(upstream:track)%00%(upstream:remotename)%00%(upstream:remoteref) refs/heads/develop refs/remotes/develop [4ms]
2024-12-08 11:44:28.753 [info] > git for-each-ref --sort -committerdate --format %(refname) %(objectname) %(*objectname) [11ms]
2024-12-08 11:44:28.827 [info] > git status -z -uall [93ms]
2024-12-08 11:44:34.380 [info] > git config --get commit.template [9ms]
2024-12-08 11:44:34.382 [info] > git for-each-ref --format=%(refname)%00%(upstream:short)%00%(objectname)%00%(upstream:track)%00%(upstream:remotename)%00%(upstream:remoteref) refs/heads/develop refs/remotes/develop [4ms]
2024-12-08 11:44:34.406 [info] > git for-each-ref --sort -committerdate --format %(refname) %(objectname) %(*objectname) [6ms]
2024-12-08 11:44:34.481 [info] > git status -z -uall [90ms]
2024-12-08 11:44:39.516 [info] > git config --get commit.template [12ms]
2024-12-08 11:44:39.519 [info] > git for-each-ref --format=%(refname)%00%(upstream:short)%00%(objectname)%00%(upstream:track)%00%(upstream:remotename)%00%(upstream:remoteref) refs/heads/develop refs/remotes/develop [5ms]
2024-12-08 11:44:39.557 [info] > git for-each-ref --sort -committerdate --format %(refname) %(objectname) %(*objectname) [18ms]
2024-12-08 11:44:39.616 [info] > git status -z -uall [87ms]
2024-12-08 11:44:44.646 [info] > git config --get commit.template [12ms]
2024-12-08 11:44:44.647 [info] > git for-each-ref --format=%(refname)%00%(upstream:short)%00%(objectname)%00%(upstream:track)%00%(upstream:remotename)%00%(upstream:remoteref) refs/heads/develop refs/remotes/develop [5ms]
2024-12-08 11:44:44.670 [info] > git for-each-ref --sort -committerdate --format %(refname) %(objectname) %(*objectname) [4ms]
2024-12-08 11:44:44.741 [info] > git status -z -uall [86ms]
2024-12-08 11:44:49.773 [info] > git config --get commit.template [12ms]
2024-12-08 11:44:49.775 [info] > git for-each-ref --format=%(refname)%00%(upstream:short)%00%(objectname)%00%(upstream:track)%00%(upstream:remotename)%00%(upstream:remoteref) refs/heads/develop refs/remotes/develop [4ms]
2024-12-08 11:44:49.805 [info] > git for-each-ref --sort -committerdate --format %(refname) %(objectname) %(*objectname) [13ms]
2024-12-08 11:44:49.868 [info] > git status -z -uall [85ms]
2024-12-08 11:44:54.897 [info] > git config --get commit.template [10ms]
2024-12-08 11:44:54.899 [info] > git for-each-ref --format=%(refname)%00%(upstream:short)%00%(objectname)%00%(upstream:track)%00%(upstream:remotename)%00%(upstream:remoteref) refs/heads/develop refs/remotes/develop [4ms]
2024-12-08 11:44:54.922 [info] > git for-each-ref --sort -committerdate --format %(refname) %(objectname) %(*objectname) [4ms]
2024-12-08 11:44:55.005 [info] > git status -z -uall [98ms]
2024-12-08 11:45:10.298 [info] > git config --get commit.template [11ms]
2024-12-08 11:45:10.300 [info] > git for-each-ref --format=%(refname)%00%(upstream:short)%00%(objectname)%00%(upstream:track)%00%(upstream:remotename)%00%(upstream:remoteref) refs/heads/develop refs/remotes/develop [3ms]
2024-12-08 11:45:10.321 [info] > git for-each-ref --sort -committerdate --format %(refname) %(objectname) %(*objectname) [4ms]
2024-12-08 11:45:10.396 [info] > git status -z -uall [87ms]
2024-12-08 11:45:15.431 [info] > git config --get commit.template [11ms]
2024-12-08 11:45:15.434 [info] > git for-each-ref --format=%(refname)%00%(upstream:short)%00%(objectname)%00%(upstream:track)%00%(upstream:remotename)%00%(upstream:remoteref) refs/heads/develop refs/remotes/develop [5ms]
2024-12-08 11:45:15.467 [info] > git for-each-ref --sort -committerdate --format %(refname) %(objectname) %(*objectname) [10ms]
2024-12-08 11:45:15.540 [info] > git status -z -uall [98ms]
2024-12-08 11:45:20.564 [info] > git config --get commit.template [7ms]
2024-12-08 11:45:20.567 [info] > git for-each-ref --format=%(refname)%00%(upstream:short)%00%(objectname)%00%(upstream:track)%00%(upstream:remotename)%00%(upstream:remoteref) refs/heads/develop refs/remotes/develop [4ms]
2024-12-08 11:45:20.581 [info] > git for-each-ref --sort -committerdate --format %(refname) %(objectname) %(*objectname) [5ms]
2024-12-08 11:45:20.625 [info] > git status -z -uall [52ms]
2024-12-08 11:45:28.464 [info] > git config --get commit.template [5ms]
2024-12-08 11:45:28.465 [info] > git for-each-ref --format=%(refname)%00%(upstream:short)%00%(objectname)%00%(upstream:track)%00%(upstream:remotename)%00%(upstream:remoteref) refs/heads/develop refs/remotes/develop [3ms]
2024-12-08 11:45:28.484 [info] > git for-each-ref --sort -committerdate --format %(refname) %(objectname) %(*objectname) [10ms]
2024-12-08 11:45:28.520 [info] > git status -z -uall [52ms]
2024-12-08 11:45:33.576 [info] > git config --get commit.template [12ms]
2024-12-08 11:45:33.578 [info] > git for-each-ref --format=%(refname)%00%(upstream:short)%00%(objectname)%00%(upstream:track)%00%(upstream:remotename)%00%(upstream:remoteref) refs/heads/develop refs/remotes/develop [4ms]
2024-12-08 11:45:33.604 [info] > git for-each-ref --sort -committerdate --format %(refname) %(objectname) %(*objectname) [7ms]
2024-12-08 11:45:33.684 [info] > git status -z -uall [98ms]
2024-12-08 11:45:38.718 [info] > git config --get commit.template [10ms]
2024-12-08 11:45:38.720 [info] > git for-each-ref --format=%(refname)%00%(upstream:short)%00%(objectname)%00%(upstream:track)%00%(upstream:remotename)%00%(upstream:remoteref) refs/heads/develop refs/remotes/develop [4ms]
2024-12-08 11:45:38.745 [info] > git for-each-ref --sort -committerdate --format %(refname) %(objectname) %(*objectname) [8ms]
2024-12-08 11:45:38.820 [info] > git status -z -uall [90ms]
2024-12-08 11:45:43.854 [info] > git config --get commit.template [10ms]
2024-12-08 11:45:43.857 [info] > git for-each-ref --format=%(refname)%00%(upstream:short)%00%(objectname)%00%(upstream:track)%00%(upstream:remotename)%00%(upstream:remoteref) refs/heads/develop refs/remotes/develop [4ms]
2024-12-08 11:45:43.877 [info] > git for-each-ref --sort -committerdate --format %(refname) %(objectname) %(*objectname) [5ms]
2024-12-08 11:45:43.960 [info] > git status -z -uall [96ms]
2024-12-08 11:45:48.994 [info] > git config --get commit.template [10ms]
2024-12-08 11:45:48.996 [info] > git for-each-ref --format=%(refname)%00%(upstream:short)%00%(objectname)%00%(upstream:track)%00%(upstream:remotename)%00%(upstream:remoteref) refs/heads/develop refs/remotes/develop [4ms]
2024-12-08 11:45:49.028 [info] > git for-each-ref --sort -committerdate --format %(refname) %(objectname) %(*objectname) [14ms]
2024-12-08 11:45:49.096 [info] > git status -z -uall [92ms]
2024-12-08 11:45:54.122 [info] > git config --get commit.template [4ms]
2024-12-08 11:45:54.134 [info] > git for-each-ref --format=%(refname)%00%(upstream:short)%00%(objectname)%00%(upstream:track)%00%(upstream:remotename)%00%(upstream:remoteref) refs/heads/develop refs/remotes/develop [4ms]
2024-12-08 11:45:54.168 [info] > git for-each-ref --sort -committerdate --format %(refname) %(objectname) %(*objectname) [16ms]
2024-12-08 11:45:54.241 [info] > git status -z -uall [99ms]
2024-12-08 11:46:49.099 [info] > git config --get commit.template [13ms]
2024-12-08 11:46:49.101 [info] > git for-each-ref --format=%(refname)%00%(upstream:short)%00%(objectname)%00%(upstream:track)%00%(upstream:remotename)%00%(upstream:remoteref) refs/heads/develop refs/remotes/develop [4ms]
2024-12-08 11:46:49.132 [info] > git for-each-ref --sort -committerdate --format %(refname) %(objectname) %(*objectname) [5ms]
2024-12-08 11:46:49.223 [info] > git status -z -uall [112ms]
2024-12-08 11:46:54.261 [info] > git config --get commit.template [13ms]
2024-12-08 11:46:54.263 [info] > git for-each-ref --format=%(refname)%00%(upstream:short)%00%(objectname)%00%(upstream:track)%00%(upstream:remotename)%00%(upstream:remoteref) refs/heads/develop refs/remotes/develop [4ms]
2024-12-08 11:46:54.312 [info] > git for-each-ref --sort -committerdate --format %(refname) %(objectname) %(*objectname) [26ms]
2024-12-08 11:46:54.377 [info] > git status -z -uall [105ms]
2024-12-08 11:46:59.504 [info] > git config --get commit.template [14ms]
2024-12-08 11:46:59.505 [info] > git for-each-ref --format=%(refname)%00%(upstream:short)%00%(objectname)%00%(upstream:track)%00%(upstream:remotename)%00%(upstream:remoteref) refs/heads/develop refs/remotes/develop [7ms]
2024-12-08 11:46:59.529 [info] > git for-each-ref --sort -committerdate --format %(refname) %(objectname) %(*objectname) [7ms]
2024-12-08 11:46:59.628 [info] > git status -z -uall [115ms]
2024-12-08 11:47:04.654 [info] > git config --get commit.template [2ms]
2024-12-08 11:47:04.666 [info] > git for-each-ref --format=%(refname)%00%(upstream:short)%00%(objectname)%00%(upstream:track)%00%(upstream:remotename)%00%(upstream:remoteref) refs/heads/develop refs/remotes/develop [4ms]
2024-12-08 11:47:04.682 [info] > git for-each-ref --sort -committerdate --format %(refname) %(objectname) %(*objectname) [4ms]
2024-12-08 11:47:04.765 [info] > git status -z -uall [92ms]
2024-12-08 11:47:09.812 [info] > git config --get commit.template [18ms]
2024-12-08 11:47:09.815 [info] > git for-each-ref --format=%(refname)%00%(upstream:short)%00%(objectname)%00%(upstream:track)%00%(upstream:remotename)%00%(upstream:remoteref) refs/heads/develop refs/remotes/develop [6ms]
2024-12-08 11:47:09.836 [info] > git for-each-ref --sort -committerdate --format %(refname) %(objectname) %(*objectname) [4ms]
2024-12-08 11:47:09.921 [info] > git status -z -uall [96ms]
2024-12-08 11:47:14.961 [info] > git config --get commit.template [11ms]
2024-12-08 11:47:14.963 [info] > git for-each-ref --format=%(refname)%00%(upstream:short)%00%(objectname)%00%(upstream:track)%00%(upstream:remotename)%00%(upstream:remoteref) refs/heads/develop refs/remotes/develop [4ms]
2024-12-08 11:47:14.985 [info] > git for-each-ref --sort -committerdate --format %(refname) %(objectname) %(*objectname) [6ms]
2024-12-08 11:47:15.076 [info] > git status -z -uall [104ms]
2024-12-08 11:47:21.524 [info] > git config --get commit.template [10ms]
2024-12-08 11:47:21.527 [info] > git for-each-ref --format=%(refname)%00%(upstream:short)%00%(objectname)%00%(upstream:track)%00%(upstream:remotename)%00%(upstream:remoteref) refs/heads/develop refs/remotes/develop [4ms]
2024-12-08 11:47:21.552 [info] > git for-each-ref --sort -committerdate --format %(refname) %(objectname) %(*objectname) [10ms]
2024-12-08 11:47:21.616 [info] > git status -z -uall [82ms]
2024-12-08 11:47:28.260 [info] > git config --get commit.template [10ms]
2024-12-08 11:47:28.263 [info] > git for-each-ref --format=%(refname)%00%(upstream:short)%00%(objectname)%00%(upstream:track)%00%(upstream:remotename)%00%(upstream:remoteref) refs/heads/develop refs/remotes/develop [4ms]
2024-12-08 11:47:28.287 [info] > git for-each-ref --sort -committerdate --format %(refname) %(objectname) %(*objectname) [8ms]
2024-12-08 11:47:28.362 [info] > git status -z -uall [90ms]
2024-12-08 11:47:36.528 [info] > git config --get commit.template [11ms]
2024-12-08 11:47:36.531 [info] > git for-each-ref --format=%(refname)%00%(upstream:short)%00%(objectname)%00%(upstream:track)%00%(upstream:remotename)%00%(upstream:remoteref) refs/heads/develop refs/remotes/develop [4ms]
2024-12-08 11:47:36.566 [info] > git for-each-ref --sort -committerdate --format %(refname) %(objectname) %(*objectname) [7ms]
2024-12-08 11:47:36.612 [info] > git status -z -uall [72ms]
2024-12-08 11:47:41.666 [info] > git config --get commit.template [11ms]
2024-12-08 11:47:41.668 [info] > git for-each-ref --format=%(refname)%00%(upstream:short)%00%(objectname)%00%(upstream:track)%00%(upstream:remotename)%00%(upstream:remoteref) refs/heads/develop refs/remotes/develop [4ms]
2024-12-08 11:47:41.691 [info] > git for-each-ref --sort -committerdate --format %(refname) %(objectname) %(*objectname) [7ms]
2024-12-08 11:47:41.760 [info] > git status -z -uall [85ms]
2024-12-08 11:47:46.804 [info] > git config --get commit.template [10ms]
2024-12-08 11:47:46.806 [info] > git for-each-ref --format=%(refname)%00%(upstream:short)%00%(objectname)%00%(upstream:track)%00%(upstream:remotename)%00%(upstream:remoteref) refs/heads/develop refs/remotes/develop [4ms]
2024-12-08 11:47:46.835 [info] > git for-each-ref --sort -committerdate --format %(refname) %(objectname) %(*objectname) [11ms]
2024-12-08 11:47:46.906 [info] > git status -z -uall [92ms]
2024-12-08 11:47:53.531 [info] > git config --get commit.template [10ms]
2024-12-08 11:47:53.534 [info] > git for-each-ref --format=%(refname)%00%(upstream:short)%00%(objectname)%00%(upstream:track)%00%(upstream:remotename)%00%(upstream:remoteref) refs/heads/develop refs/remotes/develop [4ms]
2024-12-08 11:47:53.559 [info] > git for-each-ref --sort -committerdate --format %(refname) %(objectname) %(*objectname) [8ms]
2024-12-08 11:47:53.642 [info] > git status -z -uall [99ms]
2024-12-08 11:47:57.662 [info] > git config --get commit.template [10ms]
2024-12-08 11:47:57.664 [info] > git for-each-ref --format=%(refname)%00%(upstream:short)%00%(objectname)%00%(upstream:track)%00%(upstream:remotename)%00%(upstream:remoteref) refs/heads/develop refs/remotes/develop [3ms]
2024-12-08 11:47:57.679 [info] > git for-each-ref --sort -committerdate --format %(refname) %(objectname) %(*objectname) [1ms]
2024-12-08 11:47:57.763 [info] > git status -z -uall [91ms]
2024-12-08 11:47:58.686 [info] > git config --get commit.template [11ms]
2024-12-08 11:47:58.688 [info] > git for-each-ref --format=%(refname)%00%(upstream:short)%00%(objectname)%00%(upstream:track)%00%(upstream:remotename)%00%(upstream:remoteref) refs/heads/develop refs/remotes/develop [4ms]
2024-12-08 11:47:58.711 [info] > git for-each-ref --sort -committerdate --format %(refname) %(objectname) %(*objectname) [5ms]
2024-12-08 11:47:58.800 [info] > git status -z -uall [103ms]
2024-12-08 11:47:59.051 [info] > git ls-files --stage -- /home/ubuntu/requirements.txt [11ms]
2024-12-08 11:47:59.063 [info] > git cat-file -s e3f67fae5d0522f406bdb46fa35a8a12e8c9ba9a [4ms]
2024-12-08 11:47:59.086 [info] > git show --textconv :requirements.txt [10ms]
2024-12-08 11:48:05.535 [info] > git config --get commit.template [10ms]
2024-12-08 11:48:05.537 [info] > git for-each-ref --format=%(refname)%00%(upstream:short)%00%(objectname)%00%(upstream:track)%00%(upstream:remotename)%00%(upstream:remoteref) refs/heads/develop refs/remotes/develop [3ms]
2024-12-08 11:48:05.557 [info] > git for-each-ref --sort -committerdate --format %(refname) %(objectname) %(*objectname) [5ms]
2024-12-08 11:48:05.648 [info] > git status -z -uall [105ms]
2024-12-08 11:48:19.020 [info] > git config --get commit.template [13ms]
2024-12-08 11:48:19.023 [info] > git for-each-ref --format=%(refname)%00%(upstream:short)%00%(objectname)%00%(upstream:track)%00%(upstream:remotename)%00%(upstream:remoteref) refs/heads/develop refs/remotes/develop [4ms]
2024-12-08 11:48:19.048 [info] > git for-each-ref --sort -committerdate --format %(refname) %(objectname) %(*objectname) [5ms]
2024-12-08 11:48:19.154 [info] > git status -z -uall [122ms]
2024-12-08 11:48:23.104 [info] > git config --get commit.template [2ms]
2024-12-08 11:48:23.111 [info] > git for-each-ref --format=%(refname)%00%(upstream:short)%00%(objectname)%00%(upstream:track)%00%(upstream:remotename)%00%(upstream:remoteref) refs/heads/develop refs/remotes/develop [0ms]
2024-12-08 11:48:23.132 [info] > git for-each-ref --sort -committerdate --format %(refname) %(objectname) %(*objectname) [11ms]
2024-12-08 11:48:23.162 [info] > git status -z -uall [44ms]
2024-12-08 11:48:23.922 [info] > git ls-files --stage -- /home/ubuntu/requirements.txt [11ms]
2024-12-08 11:48:23.934 [info] > git cat-file -s e3f67fae5d0522f406bdb46fa35a8a12e8c9ba9a [5ms]
2024-12-08 11:48:23.958 [info] > git show --textconv :requirements.txt [11ms]
2024-12-08 11:48:24.209 [info] > git config --get commit.template [12ms]
2024-12-08 11:48:24.211 [info] > git for-each-ref --format=%(refname)%00%(upstream:short)%00%(objectname)%00%(upstream:track)%00%(upstream:remotename)%00%(upstream:remoteref) refs/heads/develop refs/remotes/develop [4ms]
2024-12-08 11:48:24.248 [info] > git for-each-ref --sort -committerdate --format %(refname) %(objectname) %(*objectname) [2ms]
2024-12-08 11:48:24.316 [info] > git status -z -uall [92ms]
2024-12-08 11:48:29.331 [info] > git for-each-ref --format=%(refname)%00%(upstream:short)%00%(objectname)%00%(upstream:track)%00%(upstream:remotename)%00%(upstream:remoteref) refs/heads/develop refs/remotes/develop [1ms]
2024-12-08 11:48:29.332 [info] > git config --get commit.template [7ms]
2024-12-08 11:48:29.350 [info] > git for-each-ref --sort -committerdate --format %(refname) %(objectname) %(*objectname) [4ms]
2024-12-08 11:48:29.409 [info] > git status -z -uall [69ms]
2024-12-08 11:48:45.914 [info] > git config --get commit.template [10ms]
2024-12-08 11:48:45.916 [info] > git for-each-ref --format=%(refname)%00%(upstream:short)%00%(objectname)%00%(upstream:track)%00%(upstream:remotename)%00%(upstream:remoteref) refs/heads/develop refs/remotes/develop [4ms]
2024-12-08 11:48:45.949 [info] > git for-each-ref --sort -committerdate --format %(refname) %(objectname) %(*objectname) [17ms]
2024-12-08 11:48:46.016 [info] > git status -z -uall [93ms]
2024-12-08 11:48:51.045 [info] > git config --get commit.template [11ms]
2024-12-08 11:48:51.047 [info] > git for-each-ref --format=%(refname)%00%(upstream:short)%00%(objectname)%00%(upstream:track)%00%(upstream:remotename)%00%(upstream:remoteref) refs/heads/develop refs/remotes/develop [4ms]
2024-12-08 11:48:51.093 [info] > git for-each-ref --sort -committerdate --format %(refname) %(objectname) %(*objectname) [6ms]
2024-12-08 11:48:51.152 [info] > git status -z -uall [90ms]
2024-12-08 11:49:14.753 [info] > git config --get commit.template [11ms]
2024-12-08 11:49:14.755 [info] > git for-each-ref --format=%(refname)%00%(upstream:short)%00%(objectname)%00%(upstream:track)%00%(upstream:remotename)%00%(upstream:remoteref) refs/heads/develop refs/remotes/develop [5ms]
2024-12-08 11:49:14.788 [info] > git for-each-ref --sort -committerdate --format %(refname) %(objectname) %(*objectname) [17ms]
2024-12-08 11:49:14.854 [info] > git status -z -uall [90ms]
2024-12-08 11:49:19.880 [info] > git config --get commit.template [10ms]
2024-12-08 11:49:19.882 [info] > git for-each-ref --format=%(refname)%00%(upstream:short)%00%(objectname)%00%(upstream:track)%00%(upstream:remotename)%00%(upstream:remoteref) refs/heads/develop refs/remotes/develop [4ms]
2024-12-08 11:49:19.904 [info] > git for-each-ref --sort -committerdate --format %(refname) %(objectname) %(*objectname) [6ms]
2024-12-08 11:49:19.984 [info] > git status -z -uall [93ms]
2024-12-08 11:49:26.131 [info] > git config --get commit.template [6ms]
2024-12-08 11:49:26.143 [info] > git for-each-ref --format=%(refname)%00%(upstream:short)%00%(objectname)%00%(upstream:track)%00%(upstream:remotename)%00%(upstream:remoteref) refs/heads/develop refs/remotes/develop [4ms]
2024-12-08 11:49:26.171 [info] > git for-each-ref --sort -committerdate --format %(refname) %(objectname) %(*objectname) [10ms]
2024-12-08 11:49:26.252 [info] > git status -z -uall [100ms]
2024-12-08 11:49:31.282 [info] > git config --get commit.template [9ms]
2024-12-08 11:49:31.284 [info] > git for-each-ref --format=%(refname)%00%(upstream:short)%00%(objectname)%00%(upstream:track)%00%(upstream:remotename)%00%(upstream:remoteref) refs/heads/develop refs/remotes/develop [4ms]
2024-12-08 11:49:31.308 [info] > git for-each-ref --sort -committerdate --format %(refname) %(objectname) %(*objectname) [9ms]
2024-12-08 11:49:31.379 [info] > git status -z -uall [88ms]
2024-12-08 11:49:36.407 [info] > git config --get commit.template [11ms]
2024-12-08 11:49:36.409 [info] > git for-each-ref --format=%(refname)%00%(upstream:short)%00%(objectname)%00%(upstream:track)%00%(upstream:remotename)%00%(upstream:remoteref) refs/heads/develop refs/remotes/develop [4ms]
2024-12-08 11:49:36.434 [info] > git for-each-ref --sort -committerdate --format %(refname) %(objectname) %(*objectname) [9ms]
2024-12-08 11:49:36.510 [info] > git status -z -uall [93ms]
2024-12-08 11:49:42.821 [info] > git config --get commit.template [9ms]
2024-12-08 11:49:42.823 [info] > git for-each-ref --format=%(refname)%00%(upstream:short)%00%(objectname)%00%(upstream:track)%00%(upstream:remotename)%00%(upstream:remoteref) refs/heads/develop refs/remotes/develop [4ms]
2024-12-08 11:49:42.843 [info] > git for-each-ref --sort -committerdate --format %(refname) %(objectname) %(*objectname) [4ms]
2024-12-08 11:49:42.911 [info] > git status -z -uall [79ms]
2024-12-08 11:50:05.045 [info] > git config --get commit.template [11ms]
2024-12-08 11:50:05.047 [info] > git for-each-ref --format=%(refname)%00%(upstream:short)%00%(objectname)%00%(upstream:track)%00%(upstream:remotename)%00%(upstream:remoteref) refs/heads/develop refs/remotes/develop [4ms]
2024-12-08 11:50:05.070 [info] > git for-each-ref --sort -committerdate --format %(refname) %(objectname) %(*objectname) [6ms]
2024-12-08 11:50:05.155 [info] > git status -z -uall [98ms]
