2024-12-08 10:16:13.606 [info] Extension host with pid 2500491 started
2024-12-08 10:16:13.648 [info] Lock '/home/ubuntu/.vscode-server/data/User/workspaceStorage/89c7bb5c0ce2071f34ce53eb8b7aa3eb/vscode.lock': Lock acquired.
2024-12-08 10:16:13.708 [info] ExtensionService#_doActivateExtension vscode.emmet, startup: false, activationEvent: 'onLanguage'
2024-12-08 10:16:13.709 [info] ExtensionService#_doActivateExtension vscode.configuration-editing, startup: false, activationEvent: 'onLanguage:json'
2024-12-08 10:16:13.709 [info] ExtensionService#_doActivateExtension vscode.extension-editing, startup: false, activationEvent: 'onLanguage:json'
2024-12-08 10:16:13.709 [info] ExtensionService#_doActivateExtension vscode.json-language-features, startup: false, activationEvent: 'onLanguage:json'
2024-12-08 10:16:13.709 [info] ExtensionService#_doActivateExtension vscode.npm, startup: false, activationEvent: 'onLanguage:json'
2024-12-08 10:16:13.710 [info] ExtensionService#_doActivateExtension vscode.git-base, startup: false, activationEvent: '*', root cause: vscode.git
2024-12-08 10:16:14.066 [info] ExtensionService#_doActivateExtension vscode.git, startup: false, activationEvent: '*'
2024-12-08 10:16:14.066 [info] ExtensionService#_doActivateExtension vscode.github, startup: false, activationEvent: '*'
2024-12-08 10:16:14.499 [info] ExtensionService#_doActivateExtension vscode.tunnel-forwarding, startup: false, activationEvent: 'onTunnel'
2024-12-08 10:16:14.714 [info] Eager extensions activated
2024-12-08 10:16:14.715 [info] ExtensionService#_doActivateExtension vscode.debug-auto-launch, startup: false, activationEvent: 'onStartupFinished'
2024-12-08 10:16:14.715 [info] ExtensionService#_doActivateExtension vscode.merge-conflict, startup: false, activationEvent: 'onStartupFinished'
2024-12-08 10:16:14.715 [info] ExtensionService#_doActivateExtension cweijan.vscode-mysql-client2, startup: false, activationEvent: 'onStartupFinished'
2024-12-08 10:16:15.392 [info] ExtensionService#_doActivateExtension vscode.typescript-language-features, startup: false, activationEvent: 'onLanguage:jsonc'
2024-12-08 11:19:41.393 [info] ExtensionService#_doActivateExtension vscode.html-language-features, startup: false, activationEvent: 'onLanguage:html'
2024-12-08 11:19:47.231 [info] ExtensionService#_doActivateExtension vscode.css-language-features, startup: false, activationEvent: 'onLanguage:css'
2024-12-08 11:47:28.375 [warning] [Decorations] CAPPING events from decorations provider vscode.git 414
2024-12-08 11:47:36.625 [warning] [Decorations] CAPPING events from decorations provider vscode.git 414
2024-12-08 11:47:41.776 [warning] [Decorations] CAPPING events from decorations provider vscode.git 414
2024-12-08 11:47:46.917 [warning] [Decorations] CAPPING events from decorations provider vscode.git 414
2024-12-08 11:47:53.657 [warning] [Decorations] CAPPING events from decorations provider vscode.git 414
