2024-12-03 22:58:38.532 [info] [main] 로그 수준: Info
2024-12-03 22:58:38.532 [info] [main] "git"에서 찾은 git 유효성을 검사하는 중
2024-12-03 22:58:38.532 [info] [main] "2.43.0"에서 git "git"을(를) 사용하는 중
2024-12-03 22:58:38.532 [info] [Model][doInitialScan] Initial repository scan started
2024-12-03 22:58:38.532 [info] > git rev-parse --show-toplevel [3ms]
2024-12-03 22:58:38.532 [info] > git rev-parse --git-dir --git-common-dir [2ms]
2024-12-03 22:58:38.532 [info] [Model][openRepository] Opened repository: /home/ubuntu
2024-12-03 22:58:38.532 [info] > git config --get commit.template [11ms]
2024-12-03 22:58:38.548 [info] > git rev-parse --show-toplevel [3ms]
2024-12-03 22:58:38.549 [info] > git for-each-ref --format=%(refname)%00%(upstream:short)%00%(objectname)%00%(upstream:track)%00%(upstream:remotename)%00%(upstream:remoteref) refs/heads/main refs/remotes/main [8ms]
2024-12-03 22:58:38.562 [info] > git rev-parse --show-toplevel [8ms]
2024-12-03 22:58:38.563 [info] > git for-each-ref --sort -committerdate --format %(refname) %(objectname) %(*objectname) [2ms]
2024-12-03 22:58:38.567 [info] > git rev-parse --show-toplevel [0ms]
2024-12-03 22:58:38.616 [info] > git rev-parse --show-toplevel [43ms]
2024-12-03 22:58:38.633 [info] > git status -z -uall [75ms]
2024-12-03 22:58:38.633 [info] > git rev-parse --show-toplevel [13ms]
2024-12-03 22:58:38.737 [info] > git for-each-ref --format=%(refname)%00%(upstream:short)%00%(objectname)%00%(upstream:track)%00%(upstream:remotename)%00%(upstream:remoteref) refs/heads/main refs/remotes/main [15ms]
2024-12-03 22:58:38.743 [info] > git config --local branch.main.vscode-merge-base [1ms]
2024-12-03 22:58:38.743 [warning] [Git][config] git config failed: Failed to execute git
2024-12-03 22:58:38.746 [info] > git config --get commit.template [16ms]
2024-12-03 22:58:38.746 [info] > git rev-parse --show-toplevel [18ms]
2024-12-03 22:58:38.755 [info] > git rev-parse --show-toplevel [6ms]
2024-12-03 22:58:38.755 [info] > git reflog main --grep-reflog=branch: Created from *. [9ms]
2024-12-03 22:58:38.760 [info] > git symbolic-ref --short refs/remotes/origin/HEAD [3ms]
2024-12-03 22:58:38.760 [info] fatal: ref refs/remotes/origin/HEAD is not a symbolic ref
2024-12-03 22:58:38.760 [warning] [Repository][getDefaultBranch] Failed to get default branch details: Failed to execute git.
2024-12-03 22:58:38.771 [info] > git for-each-ref --format=%(refname)%00%(upstream:short)%00%(objectname)%00%(upstream:track)%00%(upstream:remotename)%00%(upstream:remoteref) refs/heads/main refs/remotes/main [16ms]
2024-12-03 22:58:39.130 [info] > git merge-base refs/heads/main refs/remotes/origin/main [367ms]
2024-12-03 22:58:39.136 [info] > git rev-parse --show-toplevel [377ms]
2024-12-03 22:58:39.164 [info] > git check-ignore -v -z --stdin [19ms]
2024-12-03 22:58:39.167 [info] > git diff --name-status -z --diff-filter=ADMR 46e7b5737007e12c6ab7612118e9bc1ace9d020f...refs/remotes/origin/main [32ms]
2024-12-03 22:58:39.170 [info] > git rev-parse --show-toplevel [15ms]
2024-12-03 22:58:39.179 [info] [Model][doInitialScan] Initial repository scan completed - repositories (1), closed repositories (0), parent repositories (0), unsafe repositories (0)
2024-12-03 22:58:39.196 [info] > git for-each-ref --sort -committerdate --format %(refname) %(objectname) %(*objectname) [4ms]
2024-12-03 22:58:39.228 [info] > git status -z -uall [44ms]
2024-12-03 22:58:39.821 [info] > git show --textconv :app.py [81ms]
2024-12-03 22:58:39.821 [info] > git ls-files --stage -- /home/ubuntu/app.py [77ms]
2024-12-03 22:58:39.829 [info] > git cat-file -s b962d3d2fa470d3556a1c2880c23d6585cd8a2e7 [4ms]
2024-12-03 22:58:41.318 [info] > git config --get commit.template [6ms]
2024-12-03 22:58:41.322 [info] > git for-each-ref --format=%(refname)%00%(upstream:short)%00%(objectname)%00%(upstream:track)%00%(upstream:remotename)%00%(upstream:remoteref) refs/heads/main refs/remotes/main [5ms]
2024-12-03 22:58:41.331 [info] > git for-each-ref --sort -committerdate --format %(refname) %(objectname) %(*objectname) [1ms]
2024-12-03 22:58:41.406 [info] > git status -z -uall [80ms]
2024-12-03 22:58:53.109 [info] > git config --get commit.template [11ms]
2024-12-03 22:58:53.111 [info] > git for-each-ref --format=%(refname)%00%(upstream:short)%00%(objectname)%00%(upstream:track)%00%(upstream:remotename)%00%(upstream:remoteref) refs/heads/main refs/remotes/main [5ms]
2024-12-03 22:58:53.132 [info] > git for-each-ref --sort -committerdate --format %(refname) %(objectname) %(*objectname) [4ms]
2024-12-03 22:58:53.207 [info] > git status -z -uall [88ms]
2024-12-03 22:58:58.327 [info] > git config --get commit.template [12ms]
2024-12-03 22:58:58.330 [info] > git for-each-ref --format=%(refname)%00%(upstream:short)%00%(objectname)%00%(upstream:track)%00%(upstream:remotename)%00%(upstream:remoteref) refs/heads/main refs/remotes/main [5ms]
2024-12-03 22:58:58.353 [info] > git for-each-ref --sort -committerdate --format %(refname) %(objectname) %(*objectname) [3ms]
2024-12-03 22:58:58.425 [info] > git status -z -uall [86ms]
2024-12-03 22:59:04.262 [info] > git config --get commit.template [13ms]
2024-12-03 22:59:04.264 [info] > git for-each-ref --format=%(refname)%00%(upstream:short)%00%(objectname)%00%(upstream:track)%00%(upstream:remotename)%00%(upstream:remoteref) refs/heads/main refs/remotes/main [5ms]
2024-12-03 22:59:04.288 [info] > git for-each-ref --sort -committerdate --format %(refname) %(objectname) %(*objectname) [4ms]
2024-12-03 22:59:04.361 [info] > git status -z -uall [89ms]
2024-12-03 22:59:23.663 [info] > git config --get commit.template [10ms]
2024-12-03 22:59:23.666 [info] > git for-each-ref --format=%(refname)%00%(upstream:short)%00%(objectname)%00%(upstream:track)%00%(upstream:remotename)%00%(upstream:remoteref) refs/heads/main refs/remotes/main [5ms]
2024-12-03 22:59:23.700 [info] > git for-each-ref --sort -committerdate --format %(refname) %(objectname) %(*objectname) [12ms]
2024-12-03 22:59:23.788 [info] > git status -z -uall [112ms]
2024-12-03 22:59:28.936 [info] > git config --get commit.template [9ms]
2024-12-03 22:59:28.939 [info] > git for-each-ref --format=%(refname)%00%(upstream:short)%00%(objectname)%00%(upstream:track)%00%(upstream:remotename)%00%(upstream:remoteref) refs/heads/main refs/remotes/main [5ms]
2024-12-03 22:59:28.959 [info] > git for-each-ref --sort -committerdate --format %(refname) %(objectname) %(*objectname) [3ms]
2024-12-03 22:59:29.032 [info] > git status -z -uall [85ms]
2024-12-03 23:00:44.581 [info] > git config --get commit.template [12ms]
2024-12-03 23:00:44.583 [info] > git for-each-ref --format=%(refname)%00%(upstream:short)%00%(objectname)%00%(upstream:track)%00%(upstream:remotename)%00%(upstream:remoteref) refs/heads/main refs/remotes/main [6ms]
2024-12-03 23:00:44.605 [info] > git for-each-ref --sort -committerdate --format %(refname) %(objectname) %(*objectname) [4ms]
2024-12-03 23:00:44.688 [info] > git status -z -uall [97ms]
2024-12-03 23:00:49.838 [info] > git config --get commit.template [8ms]
2024-12-03 23:00:49.840 [info] > git for-each-ref --format=%(refname)%00%(upstream:short)%00%(objectname)%00%(upstream:track)%00%(upstream:remotename)%00%(upstream:remoteref) refs/heads/main refs/remotes/main [4ms]
2024-12-03 23:00:49.856 [info] > git for-each-ref --sort -committerdate --format %(refname) %(objectname) %(*objectname) [4ms]
2024-12-03 23:00:49.927 [info] > git status -z -uall [81ms]
2024-12-03 23:00:55.014 [info] > git config --get commit.template [2ms]
2024-12-03 23:00:55.027 [info] > git for-each-ref --format=%(refname)%00%(upstream:short)%00%(objectname)%00%(upstream:track)%00%(upstream:remotename)%00%(upstream:remoteref) refs/heads/main refs/remotes/main [5ms]
2024-12-03 23:00:55.050 [info] > git for-each-ref --sort -committerdate --format %(refname) %(objectname) %(*objectname) [4ms]
2024-12-03 23:00:55.085 [info] > git status -z -uall [49ms]
2024-12-03 23:01:00.765 [info] > git config --get commit.template [11ms]
2024-12-03 23:01:00.768 [info] > git for-each-ref --format=%(refname)%00%(upstream:short)%00%(objectname)%00%(upstream:track)%00%(upstream:remotename)%00%(upstream:remoteref) refs/heads/main refs/remotes/main [4ms]
2024-12-03 23:01:00.791 [info] > git for-each-ref --sort -committerdate --format %(refname) %(objectname) %(*objectname) [5ms]
2024-12-03 23:01:00.858 [info] > git status -z -uall [80ms]
2024-12-03 23:01:41.773 [info] > git config --get commit.template [23ms]
2024-12-03 23:01:41.775 [info] > git for-each-ref --format=%(refname)%00%(upstream:short)%00%(objectname)%00%(upstream:track)%00%(upstream:remotename)%00%(upstream:remoteref) refs/heads/main refs/remotes/main [6ms]
2024-12-03 23:01:41.805 [info] > git for-each-ref --sort -committerdate --format %(refname) %(objectname) %(*objectname) [3ms]
2024-12-03 23:01:41.886 [info] > git status -z -uall [97ms]
2024-12-03 23:01:47.039 [info] > git config --get commit.template [11ms]
2024-12-03 23:01:47.041 [info] > git for-each-ref --format=%(refname)%00%(upstream:short)%00%(objectname)%00%(upstream:track)%00%(upstream:remotename)%00%(upstream:remoteref) refs/heads/main refs/remotes/main [4ms]
2024-12-03 23:01:47.071 [info] > git for-each-ref --sort -committerdate --format %(refname) %(objectname) %(*objectname) [6ms]
2024-12-03 23:01:47.132 [info] > git status -z -uall [81ms]
2024-12-03 23:01:52.265 [info] > git config --get commit.template [12ms]
2024-12-03 23:01:52.268 [info] > git for-each-ref --format=%(refname)%00%(upstream:short)%00%(objectname)%00%(upstream:track)%00%(upstream:remotename)%00%(upstream:remoteref) refs/heads/main refs/remotes/main [5ms]
2024-12-03 23:01:52.295 [info] > git for-each-ref --sort -committerdate --format %(refname) %(objectname) %(*objectname) [5ms]
2024-12-03 23:01:52.362 [info] > git status -z -uall [83ms]
2024-12-03 23:04:04.048 [info] > git config --get commit.template [14ms]
2024-12-03 23:04:04.052 [info] > git for-each-ref --format=%(refname)%00%(upstream:short)%00%(objectname)%00%(upstream:track)%00%(upstream:remotename)%00%(upstream:remoteref) refs/heads/main refs/remotes/main [12ms]
2024-12-03 23:04:04.087 [info] > git for-each-ref --sort -committerdate --format %(refname) %(objectname) %(*objectname) [4ms]
2024-12-03 23:04:04.201 [info] > git status -z -uall [136ms]
2024-12-03 23:04:09.370 [info] > git config --get commit.template [11ms]
2024-12-03 23:04:09.373 [info] > git for-each-ref --format=%(refname)%00%(upstream:short)%00%(objectname)%00%(upstream:track)%00%(upstream:remotename)%00%(upstream:remoteref) refs/heads/main refs/remotes/main [5ms]
2024-12-03 23:04:09.397 [info] > git for-each-ref --sort -committerdate --format %(refname) %(objectname) %(*objectname) [4ms]
2024-12-03 23:04:09.483 [info] > git status -z -uall [101ms]
2024-12-03 23:04:14.610 [info] > git config --get commit.template [2ms]
2024-12-03 23:04:14.618 [info] > git for-each-ref --format=%(refname)%00%(upstream:short)%00%(objectname)%00%(upstream:track)%00%(upstream:remotename)%00%(upstream:remoteref) refs/heads/main refs/remotes/main [2ms]
2024-12-03 23:04:14.643 [info] > git for-each-ref --sort -committerdate --format %(refname) %(objectname) %(*objectname) [4ms]
2024-12-03 23:04:14.669 [info] > git status -z -uall [41ms]
2024-12-03 23:04:19.779 [info] > git config --get commit.template [10ms]
2024-12-03 23:04:19.781 [info] > git for-each-ref --format=%(refname)%00%(upstream:short)%00%(objectname)%00%(upstream:track)%00%(upstream:remotename)%00%(upstream:remoteref) refs/heads/main refs/remotes/main [4ms]
2024-12-03 23:04:19.804 [info] > git for-each-ref --sort -committerdate --format %(refname) %(objectname) %(*objectname) [4ms]
2024-12-03 23:04:19.879 [info] > git status -z -uall [89ms]
2024-12-03 23:04:24.962 [info] > git config --get commit.template [9ms]
2024-12-03 23:04:24.965 [info] > git for-each-ref --format=%(refname)%00%(upstream:short)%00%(objectname)%00%(upstream:track)%00%(upstream:remotename)%00%(upstream:remoteref) refs/heads/main refs/remotes/main [4ms]
2024-12-03 23:04:24.985 [info] > git for-each-ref --sort -committerdate --format %(refname) %(objectname) %(*objectname) [4ms]
2024-12-03 23:04:25.054 [info] > git status -z -uall [81ms]
2024-12-03 23:04:30.180 [info] > git config --get commit.template [10ms]
2024-12-03 23:04:30.183 [info] > git for-each-ref --format=%(refname)%00%(upstream:short)%00%(objectname)%00%(upstream:track)%00%(upstream:remotename)%00%(upstream:remoteref) refs/heads/main refs/remotes/main [5ms]
2024-12-03 23:04:30.215 [info] > git for-each-ref --sort -committerdate --format %(refname) %(objectname) %(*objectname) [4ms]
2024-12-03 23:04:30.284 [info] > git status -z -uall [87ms]
2024-12-03 23:04:35.393 [info] > git config --get commit.template [11ms]
2024-12-03 23:04:35.396 [info] > git for-each-ref --format=%(refname)%00%(upstream:short)%00%(objectname)%00%(upstream:track)%00%(upstream:remotename)%00%(upstream:remoteref) refs/heads/main refs/remotes/main [4ms]
2024-12-03 23:04:35.420 [info] > git for-each-ref --sort -committerdate --format %(refname) %(objectname) %(*objectname) [4ms]
2024-12-03 23:04:35.494 [info] > git status -z -uall [89ms]
2024-12-03 23:04:40.626 [info] > git config --get commit.template [10ms]
2024-12-03 23:04:40.628 [info] > git for-each-ref --format=%(refname)%00%(upstream:short)%00%(objectname)%00%(upstream:track)%00%(upstream:remotename)%00%(upstream:remoteref) refs/heads/main refs/remotes/main [5ms]
2024-12-03 23:04:40.663 [info] > git for-each-ref --sort -committerdate --format %(refname) %(objectname) %(*objectname) [6ms]
2024-12-03 23:04:40.734 [info] > git status -z -uall [98ms]
2024-12-03 23:04:45.847 [info] > git config --get commit.template [10ms]
2024-12-03 23:04:45.848 [info] > git for-each-ref --format=%(refname)%00%(upstream:short)%00%(objectname)%00%(upstream:track)%00%(upstream:remotename)%00%(upstream:remoteref) refs/heads/main refs/remotes/main [4ms]
2024-12-03 23:04:45.869 [info] > git for-each-ref --sort -committerdate --format %(refname) %(objectname) %(*objectname) [2ms]
2024-12-03 23:04:45.940 [info] > git status -z -uall [84ms]
2024-12-03 23:04:51.526 [info] > git config --get commit.template [10ms]
2024-12-03 23:04:51.530 [info] > git for-each-ref --format=%(refname)%00%(upstream:short)%00%(objectname)%00%(upstream:track)%00%(upstream:remotename)%00%(upstream:remoteref) refs/heads/main refs/remotes/main [6ms]
2024-12-03 23:04:51.554 [info] > git for-each-ref --sort -committerdate --format %(refname) %(objectname) %(*objectname) [2ms]
2024-12-03 23:04:51.641 [info] > git status -z -uall [102ms]
2024-12-03 23:04:56.760 [info] > git config --get commit.template [9ms]
2024-12-03 23:04:56.763 [info] > git for-each-ref --format=%(refname)%00%(upstream:short)%00%(objectname)%00%(upstream:track)%00%(upstream:remotename)%00%(upstream:remoteref) refs/heads/main refs/remotes/main [4ms]
2024-12-03 23:04:56.789 [info] > git for-each-ref --sort -committerdate --format %(refname) %(objectname) %(*objectname) [2ms]
2024-12-03 23:04:56.868 [info] > git status -z -uall [97ms]
2024-12-03 23:05:03.535 [info] > git config --get commit.template [13ms]
2024-12-03 23:05:03.538 [info] > git for-each-ref --format=%(refname)%00%(upstream:short)%00%(objectname)%00%(upstream:track)%00%(upstream:remotename)%00%(upstream:remoteref) refs/heads/main refs/remotes/main [6ms]
2024-12-03 23:05:03.585 [info] > git for-each-ref --sort -committerdate --format %(refname) %(objectname) %(*objectname) [10ms]
2024-12-03 23:05:03.637 [info] > git status -z -uall [90ms]
2024-12-03 23:05:08.710 [info] > git config --get commit.template [10ms]
2024-12-03 23:05:08.713 [info] > git for-each-ref --format=%(refname)%00%(upstream:short)%00%(objectname)%00%(upstream:track)%00%(upstream:remotename)%00%(upstream:remoteref) refs/heads/main refs/remotes/main [5ms]
2024-12-03 23:05:08.735 [info] > git for-each-ref --sort -committerdate --format %(refname) %(objectname) %(*objectname) [2ms]
2024-12-03 23:05:08.818 [info] > git status -z -uall [96ms]
2024-12-03 23:05:13.927 [info] > git config --get commit.template [10ms]
2024-12-03 23:05:13.930 [info] > git for-each-ref --format=%(refname)%00%(upstream:short)%00%(objectname)%00%(upstream:track)%00%(upstream:remotename)%00%(upstream:remoteref) refs/heads/main refs/remotes/main [4ms]
2024-12-03 23:05:13.950 [info] > git for-each-ref --sort -committerdate --format %(refname) %(objectname) %(*objectname) [4ms]
2024-12-03 23:05:14.019 [info] > git status -z -uall [82ms]
2024-12-03 23:05:24.492 [info] > git config --get commit.template [10ms]
2024-12-03 23:05:24.496 [info] > git for-each-ref --format=%(refname)%00%(upstream:short)%00%(objectname)%00%(upstream:track)%00%(upstream:remotename)%00%(upstream:remoteref) refs/heads/main refs/remotes/main [4ms]
2024-12-03 23:05:24.517 [info] > git for-each-ref --sort -committerdate --format %(refname) %(objectname) %(*objectname) [5ms]
2024-12-03 23:05:24.584 [info] > git status -z -uall [80ms]
2024-12-03 23:05:29.679 [info] > git config --get commit.template [10ms]
2024-12-03 23:05:29.681 [info] > git for-each-ref --format=%(refname)%00%(upstream:short)%00%(objectname)%00%(upstream:track)%00%(upstream:remotename)%00%(upstream:remoteref) refs/heads/main refs/remotes/main [4ms]
2024-12-03 23:05:29.702 [info] > git for-each-ref --sort -committerdate --format %(refname) %(objectname) %(*objectname) [2ms]
2024-12-03 23:05:29.769 [info] > git status -z -uall [79ms]
2024-12-03 23:05:34.878 [info] > git config --get commit.template [11ms]
2024-12-03 23:05:34.880 [info] > git for-each-ref --format=%(refname)%00%(upstream:short)%00%(objectname)%00%(upstream:track)%00%(upstream:remotename)%00%(upstream:remoteref) refs/heads/main refs/remotes/main [4ms]
2024-12-03 23:05:34.905 [info] > git for-each-ref --sort -committerdate --format %(refname) %(objectname) %(*objectname) [4ms]
2024-12-03 23:05:34.974 [info] > git status -z -uall [85ms]
2024-12-03 23:05:42.104 [info] > git config --get commit.template [7ms]
2024-12-03 23:05:42.105 [info] > git for-each-ref --format=%(refname)%00%(upstream:short)%00%(objectname)%00%(upstream:track)%00%(upstream:remotename)%00%(upstream:remoteref) refs/heads/main refs/remotes/main [3ms]
2024-12-03 23:05:42.122 [info] > git for-each-ref --sort -committerdate --format %(refname) %(objectname) %(*objectname) [1ms]
2024-12-03 23:05:42.199 [info] > git status -z -uall [86ms]
2024-12-03 23:05:57.818 [info] > git config --get commit.template [9ms]
2024-12-03 23:05:57.820 [info] > git for-each-ref --format=%(refname)%00%(upstream:short)%00%(objectname)%00%(upstream:track)%00%(upstream:remotename)%00%(upstream:remoteref) refs/heads/main refs/remotes/main [4ms]
2024-12-03 23:05:57.843 [info] > git for-each-ref --sort -committerdate --format %(refname) %(objectname) %(*objectname) [6ms]
2024-12-03 23:05:57.932 [info] > git status -z -uall [104ms]
2024-12-03 23:09:12.922 [info] > git config --get commit.template [14ms]
2024-12-03 23:09:12.924 [info] > git for-each-ref --format=%(refname)%00%(upstream:short)%00%(objectname)%00%(upstream:track)%00%(upstream:remotename)%00%(upstream:remoteref) refs/heads/main refs/remotes/main [7ms]
2024-12-03 23:09:12.954 [info] > git for-each-ref --sort -committerdate --format %(refname) %(objectname) %(*objectname) [4ms]
2024-12-03 23:09:13.070 [info] > git status -z -uall [133ms]
2024-12-03 23:09:19.593 [info] > git config --get commit.template [9ms]
2024-12-03 23:09:19.596 [info] > git for-each-ref --format=%(refname)%00%(upstream:short)%00%(objectname)%00%(upstream:track)%00%(upstream:remotename)%00%(upstream:remoteref) refs/heads/main refs/remotes/main [5ms]
2024-12-03 23:09:19.625 [info] > git for-each-ref --sort -committerdate --format %(refname) %(objectname) %(*objectname) [11ms]
2024-12-03 23:09:19.692 [info] > git status -z -uall [88ms]
2024-12-03 23:11:16.717 [info] > git config --get commit.template [18ms]
2024-12-03 23:11:16.720 [info] > git for-each-ref --format=%(refname)%00%(upstream:short)%00%(objectname)%00%(upstream:track)%00%(upstream:remotename)%00%(upstream:remoteref) refs/heads/main refs/remotes/main [7ms]
2024-12-03 23:11:16.751 [info] > git for-each-ref --sort -committerdate --format %(refname) %(objectname) %(*objectname) [5ms]
2024-12-03 23:11:16.864 [info] > git status -z -uall [133ms]
2024-12-03 23:11:37.399 [info] > git config --get commit.template [11ms]
2024-12-03 23:11:37.402 [info] > git for-each-ref --format=%(refname)%00%(upstream:short)%00%(objectname)%00%(upstream:track)%00%(upstream:remotename)%00%(upstream:remoteref) refs/heads/main refs/remotes/main [4ms]
2024-12-03 23:11:37.424 [info] > git for-each-ref --sort -committerdate --format %(refname) %(objectname) %(*objectname) [4ms]
2024-12-03 23:11:37.498 [info] > git status -z -uall [86ms]
2024-12-03 23:11:43.497 [info] > git config --get commit.template [10ms]
2024-12-03 23:11:43.500 [info] > git for-each-ref --format=%(refname)%00%(upstream:short)%00%(objectname)%00%(upstream:track)%00%(upstream:remotename)%00%(upstream:remoteref) refs/heads/main refs/remotes/main [4ms]
2024-12-03 23:11:43.524 [info] > git for-each-ref --sort -committerdate --format %(refname) %(objectname) %(*objectname) [4ms]
2024-12-03 23:11:43.596 [info] > git status -z -uall [88ms]
2024-12-03 23:11:48.740 [info] > git config --get commit.template [11ms]
2024-12-03 23:11:48.742 [info] > git for-each-ref --format=%(refname)%00%(upstream:short)%00%(objectname)%00%(upstream:track)%00%(upstream:remotename)%00%(upstream:remoteref) refs/heads/main refs/remotes/main [4ms]
2024-12-03 23:11:48.770 [info] > git for-each-ref --sort -committerdate --format %(refname) %(objectname) %(*objectname) [6ms]
2024-12-03 23:11:48.842 [info] > git status -z -uall [89ms]
2024-12-03 23:11:53.958 [info] > git config --get commit.template [11ms]
2024-12-03 23:11:53.961 [info] > git for-each-ref --format=%(refname)%00%(upstream:short)%00%(objectname)%00%(upstream:track)%00%(upstream:remotename)%00%(upstream:remoteref) refs/heads/main refs/remotes/main [4ms]
2024-12-03 23:11:53.982 [info] > git for-each-ref --sort -committerdate --format %(refname) %(objectname) %(*objectname) [3ms]
2024-12-03 23:11:54.065 [info] > git status -z -uall [96ms]
2024-12-03 23:12:05.476 [info] > git config --get commit.template [9ms]
2024-12-03 23:12:05.479 [info] > git for-each-ref --format=%(refname)%00%(upstream:short)%00%(objectname)%00%(upstream:track)%00%(upstream:remotename)%00%(upstream:remoteref) refs/heads/main refs/remotes/main [5ms]
2024-12-03 23:12:05.501 [info] > git for-each-ref --sort -committerdate --format %(refname) %(objectname) %(*objectname) [4ms]
2024-12-03 23:12:05.569 [info] > git status -z -uall [82ms]
2024-12-03 23:12:10.689 [info] > git config --get commit.template [11ms]
2024-12-03 23:12:10.691 [info] > git for-each-ref --format=%(refname)%00%(upstream:short)%00%(objectname)%00%(upstream:track)%00%(upstream:remotename)%00%(upstream:remoteref) refs/heads/main refs/remotes/main [4ms]
2024-12-03 23:12:10.714 [info] > git for-each-ref --sort -committerdate --format %(refname) %(objectname) %(*objectname) [4ms]
2024-12-03 23:12:10.799 [info] > git status -z -uall [99ms]
2024-12-03 23:12:15.913 [info] > git config --get commit.template [11ms]
2024-12-03 23:12:15.916 [info] > git for-each-ref --format=%(refname)%00%(upstream:short)%00%(objectname)%00%(upstream:track)%00%(upstream:remotename)%00%(upstream:remoteref) refs/heads/main refs/remotes/main [5ms]
2024-12-03 23:12:15.938 [info] > git for-each-ref --sort -committerdate --format %(refname) %(objectname) %(*objectname) [3ms]
2024-12-03 23:12:16.023 [info] > git status -z -uall [97ms]
2024-12-03 23:12:36.545 [info] > git config --get commit.template [12ms]
2024-12-03 23:12:36.547 [info] > git for-each-ref --format=%(refname)%00%(upstream:short)%00%(objectname)%00%(upstream:track)%00%(upstream:remotename)%00%(upstream:remoteref) refs/heads/main refs/remotes/main [5ms]
2024-12-03 23:12:36.569 [info] > git for-each-ref --sort -committerdate --format %(refname) %(objectname) %(*objectname) [2ms]
2024-12-03 23:12:36.652 [info] > git status -z -uall [97ms]
2024-12-03 23:12:41.776 [info] > git config --get commit.template [10ms]
2024-12-03 23:12:41.780 [info] > git for-each-ref --format=%(refname)%00%(upstream:short)%00%(objectname)%00%(upstream:track)%00%(upstream:remotename)%00%(upstream:remoteref) refs/heads/main refs/remotes/main [6ms]
2024-12-03 23:12:41.800 [info] > git for-each-ref --sort -committerdate --format %(refname) %(objectname) %(*objectname) [2ms]
2024-12-03 23:12:41.881 [info] > git status -z -uall [93ms]
2024-12-03 23:15:40.609 [info] > git config --get commit.template [13ms]
2024-12-03 23:15:40.611 [info] > git for-each-ref --format=%(refname)%00%(upstream:short)%00%(objectname)%00%(upstream:track)%00%(upstream:remotename)%00%(upstream:remoteref) refs/heads/main refs/remotes/main [6ms]
2024-12-03 23:15:40.639 [info] > git for-each-ref --sort -committerdate --format %(refname) %(objectname) %(*objectname) [7ms]
2024-12-03 23:15:40.755 [info] > git status -z -uall [134ms]
2024-12-03 23:21:04.846 [info] > git config --get commit.template [14ms]
2024-12-03 23:21:04.848 [info] > git for-each-ref --format=%(refname)%00%(upstream:short)%00%(objectname)%00%(upstream:track)%00%(upstream:remotename)%00%(upstream:remoteref) refs/heads/main refs/remotes/main [6ms]
2024-12-03 23:21:04.875 [info] > git for-each-ref --sort -committerdate --format %(refname) %(objectname) %(*objectname) [6ms]
2024-12-03 23:21:04.977 [info] > git status -z -uall [119ms]
2024-12-03 23:21:10.132 [info] > git config --get commit.template [11ms]
2024-12-03 23:21:10.134 [info] > git for-each-ref --format=%(refname)%00%(upstream:short)%00%(objectname)%00%(upstream:track)%00%(upstream:remotename)%00%(upstream:remoteref) refs/heads/main refs/remotes/main [4ms]
2024-12-03 23:21:10.159 [info] > git for-each-ref --sort -committerdate --format %(refname) %(objectname) %(*objectname) [4ms]
2024-12-03 23:21:10.234 [info] > git status -z -uall [90ms]
2024-12-03 23:21:15.360 [info] > git config --get commit.template [9ms]
2024-12-03 23:21:15.361 [info] > git for-each-ref --format=%(refname)%00%(upstream:short)%00%(objectname)%00%(upstream:track)%00%(upstream:remotename)%00%(upstream:remoteref) refs/heads/main refs/remotes/main [3ms]
2024-12-03 23:21:15.383 [info] > git for-each-ref --sort -committerdate --format %(refname) %(objectname) %(*objectname) [4ms]
2024-12-03 23:21:15.428 [info] > git status -z -uall [58ms]
2024-12-03 23:21:20.565 [info] > git config --get commit.template [10ms]
2024-12-03 23:21:20.568 [info] > git for-each-ref --format=%(refname)%00%(upstream:short)%00%(objectname)%00%(upstream:track)%00%(upstream:remotename)%00%(upstream:remoteref) refs/heads/main refs/remotes/main [4ms]
2024-12-03 23:21:20.589 [info] > git for-each-ref --sort -committerdate --format %(refname) %(objectname) %(*objectname) [1ms]
2024-12-03 23:21:20.682 [info] > git status -z -uall [105ms]
2024-12-03 23:22:04.463 [info] > git config --get commit.template [13ms]
2024-12-03 23:22:04.468 [info] > git for-each-ref --format=%(refname)%00%(upstream:short)%00%(objectname)%00%(upstream:track)%00%(upstream:remotename)%00%(upstream:remoteref) refs/heads/main refs/remotes/main [7ms]
2024-12-03 23:22:04.489 [info] > git for-each-ref --sort -committerdate --format %(refname) %(objectname) %(*objectname) [4ms]
2024-12-03 23:22:04.594 [info] > git status -z -uall [118ms]
2024-12-03 23:22:09.735 [info] > git config --get commit.template [12ms]
2024-12-03 23:22:09.738 [info] > git for-each-ref --format=%(refname)%00%(upstream:short)%00%(objectname)%00%(upstream:track)%00%(upstream:remotename)%00%(upstream:remoteref) refs/heads/main refs/remotes/main [5ms]
2024-12-03 23:22:09.768 [info] > git for-each-ref --sort -committerdate --format %(refname) %(objectname) %(*objectname) [7ms]
2024-12-03 23:22:09.843 [info] > git status -z -uall [93ms]
2024-12-03 23:22:18.782 [info] > git config --get commit.template [11ms]
2024-12-03 23:22:18.785 [info] > git for-each-ref --format=%(refname)%00%(upstream:short)%00%(objectname)%00%(upstream:track)%00%(upstream:remotename)%00%(upstream:remoteref) refs/heads/main refs/remotes/main [4ms]
2024-12-03 23:22:18.811 [info] > git for-each-ref --sort -committerdate --format %(refname) %(objectname) %(*objectname) [6ms]
2024-12-03 23:22:18.883 [info] > git status -z -uall [88ms]
2024-12-03 23:22:23.997 [info] > git config --get commit.template [10ms]
2024-12-03 23:22:23.999 [info] > git for-each-ref --format=%(refname)%00%(upstream:short)%00%(objectname)%00%(upstream:track)%00%(upstream:remotename)%00%(upstream:remoteref) refs/heads/main refs/remotes/main [5ms]
2024-12-03 23:22:24.021 [info] > git for-each-ref --sort -committerdate --format %(refname) %(objectname) %(*objectname) [4ms]
2024-12-03 23:22:24.099 [info] > git status -z -uall [91ms]
2024-12-03 23:22:29.213 [info] > git config --get commit.template [9ms]
2024-12-03 23:22:29.215 [info] > git for-each-ref --format=%(refname)%00%(upstream:short)%00%(objectname)%00%(upstream:track)%00%(upstream:remotename)%00%(upstream:remoteref) refs/heads/main refs/remotes/main [4ms]
2024-12-03 23:22:29.239 [info] > git for-each-ref --sort -committerdate --format %(refname) %(objectname) %(*objectname) [3ms]
2024-12-03 23:22:29.311 [info] > git status -z -uall [88ms]
2024-12-03 23:23:42.583 [info] > git config --get commit.template [14ms]
2024-12-03 23:23:42.586 [info] > git for-each-ref --format=%(refname)%00%(upstream:short)%00%(objectname)%00%(upstream:track)%00%(upstream:remotename)%00%(upstream:remoteref) refs/heads/main refs/remotes/main [5ms]
2024-12-03 23:23:42.607 [info] > git for-each-ref --sort -committerdate --format %(refname) %(objectname) %(*objectname) [4ms]
2024-12-03 23:23:42.709 [info] > git status -z -uall [116ms]
2024-12-03 23:23:47.852 [info] > git config --get commit.template [11ms]
2024-12-03 23:23:47.854 [info] > git for-each-ref --format=%(refname)%00%(upstream:short)%00%(objectname)%00%(upstream:track)%00%(upstream:remotename)%00%(upstream:remoteref) refs/heads/main refs/remotes/main [5ms]
2024-12-03 23:23:47.881 [info] > git for-each-ref --sort -committerdate --format %(refname) %(objectname) %(*objectname) [7ms]
2024-12-03 23:23:47.958 [info] > git status -z -uall [95ms]
2024-12-03 23:23:58.583 [info] > git config --get commit.template [10ms]
2024-12-03 23:23:58.586 [info] > git for-each-ref --format=%(refname)%00%(upstream:short)%00%(objectname)%00%(upstream:track)%00%(upstream:remotename)%00%(upstream:remoteref) refs/heads/main refs/remotes/main [5ms]
2024-12-03 23:23:58.607 [info] > git for-each-ref --sort -committerdate --format %(refname) %(objectname) %(*objectname) [1ms]
2024-12-03 23:23:58.681 [info] > git status -z -uall [87ms]
2024-12-03 23:24:03.786 [info] > git config --get commit.template [12ms]
2024-12-03 23:24:03.788 [info] > git for-each-ref --format=%(refname)%00%(upstream:short)%00%(objectname)%00%(upstream:track)%00%(upstream:remotename)%00%(upstream:remoteref) refs/heads/main refs/remotes/main [4ms]
2024-12-03 23:24:03.813 [info] > git for-each-ref --sort -committerdate --format %(refname) %(objectname) %(*objectname) [6ms]
2024-12-03 23:24:03.879 [info] > git status -z -uall [82ms]
2024-12-03 23:24:09.553 [info] > git config --get commit.template [10ms]
2024-12-03 23:24:09.557 [info] > git for-each-ref --format=%(refname)%00%(upstream:short)%00%(objectname)%00%(upstream:track)%00%(upstream:remotename)%00%(upstream:remoteref) refs/heads/main refs/remotes/main [6ms]
2024-12-03 23:24:09.594 [info] > git for-each-ref --sort -committerdate --format %(refname) %(objectname) %(*objectname) [5ms]
2024-12-03 23:24:09.666 [info] > git status -z -uall [98ms]
2024-12-03 23:24:25.037 [info] > git config --get commit.template [10ms]
2024-12-03 23:24:25.040 [info] > git for-each-ref --format=%(refname)%00%(upstream:short)%00%(objectname)%00%(upstream:track)%00%(upstream:remotename)%00%(upstream:remoteref) refs/heads/main refs/remotes/main [5ms]
2024-12-03 23:24:25.063 [info] > git for-each-ref --sort -committerdate --format %(refname) %(objectname) %(*objectname) [3ms]
2024-12-03 23:24:25.135 [info] > git status -z -uall [86ms]
2024-12-03 23:24:30.247 [info] > git config --get commit.template [9ms]
2024-12-03 23:24:30.248 [info] > git for-each-ref --format=%(refname)%00%(upstream:short)%00%(objectname)%00%(upstream:track)%00%(upstream:remotename)%00%(upstream:remoteref) refs/heads/main refs/remotes/main [3ms]
2024-12-03 23:24:30.270 [info] > git for-each-ref --sort -committerdate --format %(refname) %(objectname) %(*objectname) [4ms]
2024-12-03 23:24:30.347 [info] > git status -z -uall [90ms]
2024-12-03 23:24:55.042 [info] > git config --get commit.template [12ms]
2024-12-03 23:24:55.045 [info] > git for-each-ref --format=%(refname)%00%(upstream:short)%00%(objectname)%00%(upstream:track)%00%(upstream:remotename)%00%(upstream:remoteref) refs/heads/main refs/remotes/main [5ms]
2024-12-03 23:24:55.068 [info] > git for-each-ref --sort -committerdate --format %(refname) %(objectname) %(*objectname) [5ms]
2024-12-03 23:24:55.148 [info] > git status -z -uall [94ms]
2024-12-03 23:25:00.299 [info] > git config --get commit.template [12ms]
2024-12-03 23:25:00.301 [info] > git for-each-ref --format=%(refname)%00%(upstream:short)%00%(objectname)%00%(upstream:track)%00%(upstream:remotename)%00%(upstream:remoteref) refs/heads/main refs/remotes/main [5ms]
2024-12-03 23:25:00.324 [info] > git for-each-ref --sort -committerdate --format %(refname) %(objectname) %(*objectname) [4ms]
2024-12-03 23:25:00.412 [info] > git status -z -uall [102ms]
2024-12-03 23:26:40.216 [info] > git config --get commit.template [12ms]
2024-12-03 23:26:40.220 [info] > git for-each-ref --format=%(refname)%00%(upstream:short)%00%(objectname)%00%(upstream:track)%00%(upstream:remotename)%00%(upstream:remoteref) refs/heads/main refs/remotes/main [7ms]
2024-12-03 23:26:40.244 [info] > git for-each-ref --sort -committerdate --format %(refname) %(objectname) %(*objectname) [4ms]
2024-12-03 23:26:40.356 [info] > git status -z -uall [126ms]
2024-12-03 23:26:40.932 [info] > git show --textconv :static/swagger.json [8ms]
2024-12-03 23:26:40.935 [info] > git ls-files --stage -- /home/ubuntu/static/swagger.json [7ms]
2024-12-03 23:26:45.523 [info] > git config --get commit.template [12ms]
2024-12-03 23:26:45.525 [info] > git for-each-ref --format=%(refname)%00%(upstream:short)%00%(objectname)%00%(upstream:track)%00%(upstream:remotename)%00%(upstream:remoteref) refs/heads/main refs/remotes/main [4ms]
2024-12-03 23:26:45.550 [info] > git for-each-ref --sort -committerdate --format %(refname) %(objectname) %(*objectname) [3ms]
2024-12-03 23:26:45.627 [info] > git status -z -uall [92ms]
2024-12-03 23:26:50.789 [info] > git config --get commit.template [13ms]
2024-12-03 23:26:50.793 [info] > git for-each-ref --format=%(refname)%00%(upstream:short)%00%(objectname)%00%(upstream:track)%00%(upstream:remotename)%00%(upstream:remoteref) refs/heads/main refs/remotes/main [5ms]
2024-12-03 23:26:50.817 [info] > git for-each-ref --sort -committerdate --format %(refname) %(objectname) %(*objectname) [6ms]
2024-12-03 23:26:50.899 [info] > git status -z -uall [98ms]
2024-12-03 23:26:56.020 [info] > git config --get commit.template [11ms]
2024-12-03 23:26:56.023 [info] > git for-each-ref --format=%(refname)%00%(upstream:short)%00%(objectname)%00%(upstream:track)%00%(upstream:remotename)%00%(upstream:remoteref) refs/heads/main refs/remotes/main [5ms]
2024-12-03 23:26:56.047 [info] > git for-each-ref --sort -committerdate --format %(refname) %(objectname) %(*objectname) [4ms]
2024-12-03 23:26:56.124 [info] > git status -z -uall [90ms]
2024-12-03 23:27:01.267 [info] > git config --get commit.template [12ms]
2024-12-03 23:27:01.269 [info] > git for-each-ref --format=%(refname)%00%(upstream:short)%00%(objectname)%00%(upstream:track)%00%(upstream:remotename)%00%(upstream:remoteref) refs/heads/main refs/remotes/main [4ms]
2024-12-03 23:27:01.295 [info] > git for-each-ref --sort -committerdate --format %(refname) %(objectname) %(*objectname) [4ms]
2024-12-03 23:27:01.350 [info] > git status -z -uall [72ms]
2024-12-03 23:27:06.427 [info] > git config --get commit.template [10ms]
2024-12-03 23:27:06.429 [info] > git for-each-ref --format=%(refname)%00%(upstream:short)%00%(objectname)%00%(upstream:track)%00%(upstream:remotename)%00%(upstream:remoteref) refs/heads/main refs/remotes/main [4ms]
2024-12-03 23:27:06.454 [info] > git for-each-ref --sort -committerdate --format %(refname) %(objectname) %(*objectname) [5ms]
2024-12-03 23:27:06.522 [info] > git status -z -uall [82ms]
2024-12-03 23:28:01.690 [info] > git config --get commit.template [13ms]
2024-12-03 23:28:01.691 [info] > git for-each-ref --format=%(refname)%00%(upstream:short)%00%(objectname)%00%(upstream:track)%00%(upstream:remotename)%00%(upstream:remoteref) refs/heads/main refs/remotes/main [6ms]
2024-12-03 23:28:01.711 [info] > git for-each-ref --sort -committerdate --format %(refname) %(objectname) %(*objectname) [3ms]
2024-12-03 23:28:01.792 [info] > git status -z -uall [93ms]
2024-12-03 23:28:06.958 [info] > git config --get commit.template [11ms]
2024-12-03 23:28:06.960 [info] > git for-each-ref --format=%(refname)%00%(upstream:short)%00%(objectname)%00%(upstream:track)%00%(upstream:remotename)%00%(upstream:remoteref) refs/heads/main refs/remotes/main [4ms]
2024-12-03 23:28:06.985 [info] > git for-each-ref --sort -committerdate --format %(refname) %(objectname) %(*objectname) [4ms]
2024-12-03 23:28:07.067 [info] > git status -z -uall [98ms]
2024-12-03 23:30:05.534 [info] > git config --get commit.template [11ms]
2024-12-03 23:30:05.537 [info] > git for-each-ref --format=%(refname)%00%(upstream:short)%00%(objectname)%00%(upstream:track)%00%(upstream:remotename)%00%(upstream:remoteref) refs/heads/main refs/remotes/main [6ms]
2024-12-03 23:30:05.560 [info] > git for-each-ref --sort -committerdate --format %(refname) %(objectname) %(*objectname) [4ms]
2024-12-03 23:30:05.656 [info] > git status -z -uall [110ms]
2024-12-03 23:30:10.795 [info] > git config --get commit.template [11ms]
2024-12-03 23:30:10.797 [info] > git for-each-ref --format=%(refname)%00%(upstream:short)%00%(objectname)%00%(upstream:track)%00%(upstream:remotename)%00%(upstream:remoteref) refs/heads/main refs/remotes/main [4ms]
2024-12-03 23:30:10.818 [info] > git for-each-ref --sort -committerdate --format %(refname) %(objectname) %(*objectname) [4ms]
2024-12-03 23:30:10.906 [info] > git status -z -uall [101ms]
2024-12-03 23:30:16.034 [info] > git config --get commit.template [12ms]
2024-12-03 23:30:16.037 [info] > git for-each-ref --format=%(refname)%00%(upstream:short)%00%(objectname)%00%(upstream:track)%00%(upstream:remotename)%00%(upstream:remoteref) refs/heads/main refs/remotes/main [5ms]
2024-12-03 23:30:16.069 [info] > git for-each-ref --sort -committerdate --format %(refname) %(objectname) %(*objectname) [4ms]
2024-12-03 23:30:16.138 [info] > git status -z -uall [93ms]
2024-12-03 23:30:21.253 [info] > git config --get commit.template [10ms]
2024-12-03 23:30:21.255 [info] > git for-each-ref --format=%(refname)%00%(upstream:short)%00%(objectname)%00%(upstream:track)%00%(upstream:remotename)%00%(upstream:remoteref) refs/heads/main refs/remotes/main [4ms]
2024-12-03 23:30:21.279 [info] > git for-each-ref --sort -committerdate --format %(refname) %(objectname) %(*objectname) [5ms]
2024-12-03 23:30:21.351 [info] > git status -z -uall [86ms]
2024-12-03 23:30:26.468 [info] > git config --get commit.template [11ms]
2024-12-03 23:30:26.470 [info] > git for-each-ref --format=%(refname)%00%(upstream:short)%00%(objectname)%00%(upstream:track)%00%(upstream:remotename)%00%(upstream:remoteref) refs/heads/main refs/remotes/main [4ms]
2024-12-03 23:30:26.494 [info] > git for-each-ref --sort -committerdate --format %(refname) %(objectname) %(*objectname) [3ms]
2024-12-03 23:30:26.598 [info] > git status -z -uall [118ms]
2024-12-03 23:30:31.715 [info] > git config --get commit.template [11ms]
2024-12-03 23:30:31.717 [info] > git for-each-ref --format=%(refname)%00%(upstream:short)%00%(objectname)%00%(upstream:track)%00%(upstream:remotename)%00%(upstream:remoteref) refs/heads/main refs/remotes/main [5ms]
2024-12-03 23:30:31.739 [info] > git for-each-ref --sort -committerdate --format %(refname) %(objectname) %(*objectname) [3ms]
2024-12-03 23:30:31.823 [info] > git status -z -uall [97ms]
2024-12-03 23:30:36.938 [info] > git config --get commit.template [12ms]
2024-12-03 23:30:36.941 [info] > git for-each-ref --format=%(refname)%00%(upstream:short)%00%(objectname)%00%(upstream:track)%00%(upstream:remotename)%00%(upstream:remoteref) refs/heads/main refs/remotes/main [4ms]
2024-12-03 23:30:36.963 [info] > git for-each-ref --sort -committerdate --format %(refname) %(objectname) %(*objectname) [3ms]
2024-12-03 23:30:37.046 [info] > git status -z -uall [96ms]
2024-12-03 23:30:44.705 [info] > git config --get commit.template [13ms]
2024-12-03 23:30:44.708 [info] > git for-each-ref --format=%(refname)%00%(upstream:short)%00%(objectname)%00%(upstream:track)%00%(upstream:remotename)%00%(upstream:remoteref) refs/heads/main refs/remotes/main [5ms]
2024-12-03 23:30:44.729 [info] > git for-each-ref --sort -committerdate --format %(refname) %(objectname) %(*objectname) [2ms]
2024-12-03 23:30:44.816 [info] > git status -z -uall [99ms]
2024-12-03 23:30:50.707 [info] > git config --get commit.template [11ms]
2024-12-03 23:30:50.708 [info] > git for-each-ref --format=%(refname)%00%(upstream:short)%00%(objectname)%00%(upstream:track)%00%(upstream:remotename)%00%(upstream:remoteref) refs/heads/main refs/remotes/main [4ms]
2024-12-03 23:30:50.731 [info] > git for-each-ref --sort -committerdate --format %(refname) %(objectname) %(*objectname) [5ms]
2024-12-03 23:30:50.821 [info] > git status -z -uall [105ms]
2024-12-03 23:30:55.933 [info] > git config --get commit.template [11ms]
2024-12-03 23:30:55.936 [info] > git for-each-ref --format=%(refname)%00%(upstream:short)%00%(objectname)%00%(upstream:track)%00%(upstream:remotename)%00%(upstream:remoteref) refs/heads/main refs/remotes/main [4ms]
2024-12-03 23:30:55.963 [info] > git for-each-ref --sort -committerdate --format %(refname) %(objectname) %(*objectname) [5ms]
2024-12-03 23:30:56.039 [info] > git status -z -uall [93ms]
2024-12-03 23:31:30.258 [info] > git config --get commit.template [11ms]
2024-12-03 23:31:30.260 [info] > git for-each-ref --format=%(refname)%00%(upstream:short)%00%(objectname)%00%(upstream:track)%00%(upstream:remotename)%00%(upstream:remoteref) refs/heads/main refs/remotes/main [3ms]
2024-12-03 23:31:30.282 [info] > git for-each-ref --sort -committerdate --format %(refname) %(objectname) %(*objectname) [3ms]
2024-12-03 23:31:30.353 [info] > git status -z -uall [86ms]
2024-12-03 23:31:35.435 [info] > git config --get commit.template [11ms]
2024-12-03 23:31:35.437 [info] > git for-each-ref --format=%(refname)%00%(upstream:short)%00%(objectname)%00%(upstream:track)%00%(upstream:remotename)%00%(upstream:remoteref) refs/heads/main refs/remotes/main [4ms]
2024-12-03 23:31:35.453 [info] > git for-each-ref --sort -committerdate --format %(refname) %(objectname) %(*objectname) [5ms]
2024-12-03 23:31:35.523 [info] > git status -z -uall [79ms]
2024-12-03 23:31:40.648 [info] > git config --get commit.template [10ms]
2024-12-03 23:31:40.650 [info] > git for-each-ref --format=%(refname)%00%(upstream:short)%00%(objectname)%00%(upstream:track)%00%(upstream:remotename)%00%(upstream:remoteref) refs/heads/main refs/remotes/main [4ms]
2024-12-03 23:31:40.676 [info] > git for-each-ref --sort -committerdate --format %(refname) %(objectname) %(*objectname) [4ms]
2024-12-03 23:31:40.755 [info] > git status -z -uall [95ms]
2024-12-03 23:31:45.870 [info] > git config --get commit.template [11ms]
2024-12-03 23:31:45.873 [info] > git for-each-ref --format=%(refname)%00%(upstream:short)%00%(objectname)%00%(upstream:track)%00%(upstream:remotename)%00%(upstream:remoteref) refs/heads/main refs/remotes/main [6ms]
2024-12-03 23:31:45.903 [info] > git for-each-ref --sort -committerdate --format %(refname) %(objectname) %(*objectname) [6ms]
2024-12-03 23:31:45.969 [info] > git status -z -uall [85ms]
2024-12-03 23:31:51.087 [info] > git config --get commit.template [10ms]
2024-12-03 23:31:51.089 [info] > git for-each-ref --format=%(refname)%00%(upstream:short)%00%(objectname)%00%(upstream:track)%00%(upstream:remotename)%00%(upstream:remoteref) refs/heads/main refs/remotes/main [4ms]
2024-12-03 23:31:51.114 [info] > git for-each-ref --sort -committerdate --format %(refname) %(objectname) %(*objectname) [5ms]
2024-12-03 23:31:51.197 [info] > git status -z -uall [99ms]
2024-12-03 23:32:44.200 [info] > git config --get commit.template [21ms]
2024-12-03 23:32:44.203 [info] > git for-each-ref --format=%(refname)%00%(upstream:short)%00%(objectname)%00%(upstream:track)%00%(upstream:remotename)%00%(upstream:remoteref) refs/heads/main refs/remotes/main [13ms]
2024-12-03 23:32:44.231 [info] > git for-each-ref --sort -committerdate --format %(refname) %(objectname) %(*objectname) [3ms]
2024-12-03 23:32:44.331 [info] > git status -z -uall [118ms]
2024-12-03 23:32:49.468 [info] > git config --get commit.template [9ms]
2024-12-03 23:32:49.471 [info] > git for-each-ref --format=%(refname)%00%(upstream:short)%00%(objectname)%00%(upstream:track)%00%(upstream:remotename)%00%(upstream:remoteref) refs/heads/main refs/remotes/main [4ms]
2024-12-03 23:32:49.492 [info] > git for-each-ref --sort -committerdate --format %(refname) %(objectname) %(*objectname) [4ms]
2024-12-03 23:32:49.572 [info] > git status -z -uall [92ms]
2024-12-03 23:32:54.690 [info] > git config --get commit.template [10ms]
2024-12-03 23:32:54.692 [info] > git for-each-ref --format=%(refname)%00%(upstream:short)%00%(objectname)%00%(upstream:track)%00%(upstream:remotename)%00%(upstream:remoteref) refs/heads/main refs/remotes/main [4ms]
2024-12-03 23:32:54.714 [info] > git for-each-ref --sort -committerdate --format %(refname) %(objectname) %(*objectname) [5ms]
2024-12-03 23:32:54.766 [info] > git status -z -uall [66ms]
2024-12-03 23:32:59.887 [info] > git config --get commit.template [10ms]
2024-12-03 23:32:59.890 [info] > git for-each-ref --format=%(refname)%00%(upstream:short)%00%(objectname)%00%(upstream:track)%00%(upstream:remotename)%00%(upstream:remoteref) refs/heads/main refs/remotes/main [4ms]
2024-12-03 23:32:59.911 [info] > git for-each-ref --sort -committerdate --format %(refname) %(objectname) %(*objectname) [2ms]
2024-12-03 23:32:59.976 [info] > git status -z -uall [78ms]
2024-12-03 23:33:13.519 [info] > git config --get commit.template [12ms]
2024-12-03 23:33:13.522 [info] > git for-each-ref --format=%(refname)%00%(upstream:short)%00%(objectname)%00%(upstream:track)%00%(upstream:remotename)%00%(upstream:remoteref) refs/heads/main refs/remotes/main [4ms]
2024-12-03 23:33:13.542 [info] > git for-each-ref --sort -committerdate --format %(refname) %(objectname) %(*objectname) [3ms]
2024-12-03 23:33:13.619 [info] > git status -z -uall [89ms]
2024-12-03 23:33:14.197 [info] > git show --textconv :app.py [444ms]
2024-12-03 23:33:14.197 [info] > git ls-files --stage -- /home/ubuntu/app.py [435ms]
2024-12-03 23:33:14.208 [info] > git cat-file -s b962d3d2fa470d3556a1c2880c23d6585cd8a2e7 [5ms]
2024-12-03 23:33:59.259 [info] > git config --get commit.template [12ms]
2024-12-03 23:33:59.261 [info] > git for-each-ref --format=%(refname)%00%(upstream:short)%00%(objectname)%00%(upstream:track)%00%(upstream:remotename)%00%(upstream:remoteref) refs/heads/main refs/remotes/main [5ms]
2024-12-03 23:33:59.288 [info] > git for-each-ref --sort -committerdate --format %(refname) %(objectname) %(*objectname) [4ms]
2024-12-03 23:33:59.376 [info] > git status -z -uall [104ms]
2024-12-03 23:34:04.529 [info] > git config --get commit.template [11ms]
2024-12-03 23:34:04.531 [info] > git for-each-ref --format=%(refname)%00%(upstream:short)%00%(objectname)%00%(upstream:track)%00%(upstream:remotename)%00%(upstream:remoteref) refs/heads/main refs/remotes/main [5ms]
2024-12-03 23:34:04.555 [info] > git for-each-ref --sort -committerdate --format %(refname) %(objectname) %(*objectname) [6ms]
2024-12-03 23:34:04.628 [info] > git status -z -uall [88ms]
2024-12-03 23:34:09.734 [info] > git config --get commit.template [11ms]
2024-12-03 23:34:09.737 [info] > git for-each-ref --format=%(refname)%00%(upstream:short)%00%(objectname)%00%(upstream:track)%00%(upstream:remotename)%00%(upstream:remoteref) refs/heads/main refs/remotes/main [5ms]
2024-12-03 23:34:09.759 [info] > git for-each-ref --sort -committerdate --format %(refname) %(objectname) %(*objectname) [2ms]
2024-12-03 23:34:09.848 [info] > git status -z -uall [102ms]
2024-12-03 23:34:17.972 [info] > git config --get commit.template [11ms]
2024-12-03 23:34:17.976 [info] > git for-each-ref --format=%(refname)%00%(upstream:short)%00%(objectname)%00%(upstream:track)%00%(upstream:remotename)%00%(upstream:remoteref) refs/heads/main refs/remotes/main [5ms]
2024-12-03 23:34:17.999 [info] > git for-each-ref --sort -committerdate --format %(refname) %(objectname) %(*objectname) [3ms]
2024-12-03 23:34:18.073 [info] > git status -z -uall [88ms]
2024-12-03 23:34:26.583 [info] > git config --get commit.template [11ms]
2024-12-03 23:34:26.585 [info] > git for-each-ref --format=%(refname)%00%(upstream:short)%00%(objectname)%00%(upstream:track)%00%(upstream:remotename)%00%(upstream:remoteref) refs/heads/main refs/remotes/main [4ms]
2024-12-03 23:34:26.604 [info] > git for-each-ref --sort -committerdate --format %(refname) %(objectname) %(*objectname) [4ms]
2024-12-03 23:34:26.671 [info] > git status -z -uall [79ms]
2024-12-03 23:34:53.147 [info] > git config --get commit.template [10ms]
2024-12-03 23:34:53.150 [info] > git for-each-ref --format=%(refname)%00%(upstream:short)%00%(objectname)%00%(upstream:track)%00%(upstream:remotename)%00%(upstream:remoteref) refs/heads/main refs/remotes/main [4ms]
2024-12-03 23:34:53.181 [info] > git for-each-ref --sort -committerdate --format %(refname) %(objectname) %(*objectname) [7ms]
2024-12-03 23:34:53.241 [info] > git status -z -uall [84ms]
2024-12-03 23:34:58.350 [info] > git config --get commit.template [11ms]
2024-12-03 23:34:58.352 [info] > git for-each-ref --format=%(refname)%00%(upstream:short)%00%(objectname)%00%(upstream:track)%00%(upstream:remotename)%00%(upstream:remoteref) refs/heads/main refs/remotes/main [4ms]
2024-12-03 23:34:58.377 [info] > git for-each-ref --sort -committerdate --format %(refname) %(objectname) %(*objectname) [5ms]
2024-12-03 23:34:58.443 [info] > git status -z -uall [81ms]
2024-12-03 23:35:03.568 [info] > git config --get commit.template [24ms]
2024-12-03 23:35:03.570 [info] > git for-each-ref --format=%(refname)%00%(upstream:short)%00%(objectname)%00%(upstream:track)%00%(upstream:remotename)%00%(upstream:remoteref) refs/heads/main refs/remotes/main [5ms]
2024-12-03 23:35:03.596 [info] > git for-each-ref --sort -committerdate --format %(refname) %(objectname) %(*objectname) [5ms]
2024-12-03 23:35:03.670 [info] > git status -z -uall [90ms]
2024-12-03 23:35:08.781 [info] > git config --get commit.template [11ms]
2024-12-03 23:35:08.783 [info] > git for-each-ref --format=%(refname)%00%(upstream:short)%00%(objectname)%00%(upstream:track)%00%(upstream:remotename)%00%(upstream:remoteref) refs/heads/main refs/remotes/main [4ms]
2024-12-03 23:35:08.806 [info] > git for-each-ref --sort -committerdate --format %(refname) %(objectname) %(*objectname) [4ms]
2024-12-03 23:35:08.876 [info] > git status -z -uall [85ms]
2024-12-03 23:35:13.986 [info] > git config --get commit.template [10ms]
2024-12-03 23:35:13.989 [info] > git for-each-ref --format=%(refname)%00%(upstream:short)%00%(objectname)%00%(upstream:track)%00%(upstream:remotename)%00%(upstream:remoteref) refs/heads/main refs/remotes/main [4ms]
2024-12-03 23:35:14.009 [info] > git for-each-ref --sort -committerdate --format %(refname) %(objectname) %(*objectname) [4ms]
2024-12-03 23:35:14.034 [info] > git status -z -uall [38ms]
2024-12-03 23:35:23.238 [info] > git config --get commit.template [11ms]
2024-12-03 23:35:23.242 [info] > git for-each-ref --format=%(refname)%00%(upstream:short)%00%(objectname)%00%(upstream:track)%00%(upstream:remotename)%00%(upstream:remoteref) refs/heads/main refs/remotes/main [5ms]
2024-12-03 23:35:23.268 [info] > git for-each-ref --sort -committerdate --format %(refname) %(objectname) %(*objectname) [6ms]
2024-12-03 23:35:23.332 [info] > git status -z -uall [82ms]
2024-12-03 23:38:30.852 [info] > git config --get commit.template [16ms]
2024-12-03 23:38:30.854 [info] > git for-each-ref --format=%(refname)%00%(upstream:short)%00%(objectname)%00%(upstream:track)%00%(upstream:remotename)%00%(upstream:remoteref) refs/heads/main refs/remotes/main [9ms]
2024-12-03 23:38:30.884 [info] > git for-each-ref --sort -committerdate --format %(refname) %(objectname) %(*objectname) [6ms]
2024-12-03 23:38:30.991 [info] > git status -z -uall [127ms]
2024-12-03 23:38:36.168 [info] > git config --get commit.template [24ms]
2024-12-03 23:38:36.170 [info] > git for-each-ref --format=%(refname)%00%(upstream:short)%00%(objectname)%00%(upstream:track)%00%(upstream:remotename)%00%(upstream:remoteref) refs/heads/main refs/remotes/main [5ms]
2024-12-03 23:38:36.195 [info] > git for-each-ref --sort -committerdate --format %(refname) %(objectname) %(*objectname) [6ms]
2024-12-03 23:38:36.264 [info] > git status -z -uall [84ms]
2024-12-03 23:38:41.406 [info] > git config --get commit.template [11ms]
2024-12-03 23:38:41.408 [info] > git for-each-ref --format=%(refname)%00%(upstream:short)%00%(objectname)%00%(upstream:track)%00%(upstream:remotename)%00%(upstream:remoteref) refs/heads/main refs/remotes/main [4ms]
2024-12-03 23:38:41.434 [info] > git for-each-ref --sort -committerdate --format %(refname) %(objectname) %(*objectname) [6ms]
2024-12-03 23:38:41.496 [info] > git status -z -uall [78ms]
2024-12-03 23:38:56.260 [info] > git config --get commit.template [7ms]
2024-12-03 23:38:56.261 [info] > git for-each-ref --format=%(refname)%00%(upstream:short)%00%(objectname)%00%(upstream:track)%00%(upstream:remotename)%00%(upstream:remoteref) refs/heads/main refs/remotes/main [3ms]
2024-12-03 23:38:56.281 [info] > git for-each-ref --sort -committerdate --format %(refname) %(objectname) %(*objectname) [2ms]
2024-12-03 23:38:56.337 [info] > git status -z -uall [69ms]
2024-12-03 23:39:01.428 [info] > git config --get commit.template [5ms]
2024-12-03 23:39:01.432 [info] > git for-each-ref --format=%(refname)%00%(upstream:short)%00%(objectname)%00%(upstream:track)%00%(upstream:remotename)%00%(upstream:remoteref) refs/heads/main refs/remotes/main [5ms]
2024-12-03 23:39:01.440 [info] > git for-each-ref --sort -committerdate --format %(refname) %(objectname) %(*objectname) [1ms]
2024-12-03 23:39:01.497 [info] > git status -z -uall [61ms]
2024-12-03 23:39:10.261 [info] > git config --get commit.template [8ms]
2024-12-03 23:39:10.265 [info] > git for-each-ref --format=%(refname)%00%(upstream:short)%00%(objectname)%00%(upstream:track)%00%(upstream:remotename)%00%(upstream:remoteref) refs/heads/main refs/remotes/main [4ms]
2024-12-03 23:39:10.289 [info] > git for-each-ref --sort -committerdate --format %(refname) %(objectname) %(*objectname) [3ms]
2024-12-03 23:39:10.362 [info] > git status -z -uall [92ms]
2024-12-03 23:39:15.440 [info] > git config --get commit.template [9ms]
2024-12-03 23:39:15.443 [info] > git for-each-ref --format=%(refname)%00%(upstream:short)%00%(objectname)%00%(upstream:track)%00%(upstream:remotename)%00%(upstream:remoteref) refs/heads/main refs/remotes/main [5ms]
2024-12-03 23:39:15.476 [info] > git for-each-ref --sort -committerdate --format %(refname) %(objectname) %(*objectname) [5ms]
2024-12-03 23:39:15.511 [info] > git status -z -uall [59ms]
2024-12-03 23:40:55.393 [info] > git config --get commit.template [13ms]
2024-12-03 23:40:55.396 [info] > git for-each-ref --format=%(refname)%00%(upstream:short)%00%(objectname)%00%(upstream:track)%00%(upstream:remotename)%00%(upstream:remoteref) refs/heads/main refs/remotes/main [5ms]
2024-12-03 23:40:55.426 [info] > git for-each-ref --sort -committerdate --format %(refname) %(objectname) %(*objectname) [8ms]
2024-12-03 23:40:55.518 [info] > git status -z -uall [114ms]
2024-12-03 23:42:37.626 [info] > git config --get commit.template [13ms]
2024-12-03 23:42:37.629 [info] > git for-each-ref --format=%(refname)%00%(upstream:short)%00%(objectname)%00%(upstream:track)%00%(upstream:remotename)%00%(upstream:remoteref) refs/heads/main refs/remotes/main [6ms]
2024-12-03 23:42:37.657 [info] > git for-each-ref --sort -committerdate --format %(refname) %(objectname) %(*objectname) [6ms]
2024-12-03 23:42:37.761 [info] > git status -z -uall [122ms]
2024-12-03 23:42:41.578 [info] > git show --textconv :static/swagger.json [12ms]
2024-12-03 23:42:41.583 [info] > git ls-files --stage -- /home/ubuntu/static/swagger.json [7ms]
2024-12-03 23:42:42.925 [info] > git config --get commit.template [10ms]
2024-12-03 23:42:42.929 [info] > git for-each-ref --format=%(refname)%00%(upstream:short)%00%(objectname)%00%(upstream:track)%00%(upstream:remotename)%00%(upstream:remoteref) refs/heads/main refs/remotes/main [4ms]
2024-12-03 23:42:42.949 [info] > git for-each-ref --sort -committerdate --format %(refname) %(objectname) %(*objectname) [2ms]
2024-12-03 23:42:43.025 [info] > git status -z -uall [88ms]
2024-12-03 23:42:48.139 [info] > git config --get commit.template [14ms]
2024-12-03 23:42:48.141 [info] > git for-each-ref --format=%(refname)%00%(upstream:short)%00%(objectname)%00%(upstream:track)%00%(upstream:remotename)%00%(upstream:remoteref) refs/heads/main refs/remotes/main [4ms]
2024-12-03 23:42:48.167 [info] > git for-each-ref --sort -committerdate --format %(refname) %(objectname) %(*objectname) [4ms]
2024-12-03 23:42:48.249 [info] > git status -z -uall [96ms]
2024-12-03 23:46:25.394 [info] > git config --get commit.template [15ms]
2024-12-03 23:46:25.398 [info] > git for-each-ref --format=%(refname)%00%(upstream:short)%00%(objectname)%00%(upstream:track)%00%(upstream:remotename)%00%(upstream:remoteref) refs/heads/main refs/remotes/main [7ms]
2024-12-03 23:46:25.426 [info] > git for-each-ref --sort -committerdate --format %(refname) %(objectname) %(*objectname) [3ms]
2024-12-03 23:46:25.567 [info] > git status -z -uall [158ms]
2024-12-03 23:46:25.567 [info] > git show --textconv :app.py [10ms]
2024-12-03 23:46:25.705 [info] > git ls-files --stage -- /home/ubuntu/app.py [139ms]
2024-12-03 23:46:26.169 [info] > git cat-file -s b962d3d2fa470d3556a1c2880c23d6585cd8a2e7 [454ms]
2024-12-03 23:46:30.727 [info] > git config --get commit.template [10ms]
2024-12-03 23:46:30.730 [info] > git for-each-ref --format=%(refname)%00%(upstream:short)%00%(objectname)%00%(upstream:track)%00%(upstream:remotename)%00%(upstream:remoteref) refs/heads/main refs/remotes/main [5ms]
2024-12-03 23:46:30.755 [info] > git for-each-ref --sort -committerdate --format %(refname) %(objectname) %(*objectname) [4ms]
2024-12-03 23:46:30.837 [info] > git status -z -uall [97ms]
2024-12-03 23:46:46.098 [info] > git config --get commit.template [10ms]
2024-12-03 23:46:46.101 [info] > git for-each-ref --format=%(refname)%00%(upstream:short)%00%(objectname)%00%(upstream:track)%00%(upstream:remotename)%00%(upstream:remoteref) refs/heads/main refs/remotes/main [6ms]
2024-12-03 23:46:46.123 [info] > git for-each-ref --sort -committerdate --format %(refname) %(objectname) %(*objectname) [4ms]
2024-12-03 23:46:46.217 [info] > git status -z -uall [107ms]
2024-12-03 23:54:35.542 [info] > git config --get commit.template [13ms]
2024-12-03 23:54:35.544 [info] > git for-each-ref --format=%(refname)%00%(upstream:short)%00%(objectname)%00%(upstream:track)%00%(upstream:remotename)%00%(upstream:remoteref) refs/heads/main refs/remotes/main [6ms]
2024-12-03 23:54:35.568 [info] > git for-each-ref --sort -committerdate --format %(refname) %(objectname) %(*objectname) [2ms]
2024-12-03 23:54:35.694 [info] > git status -z -uall [140ms]
2024-12-03 23:54:41.453 [info] > git config --get commit.template [11ms]
2024-12-03 23:54:41.455 [info] > git for-each-ref --format=%(refname)%00%(upstream:short)%00%(objectname)%00%(upstream:track)%00%(upstream:remotename)%00%(upstream:remoteref) refs/heads/main refs/remotes/main [5ms]
2024-12-03 23:54:41.478 [info] > git for-each-ref --sort -committerdate --format %(refname) %(objectname) %(*objectname) [4ms]
2024-12-03 23:54:41.559 [info] > git status -z -uall [95ms]
2024-12-03 23:54:48.015 [info] > git config --get commit.template [18ms]
2024-12-03 23:54:48.017 [info] > git for-each-ref --format=%(refname)%00%(upstream:short)%00%(objectname)%00%(upstream:track)%00%(upstream:remotename)%00%(upstream:remoteref) refs/heads/main refs/remotes/main [6ms]
2024-12-03 23:54:48.041 [info] > git for-each-ref --sort -committerdate --format %(refname) %(objectname) %(*objectname) [3ms]
2024-12-03 23:54:48.103 [info] > git status -z -uall [75ms]
2024-12-03 23:54:53.218 [info] > git config --get commit.template [11ms]
2024-12-03 23:54:53.220 [info] > git for-each-ref --format=%(refname)%00%(upstream:short)%00%(objectname)%00%(upstream:track)%00%(upstream:remotename)%00%(upstream:remoteref) refs/heads/main refs/remotes/main [5ms]
2024-12-03 23:54:53.245 [info] > git for-each-ref --sort -committerdate --format %(refname) %(objectname) %(*objectname) [5ms]
2024-12-03 23:54:53.319 [info] > git status -z -uall [90ms]
2024-12-03 23:54:59.471 [info] > git config --get commit.template [11ms]
2024-12-03 23:54:59.474 [info] > git for-each-ref --format=%(refname)%00%(upstream:short)%00%(objectname)%00%(upstream:track)%00%(upstream:remotename)%00%(upstream:remoteref) refs/heads/main refs/remotes/main [5ms]
2024-12-03 23:54:59.496 [info] > git for-each-ref --sort -committerdate --format %(refname) %(objectname) %(*objectname) [3ms]
2024-12-03 23:54:59.570 [info] > git status -z -uall [86ms]
2024-12-03 23:55:04.689 [info] > git config --get commit.template [11ms]
2024-12-03 23:55:04.691 [info] > git for-each-ref --format=%(refname)%00%(upstream:short)%00%(objectname)%00%(upstream:track)%00%(upstream:remotename)%00%(upstream:remoteref) refs/heads/main refs/remotes/main [4ms]
2024-12-03 23:55:04.717 [info] > git for-each-ref --sort -committerdate --format %(refname) %(objectname) %(*objectname) [4ms]
2024-12-03 23:55:04.777 [info] > git status -z -uall [77ms]
2024-12-03 23:55:09.887 [info] > git config --get commit.template [11ms]
2024-12-03 23:55:09.889 [info] > git for-each-ref --format=%(refname)%00%(upstream:short)%00%(objectname)%00%(upstream:track)%00%(upstream:remotename)%00%(upstream:remoteref) refs/heads/main refs/remotes/main [4ms]
2024-12-03 23:55:09.911 [info] > git for-each-ref --sort -committerdate --format %(refname) %(objectname) %(*objectname) [3ms]
2024-12-03 23:55:09.979 [info] > git status -z -uall [81ms]
2024-12-03 23:55:15.089 [info] > git config --get commit.template [9ms]
2024-12-03 23:55:15.091 [info] > git for-each-ref --format=%(refname)%00%(upstream:short)%00%(objectname)%00%(upstream:track)%00%(upstream:remotename)%00%(upstream:remoteref) refs/heads/main refs/remotes/main [4ms]
2024-12-03 23:55:15.111 [info] > git for-each-ref --sort -committerdate --format %(refname) %(objectname) %(*objectname) [3ms]
2024-12-03 23:55:15.184 [info] > git status -z -uall [85ms]
2024-12-03 23:55:20.297 [info] > git config --get commit.template [12ms]
2024-12-03 23:55:20.299 [info] > git for-each-ref --format=%(refname)%00%(upstream:short)%00%(objectname)%00%(upstream:track)%00%(upstream:remotename)%00%(upstream:remoteref) refs/heads/main refs/remotes/main [4ms]
2024-12-03 23:55:20.323 [info] > git for-each-ref --sort -committerdate --format %(refname) %(objectname) %(*objectname) [3ms]
2024-12-03 23:55:20.400 [info] > git status -z -uall [92ms]
2024-12-04 00:04:16.960 [info] > git config --get commit.template [15ms]
2024-12-04 00:04:16.962 [info] > git for-each-ref --format=%(refname)%00%(upstream:short)%00%(objectname)%00%(upstream:track)%00%(upstream:remotename)%00%(upstream:remoteref) refs/heads/main refs/remotes/main [5ms]
2024-12-04 00:04:16.987 [info] > git for-each-ref --sort -committerdate --format %(refname) %(objectname) %(*objectname) [4ms]
2024-12-04 00:04:17.106 [info] > git status -z -uall [134ms]
2024-12-04 00:04:22.256 [info] > git config --get commit.template [11ms]
2024-12-04 00:04:22.258 [info] > git for-each-ref --format=%(refname)%00%(upstream:short)%00%(objectname)%00%(upstream:track)%00%(upstream:remotename)%00%(upstream:remoteref) refs/heads/main refs/remotes/main [5ms]
2024-12-04 00:04:22.282 [info] > git for-each-ref --sort -committerdate --format %(refname) %(objectname) %(*objectname) [1ms]
2024-12-04 00:04:22.347 [info] > git status -z -uall [80ms]
2024-12-04 00:04:56.417 [info] > git config --get commit.template [11ms]
2024-12-04 00:04:56.420 [info] > git for-each-ref --format=%(refname)%00%(upstream:short)%00%(objectname)%00%(upstream:track)%00%(upstream:remotename)%00%(upstream:remoteref) refs/heads/main refs/remotes/main [5ms]
2024-12-04 00:04:56.450 [info] > git for-each-ref --sort -committerdate --format %(refname) %(objectname) %(*objectname) [7ms]
2024-12-04 00:04:56.538 [info] > git status -z -uall [107ms]
2024-12-04 00:05:10.482 [info] > git config --get commit.template [9ms]
2024-12-04 00:05:10.485 [info] > git for-each-ref --format=%(refname)%00%(upstream:short)%00%(objectname)%00%(upstream:track)%00%(upstream:remotename)%00%(upstream:remoteref) refs/heads/main refs/remotes/main [4ms]
2024-12-04 00:05:10.506 [info] > git for-each-ref --sort -committerdate --format %(refname) %(objectname) %(*objectname) [3ms]
2024-12-04 00:05:10.581 [info] > git status -z -uall [86ms]
2024-12-04 00:05:15.728 [info] > git config --get commit.template [9ms]
2024-12-04 00:05:15.731 [info] > git for-each-ref --format=%(refname)%00%(upstream:short)%00%(objectname)%00%(upstream:track)%00%(upstream:remotename)%00%(upstream:remoteref) refs/heads/main refs/remotes/main [4ms]
2024-12-04 00:05:15.754 [info] > git for-each-ref --sort -committerdate --format %(refname) %(objectname) %(*objectname) [6ms]
2024-12-04 00:05:15.826 [info] > git status -z -uall [87ms]
2024-12-04 00:11:46.780 [info] > git config --get commit.template [20ms]
2024-12-04 00:11:46.782 [info] > git for-each-ref --format=%(refname)%00%(upstream:short)%00%(objectname)%00%(upstream:track)%00%(upstream:remotename)%00%(upstream:remoteref) refs/heads/main refs/remotes/main [10ms]
2024-12-04 00:11:46.813 [info] > git for-each-ref --sort -committerdate --format %(refname) %(objectname) %(*objectname) [7ms]
2024-12-04 00:11:46.919 [info] > git status -z -uall [126ms]
2024-12-04 00:11:52.092 [info] > git config --get commit.template [9ms]
2024-12-04 00:11:52.095 [info] > git for-each-ref --format=%(refname)%00%(upstream:short)%00%(objectname)%00%(upstream:track)%00%(upstream:remotename)%00%(upstream:remoteref) refs/heads/main refs/remotes/main [4ms]
2024-12-04 00:11:52.116 [info] > git for-each-ref --sort -committerdate --format %(refname) %(objectname) %(*objectname) [3ms]
2024-12-04 00:11:52.193 [info] > git status -z -uall [90ms]
2024-12-04 00:11:57.320 [info] > git config --get commit.template [9ms]
2024-12-04 00:11:57.321 [info] > git for-each-ref --format=%(refname)%00%(upstream:short)%00%(objectname)%00%(upstream:track)%00%(upstream:remotename)%00%(upstream:remoteref) refs/heads/main refs/remotes/main [2ms]
2024-12-04 00:11:57.341 [info] > git for-each-ref --sort -committerdate --format %(refname) %(objectname) %(*objectname) [1ms]
2024-12-04 00:11:57.416 [info] > git status -z -uall [85ms]
