2024-12-07 10:30:43.346 [info] Extension host with pid 2185775 started
2024-12-07 10:30:43.400 [info] Lock '/home/ubuntu/.vscode-server/data/User/workspaceStorage/89c7bb5c0ce2071f34ce53eb8b7aa3eb/vscode.lock': Lock acquired.
2024-12-07 10:30:43.461 [info] ExtensionService#_doActivateExtension vscode.emmet, startup: false, activationEvent: 'onLanguage'
2024-12-07 10:30:43.462 [info] ExtensionService#_doActivateExtension vscode.git-base, startup: false, activationEvent: '*', root cause: vscode.git
2024-12-07 10:30:43.627 [info] ExtensionService#_doActivateExtension vscode.git, startup: false, activationEvent: '*'
2024-12-07 10:30:43.627 [info] ExtensionService#_doActivateExtension vscode.github, startup: false, activationEvent: '*'
2024-12-07 10:30:43.628 [info] ExtensionService#_doActivateExtension vscode.tunnel-forwarding, startup: false, activationEvent: 'onTunnel'
2024-12-07 10:30:44.023 [info] Eager extensions activated
2024-12-07 10:30:44.023 [info] ExtensionService#_doActivateExtension vscode.debug-auto-launch, startup: false, activationEvent: 'onStartupFinished'
2024-12-07 10:30:44.023 [info] ExtensionService#_doActivateExtension vscode.merge-conflict, startup: false, activationEvent: 'onStartupFinished'
2024-12-07 10:30:44.024 [info] ExtensionService#_doActivateExtension cweijan.vscode-mysql-client2, startup: false, activationEvent: 'onStartupFinished'
2024-12-07 10:30:44.748 [info] ExtensionService#_doActivateExtension vscode.configuration-editing, startup: false, activationEvent: 'onLanguage:jsonc'
2024-12-07 10:30:44.749 [info] ExtensionService#_doActivateExtension vscode.json-language-features, startup: false, activationEvent: 'onLanguage:jsonc'
2024-12-07 10:30:44.749 [info] ExtensionService#_doActivateExtension vscode.typescript-language-features, startup: false, activationEvent: 'onLanguage:jsonc'
2024-12-07 10:30:44.909 [warning] [Decorations] CAPPING events from decorations provider vscode.git 6689
2024-12-07 10:30:45.987 [warning] [Decorations] CAPPING events from decorations provider vscode.git 6690
2024-12-07 10:33:00.603 [warning] [Decorations] CAPPING events from decorations provider vscode.git 6691
2024-12-07 10:35:59.424 [warning] [Decorations] CAPPING events from decorations provider vscode.git 6691
2024-12-07 10:36:04.706 [warning] [Decorations] CAPPING events from decorations provider vscode.git 6691
2024-12-07 10:37:17.447 [warning] [Decorations] CAPPING events from decorations provider vscode.git 6691
2024-12-07 10:37:19.433 [info] ExtensionService#_doActivateExtension vscode.css-language-features, startup: false, activationEvent: 'onLanguage:css'
2024-12-07 10:37:22.718 [warning] [Decorations] CAPPING events from decorations provider vscode.git 6692
2024-12-07 10:37:23.498 [info] ExtensionService#_doActivateExtension vscode.html-language-features, startup: false, activationEvent: 'onLanguage:html'
2024-12-07 10:37:29.574 [warning] [Decorations] CAPPING events from decorations provider vscode.git 6693
2024-12-07 10:37:30.138 [info] ExtensionService#_doActivateExtension vscode.extension-editing, startup: false, activationEvent: 'onLanguage:json'
2024-12-07 10:37:30.139 [info] ExtensionService#_doActivateExtension vscode.npm, startup: false, activationEvent: 'onLanguage:json'
2024-12-07 10:37:50.310 [warning] [Decorations] CAPPING events from decorations provider vscode.git 6693
2024-12-07 10:37:55.546 [warning] [Decorations] CAPPING events from decorations provider vscode.git 6693
2024-12-07 10:38:00.843 [warning] [Decorations] CAPPING events from decorations provider vscode.git 6693
2024-12-07 10:38:06.147 [warning] [Decorations] CAPPING events from decorations provider vscode.git 6693
2024-12-07 10:38:11.414 [warning] [Decorations] CAPPING events from decorations provider vscode.git 6693
2024-12-07 10:38:24.806 [warning] [Decorations] CAPPING events from decorations provider vscode.git 6693
2024-12-07 10:38:30.017 [warning] [Decorations] CAPPING events from decorations provider vscode.git 6693
2024-12-07 10:39:58.057 [warning] [Decorations] CAPPING events from decorations provider vscode.git 6693
2024-12-07 10:40:03.328 [warning] [Decorations] CAPPING events from decorations provider vscode.git 6693
2024-12-07 10:40:08.603 [warning] [Decorations] CAPPING events from decorations provider vscode.git 6693
2024-12-07 10:40:35.545 [warning] [Decorations] CAPPING events from decorations provider vscode.git 6693
2024-12-07 10:40:40.853 [warning] [Decorations] CAPPING events from decorations provider vscode.git 6693
2024-12-07 10:40:46.115 [warning] [Decorations] CAPPING events from decorations provider vscode.git 6694
2024-12-07 10:40:51.364 [warning] [Decorations] CAPPING events from decorations provider vscode.git 6693
2024-12-07 10:40:56.637 [warning] [Decorations] CAPPING events from decorations provider vscode.git 6693
2024-12-07 10:41:01.798 [warning] [Decorations] CAPPING events from decorations provider vscode.git 6693
2024-12-07 10:41:07.055 [warning] [Decorations] CAPPING events from decorations provider vscode.git 6693
2024-12-07 10:41:12.304 [warning] [Decorations] CAPPING events from decorations provider vscode.git 6693
2024-12-07 10:41:17.577 [warning] [Decorations] CAPPING events from decorations provider vscode.git 6693
2024-12-07 10:41:22.846 [warning] [Decorations] CAPPING events from decorations provider vscode.git 6693
2024-12-07 10:41:28.100 [warning] [Decorations] CAPPING events from decorations provider vscode.git 6693
2024-12-07 10:41:33.341 [warning] [Decorations] CAPPING events from decorations provider vscode.git 6693
2024-12-07 10:41:38.605 [warning] [Decorations] CAPPING events from decorations provider vscode.git 6693
2024-12-07 10:41:43.883 [warning] [Decorations] CAPPING events from decorations provider vscode.git 6693
2024-12-07 10:41:49.102 [warning] [Decorations] CAPPING events from decorations provider vscode.git 6693
2024-12-07 10:41:54.391 [warning] [Decorations] CAPPING events from decorations provider vscode.git 6693
2024-12-07 10:42:01.488 [warning] [Decorations] CAPPING events from decorations provider vscode.git 6693
2024-12-07 10:42:06.755 [warning] [Decorations] CAPPING events from decorations provider vscode.git 6692
2024-12-07 10:42:12.067 [warning] [Decorations] CAPPING events from decorations provider vscode.git 6692
2024-12-07 10:42:17.351 [warning] [Decorations] CAPPING events from decorations provider vscode.git 6692
2024-12-07 10:42:22.612 [warning] [Decorations] CAPPING events from decorations provider vscode.git 6692
2024-12-07 10:42:31.574 [warning] [Decorations] CAPPING events from decorations provider vscode.git 6692
2024-12-07 10:42:38.298 [warning] [Decorations] CAPPING events from decorations provider vscode.git 6692
2024-12-07 10:43:27.170 [warning] [Decorations] CAPPING events from decorations provider vscode.git 6692
2024-12-07 10:43:32.444 [warning] [Decorations] CAPPING events from decorations provider vscode.git 6692
2024-12-07 10:43:37.693 [warning] [Decorations] CAPPING events from decorations provider vscode.git 6692
2024-12-07 10:43:42.985 [warning] [Decorations] CAPPING events from decorations provider vscode.git 6692
2024-12-07 10:43:48.244 [warning] [Decorations] CAPPING events from decorations provider vscode.git 6692
2024-12-07 10:43:53.530 [warning] [Decorations] CAPPING events from decorations provider vscode.git 6692
2024-12-07 10:43:58.820 [warning] [Decorations] CAPPING events from decorations provider vscode.git 6692
2024-12-07 10:44:04.020 [warning] [Decorations] CAPPING events from decorations provider vscode.git 6692
2024-12-07 10:44:09.284 [warning] [Decorations] CAPPING events from decorations provider vscode.git 6692
2024-12-07 10:44:14.582 [warning] [Decorations] CAPPING events from decorations provider vscode.git 6692
2024-12-07 10:44:19.833 [warning] [Decorations] CAPPING events from decorations provider vscode.git 6692
2024-12-07 10:44:25.121 [warning] [Decorations] CAPPING events from decorations provider vscode.git 6692
2024-12-07 10:44:31.896 [warning] [Decorations] CAPPING events from decorations provider vscode.git 6692
2024-12-07 10:44:37.141 [warning] [Decorations] CAPPING events from decorations provider vscode.git 6692
2024-12-07 10:44:42.410 [warning] [Decorations] CAPPING events from decorations provider vscode.git 6692
2024-12-07 10:44:48.238 [warning] [Decorations] CAPPING events from decorations provider vscode.git 6692
2024-12-07 10:44:53.470 [warning] [Decorations] CAPPING events from decorations provider vscode.git 6692
2024-12-07 10:44:58.694 [warning] [Decorations] CAPPING events from decorations provider vscode.git 6692
2024-12-07 10:45:03.948 [warning] [Decorations] CAPPING events from decorations provider vscode.git 6692
2024-12-07 10:45:09.208 [warning] [Decorations] CAPPING events from decorations provider vscode.git 6692
2024-12-07 10:45:14.473 [warning] [Decorations] CAPPING events from decorations provider vscode.git 6692
2024-12-07 10:45:19.732 [warning] [Decorations] CAPPING events from decorations provider vscode.git 6692
2024-12-07 10:45:25.031 [warning] [Decorations] CAPPING events from decorations provider vscode.git 6692
2024-12-07 10:45:30.313 [warning] [Decorations] CAPPING events from decorations provider vscode.git 6692
2024-12-07 10:45:35.579 [warning] [Decorations] CAPPING events from decorations provider vscode.git 6692
2024-12-07 10:45:40.850 [warning] [Decorations] CAPPING events from decorations provider vscode.git 6692
2024-12-07 10:45:46.114 [warning] [Decorations] CAPPING events from decorations provider vscode.git 6692
2024-12-07 10:45:51.348 [warning] [Decorations] CAPPING events from decorations provider vscode.git 6692
2024-12-07 10:45:56.569 [warning] [Decorations] CAPPING events from decorations provider vscode.git 6692
2024-12-07 10:46:01.844 [warning] [Decorations] CAPPING events from decorations provider vscode.git 6692
2024-12-07 10:46:07.135 [warning] [Decorations] CAPPING events from decorations provider vscode.git 6692
2024-12-07 10:46:13.048 [warning] [Decorations] CAPPING events from decorations provider vscode.git 6692
2024-12-07 10:46:18.308 [warning] [Decorations] CAPPING events from decorations provider vscode.git 6692
2024-12-07 10:46:24.223 [warning] [Decorations] CAPPING events from decorations provider vscode.git 6692
2024-12-07 10:46:29.496 [warning] [Decorations] CAPPING events from decorations provider vscode.git 6692
2024-12-07 10:46:34.769 [warning] [Decorations] CAPPING events from decorations provider vscode.git 6692
2024-12-07 10:46:40.054 [warning] [Decorations] CAPPING events from decorations provider vscode.git 6692
2024-12-07 10:46:45.325 [warning] [Decorations] CAPPING events from decorations provider vscode.git 6692
2024-12-07 10:46:50.613 [warning] [Decorations] CAPPING events from decorations provider vscode.git 6692
2024-12-07 10:46:58.437 [warning] [Decorations] CAPPING events from decorations provider vscode.git 6692
2024-12-07 10:47:03.704 [warning] [Decorations] CAPPING events from decorations provider vscode.git 6692
2024-12-07 10:47:08.953 [warning] [Decorations] CAPPING events from decorations provider vscode.git 6692
2024-12-07 10:47:14.211 [warning] [Decorations] CAPPING events from decorations provider vscode.git 6695
2024-12-07 10:47:19.462 [warning] [Decorations] CAPPING events from decorations provider vscode.git 6694
2024-12-07 10:47:24.699 [warning] [Decorations] CAPPING events from decorations provider vscode.git 6694
2024-12-07 10:47:29.972 [warning] [Decorations] CAPPING events from decorations provider vscode.git 6694
2024-12-07 10:48:03.750 [warning] [Decorations] CAPPING events from decorations provider vscode.git 6694
2024-12-07 10:48:36.637 [warning] [Decorations] CAPPING events from decorations provider vscode.git 6694
2024-12-07 10:48:41.755 [warning] [Decorations] CAPPING events from decorations provider vscode.git 6694
2024-12-07 10:48:47.007 [warning] [Decorations] CAPPING events from decorations provider vscode.git 6695
2024-12-07 10:48:55.974 [warning] [Decorations] CAPPING events from decorations provider vscode.git 6694
2024-12-07 10:49:01.233 [warning] [Decorations] CAPPING events from decorations provider vscode.git 6694
2024-12-07 10:49:06.489 [warning] [Decorations] CAPPING events from decorations provider vscode.git 6694
2024-12-07 10:49:36.111 [warning] [Decorations] CAPPING events from decorations provider vscode.git 6694
2024-12-07 10:49:41.393 [warning] [Decorations] CAPPING events from decorations provider vscode.git 6694
2024-12-07 10:49:46.626 [warning] [Decorations] CAPPING events from decorations provider vscode.git 6694
2024-12-07 10:49:51.882 [warning] [Decorations] CAPPING events from decorations provider vscode.git 6694
2024-12-07 10:49:57.681 [warning] [Decorations] CAPPING events from decorations provider vscode.git 6694
2024-12-07 10:50:02.959 [warning] [Decorations] CAPPING events from decorations provider vscode.git 6694
2024-12-07 10:50:08.184 [warning] [Decorations] CAPPING events from decorations provider vscode.git 6694
2024-12-07 10:50:13.452 [warning] [Decorations] CAPPING events from decorations provider vscode.git 6694
2024-12-07 10:50:18.711 [warning] [Decorations] CAPPING events from decorations provider vscode.git 6694
2024-12-07 10:50:23.979 [warning] [Decorations] CAPPING events from decorations provider vscode.git 6694
2024-12-07 10:50:29.258 [warning] [Decorations] CAPPING events from decorations provider vscode.git 6694
2024-12-07 10:50:37.091 [warning] [Decorations] CAPPING events from decorations provider vscode.git 6696
2024-12-07 10:52:15.439 [warning] [Decorations] CAPPING events from decorations provider vscode.git 6695
2024-12-07 10:52:21.085 [warning] [Decorations] CAPPING events from decorations provider vscode.git 6695
2024-12-07 10:52:47.451 [warning] [Decorations] CAPPING events from decorations provider vscode.git 6695
2024-12-07 10:52:52.756 [warning] [Decorations] CAPPING events from decorations provider vscode.git 6695
2024-12-07 10:52:58.031 [warning] [Decorations] CAPPING events from decorations provider vscode.git 6695
2024-12-07 10:53:03.289 [warning] [Decorations] CAPPING events from decorations provider vscode.git 6695
2024-12-07 10:53:08.523 [warning] [Decorations] CAPPING events from decorations provider vscode.git 6697
2024-12-07 10:53:23.066 [warning] [Decorations] CAPPING events from decorations provider vscode.git 6696
2024-12-07 10:53:28.317 [warning] [Decorations] CAPPING events from decorations provider vscode.git 6696
2024-12-07 10:53:54.737 [warning] [Decorations] CAPPING events from decorations provider vscode.git 6696
2024-12-07 10:53:59.969 [warning] [Decorations] CAPPING events from decorations provider vscode.git 6696
2024-12-07 10:54:05.852 [warning] [Decorations] CAPPING events from decorations provider vscode.git 6696
2024-12-07 10:54:11.124 [warning] [Decorations] CAPPING events from decorations provider vscode.git 6697
2024-12-07 10:54:32.385 [warning] [Decorations] CAPPING events from decorations provider vscode.git 6697
2024-12-07 10:54:37.645 [warning] [Decorations] CAPPING events from decorations provider vscode.git 6697
2024-12-07 10:54:42.918 [warning] [Decorations] CAPPING events from decorations provider vscode.git 6698
2024-12-07 10:55:00.508 [warning] [Decorations] CAPPING events from decorations provider vscode.git 6697
2024-12-07 10:55:33.155 [warning] [Decorations] CAPPING events from decorations provider vscode.git 6697
2024-12-07 10:55:38.425 [warning] [Decorations] CAPPING events from decorations provider vscode.git 6697
2024-12-07 10:55:44.389 [warning] [Decorations] CAPPING events from decorations provider vscode.git 6697
2024-12-07 10:55:51.412 [warning] [Decorations] CAPPING events from decorations provider vscode.git 6697
2024-12-07 10:55:56.662 [warning] [Decorations] CAPPING events from decorations provider vscode.git 6697
2024-12-07 10:56:17.241 [warning] [Decorations] CAPPING events from decorations provider vscode.git 6699
2024-12-07 10:56:22.504 [warning] [Decorations] CAPPING events from decorations provider vscode.git 6698
2024-12-07 10:56:27.748 [warning] [Decorations] CAPPING events from decorations provider vscode.git 6699
2024-12-07 10:58:17.441 [warning] [Decorations] CAPPING events from decorations provider vscode.git 6699
2024-12-07 10:58:22.717 [warning] [Decorations] CAPPING events from decorations provider vscode.git 6699
2024-12-07 10:58:27.974 [warning] [Decorations] CAPPING events from decorations provider vscode.git 6699
2024-12-07 10:58:33.233 [warning] [Decorations] CAPPING events from decorations provider vscode.git 6699
2024-12-07 10:58:38.486 [warning] [Decorations] CAPPING events from decorations provider vscode.git 6699
2024-12-07 10:58:43.729 [warning] [Decorations] CAPPING events from decorations provider vscode.git 6699
2024-12-07 10:58:48.980 [warning] [Decorations] CAPPING events from decorations provider vscode.git 6699
2024-12-07 10:58:54.267 [warning] [Decorations] CAPPING events from decorations provider vscode.git 6699
2024-12-07 10:58:59.521 [warning] [Decorations] CAPPING events from decorations provider vscode.git 6699
2024-12-07 10:59:05.314 [warning] [Decorations] CAPPING events from decorations provider vscode.git 6699
2024-12-07 10:59:10.583 [warning] [Decorations] CAPPING events from decorations provider vscode.git 6699
2024-12-07 10:59:15.875 [warning] [Decorations] CAPPING events from decorations provider vscode.git 6699
2024-12-07 10:59:41.277 [warning] [Decorations] CAPPING events from decorations provider vscode.git 6699
2024-12-07 11:05:42.219 [warning] [Decorations] CAPPING events from decorations provider vscode.git 6699
2024-12-07 11:35:48.128 [warning] [Decorations] CAPPING events from decorations provider vscode.git 6699
2024-12-07 11:35:53.430 [warning] [Decorations] CAPPING events from decorations provider vscode.git 6699
2024-12-07 11:36:02.238 [warning] [Decorations] CAPPING events from decorations provider vscode.git 6699
2024-12-07 11:36:07.489 [warning] [Decorations] CAPPING events from decorations provider vscode.git 6699
2024-12-07 11:36:12.750 [warning] [Decorations] CAPPING events from decorations provider vscode.git 6699
2024-12-07 11:36:18.028 [warning] [Decorations] CAPPING events from decorations provider vscode.git 6699
2024-12-07 11:36:23.295 [warning] [Decorations] CAPPING events from decorations provider vscode.git 6699
2024-12-07 11:36:28.573 [warning] [Decorations] CAPPING events from decorations provider vscode.git 6699
2024-12-07 11:36:33.833 [warning] [Decorations] CAPPING events from decorations provider vscode.git 6699
2024-12-07 11:36:39.104 [warning] [Decorations] CAPPING events from decorations provider vscode.git 6699
2024-12-07 11:36:44.390 [warning] [Decorations] CAPPING events from decorations provider vscode.git 6699
2024-12-07 11:36:49.653 [warning] [Decorations] CAPPING events from decorations provider vscode.git 6699
2024-12-07 11:36:56.485 [warning] [Decorations] CAPPING events from decorations provider vscode.git 6699
2024-12-07 11:37:10.468 [warning] [Decorations] CAPPING events from decorations provider vscode.git 6699
2024-12-07 11:37:15.729 [warning] [Decorations] CAPPING events from decorations provider vscode.git 6699
2024-12-07 11:37:20.974 [warning] [Decorations] CAPPING events from decorations provider vscode.git 6699
2024-12-07 11:37:26.241 [warning] [Decorations] CAPPING events from decorations provider vscode.git 6699
2024-12-07 11:37:31.511 [warning] [Decorations] CAPPING events from decorations provider vscode.git 6699
2024-12-07 11:37:36.770 [warning] [Decorations] CAPPING events from decorations provider vscode.git 6699
2024-12-07 11:37:41.998 [warning] [Decorations] CAPPING events from decorations provider vscode.git 6699
2024-12-07 11:38:50.186 [warning] [Decorations] CAPPING events from decorations provider vscode.git 6699
2024-12-07 11:38:55.474 [warning] [Decorations] CAPPING events from decorations provider vscode.git 6699
2024-12-07 11:43:19.171 [warning] [Decorations] CAPPING events from decorations provider vscode.git 6699
2024-12-07 11:43:24.416 [warning] [Decorations] CAPPING events from decorations provider vscode.git 6699
2024-12-07 11:43:29.703 [warning] [Decorations] CAPPING events from decorations provider vscode.git 6699
2024-12-07 11:43:35.647 [warning] [Decorations] CAPPING events from decorations provider vscode.git 6699
2024-12-07 11:43:46.282 [warning] [Decorations] CAPPING events from decorations provider vscode.git 6699
2024-12-07 11:43:51.585 [warning] [Decorations] CAPPING events from decorations provider vscode.git 6699
2024-12-07 11:43:57.346 [warning] [Decorations] CAPPING events from decorations provider vscode.git 6699
2024-12-07 11:44:02.601 [warning] [Decorations] CAPPING events from decorations provider vscode.git 6699
2024-12-07 11:44:07.860 [warning] [Decorations] CAPPING events from decorations provider vscode.git 6699
2024-12-07 11:45:11.979 [warning] [Decorations] CAPPING events from decorations provider vscode.git 6701
2024-12-07 11:45:48.881 [warning] [Decorations] CAPPING events from decorations provider vscode.git 6700
2024-12-07 11:45:54.224 [warning] [Decorations] CAPPING events from decorations provider vscode.git 6700
2024-12-07 11:46:23.426 [warning] [Decorations] CAPPING events from decorations provider vscode.git 6700
2024-12-07 11:46:28.738 [warning] [Decorations] CAPPING events from decorations provider vscode.git 6700
2024-12-07 11:46:39.200 [warning] [Decorations] CAPPING events from decorations provider vscode.git 6700
2024-12-07 11:47:59.057 [warning] [Decorations] CAPPING events from decorations provider vscode.git 6700
2024-12-07 11:48:04.319 [warning] [Decorations] CAPPING events from decorations provider vscode.git 6700
2024-12-07 11:48:24.240 [warning] [Decorations] CAPPING events from decorations provider vscode.git 6700
2024-12-07 11:48:29.539 [warning] [Decorations] CAPPING events from decorations provider vscode.git 6700
2024-12-07 11:48:35.409 [warning] [Decorations] CAPPING events from decorations provider vscode.git 6700
2024-12-07 11:48:40.675 [warning] [Decorations] CAPPING events from decorations provider vscode.git 6700
2024-12-07 11:48:45.906 [warning] [Decorations] CAPPING events from decorations provider vscode.git 6700
2024-12-07 11:48:51.174 [warning] [Decorations] CAPPING events from decorations provider vscode.git 6700
2024-12-07 11:48:57.987 [warning] [Decorations] CAPPING events from decorations provider vscode.git 6700
2024-12-07 11:49:25.093 [warning] [Decorations] CAPPING events from decorations provider vscode.git 6700
2024-12-07 11:49:30.349 [warning] [Decorations] CAPPING events from decorations provider vscode.git 6700
2024-12-07 11:49:37.169 [warning] [Decorations] CAPPING events from decorations provider vscode.git 6700
2024-12-07 11:49:42.441 [warning] [Decorations] CAPPING events from decorations provider vscode.git 6700
2024-12-07 11:49:47.691 [warning] [Decorations] CAPPING events from decorations provider vscode.git 6700
2024-12-07 11:49:52.962 [warning] [Decorations] CAPPING events from decorations provider vscode.git 6700
2024-12-07 11:49:58.218 [warning] [Decorations] CAPPING events from decorations provider vscode.git 6700
2024-12-07 11:50:03.476 [warning] [Decorations] CAPPING events from decorations provider vscode.git 6700
2024-12-07 11:50:08.699 [warning] [Decorations] CAPPING events from decorations provider vscode.git 6700
2024-12-07 11:50:13.948 [warning] [Decorations] CAPPING events from decorations provider vscode.git 6700
2024-12-07 11:51:01.281 [warning] [Decorations] CAPPING events from decorations provider vscode.git 6700
2024-12-07 11:51:06.556 [warning] [Decorations] CAPPING events from decorations provider vscode.git 6700
2024-12-07 11:51:11.839 [warning] [Decorations] CAPPING events from decorations provider vscode.git 6700
2024-12-07 11:51:38.982 [warning] [Decorations] CAPPING events from decorations provider vscode.git 6700
2024-12-07 11:51:44.227 [warning] [Decorations] CAPPING events from decorations provider vscode.git 6700
2024-12-07 11:51:49.485 [warning] [Decorations] CAPPING events from decorations provider vscode.git 6700
2024-12-07 11:51:54.755 [warning] [Decorations] CAPPING events from decorations provider vscode.git 6700
2024-12-07 11:52:00.034 [warning] [Decorations] CAPPING events from decorations provider vscode.git 6700
2024-12-07 11:52:05.241 [warning] [Decorations] CAPPING events from decorations provider vscode.git 6700
2024-12-07 11:52:10.491 [warning] [Decorations] CAPPING events from decorations provider vscode.git 6700
2024-12-07 11:52:48.408 [warning] [Decorations] CAPPING events from decorations provider vscode.git 6700
2024-12-07 11:52:53.726 [warning] [Decorations] CAPPING events from decorations provider vscode.git 6700
2024-12-07 11:53:00.494 [warning] [Decorations] CAPPING events from decorations provider vscode.git 6700
2024-12-07 11:53:22.732 [warning] [Decorations] CAPPING events from decorations provider vscode.git 6700
2024-12-07 11:55:20.188 [warning] [Decorations] CAPPING events from decorations provider vscode.git 6700
2024-12-07 11:56:36.708 [warning] [Decorations] CAPPING events from decorations provider vscode.git 6700
2024-12-07 11:56:54.901 [warning] [Decorations] CAPPING events from decorations provider vscode.git 6700
2024-12-07 11:57:02.944 [warning] [Decorations] CAPPING events from decorations provider vscode.git 6700
2024-12-07 11:59:02.609 [warning] [Decorations] CAPPING events from decorations provider vscode.git 6700
2024-12-07 11:59:07.893 [warning] [Decorations] CAPPING events from decorations provider vscode.git 6700
2024-12-07 12:00:11.038 [warning] [Decorations] CAPPING events from decorations provider vscode.git 6700
2024-12-07 12:00:19.024 [warning] [Decorations] CAPPING events from decorations provider vscode.git 6700
2024-12-07 12:00:24.286 [warning] [Decorations] CAPPING events from decorations provider vscode.git 6702
2024-12-07 12:00:29.546 [warning] [Decorations] CAPPING events from decorations provider vscode.git 6701
2024-12-07 12:00:34.799 [warning] [Decorations] CAPPING events from decorations provider vscode.git 6701
2024-12-07 12:00:40.031 [warning] [Decorations] CAPPING events from decorations provider vscode.git 6701
2024-12-07 12:02:14.727 [warning] [Decorations] CAPPING events from decorations provider vscode.git 6701
2024-12-07 12:02:19.913 [warning] [Decorations] CAPPING events from decorations provider vscode.git 6701
2024-12-07 12:03:08.495 [warning] [Decorations] CAPPING events from decorations provider vscode.git 6701
2024-12-07 12:03:13.757 [warning] [Decorations] CAPPING events from decorations provider vscode.git 6702
2024-12-07 12:03:29.892 [warning] [Decorations] CAPPING events from decorations provider vscode.git 6701
2024-12-07 12:03:35.147 [warning] [Decorations] CAPPING events from decorations provider vscode.git 6702
2024-12-07 12:03:42.892 [warning] [Decorations] CAPPING events from decorations provider vscode.git 6701
2024-12-07 12:04:07.787 [warning] [Decorations] CAPPING events from decorations provider vscode.git 6701
2024-12-07 12:05:36.264 [warning] [Decorations] CAPPING events from decorations provider vscode.git 6701
2024-12-07 12:05:41.527 [warning] [Decorations] CAPPING events from decorations provider vscode.git 6701
2024-12-07 12:05:46.807 [warning] [Decorations] CAPPING events from decorations provider vscode.git 6702
2024-12-07 12:08:37.020 [warning] [Decorations] CAPPING events from decorations provider vscode.git 6701
2024-12-07 12:08:42.323 [warning] [Decorations] CAPPING events from decorations provider vscode.git 6701
2024-12-07 12:08:47.568 [warning] [Decorations] CAPPING events from decorations provider vscode.git 6701
2024-12-07 12:08:52.842 [warning] [Decorations] CAPPING events from decorations provider vscode.git 6701
2024-12-07 12:10:10.492 [warning] [Decorations] CAPPING events from decorations provider vscode.git 6701
2024-12-07 12:10:15.771 [warning] [Decorations] CAPPING events from decorations provider vscode.git 6701
2024-12-07 12:10:21.046 [warning] [Decorations] CAPPING events from decorations provider vscode.git 6701
2024-12-07 12:10:26.216 [warning] [Decorations] CAPPING events from decorations provider vscode.git 6701
2024-12-07 12:10:31.461 [warning] [Decorations] CAPPING events from decorations provider vscode.git 6701
2024-12-07 12:10:41.207 [warning] [Decorations] CAPPING events from decorations provider vscode.git 6701
2024-12-07 12:11:22.961 [warning] [Decorations] CAPPING events from decorations provider vscode.git 6701
2024-12-07 12:11:28.253 [warning] [Decorations] CAPPING events from decorations provider vscode.git 6701
2024-12-07 12:11:33.508 [warning] [Decorations] CAPPING events from decorations provider vscode.git 6701
2024-12-07 12:11:38.779 [warning] [Decorations] CAPPING events from decorations provider vscode.git 6701
2024-12-07 12:13:05.437 [warning] [Decorations] CAPPING events from decorations provider vscode.git 6701
2024-12-07 12:13:10.691 [warning] [Decorations] CAPPING events from decorations provider vscode.git 6701
2024-12-07 12:13:59.405 [warning] [Decorations] CAPPING events from decorations provider vscode.git 6701
2024-12-07 12:14:04.674 [warning] [Decorations] CAPPING events from decorations provider vscode.git 6701
2024-12-07 12:14:09.933 [warning] [Decorations] CAPPING events from decorations provider vscode.git 6701
2024-12-07 12:14:15.193 [warning] [Decorations] CAPPING events from decorations provider vscode.git 6701
2024-12-07 12:17:54.160 [warning] [Decorations] CAPPING events from decorations provider vscode.git 6701
2024-12-07 12:17:59.403 [warning] [Decorations] CAPPING events from decorations provider vscode.git 6701
2024-12-07 12:18:04.652 [warning] [Decorations] CAPPING events from decorations provider vscode.git 6701
2024-12-07 12:18:09.915 [warning] [Decorations] CAPPING events from decorations provider vscode.git 6701
2024-12-07 12:18:19.337 [warning] [Decorations] CAPPING events from decorations provider vscode.git 6701
2024-12-07 12:21:17.369 [warning] [Decorations] CAPPING events from decorations provider vscode.git 6701
2024-12-07 12:24:53.567 [warning] [Decorations] CAPPING events from decorations provider vscode.git 6701
2024-12-07 12:24:58.841 [warning] [Decorations] CAPPING events from decorations provider vscode.git 6701
2024-12-07 12:25:04.103 [warning] [Decorations] CAPPING events from decorations provider vscode.git 6701
2024-12-07 12:25:09.352 [warning] [Decorations] CAPPING events from decorations provider vscode.git 6701
2024-12-07 12:25:16.296 [warning] [Decorations] CAPPING events from decorations provider vscode.git 6701
2024-12-07 12:25:21.565 [warning] [Decorations] CAPPING events from decorations provider vscode.git 6701
2024-12-07 12:25:26.809 [warning] [Decorations] CAPPING events from decorations provider vscode.git 6701
2024-12-07 12:25:32.074 [warning] [Decorations] CAPPING events from decorations provider vscode.git 6701
2024-12-07 12:25:37.332 [warning] [Decorations] CAPPING events from decorations provider vscode.git 6701
2024-12-07 12:25:42.564 [warning] [Decorations] CAPPING events from decorations provider vscode.git 6701
2024-12-07 12:25:47.807 [warning] [Decorations] CAPPING events from decorations provider vscode.git 6701
2024-12-07 12:25:53.075 [warning] [Decorations] CAPPING events from decorations provider vscode.git 6701
2024-12-07 12:27:07.362 [warning] [Decorations] CAPPING events from decorations provider vscode.git 6701
2024-12-07 12:27:12.621 [warning] [Decorations] CAPPING events from decorations provider vscode.git 6701
2024-12-07 12:27:17.886 [warning] [Decorations] CAPPING events from decorations provider vscode.git 6701
2024-12-07 12:27:23.141 [warning] [Decorations] CAPPING events from decorations provider vscode.git 6701
2024-12-07 12:27:29.294 [warning] [Decorations] CAPPING events from decorations provider vscode.git 6701
2024-12-07 12:27:34.553 [warning] [Decorations] CAPPING events from decorations provider vscode.git 6701
2024-12-07 12:28:47.145 [warning] [Decorations] CAPPING events from decorations provider vscode.git 6701
2024-12-07 12:29:48.035 [warning] [Decorations] CAPPING events from decorations provider vscode.git 6701
2024-12-07 12:29:53.318 [warning] [Decorations] CAPPING events from decorations provider vscode.git 6701
2024-12-07 12:29:58.610 [warning] [Decorations] CAPPING events from decorations provider vscode.git 6701
2024-12-07 12:30:03.873 [warning] [Decorations] CAPPING events from decorations provider vscode.git 6701
2024-12-07 12:30:09.134 [warning] [Decorations] CAPPING events from decorations provider vscode.git 6701
2024-12-07 12:30:14.943 [warning] [Decorations] CAPPING events from decorations provider vscode.git 6701
2024-12-07 12:30:20.944 [warning] [Decorations] CAPPING events from decorations provider vscode.git 6701
2024-12-07 12:30:44.192 [warning] [Decorations] CAPPING events from decorations provider vscode.git 6701
2024-12-07 12:30:49.486 [warning] [Decorations] CAPPING events from decorations provider vscode.git 6701
2024-12-07 12:30:54.755 [warning] [Decorations] CAPPING events from decorations provider vscode.git 6701
2024-12-07 12:31:00.016 [warning] [Decorations] CAPPING events from decorations provider vscode.git 6701
2024-12-07 12:31:05.252 [warning] [Decorations] CAPPING events from decorations provider vscode.git 6701
2024-12-07 12:31:10.517 [warning] [Decorations] CAPPING events from decorations provider vscode.git 6701
2024-12-07 12:31:15.785 [warning] [Decorations] CAPPING events from decorations provider vscode.git 6701
2024-12-07 12:31:48.736 [warning] [Decorations] CAPPING events from decorations provider vscode.git 6701
2024-12-07 12:31:54.042 [warning] [Decorations] CAPPING events from decorations provider vscode.git 6701
2024-12-07 12:31:59.301 [warning] [Decorations] CAPPING events from decorations provider vscode.git 6701
2024-12-07 12:32:04.592 [warning] [Decorations] CAPPING events from decorations provider vscode.git 6701
2024-12-07 12:32:09.847 [warning] [Decorations] CAPPING events from decorations provider vscode.git 6701
2024-12-07 12:32:15.145 [warning] [Decorations] CAPPING events from decorations provider vscode.git 6701
2024-12-07 12:32:20.480 [warning] [Decorations] CAPPING events from decorations provider vscode.git 6701
2024-12-07 12:32:25.756 [warning] [Decorations] CAPPING events from decorations provider vscode.git 6701
2024-12-07 12:32:31.059 [warning] [Decorations] CAPPING events from decorations provider vscode.git 6701
2024-12-07 12:32:36.323 [warning] [Decorations] CAPPING events from decorations provider vscode.git 6701
2024-12-07 12:32:41.534 [warning] [Decorations] CAPPING events from decorations provider vscode.git 6701
2024-12-07 12:32:46.801 [warning] [Decorations] CAPPING events from decorations provider vscode.git 6701
2024-12-07 12:32:52.026 [warning] [Decorations] CAPPING events from decorations provider vscode.git 6701
2024-12-07 12:32:57.271 [warning] [Decorations] CAPPING events from decorations provider vscode.git 6701
2024-12-07 12:33:02.515 [warning] [Decorations] CAPPING events from decorations provider vscode.git 6701
2024-12-07 12:33:07.770 [warning] [Decorations] CAPPING events from decorations provider vscode.git 6701
2024-12-07 12:33:13.029 [warning] [Decorations] CAPPING events from decorations provider vscode.git 6701
2024-12-07 12:33:18.284 [warning] [Decorations] CAPPING events from decorations provider vscode.git 6701
2024-12-07 12:33:23.556 [warning] [Decorations] CAPPING events from decorations provider vscode.git 6701
2024-12-07 12:33:28.810 [warning] [Decorations] CAPPING events from decorations provider vscode.git 6701
2024-12-07 12:34:12.724 [warning] [Decorations] CAPPING events from decorations provider vscode.git 6701
2024-12-07 12:34:17.976 [warning] [Decorations] CAPPING events from decorations provider vscode.git 6701
2024-12-07 12:34:37.179 [warning] [Decorations] CAPPING events from decorations provider vscode.git 6701
2024-12-07 12:34:42.434 [warning] [Decorations] CAPPING events from decorations provider vscode.git 6701
2024-12-07 12:35:37.726 [warning] [Decorations] CAPPING events from decorations provider vscode.git 6701
2024-12-07 12:35:43.013 [warning] [Decorations] CAPPING events from decorations provider vscode.git 6701
2024-12-07 12:35:48.265 [warning] [Decorations] CAPPING events from decorations provider vscode.git 6701
2024-12-07 12:35:53.463 [warning] [Decorations] CAPPING events from decorations provider vscode.git 6701
2024-12-07 12:36:46.606 [warning] [Decorations] CAPPING events from decorations provider vscode.git 6701
2024-12-07 12:36:51.876 [warning] [Decorations] CAPPING events from decorations provider vscode.git 6701
2024-12-07 12:36:57.153 [warning] [Decorations] CAPPING events from decorations provider vscode.git 6701
2024-12-07 12:37:02.427 [warning] [Decorations] CAPPING events from decorations provider vscode.git 6701
2024-12-07 12:37:07.701 [warning] [Decorations] CAPPING events from decorations provider vscode.git 6701
2024-12-07 12:37:12.954 [warning] [Decorations] CAPPING events from decorations provider vscode.git 6701
2024-12-07 12:37:18.214 [warning] [Decorations] CAPPING events from decorations provider vscode.git 6701
2024-12-07 12:37:23.507 [warning] [Decorations] CAPPING events from decorations provider vscode.git 6701
2024-12-07 12:37:28.810 [warning] [Decorations] CAPPING events from decorations provider vscode.git 6701
2024-12-07 12:37:53.216 [warning] [Decorations] CAPPING events from decorations provider vscode.git 6701
2024-12-07 12:37:58.510 [warning] [Decorations] CAPPING events from decorations provider vscode.git 6701
2024-12-07 12:38:10.189 [warning] [Decorations] CAPPING events from decorations provider vscode.git 6701
2024-12-07 12:38:15.456 [warning] [Decorations] CAPPING events from decorations provider vscode.git 6701
2024-12-07 12:38:20.709 [warning] [Decorations] CAPPING events from decorations provider vscode.git 6701
2024-12-07 12:38:25.977 [warning] [Decorations] CAPPING events from decorations provider vscode.git 6701
2024-12-07 12:38:32.796 [warning] [Decorations] CAPPING events from decorations provider vscode.git 6701
2024-12-07 12:38:56.132 [warning] [Decorations] CAPPING events from decorations provider vscode.git 6701
2024-12-07 12:39:01.384 [warning] [Decorations] CAPPING events from decorations provider vscode.git 6701
2024-12-07 12:39:06.641 [warning] [Decorations] CAPPING events from decorations provider vscode.git 6701
2024-12-07 12:39:13.474 [warning] [Decorations] CAPPING events from decorations provider vscode.git 6703
2024-12-07 12:39:18.723 [warning] [Decorations] CAPPING events from decorations provider vscode.git 6701
2024-12-07 12:39:23.979 [warning] [Decorations] CAPPING events from decorations provider vscode.git 6701
2024-12-07 12:39:29.242 [warning] [Decorations] CAPPING events from decorations provider vscode.git 6701
2024-12-07 12:39:34.512 [warning] [Decorations] CAPPING events from decorations provider vscode.git 6701
2024-12-07 12:39:39.767 [warning] [Decorations] CAPPING events from decorations provider vscode.git 6701
2024-12-07 12:39:45.023 [warning] [Decorations] CAPPING events from decorations provider vscode.git 6701
2024-12-07 12:39:50.286 [warning] [Decorations] CAPPING events from decorations provider vscode.git 6701
2024-12-07 12:39:55.533 [warning] [Decorations] CAPPING events from decorations provider vscode.git 6701
2024-12-07 12:40:06.358 [warning] [Decorations] CAPPING events from decorations provider vscode.git 6702
2024-12-07 12:40:11.617 [warning] [Decorations] CAPPING events from decorations provider vscode.git 6701
2024-12-07 12:40:17.416 [warning] [Decorations] CAPPING events from decorations provider vscode.git 6701
2024-12-07 12:40:26.408 [warning] [Decorations] CAPPING events from decorations provider vscode.git 6701
2024-12-07 12:40:33.124 [warning] [Decorations] CAPPING events from decorations provider vscode.git 6701
2024-12-07 12:40:38.379 [warning] [Decorations] CAPPING events from decorations provider vscode.git 6701
2024-12-07 12:40:43.672 [warning] [Decorations] CAPPING events from decorations provider vscode.git 6701
2024-12-07 12:40:49.493 [warning] [Decorations] CAPPING events from decorations provider vscode.git 6701
2024-12-07 12:40:54.751 [warning] [Decorations] CAPPING events from decorations provider vscode.git 6701
2024-12-07 12:40:59.994 [warning] [Decorations] CAPPING events from decorations provider vscode.git 6701
2024-12-07 12:41:05.280 [warning] [Decorations] CAPPING events from decorations provider vscode.git 6701
2024-12-07 12:41:10.543 [warning] [Decorations] CAPPING events from decorations provider vscode.git 6701
2024-12-07 12:41:15.789 [warning] [Decorations] CAPPING events from decorations provider vscode.git 6701
2024-12-07 12:41:21.043 [warning] [Decorations] CAPPING events from decorations provider vscode.git 6701
2024-12-07 12:41:26.291 [warning] [Decorations] CAPPING events from decorations provider vscode.git 6701
2024-12-07 12:41:31.502 [warning] [Decorations] CAPPING events from decorations provider vscode.git 6701
2024-12-07 12:41:36.752 [warning] [Decorations] CAPPING events from decorations provider vscode.git 6701
2024-12-07 12:41:42.045 [warning] [Decorations] CAPPING events from decorations provider vscode.git 6701
2024-12-07 12:41:47.335 [warning] [Decorations] CAPPING events from decorations provider vscode.git 6701
2024-12-07 12:41:52.635 [warning] [Decorations] CAPPING events from decorations provider vscode.git 6701
2024-12-07 12:41:57.919 [warning] [Decorations] CAPPING events from decorations provider vscode.git 6701
2024-12-07 12:42:03.225 [warning] [Decorations] CAPPING events from decorations provider vscode.git 6701
2024-12-07 12:42:08.515 [warning] [Decorations] CAPPING events from decorations provider vscode.git 6701
2024-12-07 12:42:13.762 [warning] [Decorations] CAPPING events from decorations provider vscode.git 6701
2024-12-07 12:42:19.036 [warning] [Decorations] CAPPING events from decorations provider vscode.git 6701
2024-12-07 12:42:24.281 [warning] [Decorations] CAPPING events from decorations provider vscode.git 6701
2024-12-07 12:42:29.490 [warning] [Decorations] CAPPING events from decorations provider vscode.git 6701
2024-12-07 12:42:34.790 [warning] [Decorations] CAPPING events from decorations provider vscode.git 6701
2024-12-07 12:42:40.048 [warning] [Decorations] CAPPING events from decorations provider vscode.git 6701
2024-12-07 12:42:45.307 [warning] [Decorations] CAPPING events from decorations provider vscode.git 6701
2024-12-07 12:42:50.601 [warning] [Decorations] CAPPING events from decorations provider vscode.git 6701
2024-12-07 12:42:56.521 [warning] [Decorations] CAPPING events from decorations provider vscode.git 6701
2024-12-07 12:43:01.797 [warning] [Decorations] CAPPING events from decorations provider vscode.git 6701
2024-12-07 12:43:07.578 [warning] [Decorations] CAPPING events from decorations provider vscode.git 6701
2024-12-07 12:43:12.825 [warning] [Decorations] CAPPING events from decorations provider vscode.git 6701
2024-12-07 12:43:18.085 [warning] [Decorations] CAPPING events from decorations provider vscode.git 6701
2024-12-07 12:43:23.341 [warning] [Decorations] CAPPING events from decorations provider vscode.git 6701
2024-12-07 12:43:28.596 [warning] [Decorations] CAPPING events from decorations provider vscode.git 6701
2024-12-07 12:43:33.902 [warning] [Decorations] CAPPING events from decorations provider vscode.git 6701
2024-12-07 12:43:39.186 [warning] [Decorations] CAPPING events from decorations provider vscode.git 6701
2024-12-07 12:43:44.441 [warning] [Decorations] CAPPING events from decorations provider vscode.git 6701
2024-12-07 12:43:50.227 [warning] [Decorations] CAPPING events from decorations provider vscode.git 6701
2024-12-07 12:43:55.510 [warning] [Decorations] CAPPING events from decorations provider vscode.git 6701
2024-12-07 12:44:00.812 [warning] [Decorations] CAPPING events from decorations provider vscode.git 6701
2024-12-07 12:44:06.105 [warning] [Decorations] CAPPING events from decorations provider vscode.git 6701
2024-12-07 12:44:11.410 [warning] [Decorations] CAPPING events from decorations provider vscode.git 6701
2024-12-07 12:44:16.679 [warning] [Decorations] CAPPING events from decorations provider vscode.git 6701
2024-12-07 12:44:21.963 [warning] [Decorations] CAPPING events from decorations provider vscode.git 6701
2024-12-07 12:44:27.257 [warning] [Decorations] CAPPING events from decorations provider vscode.git 6701
2024-12-07 12:44:32.521 [warning] [Decorations] CAPPING events from decorations provider vscode.git 6701
2024-12-07 12:44:37.787 [warning] [Decorations] CAPPING events from decorations provider vscode.git 6701
2024-12-07 12:44:43.071 [warning] [Decorations] CAPPING events from decorations provider vscode.git 6701
2024-12-07 12:44:48.346 [warning] [Decorations] CAPPING events from decorations provider vscode.git 6701
2024-12-07 12:44:53.615 [warning] [Decorations] CAPPING events from decorations provider vscode.git 6701
2024-12-07 12:44:58.885 [warning] [Decorations] CAPPING events from decorations provider vscode.git 6701
2024-12-07 12:45:04.155 [warning] [Decorations] CAPPING events from decorations provider vscode.git 6701
2024-12-07 12:45:09.418 [warning] [Decorations] CAPPING events from decorations provider vscode.git 6701
2024-12-07 12:45:14.689 [warning] [Decorations] CAPPING events from decorations provider vscode.git 6701
2024-12-07 12:45:21.503 [warning] [Decorations] CAPPING events from decorations provider vscode.git 6701
2024-12-07 12:45:26.775 [warning] [Decorations] CAPPING events from decorations provider vscode.git 6701
2024-12-07 12:45:42.839 [warning] [Decorations] CAPPING events from decorations provider vscode.git 6701
2024-12-07 12:45:48.160 [warning] [Decorations] CAPPING events from decorations provider vscode.git 6701
2024-12-07 12:46:10.534 [warning] [Decorations] CAPPING events from decorations provider vscode.git 6701
2024-12-07 12:46:15.799 [warning] [Decorations] CAPPING events from decorations provider vscode.git 6701
2024-12-07 12:47:02.202 [warning] [Decorations] CAPPING events from decorations provider vscode.git 6701
2024-12-07 12:47:07.456 [warning] [Decorations] CAPPING events from decorations provider vscode.git 6701
2024-12-07 12:47:12.680 [warning] [Decorations] CAPPING events from decorations provider vscode.git 6701
2024-12-07 12:47:18.482 [warning] [Decorations] CAPPING events from decorations provider vscode.git 6701
2024-12-07 12:47:23.751 [warning] [Decorations] CAPPING events from decorations provider vscode.git 6701
2024-12-07 12:47:29.025 [warning] [Decorations] CAPPING events from decorations provider vscode.git 6701
2024-12-07 12:48:03.055 [warning] [Decorations] CAPPING events from decorations provider vscode.git 6701
2024-12-07 12:48:08.330 [warning] [Decorations] CAPPING events from decorations provider vscode.git 6701
2024-12-07 12:48:14.184 [warning] [Decorations] CAPPING events from decorations provider vscode.git 6701
2024-12-07 12:48:29.253 [warning] [Decorations] CAPPING events from decorations provider vscode.git 6701
2024-12-07 12:48:59.220 [warning] [Decorations] CAPPING events from decorations provider vscode.git 6701
2024-12-07 12:49:04.469 [warning] [Decorations] CAPPING events from decorations provider vscode.git 6701
2024-12-07 12:49:09.676 [warning] [Decorations] CAPPING events from decorations provider vscode.git 6701
2024-12-07 12:49:14.928 [warning] [Decorations] CAPPING events from decorations provider vscode.git 6701
2024-12-07 12:49:20.213 [warning] [Decorations] CAPPING events from decorations provider vscode.git 6701
2024-12-07 12:49:25.483 [warning] [Decorations] CAPPING events from decorations provider vscode.git 6701
2024-12-07 12:49:30.743 [warning] [Decorations] CAPPING events from decorations provider vscode.git 6701
2024-12-07 12:49:58.399 [warning] [Decorations] CAPPING events from decorations provider vscode.git 6701
2024-12-07 12:50:03.671 [warning] [Decorations] CAPPING events from decorations provider vscode.git 6701
2024-12-07 12:50:08.927 [warning] [Decorations] CAPPING events from decorations provider vscode.git 6701
2024-12-07 12:53:43.548 [warning] [Decorations] CAPPING events from decorations provider vscode.git 6701
2024-12-07 12:53:48.782 [warning] [Decorations] CAPPING events from decorations provider vscode.git 6701
2024-12-07 12:55:00.158 [warning] [Decorations] CAPPING events from decorations provider vscode.git 6701
2024-12-07 12:55:07.064 [warning] [Decorations] CAPPING events from decorations provider vscode.git 6701
2024-12-07 12:55:14.084 [warning] [Decorations] CAPPING events from decorations provider vscode.git 6701
2024-12-07 12:55:19.343 [warning] [Decorations] CAPPING events from decorations provider vscode.git 6701
2024-12-07 12:57:37.215 [warning] [Decorations] CAPPING events from decorations provider vscode.git 6701
2024-12-07 12:57:55.155 [warning] [Decorations] CAPPING events from decorations provider vscode.git 6701
2024-12-07 12:58:18.605 [warning] [Decorations] CAPPING events from decorations provider vscode.git 6701
2024-12-07 12:58:23.885 [warning] [Decorations] CAPPING events from decorations provider vscode.git 6701
2024-12-07 12:58:29.192 [warning] [Decorations] CAPPING events from decorations provider vscode.git 6701
2024-12-07 12:58:34.471 [warning] [Decorations] CAPPING events from decorations provider vscode.git 6701
2024-12-07 12:58:39.724 [warning] [Decorations] CAPPING events from decorations provider vscode.git 6701
2024-12-07 12:58:44.999 [warning] [Decorations] CAPPING events from decorations provider vscode.git 6701
2024-12-07 12:59:42.825 [warning] [Decorations] CAPPING events from decorations provider vscode.git 6702
2024-12-07 12:59:48.098 [warning] [Decorations] CAPPING events from decorations provider vscode.git 6701
2024-12-07 12:59:53.375 [warning] [Decorations] CAPPING events from decorations provider vscode.git 6701
2024-12-07 12:59:58.632 [warning] [Decorations] CAPPING events from decorations provider vscode.git 6701
2024-12-07 13:00:03.883 [warning] [Decorations] CAPPING events from decorations provider vscode.git 6701
2024-12-07 13:00:09.139 [warning] [Decorations] CAPPING events from decorations provider vscode.git 6701
2024-12-07 13:00:14.397 [warning] [Decorations] CAPPING events from decorations provider vscode.git 6701
2024-12-07 13:00:19.679 [warning] [Decorations] CAPPING events from decorations provider vscode.git 6701
2024-12-07 13:00:24.955 [warning] [Decorations] CAPPING events from decorations provider vscode.git 6701
2024-12-07 13:00:30.246 [warning] [Decorations] CAPPING events from decorations provider vscode.git 6701
2024-12-07 13:00:35.537 [warning] [Decorations] CAPPING events from decorations provider vscode.git 6701
2024-12-07 13:00:44.345 [warning] [Decorations] CAPPING events from decorations provider vscode.git 6701
2024-12-07 13:00:56.073 [warning] [Decorations] CAPPING events from decorations provider vscode.git 6701
2024-12-07 13:01:01.326 [warning] [Decorations] CAPPING events from decorations provider vscode.git 6701
2024-12-07 13:01:06.580 [warning] [Decorations] CAPPING events from decorations provider vscode.git 6701
2024-12-07 13:01:11.832 [warning] [Decorations] CAPPING events from decorations provider vscode.git 6701
2024-12-07 13:01:17.094 [warning] [Decorations] CAPPING events from decorations provider vscode.git 6701
2024-12-07 13:01:22.362 [warning] [Decorations] CAPPING events from decorations provider vscode.git 6701
2024-12-07 13:01:27.653 [warning] [Decorations] CAPPING events from decorations provider vscode.git 6701
2024-12-07 13:01:32.914 [warning] [Decorations] CAPPING events from decorations provider vscode.git 6701
2024-12-07 13:01:38.165 [warning] [Decorations] CAPPING events from decorations provider vscode.git 6701
2024-12-07 13:01:43.417 [warning] [Decorations] CAPPING events from decorations provider vscode.git 6701
2024-12-07 13:01:48.678 [warning] [Decorations] CAPPING events from decorations provider vscode.git 6701
2024-12-07 13:01:53.934 [warning] [Decorations] CAPPING events from decorations provider vscode.git 6701
2024-12-07 13:01:59.858 [warning] [Decorations] CAPPING events from decorations provider vscode.git 6701
2024-12-07 13:02:05.116 [warning] [Decorations] CAPPING events from decorations provider vscode.git 6701
2024-12-07 13:02:10.384 [warning] [Decorations] CAPPING events from decorations provider vscode.git 6701
2024-12-07 13:02:15.654 [warning] [Decorations] CAPPING events from decorations provider vscode.git 6701
2024-12-07 13:02:20.919 [warning] [Decorations] CAPPING events from decorations provider vscode.git 6701
2024-12-07 13:02:26.194 [warning] [Decorations] CAPPING events from decorations provider vscode.git 6701
2024-12-07 13:02:31.457 [warning] [Decorations] CAPPING events from decorations provider vscode.git 6701
2024-12-07 13:02:36.715 [warning] [Decorations] CAPPING events from decorations provider vscode.git 6701
2024-12-07 13:02:41.983 [warning] [Decorations] CAPPING events from decorations provider vscode.git 6701
2024-12-07 13:02:47.243 [warning] [Decorations] CAPPING events from decorations provider vscode.git 6701
2024-12-07 13:02:52.515 [warning] [Decorations] CAPPING events from decorations provider vscode.git 6701
2024-12-07 13:02:58.311 [warning] [Decorations] CAPPING events from decorations provider vscode.git 6701
2024-12-07 13:03:06.332 [warning] [Decorations] CAPPING events from decorations provider vscode.git 6701
2024-12-07 13:03:11.600 [warning] [Decorations] CAPPING events from decorations provider vscode.git 6701
2024-12-07 13:03:16.873 [warning] [Decorations] CAPPING events from decorations provider vscode.git 6701
2024-12-07 13:03:22.136 [warning] [Decorations] CAPPING events from decorations provider vscode.git 6701
2024-12-07 13:03:27.329 [warning] [Decorations] CAPPING events from decorations provider vscode.git 6701
2024-12-07 13:03:32.603 [warning] [Decorations] CAPPING events from decorations provider vscode.git 6701
2024-12-07 13:03:38.655 [warning] [Decorations] CAPPING events from decorations provider vscode.git 6701
2024-12-07 13:03:43.928 [warning] [Decorations] CAPPING events from decorations provider vscode.git 6701
2024-12-07 13:03:57.730 [warning] [Decorations] CAPPING events from decorations provider vscode.git 6701
2024-12-07 13:04:13.891 [warning] [Decorations] CAPPING events from decorations provider vscode.git 6701
2024-12-07 13:04:19.129 [warning] [Decorations] CAPPING events from decorations provider vscode.git 6701
2024-12-07 13:05:23.182 [warning] [Decorations] CAPPING events from decorations provider vscode.git 6701
2024-12-07 13:05:28.431 [warning] [Decorations] CAPPING events from decorations provider vscode.git 6702
2024-12-07 13:05:33.682 [warning] [Decorations] CAPPING events from decorations provider vscode.git 6701
2024-12-07 13:07:08.535 [warning] [Decorations] CAPPING events from decorations provider vscode.git 6701
2024-12-07 13:07:13.820 [warning] [Decorations] CAPPING events from decorations provider vscode.git 6702
2024-12-07 13:07:58.831 [warning] [Decorations] CAPPING events from decorations provider vscode.git 6701
2024-12-07 13:11:17.815 [warning] [Decorations] CAPPING events from decorations provider vscode.git 6701
2024-12-07 13:11:23.079 [warning] [Decorations] CAPPING events from decorations provider vscode.git 6701
2024-12-07 13:11:46.326 [warning] [Decorations] CAPPING events from decorations provider vscode.git 6701
2024-12-07 13:12:32.505 [warning] [Decorations] CAPPING events from decorations provider vscode.git 6701
2024-12-07 14:00:45.292 [info] Extension host terminating: renderer disconnected for too long (2)
2024-12-07 14:00:45.296 [info] Lock '/home/ubuntu/.vscode-server/data/User/workspaceStorage/89c7bb5c0ce2071f34ce53eb8b7aa3eb/vscode.lock': Marking the lockfile as scheduled to be released in 6000 ms.
2024-12-07 14:00:45.431 [error] Canceled: Canceled
	at new tT (file:///home/ubuntu/.vscode-server/cli/servers/Stable-f1a4fb101478ce6ec82fe9627c43efbf9e98c813/server/out/vs/workbench/api/node/extensionHostProcess.js:31:151066)
	at py.U (file:///home/ubuntu/.vscode-server/cli/servers/Stable-f1a4fb101478ce6ec82fe9627c43efbf9e98c813/server/out/vs/workbench/api/node/extensionHostProcess.js:31:155676)
	at s.<computed>.n.charCodeAt.s.<computed> (file:///home/ubuntu/.vscode-server/cli/servers/Stable-f1a4fb101478ce6ec82fe9627c43efbf9e98c813/server/out/vs/workbench/api/node/extensionHostProcess.js:31:153170)
	at Y0.g (file:///home/ubuntu/.vscode-server/cli/servers/Stable-f1a4fb101478ce6ec82fe9627c43efbf9e98c813/server/out/vs/workbench/api/node/extensionHostProcess.js:114:32313)
	at Y0.executeCommand (file:///home/ubuntu/.vscode-server/cli/servers/Stable-f1a4fb101478ce6ec82fe9627c43efbf9e98c813/server/out/vs/workbench/api/node/extensionHostProcess.js:114:31817)
	at r.registerCommand.description (file:///home/ubuntu/.vscode-server/cli/servers/Stable-f1a4fb101478ce6ec82fe9627c43efbf9e98c813/server/out/vs/workbench/api/node/extensionHostProcess.js:114:31147)
	at Y0.h (file:///home/ubuntu/.vscode-server/cli/servers/Stable-f1a4fb101478ce6ec82fe9627c43efbf9e98c813/server/out/vs/workbench/api/node/extensionHostProcess.js:114:32833)
	at Y0.g (file:///home/ubuntu/.vscode-server/cli/servers/Stable-f1a4fb101478ce6ec82fe9627c43efbf9e98c813/server/out/vs/workbench/api/node/extensionHostProcess.js:114:31910)
	at Y0.executeCommand (file:///home/ubuntu/.vscode-server/cli/servers/Stable-f1a4fb101478ce6ec82fe9627c43efbf9e98c813/server/out/vs/workbench/api/node/extensionHostProcess.js:114:31817)
	at Object.executeCommand (file:///home/ubuntu/.vscode-server/cli/servers/Stable-f1a4fb101478ce6ec82fe9627c43efbf9e98c813/server/out/vs/workbench/api/node/extensionHostProcess.js:156:37246)
	at mh.O [as value] (/home/ubuntu/.vscode-server/cli/servers/Stable-f1a4fb101478ce6ec82fe9627c43efbf9e98c813/server/extensions/git/dist/main.js:2:961845)
	at P.B (file:///home/ubuntu/.vscode-server/cli/servers/Stable-f1a4fb101478ce6ec82fe9627c43efbf9e98c813/server/out/vs/workbench/api/node/extensionHostProcess.js:29:746)
	at P.C (file:///home/ubuntu/.vscode-server/cli/servers/Stable-f1a4fb101478ce6ec82fe9627c43efbf9e98c813/server/out/vs/workbench/api/node/extensionHostProcess.js:29:816)
	at P.fire (file:///home/ubuntu/.vscode-server/cli/servers/Stable-f1a4fb101478ce6ec82fe9627c43efbf9e98c813/server/out/vs/workbench/api/node/extensionHostProcess.js:29:1033)
	at Object.p [as dispose] (/home/ubuntu/.vscode-server/cli/servers/Stable-f1a4fb101478ce6ec82fe9627c43efbf9e98c813/server/extensions/git/dist/main.js:2:983333)
	at /home/ubuntu/.vscode-server/cli/servers/Stable-f1a4fb101478ce6ec82fe9627c43efbf9e98c813/server/extensions/git/dist/main.js:2:989455
	at Array.forEach (<anonymous>)
	at b.dispose (/home/ubuntu/.vscode-server/cli/servers/Stable-f1a4fb101478ce6ec82fe9627c43efbf9e98c813/server/extensions/git/dist/main.js:2:989441)
	at V1.<anonymous> (file:///home/ubuntu/.vscode-server/cli/servers/Stable-f1a4fb101478ce6ec82fe9627c43efbf9e98c813/server/out/vs/workbench/api/node/extensionHostProcess.js:108:19994)
	at V1.dispose (file:///home/ubuntu/.vscode-server/cli/servers/Stable-f1a4fb101478ce6ec82fe9627c43efbf9e98c813/server/out/vs/workbench/api/node/extensionHostProcess.js:108:20090)
	at V1.<anonymous> (/home/ubuntu/.vscode-server/cli/servers/Stable-f1a4fb101478ce6ec82fe9627c43efbf9e98c813/server/extensions/git/dist/main.js:2:964255)
	at V1.dispose (file:///home/ubuntu/.vscode-server/cli/servers/Stable-f1a4fb101478ce6ec82fe9627c43efbf9e98c813/server/out/vs/workbench/api/node/extensionHostProcess.js:108:20090)
	at ci (file:///home/ubuntu/.vscode-server/cli/servers/Stable-f1a4fb101478ce6ec82fe9627c43efbf9e98c813/server/out/vs/workbench/api/node/extensionHostProcess.js:24:699)
	at file:///home/ubuntu/.vscode-server/cli/servers/Stable-f1a4fb101478ce6ec82fe9627c43efbf9e98c813/server/out/vs/workbench/api/node/extensionHostProcess.js:118:14992
	at file:///home/ubuntu/.vscode-server/cli/servers/Stable-f1a4fb101478ce6ec82fe9627c43efbf9e98c813/server/out/vs/workbench/api/node/extensionHostProcess.js:24:1009
	at Object.dispose (file:///home/ubuntu/.vscode-server/cli/servers/Stable-f1a4fb101478ce6ec82fe9627c43efbf9e98c813/server/out/vs/workbench/api/node/extensionHostProcess.js:7:2146)
	at _z.eb (file:///home/ubuntu/.vscode-server/cli/servers/Stable-f1a4fb101478ce6ec82fe9627c43efbf9e98c813/server/out/vs/workbench/api/node/extensionHostProcess.js:118:11919)
	at file:///home/ubuntu/.vscode-server/cli/servers/Stable-f1a4fb101478ce6ec82fe9627c43efbf9e98c813/server/out/vs/workbench/api/node/extensionHostProcess.js:118:9874
	at Array.map (<anonymous>)
	at _z.$ (file:///home/ubuntu/.vscode-server/cli/servers/Stable-f1a4fb101478ce6ec82fe9627c43efbf9e98c813/server/out/vs/workbench/api/node/extensionHostProcess.js:118:9862)
	at _z.terminate (file:///home/ubuntu/.vscode-server/cli/servers/Stable-f1a4fb101478ce6ec82fe9627c43efbf9e98c813/server/out/vs/workbench/api/node/extensionHostProcess.js:118:10105)
	at xC.terminate (file:///home/ubuntu/.vscode-server/cli/servers/Stable-f1a4fb101478ce6ec82fe9627c43efbf9e98c813/server/out/vs/workbench/api/node/extensionHostProcess.js:119:1424)
	at Zi (file:///home/ubuntu/.vscode-server/cli/servers/Stable-f1a4fb101478ce6ec82fe9627c43efbf9e98c813/server/out/vs/workbench/api/node/extensionHostProcess.js:174:15084)
	at c5.a (file:///home/ubuntu/.vscode-server/cli/servers/Stable-f1a4fb101478ce6ec82fe9627c43efbf9e98c813/server/out/vs/workbench/api/node/extensionHostProcess.js:174:11997)
	at c5.h (file:///home/ubuntu/.vscode-server/cli/servers/Stable-f1a4fb101478ce6ec82fe9627c43efbf9e98c813/server/out/vs/workbench/api/node/extensionHostProcess.js:30:75682)
	at listOnTimeout (node:internal/timers:581:17)
	at process.processTimers (node:internal/timers:519:7) setContext undefined
2024-12-07 14:00:45.433 [error] Canceled: Canceled
	at new tT (file:///home/ubuntu/.vscode-server/cli/servers/Stable-f1a4fb101478ce6ec82fe9627c43efbf9e98c813/server/out/vs/workbench/api/node/extensionHostProcess.js:31:151066)
	at py.U (file:///home/ubuntu/.vscode-server/cli/servers/Stable-f1a4fb101478ce6ec82fe9627c43efbf9e98c813/server/out/vs/workbench/api/node/extensionHostProcess.js:31:155676)
	at s.<computed>.n.charCodeAt.s.<computed> (file:///home/ubuntu/.vscode-server/cli/servers/Stable-f1a4fb101478ce6ec82fe9627c43efbf9e98c813/server/out/vs/workbench/api/node/extensionHostProcess.js:31:153170)
	at Y0.g (file:///home/ubuntu/.vscode-server/cli/servers/Stable-f1a4fb101478ce6ec82fe9627c43efbf9e98c813/server/out/vs/workbench/api/node/extensionHostProcess.js:114:32313)
	at Y0.executeCommand (file:///home/ubuntu/.vscode-server/cli/servers/Stable-f1a4fb101478ce6ec82fe9627c43efbf9e98c813/server/out/vs/workbench/api/node/extensionHostProcess.js:114:31817)
	at r.registerCommand.description (file:///home/ubuntu/.vscode-server/cli/servers/Stable-f1a4fb101478ce6ec82fe9627c43efbf9e98c813/server/out/vs/workbench/api/node/extensionHostProcess.js:114:31147)
	at Y0.h (file:///home/ubuntu/.vscode-server/cli/servers/Stable-f1a4fb101478ce6ec82fe9627c43efbf9e98c813/server/out/vs/workbench/api/node/extensionHostProcess.js:114:32833)
	at Y0.g (file:///home/ubuntu/.vscode-server/cli/servers/Stable-f1a4fb101478ce6ec82fe9627c43efbf9e98c813/server/out/vs/workbench/api/node/extensionHostProcess.js:114:31910)
	at Y0.executeCommand (file:///home/ubuntu/.vscode-server/cli/servers/Stable-f1a4fb101478ce6ec82fe9627c43efbf9e98c813/server/out/vs/workbench/api/node/extensionHostProcess.js:114:31817)
	at Object.executeCommand (file:///home/ubuntu/.vscode-server/cli/servers/Stable-f1a4fb101478ce6ec82fe9627c43efbf9e98c813/server/out/vs/workbench/api/node/extensionHostProcess.js:156:37246)
	at set hasGitHubRepositories [as hasGitHubRepositories] (/home/ubuntu/.vscode-server/cli/servers/Stable-f1a4fb101478ce6ec82fe9627c43efbf9e98c813/server/extensions/github/dist/extension.js:2:328633)
	at /home/ubuntu/.vscode-server/cli/servers/Stable-f1a4fb101478ce6ec82fe9627c43efbf9e98c813/server/extensions/github/dist/extension.js:2:329592
	at mh.value (/home/ubuntu/.vscode-server/cli/servers/Stable-f1a4fb101478ce6ec82fe9627c43efbf9e98c813/server/extensions/git/dist/main.js:2:1073936)
	at P.B (file:///home/ubuntu/.vscode-server/cli/servers/Stable-f1a4fb101478ce6ec82fe9627c43efbf9e98c813/server/out/vs/workbench/api/node/extensionHostProcess.js:29:746)
	at P.C (file:///home/ubuntu/.vscode-server/cli/servers/Stable-f1a4fb101478ce6ec82fe9627c43efbf9e98c813/server/out/vs/workbench/api/node/extensionHostProcess.js:29:816)
	at P.fire (file:///home/ubuntu/.vscode-server/cli/servers/Stable-f1a4fb101478ce6ec82fe9627c43efbf9e98c813/server/out/vs/workbench/api/node/extensionHostProcess.js:29:1033)
	at Object.p [as dispose] (/home/ubuntu/.vscode-server/cli/servers/Stable-f1a4fb101478ce6ec82fe9627c43efbf9e98c813/server/extensions/git/dist/main.js:2:983333)
	at /home/ubuntu/.vscode-server/cli/servers/Stable-f1a4fb101478ce6ec82fe9627c43efbf9e98c813/server/extensions/git/dist/main.js:2:989455
	at Array.forEach (<anonymous>)
	at b.dispose (/home/ubuntu/.vscode-server/cli/servers/Stable-f1a4fb101478ce6ec82fe9627c43efbf9e98c813/server/extensions/git/dist/main.js:2:989441)
	at V1.<anonymous> (file:///home/ubuntu/.vscode-server/cli/servers/Stable-f1a4fb101478ce6ec82fe9627c43efbf9e98c813/server/out/vs/workbench/api/node/extensionHostProcess.js:108:19994)
	at V1.dispose (file:///home/ubuntu/.vscode-server/cli/servers/Stable-f1a4fb101478ce6ec82fe9627c43efbf9e98c813/server/out/vs/workbench/api/node/extensionHostProcess.js:108:20090)
	at V1.<anonymous> (/home/ubuntu/.vscode-server/cli/servers/Stable-f1a4fb101478ce6ec82fe9627c43efbf9e98c813/server/extensions/git/dist/main.js:2:964255)
	at V1.dispose (file:///home/ubuntu/.vscode-server/cli/servers/Stable-f1a4fb101478ce6ec82fe9627c43efbf9e98c813/server/out/vs/workbench/api/node/extensionHostProcess.js:108:20090)
	at ci (file:///home/ubuntu/.vscode-server/cli/servers/Stable-f1a4fb101478ce6ec82fe9627c43efbf9e98c813/server/out/vs/workbench/api/node/extensionHostProcess.js:24:699)
	at file:///home/ubuntu/.vscode-server/cli/servers/Stable-f1a4fb101478ce6ec82fe9627c43efbf9e98c813/server/out/vs/workbench/api/node/extensionHostProcess.js:118:14992
	at file:///home/ubuntu/.vscode-server/cli/servers/Stable-f1a4fb101478ce6ec82fe9627c43efbf9e98c813/server/out/vs/workbench/api/node/extensionHostProcess.js:24:1009
	at Object.dispose (file:///home/ubuntu/.vscode-server/cli/servers/Stable-f1a4fb101478ce6ec82fe9627c43efbf9e98c813/server/out/vs/workbench/api/node/extensionHostProcess.js:7:2146)
	at _z.eb (file:///home/ubuntu/.vscode-server/cli/servers/Stable-f1a4fb101478ce6ec82fe9627c43efbf9e98c813/server/out/vs/workbench/api/node/extensionHostProcess.js:118:11919)
	at file:///home/ubuntu/.vscode-server/cli/servers/Stable-f1a4fb101478ce6ec82fe9627c43efbf9e98c813/server/out/vs/workbench/api/node/extensionHostProcess.js:118:9874
	at Array.map (<anonymous>)
	at _z.$ (file:///home/ubuntu/.vscode-server/cli/servers/Stable-f1a4fb101478ce6ec82fe9627c43efbf9e98c813/server/out/vs/workbench/api/node/extensionHostProcess.js:118:9862)
	at _z.terminate (file:///home/ubuntu/.vscode-server/cli/servers/Stable-f1a4fb101478ce6ec82fe9627c43efbf9e98c813/server/out/vs/workbench/api/node/extensionHostProcess.js:118:10105)
	at xC.terminate (file:///home/ubuntu/.vscode-server/cli/servers/Stable-f1a4fb101478ce6ec82fe9627c43efbf9e98c813/server/out/vs/workbench/api/node/extensionHostProcess.js:119:1424)
	at Zi (file:///home/ubuntu/.vscode-server/cli/servers/Stable-f1a4fb101478ce6ec82fe9627c43efbf9e98c813/server/out/vs/workbench/api/node/extensionHostProcess.js:174:15084)
	at c5.a (file:///home/ubuntu/.vscode-server/cli/servers/Stable-f1a4fb101478ce6ec82fe9627c43efbf9e98c813/server/out/vs/workbench/api/node/extensionHostProcess.js:174:11997)
	at c5.h (file:///home/ubuntu/.vscode-server/cli/servers/Stable-f1a4fb101478ce6ec82fe9627c43efbf9e98c813/server/out/vs/workbench/api/node/extensionHostProcess.js:30:75682)
	at listOnTimeout (node:internal/timers:581:17)
	at process.processTimers (node:internal/timers:519:7) setContext undefined
2024-12-07 14:00:45.441 [info] Extension host with pid 2185775 exiting with code 0
