2024-12-03 21:44:21.649 [info] [main] 로그 수준: Info
2024-12-03 21:44:21.649 [info] [main] "git"에서 찾은 git 유효성을 검사하는 중
2024-12-03 21:44:21.649 [info] [main] "2.43.0"에서 git "git"을(를) 사용하는 중
2024-12-03 21:44:21.649 [info] [Model][doInitialScan] Initial repository scan started
2024-12-03 21:44:21.649 [info] > git rev-parse --show-toplevel [3ms]
2024-12-03 21:44:21.649 [info] > git rev-parse --git-dir --git-common-dir [9ms]
2024-12-03 21:44:21.649 [info] [Model][openRepository] Opened repository: /home/ubuntu
2024-12-03 21:44:21.691 [info] > git config --get commit.template [39ms]
2024-12-03 21:44:21.697 [info] > git rev-parse --show-toplevel [3ms]
2024-12-03 21:44:21.698 [info] > git for-each-ref --format=%(refname)%00%(upstream:short)%00%(objectname)%00%(upstream:track)%00%(upstream:remotename)%00%(upstream:remoteref) refs/heads/main refs/remotes/main [2ms]
2024-12-03 21:44:21.706 [info] > git rev-parse --show-toplevel [6ms]
2024-12-03 21:44:21.709 [info] > git for-each-ref --sort -committerdate --format %(refname) %(objectname) %(*objectname) [3ms]
2024-12-03 21:44:21.710 [info] > git rev-parse --show-toplevel [1ms]
2024-12-03 21:44:21.724 [info] > git rev-parse --show-toplevel [11ms]
2024-12-03 21:44:21.737 [info] > git rev-parse --show-toplevel [3ms]
2024-12-03 21:44:21.762 [info] > git status -z -uall [60ms]
2024-12-03 21:44:21.762 [info] > git rev-parse --show-toplevel [21ms]
2024-12-03 21:44:21.830 [info] > git for-each-ref --format=%(refname)%00%(upstream:short)%00%(objectname)%00%(upstream:track)%00%(upstream:remotename)%00%(upstream:remoteref) refs/heads/main refs/remotes/main [8ms]
2024-12-03 21:44:21.833 [info] > git config --get commit.template [4ms]
2024-12-03 21:44:21.834 [info] > git rev-parse --show-toplevel [8ms]
2024-12-03 21:44:21.834 [info] > git config --local branch.main.vscode-merge-base [2ms]
2024-12-03 21:44:21.835 [warning] [Git][config] git config failed: Failed to execute git
2024-12-03 21:44:21.845 [info] > git for-each-ref --format=%(refname)%00%(upstream:short)%00%(objectname)%00%(upstream:track)%00%(upstream:remotename)%00%(upstream:remoteref) refs/heads/main refs/remotes/main [3ms]
2024-12-03 21:44:21.846 [info] > git rev-parse --show-toplevel [6ms]
2024-12-03 21:44:21.846 [info] > git reflog main --grep-reflog=branch: Created from *. [9ms]
2024-12-03 21:44:21.851 [info] > git symbolic-ref --short refs/remotes/origin/HEAD [2ms]
2024-12-03 21:44:21.851 [info] fatal: ref refs/remotes/origin/HEAD is not a symbolic ref
2024-12-03 21:44:21.851 [warning] [Repository][getDefaultBranch] Failed to get default branch details: Failed to execute git.
2024-12-03 21:44:21.862 [info] > git merge-base refs/heads/main refs/remotes/origin/main [8ms]
2024-12-03 21:44:21.865 [info] > git rev-parse --show-toplevel [15ms]
2024-12-03 21:44:21.868 [info] [Model][doInitialScan] Initial repository scan completed - repositories (1), closed repositories (0), parent repositories (0), unsafe repositories (0)
2024-12-03 21:44:21.874 [info] > git diff --name-status -z --diff-filter=ADMR 46e7b5737007e12c6ab7612118e9bc1ace9d020f...refs/remotes/origin/main [9ms]
2024-12-03 21:44:21.875 [info] > git for-each-ref --sort -committerdate --format %(refname) %(objectname) %(*objectname) [2ms]
2024-12-03 21:44:22.276 [info] > git status -z -uall [406ms]
2024-12-03 21:44:22.362 [info] > git check-ignore -v -z --stdin [90ms]
2024-12-03 21:44:22.824 [info] > git show --textconv :app.py [9ms]
2024-12-03 21:44:22.826 [info] > git ls-files --stage -- /home/ubuntu/app.py [5ms]
2024-12-03 21:44:22.835 [info] > git cat-file -s b962d3d2fa470d3556a1c2880c23d6585cd8a2e7 [4ms]
2024-12-03 21:50:45.156 [info] > git config --get commit.template [17ms]
2024-12-03 21:50:45.158 [info] > git for-each-ref --format=%(refname)%00%(upstream:short)%00%(objectname)%00%(upstream:track)%00%(upstream:remotename)%00%(upstream:remoteref) refs/heads/main refs/remotes/main [7ms]
2024-12-03 21:50:45.184 [info] > git for-each-ref --sort -committerdate --format %(refname) %(objectname) %(*objectname) [5ms]
2024-12-03 21:50:45.306 [info] > git status -z -uall [137ms]
2024-12-03 21:50:50.487 [info] > git config --get commit.template [12ms]
2024-12-03 21:50:50.489 [info] > git for-each-ref --format=%(refname)%00%(upstream:short)%00%(objectname)%00%(upstream:track)%00%(upstream:remotename)%00%(upstream:remoteref) refs/heads/main refs/remotes/main [4ms]
2024-12-03 21:50:50.514 [info] > git for-each-ref --sort -committerdate --format %(refname) %(objectname) %(*objectname) [4ms]
2024-12-03 21:50:50.605 [info] > git status -z -uall [106ms]
2024-12-03 21:50:56.313 [info] > git config --get commit.template [12ms]
2024-12-03 21:50:56.314 [info] > git for-each-ref --format=%(refname)%00%(upstream:short)%00%(objectname)%00%(upstream:track)%00%(upstream:remotename)%00%(upstream:remoteref) refs/heads/main refs/remotes/main [5ms]
2024-12-03 21:50:56.337 [info] > git for-each-ref --sort -committerdate --format %(refname) %(objectname) %(*objectname) [3ms]
2024-12-03 21:50:56.414 [info] > git status -z -uall [90ms]
2024-12-03 21:51:01.522 [info] > git config --get commit.template [9ms]
2024-12-03 21:51:01.524 [info] > git for-each-ref --format=%(refname)%00%(upstream:short)%00%(objectname)%00%(upstream:track)%00%(upstream:remotename)%00%(upstream:remoteref) refs/heads/main refs/remotes/main [4ms]
2024-12-03 21:51:01.550 [info] > git for-each-ref --sort -committerdate --format %(refname) %(objectname) %(*objectname) [4ms]
2024-12-03 21:51:01.622 [info] > git status -z -uall [90ms]
2024-12-03 21:51:06.729 [info] > git config --get commit.template [10ms]
2024-12-03 21:51:06.730 [info] > git for-each-ref --format=%(refname)%00%(upstream:short)%00%(objectname)%00%(upstream:track)%00%(upstream:remotename)%00%(upstream:remoteref) refs/heads/main refs/remotes/main [4ms]
2024-12-03 21:51:06.755 [info] > git for-each-ref --sort -committerdate --format %(refname) %(objectname) %(*objectname) [7ms]
2024-12-03 21:51:06.821 [info] > git status -z -uall [82ms]
2024-12-03 21:51:11.939 [info] > git config --get commit.template [12ms]
2024-12-03 21:51:11.940 [info] > git for-each-ref --format=%(refname)%00%(upstream:short)%00%(objectname)%00%(upstream:track)%00%(upstream:remotename)%00%(upstream:remoteref) refs/heads/main refs/remotes/main [5ms]
2024-12-03 21:51:11.964 [info] > git for-each-ref --sort -committerdate --format %(refname) %(objectname) %(*objectname) [3ms]
2024-12-03 21:51:12.038 [info] > git status -z -uall [88ms]
2024-12-03 21:51:17.165 [info] > git config --get commit.template [11ms]
2024-12-03 21:51:17.168 [info] > git for-each-ref --format=%(refname)%00%(upstream:short)%00%(objectname)%00%(upstream:track)%00%(upstream:remotename)%00%(upstream:remoteref) refs/heads/main refs/remotes/main [4ms]
2024-12-03 21:51:17.194 [info] > git for-each-ref --sort -committerdate --format %(refname) %(objectname) %(*objectname) [3ms]
2024-12-03 21:51:17.273 [info] > git status -z -uall [95ms]
2024-12-03 21:51:22.394 [info] > git config --get commit.template [11ms]
2024-12-03 21:51:22.396 [info] > git for-each-ref --format=%(refname)%00%(upstream:short)%00%(objectname)%00%(upstream:track)%00%(upstream:remotename)%00%(upstream:remoteref) refs/heads/main refs/remotes/main [4ms]
2024-12-03 21:51:22.417 [info] > git for-each-ref --sort -committerdate --format %(refname) %(objectname) %(*objectname) [3ms]
2024-12-03 21:51:22.482 [info] > git status -z -uall [78ms]
2024-12-03 21:51:28.195 [info] > git config --get commit.template [12ms]
2024-12-03 21:51:28.198 [info] > git for-each-ref --format=%(refname)%00%(upstream:short)%00%(objectname)%00%(upstream:track)%00%(upstream:remotename)%00%(upstream:remoteref) refs/heads/main refs/remotes/main [5ms]
2024-12-03 21:51:28.220 [info] > git for-each-ref --sort -committerdate --format %(refname) %(objectname) %(*objectname) [3ms]
2024-12-03 21:51:28.303 [info] > git status -z -uall [95ms]
2024-12-03 21:51:33.432 [info] > git config --get commit.template [20ms]
2024-12-03 21:51:33.434 [info] > git for-each-ref --format=%(refname)%00%(upstream:short)%00%(objectname)%00%(upstream:track)%00%(upstream:remotename)%00%(upstream:remoteref) refs/heads/main refs/remotes/main [6ms]
2024-12-03 21:51:33.465 [info] > git for-each-ref --sort -committerdate --format %(refname) %(objectname) %(*objectname) [5ms]
2024-12-03 21:51:33.546 [info] > git status -z -uall [98ms]
2024-12-03 21:51:38.679 [info] > git config --get commit.template [14ms]
2024-12-03 21:51:38.681 [info] > git for-each-ref --format=%(refname)%00%(upstream:short)%00%(objectname)%00%(upstream:track)%00%(upstream:remotename)%00%(upstream:remoteref) refs/heads/main refs/remotes/main [5ms]
2024-12-03 21:51:38.708 [info] > git for-each-ref --sort -committerdate --format %(refname) %(objectname) %(*objectname) [4ms]
2024-12-03 21:51:38.778 [info] > git status -z -uall [87ms]
