2024-12-08 02:29:09.928 [info] [main] 로그 수준: Info
2024-12-08 02:29:09.928 [info] [main] "git"에서 찾은 git 유효성을 검사하는 중
2024-12-08 02:29:09.928 [info] [main] "2.43.0"에서 git "git"을(를) 사용하는 중
2024-12-08 02:29:09.928 [info] [Model][doInitialScan] Initial repository scan started
2024-12-08 02:29:09.928 [info] > git rev-parse --show-toplevel [618ms]
2024-12-08 02:29:09.931 [info] > git rev-parse --git-dir --git-common-dir [4ms]
2024-12-08 02:29:09.941 [info] [Model][openRepository] Opened repository: /home/ubuntu
2024-12-08 02:29:10.030 [info] > git config --get commit.template [28ms]
2024-12-08 02:29:10.032 [info] > git rev-parse --show-toplevel [24ms]
2024-12-08 02:29:10.051 [info] > git for-each-ref --format=%(refname)%00%(upstream:short)%00%(objectname)%00%(upstream:track)%00%(upstream:remotename)%00%(upstream:remoteref) refs/heads/develop refs/remotes/develop [9ms]
2024-12-08 02:29:10.081 [info] > git for-each-ref --sort -committerdate --format %(refname) %(objectname) %(*objectname) [4ms]
2024-12-08 02:29:10.088 [info] > git rev-parse --show-toplevel [39ms]
2024-12-08 02:29:10.316 [info] > git status -z -uall [256ms]
2024-12-08 02:29:10.331 [info] > git rev-parse --show-toplevel [230ms]
2024-12-08 02:29:10.346 [info] > git config --get commit.template [8ms]
2024-12-08 02:29:10.347 [info] > git for-each-ref --format=%(refname)%00%(upstream:short)%00%(objectname)%00%(upstream:track)%00%(upstream:remotename)%00%(upstream:remoteref) refs/heads/develop refs/remotes/develop [17ms]
2024-12-08 02:29:10.370 [info] > git rev-parse --show-toplevel [27ms]
2024-12-08 02:29:10.380 [info] > git config --local branch.develop.vscode-merge-base [29ms]
2024-12-08 02:29:10.402 [info] > git rev-parse --show-toplevel [21ms]
2024-12-08 02:29:10.402 [info] > git for-each-ref --format=%(refname)%00%(upstream:short)%00%(objectname)%00%(upstream:track)%00%(upstream:remotename)%00%(upstream:remoteref) refs/heads/develop refs/remotes/develop [27ms]
2024-12-08 02:29:10.442 [info] > git for-each-ref --format=%(refname)%00%(upstream:short)%00%(objectname)%00%(upstream:track)%00%(upstream:remotename)%00%(upstream:remoteref) refs/heads/origin/main refs/remotes/origin/main [57ms]
2024-12-08 02:29:10.478 [info] > git rev-parse --show-toplevel [47ms]
2024-12-08 02:29:10.482 [info] > git for-each-ref --sort -committerdate --format %(refname) %(objectname) %(*objectname) [71ms]
2024-12-08 02:29:10.495 [info] > git status -z -uall [89ms]
2024-12-08 02:29:10.505 [info] > git rev-parse --show-toplevel [10ms]
2024-12-08 02:29:10.544 [info] > git rev-parse --show-toplevel [30ms]
2024-12-08 02:29:10.561 [info] > git rev-parse --show-toplevel [9ms]
2024-12-08 02:29:10.565 [info] > git rev-parse --show-toplevel [1ms]
2024-12-08 02:29:10.568 [info] [Model][doInitialScan] Initial repository scan completed - repositories (1), closed repositories (0), parent repositories (0), unsafe repositories (0)
2024-12-08 02:29:10.578 [info] > git check-ignore -v -z --stdin [36ms]
2024-12-08 02:29:10.579 [info] > git show --textconv :.gitconfig [6ms]
2024-12-08 02:29:10.591 [info] > git ls-files --stage -- /home/ubuntu/.gitconfig [14ms]
2024-12-08 02:29:10.597 [info] > git cat-file -s 0944ea841034aaeeca0cff6c9f417e905b04df1b [3ms]
2024-12-08 02:29:13.120 [info] > git config --get commit.template [12ms]
2024-12-08 02:29:13.122 [info] > git for-each-ref --format=%(refname)%00%(upstream:short)%00%(objectname)%00%(upstream:track)%00%(upstream:remotename)%00%(upstream:remoteref) refs/heads/develop refs/remotes/develop [5ms]
2024-12-08 02:29:13.155 [info] > git for-each-ref --sort -committerdate --format %(refname) %(objectname) %(*objectname) [13ms]
2024-12-08 02:29:13.299 [info] > git status -z -uall [166ms]
2024-12-08 02:29:19.120 [info] > git config --get commit.template [12ms]
2024-12-08 02:29:19.122 [info] > git for-each-ref --format=%(refname)%00%(upstream:short)%00%(objectname)%00%(upstream:track)%00%(upstream:remotename)%00%(upstream:remoteref) refs/heads/develop refs/remotes/develop [4ms]
2024-12-08 02:29:19.157 [info] > git for-each-ref --sort -committerdate --format %(refname) %(objectname) %(*objectname) [10ms]
2024-12-08 02:29:19.222 [info] > git status -z -uall [92ms]
2024-12-08 02:29:24.250 [info] > git config --get commit.template [9ms]
2024-12-08 02:29:24.252 [info] > git for-each-ref --format=%(refname)%00%(upstream:short)%00%(objectname)%00%(upstream:track)%00%(upstream:remotename)%00%(upstream:remoteref) refs/heads/develop refs/remotes/develop [4ms]
2024-12-08 02:29:24.279 [info] > git for-each-ref --sort -committerdate --format %(refname) %(objectname) %(*objectname) [13ms]
2024-12-08 02:29:24.342 [info] > git status -z -uall [83ms]
2024-12-08 02:29:29.373 [info] > git config --get commit.template [10ms]
2024-12-08 02:29:29.375 [info] > git for-each-ref --format=%(refname)%00%(upstream:short)%00%(objectname)%00%(upstream:track)%00%(upstream:remotename)%00%(upstream:remoteref) refs/heads/develop refs/remotes/develop [5ms]
2024-12-08 02:29:29.400 [info] > git for-each-ref --sort -committerdate --format %(refname) %(objectname) %(*objectname) [6ms]
2024-12-08 02:29:29.477 [info] > git status -z -uall [95ms]
2024-12-08 02:30:19.091 [info] > git config --get commit.template [13ms]
2024-12-08 02:30:19.093 [info] > git for-each-ref --format=%(refname)%00%(upstream:short)%00%(objectname)%00%(upstream:track)%00%(upstream:remotename)%00%(upstream:remoteref) refs/heads/develop refs/remotes/develop [5ms]
2024-12-08 02:30:19.129 [info] > git for-each-ref --sort -committerdate --format %(refname) %(objectname) %(*objectname) [17ms]
2024-12-08 02:30:19.187 [info] > git status -z -uall [86ms]
2024-12-08 02:30:24.216 [info] > git config --get commit.template [11ms]
2024-12-08 02:30:24.217 [info] > git for-each-ref --format=%(refname)%00%(upstream:short)%00%(objectname)%00%(upstream:track)%00%(upstream:remotename)%00%(upstream:remoteref) refs/heads/develop refs/remotes/develop [4ms]
2024-12-08 02:30:24.251 [info] > git for-each-ref --sort -committerdate --format %(refname) %(objectname) %(*objectname) [14ms]
2024-12-08 02:30:24.312 [info] > git status -z -uall [87ms]
2024-12-08 02:30:30.136 [info] > git config --get commit.template [10ms]
2024-12-08 02:30:30.137 [info] > git for-each-ref --format=%(refname)%00%(upstream:short)%00%(objectname)%00%(upstream:track)%00%(upstream:remotename)%00%(upstream:remoteref) refs/heads/develop refs/remotes/develop [4ms]
2024-12-08 02:30:30.161 [info] > git for-each-ref --sort -committerdate --format %(refname) %(objectname) %(*objectname) [9ms]
2024-12-08 02:30:30.251 [info] > git status -z -uall [107ms]
2024-12-08 02:30:32.704 [info] > git check-ignore -v -z --stdin [15ms]
2024-12-08 02:30:40.317 [info] > git check-ignore -v -z --stdin [15ms]
2024-12-08 02:30:42.144 [info] > git config --get commit.template [12ms]
2024-12-08 02:30:42.146 [info] > git for-each-ref --format=%(refname)%00%(upstream:short)%00%(objectname)%00%(upstream:track)%00%(upstream:remotename)%00%(upstream:remoteref) refs/heads/develop refs/remotes/develop [4ms]
2024-12-08 02:30:42.173 [info] > git for-each-ref --sort -committerdate --format %(refname) %(objectname) %(*objectname) [6ms]
2024-12-08 02:30:42.260 [info] > git status -z -uall [105ms]
2024-12-08 02:30:46.349 [info] > git show --textconv :.github/workflows/flask.yml [18ms]
2024-12-08 02:30:46.355 [info] > git ls-files --stage -- /home/ubuntu/.github/workflows/flask.yml [12ms]
2024-12-08 02:30:46.591 [info] > git check-ignore -v -z --stdin [14ms]
2024-12-08 02:30:47.300 [info] > git config --get commit.template [11ms]
2024-12-08 02:30:47.302 [info] > git for-each-ref --format=%(refname)%00%(upstream:short)%00%(objectname)%00%(upstream:track)%00%(upstream:remotename)%00%(upstream:remoteref) refs/heads/develop refs/remotes/develop [4ms]
2024-12-08 02:30:47.333 [info] > git for-each-ref --sort -committerdate --format %(refname) %(objectname) %(*objectname) [9ms]
2024-12-08 02:30:47.408 [info] > git status -z -uall [98ms]
2024-12-08 02:30:52.436 [info] > git config --get commit.template [10ms]
2024-12-08 02:30:52.439 [info] > git for-each-ref --format=%(refname)%00%(upstream:short)%00%(objectname)%00%(upstream:track)%00%(upstream:remotename)%00%(upstream:remoteref) refs/heads/develop refs/remotes/develop [4ms]
2024-12-08 02:30:52.465 [info] > git for-each-ref --sort -committerdate --format %(refname) %(objectname) %(*objectname) [8ms]
2024-12-08 02:30:52.545 [info] > git status -z -uall [98ms]
2024-12-08 02:30:57.578 [info] > git config --get commit.template [14ms]
2024-12-08 02:30:57.579 [info] > git for-each-ref --format=%(refname)%00%(upstream:short)%00%(objectname)%00%(upstream:track)%00%(upstream:remotename)%00%(upstream:remoteref) refs/heads/develop refs/remotes/develop [5ms]
2024-12-08 02:30:57.600 [info] > git for-each-ref --sort -committerdate --format %(refname) %(objectname) %(*objectname) [5ms]
2024-12-08 02:30:57.684 [info] > git status -z -uall [98ms]
2024-12-08 02:31:02.713 [info] > git config --get commit.template [11ms]
2024-12-08 02:31:02.715 [info] > git for-each-ref --format=%(refname)%00%(upstream:short)%00%(objectname)%00%(upstream:track)%00%(upstream:remotename)%00%(upstream:remoteref) refs/heads/develop refs/remotes/develop [4ms]
2024-12-08 02:31:02.745 [info] > git for-each-ref --sort -committerdate --format %(refname) %(objectname) %(*objectname) [13ms]
2024-12-08 02:31:02.813 [info] > git status -z -uall [90ms]
2024-12-08 02:31:07.843 [info] > git config --get commit.template [10ms]
2024-12-08 02:31:07.847 [info] > git for-each-ref --format=%(refname)%00%(upstream:short)%00%(objectname)%00%(upstream:track)%00%(upstream:remotename)%00%(upstream:remoteref) refs/heads/develop refs/remotes/develop [5ms]
2024-12-08 02:31:07.860 [info] > git for-each-ref --sort -committerdate --format %(refname) %(objectname) %(*objectname) [4ms]
2024-12-08 02:31:07.923 [info] > git status -z -uall [71ms]
2024-12-08 02:31:08.165 [info] > git check-ignore -v -z --stdin [14ms]
2024-12-08 02:31:13.230 [info] > git show --textconv :requirements.txt [10ms]
2024-12-08 02:31:13.238 [info] > git ls-files --stage -- /home/ubuntu/requirements.txt [11ms]
2024-12-08 02:31:16.142 [info] > git config --get commit.template [10ms]
2024-12-08 02:31:16.145 [info] > git for-each-ref --format=%(refname)%00%(upstream:short)%00%(objectname)%00%(upstream:track)%00%(upstream:remotename)%00%(upstream:remoteref) refs/heads/develop refs/remotes/develop [4ms]
2024-12-08 02:31:16.180 [info] > git for-each-ref --sort -committerdate --format %(refname) %(objectname) %(*objectname) [20ms]
2024-12-08 02:31:16.251 [info] > git status -z -uall [98ms]
2024-12-08 02:31:22.140 [info] > git config --get commit.template [5ms]
2024-12-08 02:31:22.152 [info] > git for-each-ref --format=%(refname)%00%(upstream:short)%00%(objectname)%00%(upstream:track)%00%(upstream:remotename)%00%(upstream:remoteref) refs/heads/develop refs/remotes/develop [5ms]
2024-12-08 02:31:22.176 [info] > git for-each-ref --sort -committerdate --format %(refname) %(objectname) %(*objectname) [5ms]
2024-12-08 02:31:22.259 [info] > git status -z -uall [97ms]
2024-12-08 02:31:27.289 [info] > git config --get commit.template [13ms]
2024-12-08 02:31:27.291 [info] > git for-each-ref --format=%(refname)%00%(upstream:short)%00%(objectname)%00%(upstream:track)%00%(upstream:remotename)%00%(upstream:remoteref) refs/heads/develop refs/remotes/develop [4ms]
2024-12-08 02:31:27.322 [info] > git for-each-ref --sort -committerdate --format %(refname) %(objectname) %(*objectname) [14ms]
2024-12-08 02:31:27.397 [info] > git status -z -uall [97ms]
2024-12-08 02:31:33.143 [info] > git config --get commit.template [6ms]
2024-12-08 02:31:33.156 [info] > git for-each-ref --format=%(refname)%00%(upstream:short)%00%(objectname)%00%(upstream:track)%00%(upstream:remotename)%00%(upstream:remoteref) refs/heads/develop refs/remotes/develop [4ms]
2024-12-08 02:31:33.188 [info] > git for-each-ref --sort -committerdate --format %(refname) %(objectname) %(*objectname) [13ms]
2024-12-08 02:31:33.245 [info] > git status -z -uall [81ms]
2024-12-08 02:31:38.277 [info] > git config --get commit.template [12ms]
2024-12-08 02:31:38.279 [info] > git for-each-ref --format=%(refname)%00%(upstream:short)%00%(objectname)%00%(upstream:track)%00%(upstream:remotename)%00%(upstream:remoteref) refs/heads/develop refs/remotes/develop [4ms]
2024-12-08 02:31:38.311 [info] > git for-each-ref --sort -committerdate --format %(refname) %(objectname) %(*objectname) [11ms]
2024-12-08 02:31:38.380 [info] > git status -z -uall [93ms]
2024-12-08 02:32:05.942 [info] > git config --get commit.template [11ms]
2024-12-08 02:32:05.944 [info] > git for-each-ref --format=%(refname)%00%(upstream:short)%00%(objectname)%00%(upstream:track)%00%(upstream:remotename)%00%(upstream:remoteref) refs/heads/develop refs/remotes/develop [5ms]
2024-12-08 02:32:05.977 [info] > git for-each-ref --sort -committerdate --format %(refname) %(objectname) %(*objectname) [14ms]
2024-12-08 02:32:06.047 [info] > git status -z -uall [95ms]
2024-12-08 02:32:08.069 [info] > git check-ignore -v -z --stdin [14ms]
2024-12-08 02:32:11.079 [info] > git config --get commit.template [11ms]
2024-12-08 02:32:11.081 [info] > git for-each-ref --format=%(refname)%00%(upstream:short)%00%(objectname)%00%(upstream:track)%00%(upstream:remotename)%00%(upstream:remoteref) refs/heads/develop refs/remotes/develop [4ms]
2024-12-08 02:32:11.120 [info] > git for-each-ref --sort -committerdate --format %(refname) %(objectname) %(*objectname) [20ms]
2024-12-08 02:32:11.189 [info] > git status -z -uall [100ms]
2024-12-08 02:32:16.218 [info] > git config --get commit.template [9ms]
2024-12-08 02:32:16.220 [info] > git for-each-ref --format=%(refname)%00%(upstream:short)%00%(objectname)%00%(upstream:track)%00%(upstream:remotename)%00%(upstream:remoteref) refs/heads/develop refs/remotes/develop [4ms]
2024-12-08 02:32:16.246 [info] > git for-each-ref --sort -committerdate --format %(refname) %(objectname) %(*objectname) [11ms]
2024-12-08 02:32:16.326 [info] > git status -z -uall [98ms]
2024-12-08 02:32:21.355 [info] > git config --get commit.template [11ms]
2024-12-08 02:32:21.357 [info] > git for-each-ref --format=%(refname)%00%(upstream:short)%00%(objectname)%00%(upstream:track)%00%(upstream:remotename)%00%(upstream:remoteref) refs/heads/develop refs/remotes/develop [4ms]
2024-12-08 02:32:21.388 [info] > git for-each-ref --sort -committerdate --format %(refname) %(objectname) %(*objectname) [13ms]
2024-12-08 02:32:21.468 [info] > git status -z -uall [101ms]
2024-12-08 02:32:26.487 [info] > git config --get commit.template [5ms]
2024-12-08 02:32:26.490 [info] > git for-each-ref --format=%(refname)%00%(upstream:short)%00%(objectname)%00%(upstream:track)%00%(upstream:remotename)%00%(upstream:remoteref) refs/heads/develop refs/remotes/develop [4ms]
2024-12-08 02:32:26.506 [info] > git for-each-ref --sort -committerdate --format %(refname) %(objectname) %(*objectname) [8ms]
2024-12-08 02:32:26.575 [info] > git status -z -uall [81ms]
2024-12-08 02:32:31.606 [info] > git config --get commit.template [10ms]
2024-12-08 02:32:31.608 [info] > git for-each-ref --format=%(refname)%00%(upstream:short)%00%(objectname)%00%(upstream:track)%00%(upstream:remotename)%00%(upstream:remoteref) refs/heads/develop refs/remotes/develop [4ms]
2024-12-08 02:32:31.633 [info] > git for-each-ref --sort -committerdate --format %(refname) %(objectname) %(*objectname) [11ms]
2024-12-08 02:32:31.705 [info] > git status -z -uall [90ms]
2024-12-08 02:32:33.400 [info] > git show --textconv :tests/test_app.py [12ms]
2024-12-08 02:32:33.405 [info] > git ls-files --stage -- /home/ubuntu/tests/test_app.py [9ms]
2024-12-08 02:32:33.682 [info] > git check-ignore -v -z --stdin [15ms]
2024-12-08 02:32:36.737 [info] > git config --get commit.template [13ms]
2024-12-08 02:32:36.739 [info] > git for-each-ref --format=%(refname)%00%(upstream:short)%00%(objectname)%00%(upstream:track)%00%(upstream:remotename)%00%(upstream:remoteref) refs/heads/develop refs/remotes/develop [4ms]
2024-12-08 02:32:36.775 [info] > git for-each-ref --sort -committerdate --format %(refname) %(objectname) %(*objectname) [4ms]
2024-12-08 02:32:36.847 [info] > git status -z -uall [98ms]
2024-12-08 02:32:41.884 [info] > git config --get commit.template [11ms]
2024-12-08 02:32:41.886 [info] > git for-each-ref --format=%(refname)%00%(upstream:short)%00%(objectname)%00%(upstream:track)%00%(upstream:remotename)%00%(upstream:remoteref) refs/heads/develop refs/remotes/develop [5ms]
2024-12-08 02:32:41.918 [info] > git for-each-ref --sort -committerdate --format %(refname) %(objectname) %(*objectname) [15ms]
2024-12-08 02:32:41.990 [info] > git status -z -uall [95ms]
2024-12-08 02:32:47.024 [info] > git config --get commit.template [11ms]
2024-12-08 02:32:47.027 [info] > git for-each-ref --format=%(refname)%00%(upstream:short)%00%(objectname)%00%(upstream:track)%00%(upstream:remotename)%00%(upstream:remoteref) refs/heads/develop refs/remotes/develop [5ms]
2024-12-08 02:32:47.050 [info] > git for-each-ref --sort -committerdate --format %(refname) %(objectname) %(*objectname) [5ms]
2024-12-08 02:32:47.136 [info] > git status -z -uall [99ms]
2024-12-08 02:32:55.792 [info] > git config --get commit.template [11ms]
2024-12-08 02:32:55.794 [info] > git for-each-ref --format=%(refname)%00%(upstream:short)%00%(objectname)%00%(upstream:track)%00%(upstream:remotename)%00%(upstream:remoteref) refs/heads/develop refs/remotes/develop [4ms]
2024-12-08 02:32:55.830 [info] > git for-each-ref --sort -committerdate --format %(refname) %(objectname) %(*objectname) [14ms]
2024-12-08 02:32:55.899 [info] > git status -z -uall [96ms]
2024-12-08 02:33:11.866 [info] > git config --get commit.template [9ms]
2024-12-08 02:33:11.869 [info] > git for-each-ref --format=%(refname)%00%(upstream:short)%00%(objectname)%00%(upstream:track)%00%(upstream:remotename)%00%(upstream:remoteref) refs/heads/develop refs/remotes/develop [5ms]
2024-12-08 02:33:11.905 [info] > git for-each-ref --sort -committerdate --format %(refname) %(objectname) %(*objectname) [17ms]
2024-12-08 02:33:11.965 [info] > git status -z -uall [89ms]
2024-12-08 02:33:16.993 [info] > git config --get commit.template [10ms]
2024-12-08 02:33:16.995 [info] > git for-each-ref --format=%(refname)%00%(upstream:short)%00%(objectname)%00%(upstream:track)%00%(upstream:remotename)%00%(upstream:remoteref) refs/heads/develop refs/remotes/develop [4ms]
2024-12-08 02:33:17.025 [info] > git for-each-ref --sort -committerdate --format %(refname) %(objectname) %(*objectname) [14ms]
2024-12-08 02:33:17.096 [info] > git status -z -uall [93ms]
2024-12-08 02:33:22.121 [info] > git config --get commit.template [9ms]
2024-12-08 02:33:22.123 [info] > git for-each-ref --format=%(refname)%00%(upstream:short)%00%(objectname)%00%(upstream:track)%00%(upstream:remotename)%00%(upstream:remoteref) refs/heads/develop refs/remotes/develop [4ms]
2024-12-08 02:33:22.155 [info] > git for-each-ref --sort -committerdate --format %(refname) %(objectname) %(*objectname) [13ms]
2024-12-08 02:33:22.218 [info] > git status -z -uall [88ms]
2024-12-08 02:33:28.855 [info] > git config --get commit.template [9ms]
2024-12-08 02:33:28.858 [info] > git for-each-ref --format=%(refname)%00%(upstream:short)%00%(objectname)%00%(upstream:track)%00%(upstream:remotename)%00%(upstream:remoteref) refs/heads/develop refs/remotes/develop [4ms]
2024-12-08 02:33:28.878 [info] > git for-each-ref --sort -committerdate --format %(refname) %(objectname) %(*objectname) [6ms]
2024-12-08 02:33:28.963 [info] > git status -z -uall [97ms]
2024-12-08 02:33:33.993 [info] > git config --get commit.template [11ms]
2024-12-08 02:33:33.997 [info] > git for-each-ref --format=%(refname)%00%(upstream:short)%00%(objectname)%00%(upstream:track)%00%(upstream:remotename)%00%(upstream:remoteref) refs/heads/develop refs/remotes/develop [7ms]
2024-12-08 02:33:34.033 [info] > git for-each-ref --sort -committerdate --format %(refname) %(objectname) %(*objectname) [18ms]
2024-12-08 02:33:34.101 [info] > git status -z -uall [95ms]
2024-12-08 02:33:39.130 [info] > git config --get commit.template [11ms]
2024-12-08 02:33:39.134 [info] > git for-each-ref --format=%(refname)%00%(upstream:short)%00%(objectname)%00%(upstream:track)%00%(upstream:remotename)%00%(upstream:remoteref) refs/heads/develop refs/remotes/develop [5ms]
2024-12-08 02:33:39.162 [info] > git for-each-ref --sort -committerdate --format %(refname) %(objectname) %(*objectname) [12ms]
2024-12-08 02:33:39.249 [info] > git status -z -uall [107ms]
2024-12-08 02:33:44.279 [info] > git config --get commit.template [10ms]
2024-12-08 02:33:44.281 [info] > git for-each-ref --format=%(refname)%00%(upstream:short)%00%(objectname)%00%(upstream:track)%00%(upstream:remotename)%00%(upstream:remoteref) refs/heads/develop refs/remotes/develop [5ms]
2024-12-08 02:33:44.309 [info] > git for-each-ref --sort -committerdate --format %(refname) %(objectname) %(*objectname) [13ms]
2024-12-08 02:33:44.397 [info] > git status -z -uall [108ms]
2024-12-08 02:33:49.423 [info] > git config --get commit.template [10ms]
2024-12-08 02:33:49.425 [info] > git for-each-ref --format=%(refname)%00%(upstream:short)%00%(objectname)%00%(upstream:track)%00%(upstream:remotename)%00%(upstream:remoteref) refs/heads/develop refs/remotes/develop [3ms]
2024-12-08 02:33:49.457 [info] > git for-each-ref --sort -committerdate --format %(refname) %(objectname) %(*objectname) [14ms]
2024-12-08 02:33:49.531 [info] > git status -z -uall [98ms]
2024-12-08 02:33:54.565 [info] > git config --get commit.template [19ms]
2024-12-08 02:33:54.567 [info] > git for-each-ref --format=%(refname)%00%(upstream:short)%00%(objectname)%00%(upstream:track)%00%(upstream:remotename)%00%(upstream:remoteref) refs/heads/develop refs/remotes/develop [5ms]
2024-12-08 02:33:54.590 [info] > git for-each-ref --sort -committerdate --format %(refname) %(objectname) %(*objectname) [6ms]
2024-12-08 02:33:54.672 [info] > git status -z -uall [97ms]
2024-12-08 02:33:59.690 [info] > git config --get commit.template [5ms]
2024-12-08 02:33:59.692 [info] > git for-each-ref --format=%(refname)%00%(upstream:short)%00%(objectname)%00%(upstream:track)%00%(upstream:remotename)%00%(upstream:remoteref) refs/heads/develop refs/remotes/develop [3ms]
2024-12-08 02:33:59.713 [info] > git for-each-ref --sort -committerdate --format %(refname) %(objectname) %(*objectname) [10ms]
2024-12-08 02:33:59.766 [info] > git status -z -uall [69ms]
2024-12-08 02:34:04.794 [info] > git config --get commit.template [10ms]
2024-12-08 02:34:04.797 [info] > git for-each-ref --format=%(refname)%00%(upstream:short)%00%(objectname)%00%(upstream:track)%00%(upstream:remotename)%00%(upstream:remoteref) refs/heads/develop refs/remotes/develop [3ms]
2024-12-08 02:34:04.819 [info] > git for-each-ref --sort -committerdate --format %(refname) %(objectname) %(*objectname) [7ms]
2024-12-08 02:34:04.897 [info] > git status -z -uall [93ms]
2024-12-08 02:34:05.951 [info] > git check-ignore -v -z --stdin [15ms]
2024-12-08 02:34:14.279 [info] > git config --get commit.template [13ms]
2024-12-08 02:34:14.281 [info] > git for-each-ref --format=%(refname)%00%(upstream:short)%00%(objectname)%00%(upstream:track)%00%(upstream:remotename)%00%(upstream:remoteref) refs/heads/develop refs/remotes/develop [4ms]
2024-12-08 02:34:14.306 [info] > git for-each-ref --sort -committerdate --format %(refname) %(objectname) %(*objectname) [9ms]
2024-12-08 02:34:14.384 [info] > git status -z -uall [95ms]
2024-12-08 02:34:19.412 [info] > git config --get commit.template [10ms]
2024-12-08 02:34:19.414 [info] > git for-each-ref --format=%(refname)%00%(upstream:short)%00%(objectname)%00%(upstream:track)%00%(upstream:remotename)%00%(upstream:remoteref) refs/heads/develop refs/remotes/develop [3ms]
2024-12-08 02:34:19.443 [info] > git for-each-ref --sort -committerdate --format %(refname) %(objectname) %(*objectname) [12ms]
2024-12-08 02:34:19.506 [info] > git status -z -uall [85ms]
2024-12-08 02:34:25.276 [info] > git config --get commit.template [4ms]
2024-12-08 02:34:25.288 [info] > git for-each-ref --format=%(refname)%00%(upstream:short)%00%(objectname)%00%(upstream:track)%00%(upstream:remotename)%00%(upstream:remoteref) refs/heads/develop refs/remotes/develop [4ms]
2024-12-08 02:34:25.320 [info] > git for-each-ref --sort -committerdate --format %(refname) %(objectname) %(*objectname) [15ms]
2024-12-08 02:34:25.386 [info] > git status -z -uall [89ms]
2024-12-08 02:34:30.411 [info] > git config --get commit.template [10ms]
2024-12-08 02:34:30.413 [info] > git for-each-ref --format=%(refname)%00%(upstream:short)%00%(objectname)%00%(upstream:track)%00%(upstream:remotename)%00%(upstream:remoteref) refs/heads/develop refs/remotes/develop [4ms]
2024-12-08 02:34:30.444 [info] > git for-each-ref --sort -committerdate --format %(refname) %(objectname) %(*objectname) [15ms]
2024-12-08 02:34:30.500 [info] > git status -z -uall [79ms]
2024-12-08 02:34:35.533 [info] > git config --get commit.template [12ms]
2024-12-08 02:34:35.535 [info] > git for-each-ref --format=%(refname)%00%(upstream:short)%00%(objectname)%00%(upstream:track)%00%(upstream:remotename)%00%(upstream:remoteref) refs/heads/develop refs/remotes/develop [4ms]
2024-12-08 02:34:35.558 [info] > git for-each-ref --sort -committerdate --format %(refname) %(objectname) %(*objectname) [7ms]
2024-12-08 02:34:35.631 [info] > git status -z -uall [88ms]
2024-12-08 02:34:40.658 [info] > git config --get commit.template [11ms]
2024-12-08 02:34:40.661 [info] > git for-each-ref --format=%(refname)%00%(upstream:short)%00%(objectname)%00%(upstream:track)%00%(upstream:remotename)%00%(upstream:remoteref) refs/heads/develop refs/remotes/develop [4ms]
2024-12-08 02:34:40.693 [info] > git for-each-ref --sort -committerdate --format %(refname) %(objectname) %(*objectname) [17ms]
2024-12-08 02:34:40.759 [info] > git status -z -uall [91ms]
2024-12-08 02:34:45.788 [info] > git config --get commit.template [11ms]
2024-12-08 02:34:45.790 [info] > git for-each-ref --format=%(refname)%00%(upstream:short)%00%(objectname)%00%(upstream:track)%00%(upstream:remotename)%00%(upstream:remoteref) refs/heads/develop refs/remotes/develop [4ms]
2024-12-08 02:34:45.831 [info] > git for-each-ref --sort -committerdate --format %(refname) %(objectname) %(*objectname) [24ms]
2024-12-08 02:34:45.901 [info] > git status -z -uall [103ms]
2024-12-08 02:35:07.408 [info] > git config --get commit.template [5ms]
2024-12-08 02:35:07.420 [info] > git for-each-ref --format=%(refname)%00%(upstream:short)%00%(objectname)%00%(upstream:track)%00%(upstream:remotename)%00%(upstream:remoteref) refs/heads/develop refs/remotes/develop [4ms]
2024-12-08 02:35:07.445 [info] > git for-each-ref --sort -committerdate --format %(refname) %(objectname) %(*objectname) [10ms]
2024-12-08 02:35:07.517 [info] > git status -z -uall [90ms]
2024-12-08 02:35:12.556 [info] > git config --get commit.template [11ms]
2024-12-08 02:35:12.559 [info] > git for-each-ref --format=%(refname)%00%(upstream:short)%00%(objectname)%00%(upstream:track)%00%(upstream:remotename)%00%(upstream:remoteref) refs/heads/develop refs/remotes/develop [3ms]
2024-12-08 02:35:12.585 [info] > git for-each-ref --sort -committerdate --format %(refname) %(objectname) %(*objectname) [10ms]
2024-12-08 02:35:12.656 [info] > git status -z -uall [90ms]
2024-12-08 02:35:17.684 [info] > git config --get commit.template [11ms]
2024-12-08 02:35:17.687 [info] > git for-each-ref --format=%(refname)%00%(upstream:short)%00%(objectname)%00%(upstream:track)%00%(upstream:remotename)%00%(upstream:remoteref) refs/heads/develop refs/remotes/develop [4ms]
2024-12-08 02:35:17.718 [info] > git for-each-ref --sort -committerdate --format %(refname) %(objectname) %(*objectname) [11ms]
2024-12-08 02:35:17.787 [info] > git status -z -uall [92ms]
2024-12-08 02:35:22.809 [info] > git config --get commit.template [5ms]
2024-12-08 02:35:22.822 [info] > git for-each-ref --format=%(refname)%00%(upstream:short)%00%(objectname)%00%(upstream:track)%00%(upstream:remotename)%00%(upstream:remoteref) refs/heads/develop refs/remotes/develop [4ms]
2024-12-08 02:35:22.843 [info] > git for-each-ref --sort -committerdate --format %(refname) %(objectname) %(*objectname) [5ms]
2024-12-08 02:35:22.922 [info] > git status -z -uall [93ms]
2024-12-08 02:35:27.952 [info] > git config --get commit.template [9ms]
2024-12-08 02:35:27.954 [info] > git for-each-ref --format=%(refname)%00%(upstream:short)%00%(objectname)%00%(upstream:track)%00%(upstream:remotename)%00%(upstream:remoteref) refs/heads/develop refs/remotes/develop [4ms]
2024-12-08 02:35:27.975 [info] > git for-each-ref --sort -committerdate --format %(refname) %(objectname) %(*objectname) [9ms]
2024-12-08 02:35:28.009 [info] > git status -z -uall [48ms]
2024-12-08 02:36:32.367 [info] > git config --get commit.template [12ms]
2024-12-08 02:36:32.370 [info] > git for-each-ref --format=%(refname)%00%(upstream:short)%00%(objectname)%00%(upstream:track)%00%(upstream:remotename)%00%(upstream:remoteref) refs/heads/develop refs/remotes/develop [4ms]
2024-12-08 02:36:32.400 [info] > git for-each-ref --sort -committerdate --format %(refname) %(objectname) %(*objectname) [11ms]
2024-12-08 02:36:32.483 [info] > git status -z -uall [105ms]
2024-12-08 02:36:37.806 [info] > git config --get commit.template [10ms]
2024-12-08 02:36:37.809 [info] > git for-each-ref --format=%(refname)%00%(upstream:short)%00%(objectname)%00%(upstream:track)%00%(upstream:remotename)%00%(upstream:remoteref) refs/heads/develop refs/remotes/develop [4ms]
2024-12-08 02:36:37.837 [info] > git for-each-ref --sort -committerdate --format %(refname) %(objectname) %(*objectname) [10ms]
2024-12-08 02:36:37.921 [info] > git status -z -uall [104ms]
