2024-12-04 20:10:35.220 [info] Extension host with pid 1568400 started
2024-12-04 20:10:35.220 [error] Error: EEXIST: file already exists, open '/home/ubuntu/.vscode-server/data/User/workspaceStorage/89c7bb5c0ce2071f34ce53eb8b7aa3eb/vscode.lock'
2024-12-04 20:10:35.222 [info] Lock '/home/ubuntu/.vscode-server/data/User/workspaceStorage/89c7bb5c0ce2071f34ce53eb8b7aa3eb/vscode.lock': Could not acquire lock, checking if the file is stale.
2024-12-04 20:10:35.269 [info] Lock '/home/ubuntu/.vscode-server/data/User/workspaceStorage/89c7bb5c0ce2071f34ce53eb8b7aa3eb/vscode.lock': The lock does not look stale, elapsed: 485 ms, giving up.
2024-12-04 20:10:35.296 [info] Lock '/home/ubuntu/.vscode-server/data/User/workspaceStorage/89c7bb5c0ce2071f34ce53eb8b7aa3eb-1/vscode.lock': Lock acquired.
2024-12-04 20:10:35.328 [info] ExtensionService#_doActivateExtension vscode.emmet, startup: false, activationEvent: 'onLanguage'
2024-12-04 20:10:35.329 [info] ExtensionService#_doActivateExtension vscode.configuration-editing, startup: false, activationEvent: 'onLanguage:json'
2024-12-04 20:10:35.329 [info] ExtensionService#_doActivateExtension vscode.extension-editing, startup: false, activationEvent: 'onLanguage:json'
2024-12-04 20:10:35.329 [info] ExtensionService#_doActivateExtension vscode.json-language-features, startup: false, activationEvent: 'onLanguage:json'
2024-12-04 20:10:35.329 [info] ExtensionService#_doActivateExtension vscode.npm, startup: false, activationEvent: 'onLanguage:json'
2024-12-04 20:10:35.329 [info] ExtensionService#_doActivateExtension vscode.git-base, startup: false, activationEvent: '*', root cause: vscode.git
2024-12-04 20:10:35.631 [info] ExtensionService#_doActivateExtension vscode.git, startup: false, activationEvent: '*'
2024-12-04 20:10:35.631 [info] ExtensionService#_doActivateExtension vscode.github, startup: false, activationEvent: '*'
2024-12-04 20:10:36.210 [warning] [Decorations] CAPPING events from decorations provider vscode.git 4760
2024-12-04 20:10:36.668 [info] ExtensionService#_doActivateExtension vscode.tunnel-forwarding, startup: false, activationEvent: 'onTunnel'
2024-12-04 20:10:36.683 [info] Eager extensions activated
2024-12-04 20:10:36.683 [info] ExtensionService#_doActivateExtension vscode.debug-auto-launch, startup: false, activationEvent: 'onStartupFinished'
2024-12-04 20:10:36.683 [info] ExtensionService#_doActivateExtension vscode.merge-conflict, startup: false, activationEvent: 'onStartupFinished'
2024-12-04 20:10:36.818 [warning] [Decorations] CAPPING events from decorations provider vscode.git 4760
2024-12-04 20:53:25.991 [info] Extension host terminating: renderer disconnected for too long (2)
2024-12-04 20:53:25.995 [info] Lock '/home/ubuntu/.vscode-server/data/User/workspaceStorage/89c7bb5c0ce2071f34ce53eb8b7aa3eb-1/vscode.lock': Marking the lockfile as scheduled to be released in 6000 ms.
2024-12-04 20:53:26.080 [error] Canceled: Canceled
	at new tT (file:///home/ubuntu/.vscode-server/cli/servers/Stable-f1a4fb101478ce6ec82fe9627c43efbf9e98c813/server/out/vs/workbench/api/node/extensionHostProcess.js:31:151066)
	at py.U (file:///home/ubuntu/.vscode-server/cli/servers/Stable-f1a4fb101478ce6ec82fe9627c43efbf9e98c813/server/out/vs/workbench/api/node/extensionHostProcess.js:31:155676)
	at s.<computed>.n.charCodeAt.s.<computed> (file:///home/ubuntu/.vscode-server/cli/servers/Stable-f1a4fb101478ce6ec82fe9627c43efbf9e98c813/server/out/vs/workbench/api/node/extensionHostProcess.js:31:153170)
	at Y0.g (file:///home/ubuntu/.vscode-server/cli/servers/Stable-f1a4fb101478ce6ec82fe9627c43efbf9e98c813/server/out/vs/workbench/api/node/extensionHostProcess.js:114:32313)
	at Y0.executeCommand (file:///home/ubuntu/.vscode-server/cli/servers/Stable-f1a4fb101478ce6ec82fe9627c43efbf9e98c813/server/out/vs/workbench/api/node/extensionHostProcess.js:114:31817)
	at r.registerCommand.description (file:///home/ubuntu/.vscode-server/cli/servers/Stable-f1a4fb101478ce6ec82fe9627c43efbf9e98c813/server/out/vs/workbench/api/node/extensionHostProcess.js:114:31147)
	at Y0.h (file:///home/ubuntu/.vscode-server/cli/servers/Stable-f1a4fb101478ce6ec82fe9627c43efbf9e98c813/server/out/vs/workbench/api/node/extensionHostProcess.js:114:32833)
	at Y0.g (file:///home/ubuntu/.vscode-server/cli/servers/Stable-f1a4fb101478ce6ec82fe9627c43efbf9e98c813/server/out/vs/workbench/api/node/extensionHostProcess.js:114:31910)
	at Y0.executeCommand (file:///home/ubuntu/.vscode-server/cli/servers/Stable-f1a4fb101478ce6ec82fe9627c43efbf9e98c813/server/out/vs/workbench/api/node/extensionHostProcess.js:114:31817)
	at Object.executeCommand (file:///home/ubuntu/.vscode-server/cli/servers/Stable-f1a4fb101478ce6ec82fe9627c43efbf9e98c813/server/out/vs/workbench/api/node/extensionHostProcess.js:156:37246)
	at mh.O [as value] (/home/ubuntu/.vscode-server/cli/servers/Stable-f1a4fb101478ce6ec82fe9627c43efbf9e98c813/server/extensions/git/dist/main.js:2:961845)
	at P.B (file:///home/ubuntu/.vscode-server/cli/servers/Stable-f1a4fb101478ce6ec82fe9627c43efbf9e98c813/server/out/vs/workbench/api/node/extensionHostProcess.js:29:746)
	at P.C (file:///home/ubuntu/.vscode-server/cli/servers/Stable-f1a4fb101478ce6ec82fe9627c43efbf9e98c813/server/out/vs/workbench/api/node/extensionHostProcess.js:29:816)
	at P.fire (file:///home/ubuntu/.vscode-server/cli/servers/Stable-f1a4fb101478ce6ec82fe9627c43efbf9e98c813/server/out/vs/workbench/api/node/extensionHostProcess.js:29:1033)
	at Object.p [as dispose] (/home/ubuntu/.vscode-server/cli/servers/Stable-f1a4fb101478ce6ec82fe9627c43efbf9e98c813/server/extensions/git/dist/main.js:2:983333)
	at /home/ubuntu/.vscode-server/cli/servers/Stable-f1a4fb101478ce6ec82fe9627c43efbf9e98c813/server/extensions/git/dist/main.js:2:989455
	at Array.forEach (<anonymous>)
	at b.dispose (/home/ubuntu/.vscode-server/cli/servers/Stable-f1a4fb101478ce6ec82fe9627c43efbf9e98c813/server/extensions/git/dist/main.js:2:989441)
	at V1.<anonymous> (file:///home/ubuntu/.vscode-server/cli/servers/Stable-f1a4fb101478ce6ec82fe9627c43efbf9e98c813/server/out/vs/workbench/api/node/extensionHostProcess.js:108:19994)
	at V1.dispose (file:///home/ubuntu/.vscode-server/cli/servers/Stable-f1a4fb101478ce6ec82fe9627c43efbf9e98c813/server/out/vs/workbench/api/node/extensionHostProcess.js:108:20090)
	at V1.<anonymous> (/home/ubuntu/.vscode-server/cli/servers/Stable-f1a4fb101478ce6ec82fe9627c43efbf9e98c813/server/extensions/git/dist/main.js:2:964255)
	at V1.dispose (file:///home/ubuntu/.vscode-server/cli/servers/Stable-f1a4fb101478ce6ec82fe9627c43efbf9e98c813/server/out/vs/workbench/api/node/extensionHostProcess.js:108:20090)
	at ci (file:///home/ubuntu/.vscode-server/cli/servers/Stable-f1a4fb101478ce6ec82fe9627c43efbf9e98c813/server/out/vs/workbench/api/node/extensionHostProcess.js:24:699)
	at file:///home/ubuntu/.vscode-server/cli/servers/Stable-f1a4fb101478ce6ec82fe9627c43efbf9e98c813/server/out/vs/workbench/api/node/extensionHostProcess.js:118:14992
	at file:///home/ubuntu/.vscode-server/cli/servers/Stable-f1a4fb101478ce6ec82fe9627c43efbf9e98c813/server/out/vs/workbench/api/node/extensionHostProcess.js:24:1009
	at Object.dispose (file:///home/ubuntu/.vscode-server/cli/servers/Stable-f1a4fb101478ce6ec82fe9627c43efbf9e98c813/server/out/vs/workbench/api/node/extensionHostProcess.js:7:2146)
	at _z.eb (file:///home/ubuntu/.vscode-server/cli/servers/Stable-f1a4fb101478ce6ec82fe9627c43efbf9e98c813/server/out/vs/workbench/api/node/extensionHostProcess.js:118:11919)
	at file:///home/ubuntu/.vscode-server/cli/servers/Stable-f1a4fb101478ce6ec82fe9627c43efbf9e98c813/server/out/vs/workbench/api/node/extensionHostProcess.js:118:9874
	at Array.map (<anonymous>)
	at _z.$ (file:///home/ubuntu/.vscode-server/cli/servers/Stable-f1a4fb101478ce6ec82fe9627c43efbf9e98c813/server/out/vs/workbench/api/node/extensionHostProcess.js:118:9862)
	at _z.terminate (file:///home/ubuntu/.vscode-server/cli/servers/Stable-f1a4fb101478ce6ec82fe9627c43efbf9e98c813/server/out/vs/workbench/api/node/extensionHostProcess.js:118:10105)
	at xC.terminate (file:///home/ubuntu/.vscode-server/cli/servers/Stable-f1a4fb101478ce6ec82fe9627c43efbf9e98c813/server/out/vs/workbench/api/node/extensionHostProcess.js:119:1424)
	at Zi (file:///home/ubuntu/.vscode-server/cli/servers/Stable-f1a4fb101478ce6ec82fe9627c43efbf9e98c813/server/out/vs/workbench/api/node/extensionHostProcess.js:174:15084)
	at c5.a (file:///home/ubuntu/.vscode-server/cli/servers/Stable-f1a4fb101478ce6ec82fe9627c43efbf9e98c813/server/out/vs/workbench/api/node/extensionHostProcess.js:174:11997)
	at c5.h (file:///home/ubuntu/.vscode-server/cli/servers/Stable-f1a4fb101478ce6ec82fe9627c43efbf9e98c813/server/out/vs/workbench/api/node/extensionHostProcess.js:30:75682)
	at listOnTimeout (node:internal/timers:581:17)
	at process.processTimers (node:internal/timers:519:7) setContext undefined
2024-12-04 20:53:26.083 [error] Canceled: Canceled
	at new tT (file:///home/ubuntu/.vscode-server/cli/servers/Stable-f1a4fb101478ce6ec82fe9627c43efbf9e98c813/server/out/vs/workbench/api/node/extensionHostProcess.js:31:151066)
	at py.U (file:///home/ubuntu/.vscode-server/cli/servers/Stable-f1a4fb101478ce6ec82fe9627c43efbf9e98c813/server/out/vs/workbench/api/node/extensionHostProcess.js:31:155676)
	at s.<computed>.n.charCodeAt.s.<computed> (file:///home/ubuntu/.vscode-server/cli/servers/Stable-f1a4fb101478ce6ec82fe9627c43efbf9e98c813/server/out/vs/workbench/api/node/extensionHostProcess.js:31:153170)
	at Y0.g (file:///home/ubuntu/.vscode-server/cli/servers/Stable-f1a4fb101478ce6ec82fe9627c43efbf9e98c813/server/out/vs/workbench/api/node/extensionHostProcess.js:114:32313)
	at Y0.executeCommand (file:///home/ubuntu/.vscode-server/cli/servers/Stable-f1a4fb101478ce6ec82fe9627c43efbf9e98c813/server/out/vs/workbench/api/node/extensionHostProcess.js:114:31817)
	at r.registerCommand.description (file:///home/ubuntu/.vscode-server/cli/servers/Stable-f1a4fb101478ce6ec82fe9627c43efbf9e98c813/server/out/vs/workbench/api/node/extensionHostProcess.js:114:31147)
	at Y0.h (file:///home/ubuntu/.vscode-server/cli/servers/Stable-f1a4fb101478ce6ec82fe9627c43efbf9e98c813/server/out/vs/workbench/api/node/extensionHostProcess.js:114:32833)
	at Y0.g (file:///home/ubuntu/.vscode-server/cli/servers/Stable-f1a4fb101478ce6ec82fe9627c43efbf9e98c813/server/out/vs/workbench/api/node/extensionHostProcess.js:114:31910)
	at Y0.executeCommand (file:///home/ubuntu/.vscode-server/cli/servers/Stable-f1a4fb101478ce6ec82fe9627c43efbf9e98c813/server/out/vs/workbench/api/node/extensionHostProcess.js:114:31817)
	at Object.executeCommand (file:///home/ubuntu/.vscode-server/cli/servers/Stable-f1a4fb101478ce6ec82fe9627c43efbf9e98c813/server/out/vs/workbench/api/node/extensionHostProcess.js:156:37246)
	at set hasGitHubRepositories [as hasGitHubRepositories] (/home/ubuntu/.vscode-server/cli/servers/Stable-f1a4fb101478ce6ec82fe9627c43efbf9e98c813/server/extensions/github/dist/extension.js:2:328633)
	at /home/ubuntu/.vscode-server/cli/servers/Stable-f1a4fb101478ce6ec82fe9627c43efbf9e98c813/server/extensions/github/dist/extension.js:2:329592
	at mh.value (/home/ubuntu/.vscode-server/cli/servers/Stable-f1a4fb101478ce6ec82fe9627c43efbf9e98c813/server/extensions/git/dist/main.js:2:1073936)
	at P.B (file:///home/ubuntu/.vscode-server/cli/servers/Stable-f1a4fb101478ce6ec82fe9627c43efbf9e98c813/server/out/vs/workbench/api/node/extensionHostProcess.js:29:746)
	at P.C (file:///home/ubuntu/.vscode-server/cli/servers/Stable-f1a4fb101478ce6ec82fe9627c43efbf9e98c813/server/out/vs/workbench/api/node/extensionHostProcess.js:29:816)
	at P.fire (file:///home/ubuntu/.vscode-server/cli/servers/Stable-f1a4fb101478ce6ec82fe9627c43efbf9e98c813/server/out/vs/workbench/api/node/extensionHostProcess.js:29:1033)
	at Object.p [as dispose] (/home/ubuntu/.vscode-server/cli/servers/Stable-f1a4fb101478ce6ec82fe9627c43efbf9e98c813/server/extensions/git/dist/main.js:2:983333)
	at /home/ubuntu/.vscode-server/cli/servers/Stable-f1a4fb101478ce6ec82fe9627c43efbf9e98c813/server/extensions/git/dist/main.js:2:989455
	at Array.forEach (<anonymous>)
	at b.dispose (/home/ubuntu/.vscode-server/cli/servers/Stable-f1a4fb101478ce6ec82fe9627c43efbf9e98c813/server/extensions/git/dist/main.js:2:989441)
	at V1.<anonymous> (file:///home/ubuntu/.vscode-server/cli/servers/Stable-f1a4fb101478ce6ec82fe9627c43efbf9e98c813/server/out/vs/workbench/api/node/extensionHostProcess.js:108:19994)
	at V1.dispose (file:///home/ubuntu/.vscode-server/cli/servers/Stable-f1a4fb101478ce6ec82fe9627c43efbf9e98c813/server/out/vs/workbench/api/node/extensionHostProcess.js:108:20090)
	at V1.<anonymous> (/home/ubuntu/.vscode-server/cli/servers/Stable-f1a4fb101478ce6ec82fe9627c43efbf9e98c813/server/extensions/git/dist/main.js:2:964255)
	at V1.dispose (file:///home/ubuntu/.vscode-server/cli/servers/Stable-f1a4fb101478ce6ec82fe9627c43efbf9e98c813/server/out/vs/workbench/api/node/extensionHostProcess.js:108:20090)
	at ci (file:///home/ubuntu/.vscode-server/cli/servers/Stable-f1a4fb101478ce6ec82fe9627c43efbf9e98c813/server/out/vs/workbench/api/node/extensionHostProcess.js:24:699)
	at file:///home/ubuntu/.vscode-server/cli/servers/Stable-f1a4fb101478ce6ec82fe9627c43efbf9e98c813/server/out/vs/workbench/api/node/extensionHostProcess.js:118:14992
	at file:///home/ubuntu/.vscode-server/cli/servers/Stable-f1a4fb101478ce6ec82fe9627c43efbf9e98c813/server/out/vs/workbench/api/node/extensionHostProcess.js:24:1009
	at Object.dispose (file:///home/ubuntu/.vscode-server/cli/servers/Stable-f1a4fb101478ce6ec82fe9627c43efbf9e98c813/server/out/vs/workbench/api/node/extensionHostProcess.js:7:2146)
	at _z.eb (file:///home/ubuntu/.vscode-server/cli/servers/Stable-f1a4fb101478ce6ec82fe9627c43efbf9e98c813/server/out/vs/workbench/api/node/extensionHostProcess.js:118:11919)
	at file:///home/ubuntu/.vscode-server/cli/servers/Stable-f1a4fb101478ce6ec82fe9627c43efbf9e98c813/server/out/vs/workbench/api/node/extensionHostProcess.js:118:9874
	at Array.map (<anonymous>)
	at _z.$ (file:///home/ubuntu/.vscode-server/cli/servers/Stable-f1a4fb101478ce6ec82fe9627c43efbf9e98c813/server/out/vs/workbench/api/node/extensionHostProcess.js:118:9862)
	at _z.terminate (file:///home/ubuntu/.vscode-server/cli/servers/Stable-f1a4fb101478ce6ec82fe9627c43efbf9e98c813/server/out/vs/workbench/api/node/extensionHostProcess.js:118:10105)
	at xC.terminate (file:///home/ubuntu/.vscode-server/cli/servers/Stable-f1a4fb101478ce6ec82fe9627c43efbf9e98c813/server/out/vs/workbench/api/node/extensionHostProcess.js:119:1424)
	at Zi (file:///home/ubuntu/.vscode-server/cli/servers/Stable-f1a4fb101478ce6ec82fe9627c43efbf9e98c813/server/out/vs/workbench/api/node/extensionHostProcess.js:174:15084)
	at c5.a (file:///home/ubuntu/.vscode-server/cli/servers/Stable-f1a4fb101478ce6ec82fe9627c43efbf9e98c813/server/out/vs/workbench/api/node/extensionHostProcess.js:174:11997)
	at c5.h (file:///home/ubuntu/.vscode-server/cli/servers/Stable-f1a4fb101478ce6ec82fe9627c43efbf9e98c813/server/out/vs/workbench/api/node/extensionHostProcess.js:30:75682)
	at listOnTimeout (node:internal/timers:581:17)
	at process.processTimers (node:internal/timers:519:7) setContext undefined
2024-12-04 20:53:26.086 [info] Extension host with pid 1568400 exiting with code 0
